2025/10/26 12:17:16 📋 Configuration loaded for development environment
2025/10/26 12:17:16 ✅ Database connected and migrated successfully
[GIN-debug] [WARNING] Creating an Engine instance with the Logger and Recovery middleware already attached.

[GIN-debug] [WARNING] Running in "debug" mode. Switch to "release" mode in production.
 - using env:	export GIN_MODE=release
 - using code:	gin.SetMode(gin.ReleaseMode)

[GIN-debug] GET    /health                   --> main.main.func1 (4 handlers)
[GIN-debug] GET    /api/erp/products         --> github.com/yeelo/homeopathy-erp/internal/handlers.(*ProductHandler).GetProducts-fm (4 handlers)
[GIN-debug] GET    /api/erp/products/:id     --> github.com/yeelo/homeopathy-erp/internal/handlers.(*ProductHandler).GetProduct-fm (4 handlers)
[GIN-debug] POST   /api/erp/products         --> github.com/yeelo/homeopathy-erp/internal/handlers.(*ProductHandler).CreateProduct-fm (4 handlers)
[GIN-debug] PUT    /api/erp/products/:id     --> github.com/yeelo/homeopathy-erp/internal/handlers.(*ProductHandler).UpdateProduct-fm (4 handlers)
[GIN-debug] DELETE /api/erp/products/:id     --> github.com/yeelo/homeopathy-erp/internal/handlers.(*ProductHandler).DeleteProduct-fm (4 handlers)
[GIN-debug] GET    /api/erp/categories       --> github.com/yeelo/homeopathy-erp/internal/handlers.(*ProductHandler).GetCategories-fm (4 handlers)
[GIN-debug] GET    /api/erp/categories/:id   --> github.com/yeelo/homeopathy-erp/internal/handlers.(*ProductHandler).GetCategory-fm (4 handlers)
[GIN-debug] POST   /api/erp/categories       --> github.com/yeelo/homeopathy-erp/internal/handlers.(*ProductHandler).CreateCategory-fm (4 handlers)
[GIN-debug] PUT    /api/erp/categories/:id   --> github.com/yeelo/homeopathy-erp/internal/handlers.(*ProductHandler).UpdateCategory-fm (4 handlers)
[GIN-debug] DELETE /api/erp/categories/:id   --> github.com/yeelo/homeopathy-erp/internal/handlers.(*ProductHandler).DeleteCategory-fm (4 handlers)
[GIN-debug] GET    /api/erp/brands           --> github.com/yeelo/homeopathy-erp/internal/handlers.(*ProductHandler).GetBrands-fm (4 handlers)
[GIN-debug] POST   /api/erp/brands           --> github.com/yeelo/homeopathy-erp/internal/handlers.(*ProductHandler).CreateBrand-fm (4 handlers)
[GIN-debug] PUT    /api/erp/brands/:id       --> github.com/yeelo/homeopathy-erp/internal/handlers.(*ProductHandler).UpdateBrand-fm (4 handlers)
[GIN-debug] DELETE /api/erp/brands/:id       --> github.com/yeelo/homeopathy-erp/internal/handlers.(*ProductHandler).DeleteBrand-fm (4 handlers)
[GIN-debug] GET    /api/erp/potencies        --> github.com/yeelo/homeopathy-erp/internal/handlers.(*ProductHandler).GetPotencies-fm (4 handlers)
[GIN-debug] POST   /api/erp/potencies        --> github.com/yeelo/homeopathy-erp/internal/handlers.(*ProductHandler).CreatePotency-fm (4 handlers)
[GIN-debug] PUT    /api/erp/potencies/:id    --> github.com/yeelo/homeopathy-erp/internal/handlers.(*ProductHandler).UpdatePotency-fm (4 handlers)
[GIN-debug] DELETE /api/erp/potencies/:id    --> github.com/yeelo/homeopathy-erp/internal/handlers.(*ProductHandler).DeletePotency-fm (4 handlers)
[GIN-debug] GET    /api/erp/forms            --> github.com/yeelo/homeopathy-erp/internal/handlers.(*ProductHandler).GetForms-fm (4 handlers)
[GIN-debug] POST   /api/erp/forms            --> github.com/yeelo/homeopathy-erp/internal/handlers.(*ProductHandler).CreateForm-fm (4 handlers)
[GIN-debug] PUT    /api/erp/forms/:id        --> github.com/yeelo/homeopathy-erp/internal/handlers.(*ProductHandler).UpdateForm-fm (4 handlers)
[GIN-debug] DELETE /api/erp/forms/:id        --> github.com/yeelo/homeopathy-erp/internal/handlers.(*ProductHandler).DeleteForm-fm (4 handlers)
[GIN-debug] GET    /api/erp/units            --> github.com/yeelo/homeopathy-erp/internal/handlers.(*ProductHandler).GetUnits-fm (4 handlers)
[GIN-debug] POST   /api/erp/units            --> github.com/yeelo/homeopathy-erp/internal/handlers.(*ProductHandler).CreateUnit-fm (4 handlers)
[GIN-debug] PUT    /api/erp/units/:id        --> github.com/yeelo/homeopathy-erp/internal/handlers.(*ProductHandler).UpdateUnit-fm (4 handlers)
[GIN-debug] DELETE /api/erp/units/:id        --> github.com/yeelo/homeopathy-erp/internal/handlers.(*ProductHandler).DeleteUnit-fm (4 handlers)
[GIN-debug] GET    /api/erp/hsn-codes        --> github.com/yeelo/homeopathy-erp/internal/handlers.(*ProductHandler).GetHSNCodes-fm (4 handlers)
[GIN-debug] POST   /api/erp/hsn-codes        --> github.com/yeelo/homeopathy-erp/internal/handlers.(*ProductHandler).CreateHSNCode-fm (4 handlers)
[GIN-debug] PUT    /api/erp/hsn-codes/:id    --> github.com/yeelo/homeopathy-erp/internal/handlers.(*ProductHandler).UpdateHSNCode-fm (4 handlers)
[GIN-debug] DELETE /api/erp/hsn-codes/:id    --> github.com/yeelo/homeopathy-erp/internal/handlers.(*ProductHandler).DeleteHSNCode-fm (4 handlers)
[GIN-debug] GET    /api/erp/warehouses       --> github.com/yeelo/homeopathy-erp/internal/handlers.(*InventoryHandler).GetWarehouses-fm (4 handlers)
[GIN-debug] POST   /api/erp/warehouses       --> github.com/yeelo/homeopathy-erp/internal/handlers.(*InventoryHandler).CreateWarehouse-fm (4 handlers)
[GIN-debug] PUT    /api/erp/warehouses/:id   --> github.com/yeelo/homeopathy-erp/internal/handlers.(*InventoryHandler).UpdateWarehouse-fm (4 handlers)
[GIN-debug] DELETE /api/erp/warehouses/:id   --> github.com/yeelo/homeopathy-erp/internal/handlers.(*InventoryHandler).DeleteWarehouse-fm (4 handlers)
[GIN-debug] GET    /api/erp/products/barcode --> github.com/yeelo/homeopathy-erp/internal/handlers.(*ProductHandler).GetBarcodes-fm (4 handlers)
[GIN-debug] POST   /api/erp/products/barcode/generate --> github.com/yeelo/homeopathy-erp/internal/handlers.(*ProductHandler).GenerateBarcode-fm (4 handlers)
[GIN-debug] POST   /api/erp/products/barcode/print --> github.com/yeelo/homeopathy-erp/internal/handlers.(*ProductHandler).PrintBarcodes-fm (4 handlers)
2025/10/26 12:17:16 Golang v2 Server starting on port 3005
[GIN-debug] [WARNING] You trusted all proxies, this is NOT safe. We recommend you to set a value.
Please check https://pkg.go.dev/github.com/gin-gonic/gin#readme-don-t-trust-all-proxies for details.
[GIN-debug] Listening and serving HTTP on :3005
[GIN] 2025/10/26 - 12:17:29 | 404 |      67.165µs |             ::1 | GET      "/api/v1/system/health"
[GIN] 2025/10/26 - 12:17:29 | 404 |      24.826µs |             ::1 | GET      "/api/erp/pos/counters"
[GIN] 2025/10/26 - 12:18:10 | 404 |     125.061µs |             ::1 | GET      "/api/v1/system/health"
[GIN] 2025/10/26 - 12:18:10 | 404 |      21.735µs |             ::1 | GET      "/api/erp/pos/counters"
[GIN] 2025/10/26 - 12:18:29 | 404 |      11.904µs |             ::1 | GET      "/api/v1/system/health"
[GIN] 2025/10/26 - 12:18:29 | 404 |       8.609µs |             ::1 | GET      "/api/erp/pos/counters"
[GIN] 2025/10/26 - 12:18:46 | 404 |       8.141µs |             ::1 | GET      "/api/v1/system/health"
[GIN] 2025/10/26 - 12:18:46 | 404 |       67.86µs |             ::1 | GET      "/api/erp/pos/counters"
[GIN] 2025/10/26 - 12:18:46 | 200 |   20.507524ms |             ::1 | GET      "/api/erp/categories"
[GIN] 2025/10/26 - 12:18:50 | 404 |      39.648µs |             ::1 | GET      "/api/v1/system/health"
[GIN] 2025/10/26 - 12:18:50 | 200 |    1.578501ms |             ::1 | GET      "/api/erp/categories"
[GIN] 2025/10/26 - 12:18:50 | 404 |       8.884µs |             ::1 | GET      "/api/erp/pos/counters"
[GIN] 2025/10/26 - 12:19:20 | 404 |      13.639µs |             ::1 | GET      "/api/v1/system/health"
[GIN] 2025/10/26 - 12:19:20 | 404 |      17.916µs |             ::1 | GET      "/api/erp/pos/counters"
[GIN] 2025/10/26 - 12:19:50 | 404 |       21.89µs |             ::1 | GET      "/api/v1/system/health"
[GIN] 2025/10/26 - 12:19:50 | 404 |      12.286µs |             ::1 | GET      "/api/erp/pos/counters"
[GIN] 2025/10/26 - 12:20:01 | 200 |    5.134308ms |             ::1 | GET      "/api/erp/hsn-codes"
[GIN] 2025/10/26 - 12:20:20 | 404 |      15.014µs |             ::1 | GET      "/api/v1/system/health"
[GIN] 2025/10/26 - 12:20:20 | 404 |        7.68µs |             ::1 | GET      "/api/erp/pos/counters"
[GIN] 2025/10/26 - 12:20:50 | 404 |      11.643µs |             ::1 | GET      "/api/v1/system/health"
[GIN] 2025/10/26 - 12:20:50 | 404 |      49.384µs |             ::1 | GET      "/api/erp/pos/counters"

2025/10/26 12:20:51 [31;1m/var/www/homeopathy-business-platform/services/api-golang-v2/internal/handlers/product_handler.go:680 [35;1mERROR: relation "public.barcodes" does not exist (SQLSTATE 42P01)
[0m[33m[2.052ms] [34;1m[rows:-][0m 
		SELECT
			b.id,
			b.product_id,
			p.name as product_name,
			p.sku,
			p.potency,
			p.form,
			p.brand,
			p.category,
			b.batch_id,
			b.batch_no,
			b.barcode,
			b.barcode_type,
			b.mrp,
			b.exp_date,
			b.quantity,
			COALESCE(w.name, 'Main Warehouse') as warehouse,
			b.generated_at,
			b.status,
			b.created_by,
			-- Calculate expiry status
			CASE
				WHEN b.exp_date < CURRENT_DATE THEN 'expired'
				WHEN b.exp_date <= CURRENT_DATE + INTERVAL '30 days' THEN 'expiring_soon'
				ELSE 'active'
			END as expiry_status
		FROM public.barcodes b
		LEFT JOIN public.products p ON p.id = b.product_id
		LEFT JOIN public.warehouses w ON w.id = b.warehouse_id
		ORDER BY b.generated_at DESC
	
[GIN] 2025/10/26 - 12:20:51 | 500 |     2.25528ms |             ::1 | GET      "/api/erp/products/barcode"

2025/10/26 12:20:52 [31;1m/var/www/homeopathy-business-platform/services/api-golang-v2/internal/handlers/product_handler.go:680 [35;1mERROR: relation "public.barcodes" does not exist (SQLSTATE 42P01)
[0m[33m[0.676ms] [34;1m[rows:-][0m 
		SELECT
			b.id,
			b.product_id,
			p.name as product_name,
			p.sku,
			p.potency,
			p.form,
			p.brand,
			p.category,
			b.batch_id,
			b.batch_no,
			b.barcode,
			b.barcode_type,
			b.mrp,
			b.exp_date,
			b.quantity,
			COALESCE(w.name, 'Main Warehouse') as warehouse,
			b.generated_at,
			b.status,
			b.created_by,
			-- Calculate expiry status
			CASE
				WHEN b.exp_date < CURRENT_DATE THEN 'expired'
				WHEN b.exp_date <= CURRENT_DATE + INTERVAL '30 days' THEN 'expiring_soon'
				ELSE 'active'
			END as expiry_status
		FROM public.barcodes b
		LEFT JOIN public.products p ON p.id = b.product_id
		LEFT JOIN public.warehouses w ON w.id = b.warehouse_id
		ORDER BY b.generated_at DESC
	
[GIN] 2025/10/26 - 12:20:52 | 500 |      792.31µs |             ::1 | GET      "/api/erp/products/barcode"

2025/10/26 12:20:54 [31;1m/var/www/homeopathy-business-platform/services/api-golang-v2/internal/handlers/product_handler.go:680 [35;1mERROR: relation "public.barcodes" does not exist (SQLSTATE 42P01)
[0m[33m[1.448ms] [34;1m[rows:-][0m 
		SELECT
			b.id,
			b.product_id,
			p.name as product_name,
			p.sku,
			p.potency,
			p.form,
			p.brand,
			p.category,
			b.batch_id,
			b.batch_no,
			b.barcode,
			b.barcode_type,
			b.mrp,
			b.exp_date,
			b.quantity,
			COALESCE(w.name, 'Main Warehouse') as warehouse,
			b.generated_at,
			b.status,
			b.created_by,
			-- Calculate expiry status
			CASE
				WHEN b.exp_date < CURRENT_DATE THEN 'expired'
				WHEN b.exp_date <= CURRENT_DATE + INTERVAL '30 days' THEN 'expiring_soon'
				ELSE 'active'
			END as expiry_status
		FROM public.barcodes b
		LEFT JOIN public.products p ON p.id = b.product_id
		LEFT JOIN public.warehouses w ON w.id = b.warehouse_id
		ORDER BY b.generated_at DESC
	
[GIN] 2025/10/26 - 12:20:54 | 500 |    1.569703ms |             ::1 | GET      "/api/erp/products/barcode"

2025/10/26 12:20:58 [31;1m/var/www/homeopathy-business-platform/services/api-golang-v2/internal/handlers/product_handler.go:680 [35;1mERROR: relation "public.barcodes" does not exist (SQLSTATE 42P01)
[0m[33m[1.371ms] [34;1m[rows:-][0m 
		SELECT
			b.id,
			b.product_id,
			p.name as product_name,
			p.sku,
			p.potency,
			p.form,
			p.brand,
			p.category,
			b.batch_id,
			b.batch_no,
			b.barcode,
			b.barcode_type,
			b.mrp,
			b.exp_date,
			b.quantity,
			COALESCE(w.name, 'Main Warehouse') as warehouse,
			b.generated_at,
			b.status,
			b.created_by,
			-- Calculate expiry status
			CASE
				WHEN b.exp_date < CURRENT_DATE THEN 'expired'
				WHEN b.exp_date <= CURRENT_DATE + INTERVAL '30 days' THEN 'expiring_soon'
				ELSE 'active'
			END as expiry_status
		FROM public.barcodes b
		LEFT JOIN public.products p ON p.id = b.product_id
		LEFT JOIN public.warehouses w ON w.id = b.warehouse_id
		ORDER BY b.generated_at DESC
	
[GIN] 2025/10/26 - 12:20:58 | 500 |    1.707679ms |             ::1 | GET      "/api/erp/products/barcode"
[GIN] 2025/10/26 - 12:21:04 | 200 |    6.120402ms |             ::1 | GET      "/api/erp/products?limit=10000&page=1"
[GIN] 2025/10/26 - 12:21:07 | 404 |      26.011µs |             ::1 | GET      "/api/products/batches"
[GIN] 2025/10/26 - 12:21:08 | 404 |       9.754µs |             ::1 | GET      "/api/products/batches"
[GIN] 2025/10/26 - 12:21:10 | 404 |       9.766µs |             ::1 | GET      "/api/products/batches"
[GIN] 2025/10/26 - 12:21:14 | 404 |       8.367µs |             ::1 | GET      "/api/products/batches"
[GIN] 2025/10/26 - 12:21:20 | 404 |      38.662µs |             ::1 | GET      "/api/erp/dashboard/expiry-summary"
[GIN] 2025/10/26 - 12:21:20 | 404 |       9.337µs |             ::1 | GET      "/api/erp/inventory/expiries/alerts"
[GIN] 2025/10/26 - 12:21:20 | 404 |       9.076µs |             ::1 | GET      "/api/v1/system/health"
[GIN] 2025/10/26 - 12:21:20 | 404 |      10.422µs |             ::1 | GET      "/api/erp/pos/counters"
[GIN] 2025/10/26 - 12:21:50 | 404 |      10.044µs |             ::1 | GET      "/api/v1/system/health"
[GIN] 2025/10/26 - 12:21:50 | 404 |      10.846µs |             ::1 | GET      "/api/erp/pos/counters"
[GIN] 2025/10/26 - 12:22:20 | 404 |       8.063µs |             ::1 | GET      "/api/erp/dashboard/expiry-summary"
[GIN] 2025/10/26 - 12:22:20 | 404 |        6.22µs |             ::1 | GET      "/api/erp/inventory/expiries/alerts"
[GIN] 2025/10/26 - 12:22:20 | 404 |      30.407µs |             ::1 | GET      "/api/v1/system/health"
[GIN] 2025/10/26 - 12:22:20 | 404 |       12.61µs |             ::1 | GET      "/api/erp/pos/counters"
[GIN] 2025/10/26 - 12:22:50 | 404 |      20.953µs |             ::1 | GET      "/api/v1/system/health"
[GIN] 2025/10/26 - 12:22:50 | 404 |      13.072µs |             ::1 | GET      "/api/erp/pos/counters"
[GIN] 2025/10/26 - 12:23:10 | 404 |      12.367µs |             ::1 | GET      "/api/v1/system/health"
[GIN] 2025/10/26 - 12:23:10 | 200 |     883.865µs |             ::1 | GET      "/api/erp/categories"
[GIN] 2025/10/26 - 12:23:10 | 404 |       9.362µs |             ::1 | GET      "/api/erp/pos/counters"
[GIN] 2025/10/26 - 12:23:40 | 404 |     202.765µs |             ::1 | GET      "/api/v1/system/health"
[GIN] 2025/10/26 - 12:23:40 | 404 |        20.1µs |             ::1 | GET      "/api/erp/pos/counters"
[GIN] 2025/10/26 - 12:24:10 | 404 |      16.162µs |             ::1 | GET      "/api/v1/system/health"
[GIN] 2025/10/26 - 12:24:10 | 404 |       9.447µs |             ::1 | GET      "/api/erp/pos/counters"
[GIN] 2025/10/26 - 12:24:40 | 404 |      75.952µs |             ::1 | GET      "/api/v1/system/health"
[GIN] 2025/10/26 - 12:24:40 | 404 |      10.635µs |             ::1 | GET      "/api/erp/pos/counters"
[GIN] 2025/10/26 - 12:25:10 | 404 |      10.712µs |             ::1 | GET      "/api/v1/system/health"
[GIN] 2025/10/26 - 12:25:10 | 404 |      12.149µs |             ::1 | GET      "/api/erp/pos/counters"
[GIN] 2025/10/26 - 12:25:40 | 404 |      15.782µs |             ::1 | GET      "/api/v1/system/health"
[GIN] 2025/10/26 - 12:25:40 | 404 |       9.816µs |             ::1 | GET      "/api/erp/pos/counters"
[GIN] 2025/10/26 - 12:26:10 | 404 |      12.803µs |             ::1 | GET      "/api/v1/system/health"
[GIN] 2025/10/26 - 12:26:10 | 404 |      13.362µs |             ::1 | GET      "/api/erp/pos/counters"
[GIN] 2025/10/26 - 12:26:40 | 404 |       9.924µs |             ::1 | GET      "/api/v1/system/health"
[GIN] 2025/10/26 - 12:26:40 | 404 |       8.725µs |             ::1 | GET      "/api/erp/pos/counters"
[GIN] 2025/10/26 - 12:27:10 | 404 |      27.152µs |             ::1 | GET      "/api/v1/system/health"
[GIN] 2025/10/26 - 12:27:10 | 404 |      16.099µs |             ::1 | GET      "/api/erp/pos/counters"
[GIN] 2025/10/26 - 12:27:40 | 404 |      24.536µs |             ::1 | GET      "/api/v1/system/health"
[GIN] 2025/10/26 - 12:27:40 | 404 |       9.139µs |             ::1 | GET      "/api/erp/pos/counters"
[GIN] 2025/10/26 - 12:28:10 | 404 |      18.783µs |             ::1 | GET      "/api/v1/system/health"
[GIN] 2025/10/26 - 12:28:10 | 404 |      15.065µs |             ::1 | GET      "/api/erp/pos/counters"
[GIN] 2025/10/26 - 12:28:40 | 404 |      20.883µs |             ::1 | GET      "/api/v1/system/health"
[GIN] 2025/10/26 - 12:28:40 | 404 |      11.772µs |             ::1 | GET      "/api/erp/pos/counters"
[GIN] 2025/10/26 - 12:29:10 | 404 |      23.077µs |             ::1 | GET      "/api/v1/system/health"
[GIN] 2025/10/26 - 12:29:10 | 404 |      13.903µs |             ::1 | GET      "/api/erp/pos/counters"
[GIN] 2025/10/26 - 12:29:40 | 404 |      22.031µs |             ::1 | GET      "/api/v1/system/health"
[GIN] 2025/10/26 - 12:29:40 | 404 |      32.425µs |             ::1 | GET      "/api/erp/pos/counters"
[GIN] 2025/10/26 - 12:30:10 | 404 |      51.568µs |             ::1 | GET      "/api/v1/system/health"
[GIN] 2025/10/26 - 12:30:10 | 404 |      20.908µs |             ::1 | GET      "/api/erp/pos/counters"
[GIN] 2025/10/26 - 12:30:40 | 404 |      20.718µs |             ::1 | GET      "/api/v1/system/health"
[GIN] 2025/10/26 - 12:30:40 | 404 |     137.174µs |             ::1 | GET      "/api/erp/pos/counters"
[GIN] 2025/10/26 - 12:31:10 | 404 |      20.281µs |             ::1 | GET      "/api/v1/system/health"
[GIN] 2025/10/26 - 12:31:10 | 404 |      23.429µs |             ::1 | GET      "/api/erp/pos/counters"
[GIN] 2025/10/26 - 12:31:40 | 404 |      18.889µs |             ::1 | GET      "/api/v1/system/health"
[GIN] 2025/10/26 - 12:31:40 | 404 |      21.073µs |             ::1 | GET      "/api/erp/pos/counters"
[GIN] 2025/10/26 - 12:32:10 | 404 |     148.554µs |             ::1 | GET      "/api/v1/system/health"
[GIN] 2025/10/26 - 12:32:10 | 404 |      26.902µs |             ::1 | GET      "/api/erp/pos/counters"
[GIN] 2025/10/26 - 12:32:40 | 404 |      17.245µs |             ::1 | GET      "/api/v1/system/health"
[GIN] 2025/10/26 - 12:32:40 | 404 |      16.255µs |             ::1 | GET      "/api/erp/pos/counters"
[GIN] 2025/10/26 - 12:33:10 | 404 |      20.823µs |             ::1 | GET      "/api/v1/system/health"
[GIN] 2025/10/26 - 12:33:10 | 404 |      13.929µs |             ::1 | GET      "/api/erp/pos/counters"
[GIN] 2025/10/26 - 12:33:40 | 404 |      20.442µs |             ::1 | GET      "/api/v1/system/health"
[GIN] 2025/10/26 - 12:33:40 | 404 |      15.617µs |             ::1 | GET      "/api/erp/pos/counters"
[GIN] 2025/10/26 - 12:34:10 | 404 |      142.28µs |             ::1 | GET      "/api/v1/system/health"
[GIN] 2025/10/26 - 12:34:10 | 404 |      17.323µs |             ::1 | GET      "/api/erp/pos/counters"
[GIN] 2025/10/26 - 12:34:40 | 404 |      20.211µs |             ::1 | GET      "/api/v1/system/health"
[GIN] 2025/10/26 - 12:34:40 | 404 |      21.405µs |             ::1 | GET      "/api/erp/pos/counters"
[GIN] 2025/10/26 - 12:35:10 | 404 |      21.634µs |             ::1 | GET      "/api/v1/system/health"
[GIN] 2025/10/26 - 12:35:10 | 404 |      15.403µs |             ::1 | GET      "/api/erp/pos/counters"
[GIN] 2025/10/26 - 12:35:40 | 404 |      16.081µs |             ::1 | GET      "/api/v1/system/health"
[GIN] 2025/10/26 - 12:35:40 | 404 |      16.127µs |             ::1 | GET      "/api/erp/pos/counters"
[GIN] 2025/10/26 - 12:36:10 | 404 |      20.026µs |             ::1 | GET      "/api/v1/system/health"
[GIN] 2025/10/26 - 12:36:10 | 404 |      16.951µs |             ::1 | GET      "/api/erp/pos/counters"
[GIN] 2025/10/26 - 12:36:40 | 404 |       23.68µs |             ::1 | GET      "/api/v1/system/health"
[GIN] 2025/10/26 - 12:36:40 | 404 |      16.518µs |             ::1 | GET      "/api/erp/pos/counters"
[GIN] 2025/10/26 - 12:37:10 | 404 |       17.37µs |             ::1 | GET      "/api/v1/system/health"
[GIN] 2025/10/26 - 12:37:10 | 404 |      10.827µs |             ::1 | GET      "/api/erp/pos/counters"
[GIN] 2025/10/26 - 12:37:40 | 404 |      21.358µs |             ::1 | GET      "/api/v1/system/health"
[GIN] 2025/10/26 - 12:37:40 | 404 |      19.786µs |             ::1 | GET      "/api/erp/pos/counters"
[GIN] 2025/10/26 - 12:38:10 | 404 |      20.026µs |             ::1 | GET      "/api/v1/system/health"
[GIN] 2025/10/26 - 12:38:10 | 404 |      21.584µs |             ::1 | GET      "/api/erp/pos/counters"
[GIN] 2025/10/26 - 12:38:40 | 404 |      18.848µs |             ::1 | GET      "/api/v1/system/health"
[GIN] 2025/10/26 - 12:38:40 | 404 |       26.19µs |             ::1 | GET      "/api/erp/pos/counters"
[GIN] 2025/10/26 - 12:39:10 | 404 |      26.065µs |             ::1 | GET      "/api/v1/system/health"
[GIN] 2025/10/26 - 12:39:10 | 404 |      21.634µs |             ::1 | GET      "/api/erp/pos/counters"
[GIN] 2025/10/26 - 12:39:40 | 404 |       21.76µs |             ::1 | GET      "/api/v1/system/health"
[GIN] 2025/10/26 - 12:39:40 | 404 |      17.681µs |             ::1 | GET      "/api/erp/pos/counters"
[GIN] 2025/10/26 - 12:40:10 | 404 |       19.86µs |             ::1 | GET      "/api/v1/system/health"
[GIN] 2025/10/26 - 12:40:10 | 404 |      17.504µs |             ::1 | GET      "/api/erp/pos/counters"
[GIN] 2025/10/26 - 12:40:40 | 404 |      18.968µs |             ::1 | GET      "/api/v1/system/health"
[GIN] 2025/10/26 - 12:40:40 | 404 |      17.773µs |             ::1 | GET      "/api/erp/pos/counters"
[GIN] 2025/10/26 - 12:41:11 | 404 |       9.166µs |             ::1 | GET      "/api/v1/system/health"
[GIN] 2025/10/26 - 12:41:11 | 200 |    1.787903ms |             ::1 | GET      "/api/erp/categories"
[GIN] 2025/10/26 - 12:41:11 | 404 |       9.363µs |             ::1 | GET      "/api/erp/pos/counters"

2025/10/26 12:41:19 [31;1m/var/www/homeopathy-business-platform/services/api-golang-v2/internal/handlers/product_handler.go:680 [35;1mERROR: relation "public.barcodes" does not exist (SQLSTATE 42P01)
[0m[33m[1.240ms] [34;1m[rows:-][0m 
		SELECT
			b.id,
			b.product_id,
			p.name as product_name,
			p.sku,
			p.potency,
			p.form,
			p.brand,
			p.category,
			b.batch_id,
			b.batch_no,
			b.barcode,
			b.barcode_type,
			b.mrp,
			b.exp_date,
			b.quantity,
			COALESCE(w.name, 'Main Warehouse') as warehouse,
			b.generated_at,
			b.status,
			b.created_by,
			-- Calculate expiry status
			CASE
				WHEN b.exp_date < CURRENT_DATE THEN 'expired'
				WHEN b.exp_date <= CURRENT_DATE + INTERVAL '30 days' THEN 'expiring_soon'
				ELSE 'active'
			END as expiry_status
		FROM public.barcodes b
		LEFT JOIN public.products p ON p.id = b.product_id
		LEFT JOIN public.warehouses w ON w.id = b.warehouse_id
		ORDER BY b.generated_at DESC
	
[GIN] 2025/10/26 - 12:41:19 | 500 |    1.414991ms |             ::1 | GET      "/api/erp/products/barcode"

2025/10/26 12:41:20 [31;1m/var/www/homeopathy-business-platform/services/api-golang-v2/internal/handlers/product_handler.go:680 [35;1mERROR: relation "public.barcodes" does not exist (SQLSTATE 42P01)
[0m[33m[1.523ms] [34;1m[rows:-][0m 
		SELECT
			b.id,
			b.product_id,
			p.name as product_name,
			p.sku,
			p.potency,
			p.form,
			p.brand,
			p.category,
			b.batch_id,
			b.batch_no,
			b.barcode,
			b.barcode_type,
			b.mrp,
			b.exp_date,
			b.quantity,
			COALESCE(w.name, 'Main Warehouse') as warehouse,
			b.generated_at,
			b.status,
			b.created_by,
			-- Calculate expiry status
			CASE
				WHEN b.exp_date < CURRENT_DATE THEN 'expired'
				WHEN b.exp_date <= CURRENT_DATE + INTERVAL '30 days' THEN 'expiring_soon'
				ELSE 'active'
			END as expiry_status
		FROM public.barcodes b
		LEFT JOIN public.products p ON p.id = b.product_id
		LEFT JOIN public.warehouses w ON w.id = b.warehouse_id
		ORDER BY b.generated_at DESC
	
[GIN] 2025/10/26 - 12:41:20 | 500 |    1.783888ms |             ::1 | GET      "/api/erp/products/barcode"

2025/10/26 12:41:22 [31;1m/var/www/homeopathy-business-platform/services/api-golang-v2/internal/handlers/product_handler.go:680 [35;1mERROR: relation "public.barcodes" does not exist (SQLSTATE 42P01)
[0m[33m[0.474ms] [34;1m[rows:-][0m 
		SELECT
			b.id,
			b.product_id,
			p.name as product_name,
			p.sku,
			p.potency,
			p.form,
			p.brand,
			p.category,
			b.batch_id,
			b.batch_no,
			b.barcode,
			b.barcode_type,
			b.mrp,
			b.exp_date,
			b.quantity,
			COALESCE(w.name, 'Main Warehouse') as warehouse,
			b.generated_at,
			b.status,
			b.created_by,
			-- Calculate expiry status
			CASE
				WHEN b.exp_date < CURRENT_DATE THEN 'expired'
				WHEN b.exp_date <= CURRENT_DATE + INTERVAL '30 days' THEN 'expiring_soon'
				ELSE 'active'
			END as expiry_status
		FROM public.barcodes b
		LEFT JOIN public.products p ON p.id = b.product_id
		LEFT JOIN public.warehouses w ON w.id = b.warehouse_id
		ORDER BY b.generated_at DESC
	
[GIN] 2025/10/26 - 12:41:22 | 500 |     564.028µs |             ::1 | GET      "/api/erp/products/barcode"

2025/10/26 12:41:26 [31;1m/var/www/homeopathy-business-platform/services/api-golang-v2/internal/handlers/product_handler.go:680 [35;1mERROR: relation "public.barcodes" does not exist (SQLSTATE 42P01)
[0m[33m[1.335ms] [34;1m[rows:-][0m 
		SELECT
			b.id,
			b.product_id,
			p.name as product_name,
			p.sku,
			p.potency,
			p.form,
			p.brand,
			p.category,
			b.batch_id,
			b.batch_no,
			b.barcode,
			b.barcode_type,
			b.mrp,
			b.exp_date,
			b.quantity,
			COALESCE(w.name, 'Main Warehouse') as warehouse,
			b.generated_at,
			b.status,
			b.created_by,
			-- Calculate expiry status
			CASE
				WHEN b.exp_date < CURRENT_DATE THEN 'expired'
				WHEN b.exp_date <= CURRENT_DATE + INTERVAL '30 days' THEN 'expiring_soon'
				ELSE 'active'
			END as expiry_status
		FROM public.barcodes b
		LEFT JOIN public.products p ON p.id = b.product_id
		LEFT JOIN public.warehouses w ON w.id = b.warehouse_id
		ORDER BY b.generated_at DESC
	
[GIN] 2025/10/26 - 12:41:26 | 500 |    1.544874ms |             ::1 | GET      "/api/erp/products/barcode"
[GIN] 2025/10/26 - 12:41:34 | 404 |       9.128µs |             ::1 | GET      "/api/v1/system/health"

2025/10/26 12:41:34 [31;1m/var/www/homeopathy-business-platform/services/api-golang-v2/internal/handlers/product_handler.go:680 [35;1mERROR: relation "public.barcodes" does not exist (SQLSTATE 42P01)
[0m[33m[0.675ms] [34;1m[rows:-][0m 
		SELECT
			b.id,
			b.product_id,
			p.name as product_name,
			p.sku,
			p.potency,
			p.form,
			p.brand,
			p.category,
			b.batch_id,
			b.batch_no,
			b.barcode,
			b.barcode_type,
			b.mrp,
			b.exp_date,
			b.quantity,
			COALESCE(w.name, 'Main Warehouse') as warehouse,
			b.generated_at,
			b.status,
			b.created_by,
			-- Calculate expiry status
			CASE
				WHEN b.exp_date < CURRENT_DATE THEN 'expired'
				WHEN b.exp_date <= CURRENT_DATE + INTERVAL '30 days' THEN 'expiring_soon'
				ELSE 'active'
			END as expiry_status
		FROM public.barcodes b
		LEFT JOIN public.products p ON p.id = b.product_id
		LEFT JOIN public.warehouses w ON w.id = b.warehouse_id
		ORDER BY b.generated_at DESC
	
[GIN] 2025/10/26 - 12:41:34 | 500 |     800.861µs |             ::1 | GET      "/api/erp/products/barcode"
[GIN] 2025/10/26 - 12:41:34 | 404 |       8.918µs |             ::1 | GET      "/api/erp/pos/counters"

2025/10/26 12:41:35 [31;1m/var/www/homeopathy-business-platform/services/api-golang-v2/internal/handlers/product_handler.go:680 [35;1mERROR: relation "public.barcodes" does not exist (SQLSTATE 42P01)
[0m[33m[1.674ms] [34;1m[rows:-][0m 
		SELECT
			b.id,
			b.product_id,
			p.name as product_name,
			p.sku,
			p.potency,
			p.form,
			p.brand,
			p.category,
			b.batch_id,
			b.batch_no,
			b.barcode,
			b.barcode_type,
			b.mrp,
			b.exp_date,
			b.quantity,
			COALESCE(w.name, 'Main Warehouse') as warehouse,
			b.generated_at,
			b.status,
			b.created_by,
			-- Calculate expiry status
			CASE
				WHEN b.exp_date < CURRENT_DATE THEN 'expired'
				WHEN b.exp_date <= CURRENT_DATE + INTERVAL '30 days' THEN 'expiring_soon'
				ELSE 'active'
			END as expiry_status
		FROM public.barcodes b
		LEFT JOIN public.products p ON p.id = b.product_id
		LEFT JOIN public.warehouses w ON w.id = b.warehouse_id
		ORDER BY b.generated_at DESC
	
[GIN] 2025/10/26 - 12:41:35 | 500 |    1.918191ms |             ::1 | GET      "/api/erp/products/barcode"

2025/10/26 12:41:37 [31;1m/var/www/homeopathy-business-platform/services/api-golang-v2/internal/handlers/product_handler.go:680 [35;1mERROR: relation "public.barcodes" does not exist (SQLSTATE 42P01)
[0m[33m[1.660ms] [34;1m[rows:-][0m 
		SELECT
			b.id,
			b.product_id,
			p.name as product_name,
			p.sku,
			p.potency,
			p.form,
			p.brand,
			p.category,
			b.batch_id,
			b.batch_no,
			b.barcode,
			b.barcode_type,
			b.mrp,
			b.exp_date,
			b.quantity,
			COALESCE(w.name, 'Main Warehouse') as warehouse,
			b.generated_at,
			b.status,
			b.created_by,
			-- Calculate expiry status
			CASE
				WHEN b.exp_date < CURRENT_DATE THEN 'expired'
				WHEN b.exp_date <= CURRENT_DATE + INTERVAL '30 days' THEN 'expiring_soon'
				ELSE 'active'
			END as expiry_status
		FROM public.barcodes b
		LEFT JOIN public.products p ON p.id = b.product_id
		LEFT JOIN public.warehouses w ON w.id = b.warehouse_id
		ORDER BY b.generated_at DESC
	
[GIN] 2025/10/26 - 12:41:37 | 500 |    2.030212ms |             ::1 | GET      "/api/erp/products/barcode"

2025/10/26 12:41:41 [31;1m/var/www/homeopathy-business-platform/services/api-golang-v2/internal/handlers/product_handler.go:680 [35;1mERROR: relation "public.barcodes" does not exist (SQLSTATE 42P01)
[0m[33m[1.759ms] [34;1m[rows:-][0m 
		SELECT
			b.id,
			b.product_id,
			p.name as product_name,
			p.sku,
			p.potency,
			p.form,
			p.brand,
			p.category,
			b.batch_id,
			b.batch_no,
			b.barcode,
			b.barcode_type,
			b.mrp,
			b.exp_date,
			b.quantity,
			COALESCE(w.name, 'Main Warehouse') as warehouse,
			b.generated_at,
			b.status,
			b.created_by,
			-- Calculate expiry status
			CASE
				WHEN b.exp_date < CURRENT_DATE THEN 'expired'
				WHEN b.exp_date <= CURRENT_DATE + INTERVAL '30 days' THEN 'expiring_soon'
				ELSE 'active'
			END as expiry_status
		FROM public.barcodes b
		LEFT JOIN public.products p ON p.id = b.product_id
		LEFT JOIN public.warehouses w ON w.id = b.warehouse_id
		ORDER BY b.generated_at DESC
	
[GIN] 2025/10/26 - 12:41:41 | 500 |    2.082807ms |             ::1 | GET      "/api/erp/products/barcode"
[GIN] 2025/10/26 - 12:42:04 | 404 |          22µs |             ::1 | GET      "/api/v1/system/health"
[GIN] 2025/10/26 - 12:42:04 | 404 |      13.202µs |             ::1 | GET      "/api/erp/pos/counters"
[GIN] 2025/10/26 - 12:42:34 | 404 |      35.121µs |             ::1 | GET      "/api/v1/system/health"
[GIN] 2025/10/26 - 12:42:34 | 404 |      20.732µs |             ::1 | GET      "/api/erp/pos/counters"
[GIN] 2025/10/26 - 12:43:04 | 404 |      20.557µs |             ::1 | GET      "/api/v1/system/health"
[GIN] 2025/10/26 - 12:43:04 | 404 |      14.221µs |             ::1 | GET      "/api/erp/pos/counters"
[GIN] 2025/10/26 - 12:43:34 | 404 |     152.388µs |             ::1 | GET      "/api/v1/system/health"
[GIN] 2025/10/26 - 12:43:34 | 404 |      36.973µs |             ::1 | GET      "/api/erp/pos/counters"
[GIN] 2025/10/26 - 12:44:04 | 404 |      45.209µs |             ::1 | GET      "/api/v1/system/health"
[GIN] 2025/10/26 - 12:44:04 | 404 |      15.075µs |             ::1 | GET      "/api/erp/pos/counters"
[GIN] 2025/10/26 - 12:44:34 | 404 |      14.698µs |             ::1 | GET      "/api/v1/system/health"
[GIN] 2025/10/26 - 12:44:34 | 404 |      15.688µs |             ::1 | GET      "/api/erp/pos/counters"
[GIN] 2025/10/26 - 12:45:04 | 404 |       30.99µs |             ::1 | GET      "/api/v1/system/health"
[GIN] 2025/10/26 - 12:45:04 | 404 |       8.656µs |             ::1 | GET      "/api/erp/pos/counters"
[GIN] 2025/10/26 - 12:45:34 | 404 |      20.306µs |             ::1 | GET      "/api/v1/system/health"
[GIN] 2025/10/26 - 12:45:34 | 404 |       9.057µs |             ::1 | GET      "/api/erp/pos/counters"
[GIN] 2025/10/26 - 12:46:04 | 404 |      27.764µs |             ::1 | GET      "/api/v1/system/health"
[GIN] 2025/10/26 - 12:46:04 | 404 |      17.387µs |             ::1 | GET      "/api/erp/pos/counters"
[GIN] 2025/10/26 - 12:46:34 | 404 |      23.389µs |             ::1 | GET      "/api/v1/system/health"
[GIN] 2025/10/26 - 12:46:34 | 404 |      18.161µs |             ::1 | GET      "/api/erp/pos/counters"
[GIN] 2025/10/26 - 12:47:04 | 404 |       19.85µs |             ::1 | GET      "/api/v1/system/health"
[GIN] 2025/10/26 - 12:47:04 | 404 |      21.858µs |             ::1 | GET      "/api/erp/pos/counters"
[GIN] 2025/10/26 - 12:47:34 | 404 |      20.993µs |             ::1 | GET      "/api/v1/system/health"
[GIN] 2025/10/26 - 12:47:34 | 404 |      17.828µs |             ::1 | GET      "/api/erp/pos/counters"
[GIN] 2025/10/26 - 12:48:04 | 404 |     213.358µs |             ::1 | GET      "/api/v1/system/health"
[GIN] 2025/10/26 - 12:48:04 | 404 |      19.966µs |             ::1 | GET      "/api/erp/pos/counters"
[GIN] 2025/10/26 - 12:48:34 | 404 |      55.376µs |             ::1 | GET      "/api/v1/system/health"
[GIN] 2025/10/26 - 12:48:34 | 404 |      15.993µs |             ::1 | GET      "/api/erp/pos/counters"
[GIN] 2025/10/26 - 12:49:04 | 404 |      18.267µs |             ::1 | GET      "/api/v1/system/health"
[GIN] 2025/10/26 - 12:49:04 | 404 |        21.6µs |             ::1 | GET      "/api/erp/pos/counters"
[GIN] 2025/10/26 - 12:49:34 | 404 |      20.101µs |             ::1 | GET      "/api/v1/system/health"
[GIN] 2025/10/26 - 12:49:34 | 404 |      17.215µs |             ::1 | GET      "/api/erp/pos/counters"
[GIN] 2025/10/26 - 12:50:04 | 404 |      21.304µs |             ::1 | GET      "/api/v1/system/health"
[GIN] 2025/10/26 - 12:50:04 | 404 |      19.545µs |             ::1 | GET      "/api/erp/pos/counters"
[GIN] 2025/10/26 - 12:50:34 | 404 |       41.54µs |             ::1 | GET      "/api/v1/system/health"
[GIN] 2025/10/26 - 12:50:34 | 404 |      10.593µs |             ::1 | GET      "/api/erp/pos/counters"
[GIN] 2025/10/26 - 12:51:04 | 404 |      20.517µs |             ::1 | GET      "/api/v1/system/health"
[GIN] 2025/10/26 - 12:51:04 | 404 |       9.454µs |             ::1 | GET      "/api/erp/pos/counters"
[GIN] 2025/10/26 - 12:51:34 | 404 |      18.281µs |             ::1 | GET      "/api/v1/system/health"
[GIN] 2025/10/26 - 12:51:34 | 404 |      18.236µs |             ::1 | GET      "/api/erp/pos/counters"
[GIN] 2025/10/26 - 12:52:04 | 404 |      20.848µs |             ::1 | GET      "/api/v1/system/health"
[GIN] 2025/10/26 - 12:52:04 | 404 |      15.802µs |             ::1 | GET      "/api/erp/pos/counters"
[GIN] 2025/10/26 - 12:52:34 | 404 |      18.778µs |             ::1 | GET      "/api/v1/system/health"
[GIN] 2025/10/26 - 12:52:34 | 404 |       26.47µs |             ::1 | GET      "/api/erp/pos/counters"
[GIN] 2025/10/26 - 12:53:04 | 404 |      22.457µs |             ::1 | GET      "/api/v1/system/health"
[GIN] 2025/10/26 - 12:53:04 | 404 |      19.436µs |             ::1 | GET      "/api/erp/pos/counters"
[GIN] 2025/10/26 - 12:53:34 | 404 |      19.004µs |             ::1 | GET      "/api/v1/system/health"
[GIN] 2025/10/26 - 12:53:34 | 404 |      13.333µs |             ::1 | GET      "/api/erp/pos/counters"
[GIN] 2025/10/26 - 12:54:04 | 404 |        21.7µs |             ::1 | GET      "/api/v1/system/health"
[GIN] 2025/10/26 - 12:54:04 | 404 |      19.425µs |             ::1 | GET      "/api/erp/pos/counters"
[GIN] 2025/10/26 - 12:54:34 | 404 |      19.945µs |             ::1 | GET      "/api/v1/system/health"
[GIN] 2025/10/26 - 12:54:34 | 404 |       8.142µs |             ::1 | GET      "/api/erp/pos/counters"
[GIN] 2025/10/26 - 12:55:04 | 404 |      23.744µs |             ::1 | GET      "/api/v1/system/health"
[GIN] 2025/10/26 - 12:55:04 | 404 |      22.397µs |             ::1 | GET      "/api/erp/pos/counters"
[GIN] 2025/10/26 - 12:55:34 | 404 |      21.109µs |             ::1 | GET      "/api/v1/system/health"
[GIN] 2025/10/26 - 12:55:34 | 404 |      19.689µs |             ::1 | GET      "/api/erp/pos/counters"
[GIN] 2025/10/26 - 12:56:04 | 404 |      15.941µs |             ::1 | GET      "/api/v1/system/health"
[GIN] 2025/10/26 - 12:56:04 | 404 |      21.334µs |             ::1 | GET      "/api/erp/pos/counters"
[GIN] 2025/10/26 - 12:56:34 | 404 |      18.056µs |             ::1 | GET      "/api/v1/system/health"
[GIN] 2025/10/26 - 12:56:34 | 404 |       8.445µs |             ::1 | GET      "/api/erp/pos/counters"
[GIN] 2025/10/26 - 12:57:04 | 404 |       17.87µs |             ::1 | GET      "/api/v1/system/health"
[GIN] 2025/10/26 - 12:57:04 | 404 |      20.597µs |             ::1 | GET      "/api/erp/pos/counters"
[GIN] 2025/10/26 - 12:57:34 | 404 |      22.913µs |             ::1 | GET      "/api/v1/system/health"
[GIN] 2025/10/26 - 12:57:34 | 404 |      24.316µs |             ::1 | GET      "/api/erp/pos/counters"
[GIN] 2025/10/26 - 12:58:04 | 404 |      20.307µs |             ::1 | GET      "/api/v1/system/health"
[GIN] 2025/10/26 - 12:58:04 | 404 |      17.445µs |             ::1 | GET      "/api/erp/pos/counters"
[GIN] 2025/10/26 - 12:58:34 | 404 |      16.402µs |             ::1 | GET      "/api/v1/system/health"
[GIN] 2025/10/26 - 12:58:34 | 404 |      20.858µs |             ::1 | GET      "/api/erp/pos/counters"
[GIN] 2025/10/26 - 12:59:04 | 404 |      18.457µs |             ::1 | GET      "/api/v1/system/health"
[GIN] 2025/10/26 - 12:59:04 | 404 |      10.897µs |             ::1 | GET      "/api/erp/pos/counters"
[GIN] 2025/10/26 - 12:59:34 | 404 |      19.981µs |             ::1 | GET      "/api/v1/system/health"
[GIN] 2025/10/26 - 12:59:34 | 404 |      19.949µs |             ::1 | GET      "/api/erp/pos/counters"
[GIN] 2025/10/26 - 13:00:04 | 404 |      21.314µs |             ::1 | GET      "/api/v1/system/health"
[GIN] 2025/10/26 - 13:00:04 | 404 |      19.789µs |             ::1 | GET      "/api/erp/pos/counters"
[GIN] 2025/10/26 - 13:00:34 | 404 |      19.209µs |             ::1 | GET      "/api/v1/system/health"
[GIN] 2025/10/26 - 13:00:34 | 404 |      17.668µs |             ::1 | GET      "/api/erp/pos/counters"
[GIN] 2025/10/26 - 13:01:04 | 404 |      24.737µs |             ::1 | GET      "/api/v1/system/health"
[GIN] 2025/10/26 - 13:01:04 | 404 |      17.547µs |             ::1 | GET      "/api/erp/pos/counters"
[GIN] 2025/10/26 - 13:01:34 | 404 |      15.841µs |             ::1 | GET      "/api/v1/system/health"
[GIN] 2025/10/26 - 13:01:34 | 404 |      15.475µs |             ::1 | GET      "/api/erp/pos/counters"
[GIN] 2025/10/26 - 13:02:04 | 404 |      22.632µs |             ::1 | GET      "/api/v1/system/health"
[GIN] 2025/10/26 - 13:02:04 | 404 |      20.267µs |             ::1 | GET      "/api/erp/pos/counters"
[GIN] 2025/10/26 - 13:02:34 | 404 |      20.983µs |             ::1 | GET      "/api/v1/system/health"
[GIN] 2025/10/26 - 13:02:34 | 404 |      23.654µs |             ::1 | GET      "/api/erp/pos/counters"
[GIN] 2025/10/26 - 13:03:04 | 404 |        15.5µs |             ::1 | GET      "/api/v1/system/health"
[GIN] 2025/10/26 - 13:03:04 | 404 |      21.349µs |             ::1 | GET      "/api/erp/pos/counters"
[GIN] 2025/10/26 - 13:03:34 | 404 |      23.854µs |             ::1 | GET      "/api/v1/system/health"
[GIN] 2025/10/26 - 13:03:34 | 404 |      19.665µs |             ::1 | GET      "/api/erp/pos/counters"
[GIN] 2025/10/26 - 13:04:04 | 404 |      23.333µs |             ::1 | GET      "/api/v1/system/health"
[GIN] 2025/10/26 - 13:04:04 | 404 |      23.724µs |             ::1 | GET      "/api/erp/pos/counters"
[GIN] 2025/10/26 - 13:04:34 | 404 |      20.647µs |             ::1 | GET      "/api/v1/system/health"
[GIN] 2025/10/26 - 13:04:34 | 404 |      24.621µs |             ::1 | GET      "/api/erp/pos/counters"
[GIN] 2025/10/26 - 13:05:04 | 404 |      20.352µs |             ::1 | GET      "/api/v1/system/health"
[GIN] 2025/10/26 - 13:05:04 | 404 |      16.055µs |             ::1 | GET      "/api/erp/pos/counters"
[GIN] 2025/10/26 - 13:05:34 | 404 |      15.861µs |             ::1 | GET      "/api/v1/system/health"
[GIN] 2025/10/26 - 13:05:34 | 404 |      19.819µs |             ::1 | GET      "/api/erp/pos/counters"
[GIN] 2025/10/26 - 13:06:04 | 404 |      19.504µs |             ::1 | GET      "/api/v1/system/health"
[GIN] 2025/10/26 - 13:06:04 | 404 |      16.832µs |             ::1 | GET      "/api/erp/pos/counters"
[GIN] 2025/10/26 - 13:06:34 | 404 |      21.729µs |             ::1 | GET      "/api/v1/system/health"
[GIN] 2025/10/26 - 13:06:34 | 404 |      15.656µs |             ::1 | GET      "/api/erp/pos/counters"
[GIN] 2025/10/26 - 13:07:04 | 404 |      20.602µs |             ::1 | GET      "/api/v1/system/health"
[GIN] 2025/10/26 - 13:07:04 | 404 |      17.696µs |             ::1 | GET      "/api/erp/pos/counters"
[GIN] 2025/10/26 - 13:07:34 | 404 |      18.613µs |             ::1 | GET      "/api/v1/system/health"
[GIN] 2025/10/26 - 13:07:34 | 404 |     351.478µs |             ::1 | GET      "/api/erp/pos/counters"
[GIN] 2025/10/26 - 13:08:04 | 404 |      22.507µs |             ::1 | GET      "/api/v1/system/health"
[GIN] 2025/10/26 - 13:08:04 | 404 |      20.542µs |             ::1 | GET      "/api/erp/pos/counters"
[GIN] 2025/10/26 - 13:08:34 | 404 |      27.483µs |             ::1 | GET      "/api/v1/system/health"
[GIN] 2025/10/26 - 13:08:34 | 404 |      21.123µs |             ::1 | GET      "/api/erp/pos/counters"
[GIN] 2025/10/26 - 13:09:04 | 404 |      17.485µs |             ::1 | GET      "/api/v1/system/health"
[GIN] 2025/10/26 - 13:09:04 | 404 |       21.71µs |             ::1 | GET      "/api/erp/pos/counters"
[GIN] 2025/10/26 - 13:09:34 | 404 |      16.252µs |             ::1 | GET      "/api/v1/system/health"
[GIN] 2025/10/26 - 13:09:34 | 404 |      17.846µs |             ::1 | GET      "/api/erp/pos/counters"
[GIN] 2025/10/26 - 13:10:04 | 404 |       17.42µs |             ::1 | GET      "/api/v1/system/health"
[GIN] 2025/10/26 - 13:10:04 | 404 |      23.714µs |             ::1 | GET      "/api/erp/pos/counters"
[GIN] 2025/10/26 - 13:10:34 | 404 |      17.485µs |             ::1 | GET      "/api/v1/system/health"
[GIN] 2025/10/26 - 13:10:34 | 404 |      21.865µs |             ::1 | GET      "/api/erp/pos/counters"
[GIN] 2025/10/26 - 13:11:04 | 404 |      17.621µs |             ::1 | GET      "/api/v1/system/health"
[GIN] 2025/10/26 - 13:11:04 | 404 |      16.547µs |             ::1 | GET      "/api/erp/pos/counters"
[GIN] 2025/10/26 - 13:11:34 | 404 |      16.096µs |             ::1 | GET      "/api/v1/system/health"
[GIN] 2025/10/26 - 13:11:34 | 404 |      16.423µs |             ::1 | GET      "/api/erp/pos/counters"
[GIN] 2025/10/26 - 13:12:04 | 404 |      20.487µs |             ::1 | GET      "/api/v1/system/health"
[GIN] 2025/10/26 - 13:12:04 | 404 |      24.948µs |             ::1 | GET      "/api/erp/pos/counters"
[GIN] 2025/10/26 - 13:12:34 | 404 |      22.923µs |             ::1 | GET      "/api/v1/system/health"
[GIN] 2025/10/26 - 13:12:34 | 404 |      22.341µs |             ::1 | GET      "/api/erp/pos/counters"
[GIN] 2025/10/26 - 13:13:04 | 404 |      18.011µs |             ::1 | GET      "/api/v1/system/health"
[GIN] 2025/10/26 - 13:13:04 | 404 |      22.917µs |             ::1 | GET      "/api/erp/pos/counters"
[GIN] 2025/10/26 - 13:13:34 | 404 |      21.054µs |             ::1 | GET      "/api/v1/system/health"
[GIN] 2025/10/26 - 13:13:34 | 404 |      12.804µs |             ::1 | GET      "/api/erp/pos/counters"
[GIN] 2025/10/26 - 13:14:04 | 404 |      19.023µs |             ::1 | GET      "/api/v1/system/health"
[GIN] 2025/10/26 - 13:14:04 | 404 |      18.166µs |             ::1 | GET      "/api/erp/pos/counters"
[GIN] 2025/10/26 - 13:14:34 | 404 |     162.602µs |             ::1 | GET      "/api/v1/system/health"
[GIN] 2025/10/26 - 13:14:34 | 404 |      21.364µs |             ::1 | GET      "/api/erp/pos/counters"
[GIN] 2025/10/26 - 13:15:04 | 404 |      22.096µs |             ::1 | GET      "/api/v1/system/health"
[GIN] 2025/10/26 - 13:15:04 | 404 |       24.04µs |             ::1 | GET      "/api/erp/pos/counters"
[GIN] 2025/10/26 - 13:15:34 | 404 |      21.449µs |             ::1 | GET      "/api/v1/system/health"
[GIN] 2025/10/26 - 13:15:34 | 404 |      21.474µs |             ::1 | GET      "/api/erp/pos/counters"
[GIN] 2025/10/26 - 13:16:04 | 404 |      16.307µs |             ::1 | GET      "/api/v1/system/health"
[GIN] 2025/10/26 - 13:16:04 | 404 |      24.115µs |             ::1 | GET      "/api/erp/pos/counters"
[GIN] 2025/10/26 - 13:16:34 | 404 |      16.889µs |             ::1 | GET      "/api/v1/system/health"
[GIN] 2025/10/26 - 13:16:34 | 404 |     162.899µs |             ::1 | GET      "/api/erp/pos/counters"
[GIN] 2025/10/26 - 13:17:04 | 404 |      77.211µs |             ::1 | GET      "/api/v1/system/health"
[GIN] 2025/10/26 - 13:17:04 | 404 |      98.782µs |             ::1 | GET      "/api/erp/pos/counters"
[GIN] 2025/10/26 - 13:17:34 | 404 |      18.733µs |             ::1 | GET      "/api/v1/system/health"
[GIN] 2025/10/26 - 13:17:34 | 404 |      20.907µs |             ::1 | GET      "/api/erp/pos/counters"
[GIN] 2025/10/26 - 13:18:04 | 404 |      190.24µs |             ::1 | GET      "/api/v1/system/health"
[GIN] 2025/10/26 - 13:18:04 | 404 |      20.883µs |             ::1 | GET      "/api/erp/pos/counters"
[GIN] 2025/10/26 - 13:18:34 | 404 |      75.673µs |             ::1 | GET      "/api/v1/system/health"
[GIN] 2025/10/26 - 13:18:34 | 404 |      23.905µs |             ::1 | GET      "/api/erp/pos/counters"
[GIN] 2025/10/26 - 13:19:04 | 404 |      22.266µs |             ::1 | GET      "/api/v1/system/health"
[GIN] 2025/10/26 - 13:19:04 | 404 |      15.667µs |             ::1 | GET      "/api/erp/pos/counters"
[GIN] 2025/10/26 - 13:19:34 | 404 |      17.389µs |             ::1 | GET      "/api/v1/system/health"
[GIN] 2025/10/26 - 13:19:34 | 404 |      24.586µs |             ::1 | GET      "/api/erp/pos/counters"
[GIN] 2025/10/26 - 13:20:04 | 404 |       19.55µs |             ::1 | GET      "/api/v1/system/health"
[GIN] 2025/10/26 - 13:20:04 | 404 |      22.932µs |             ::1 | GET      "/api/erp/pos/counters"
[GIN] 2025/10/26 - 13:20:34 | 404 |       15.42µs |             ::1 | GET      "/api/v1/system/health"
[GIN] 2025/10/26 - 13:20:34 | 404 |      15.551µs |             ::1 | GET      "/api/erp/pos/counters"
[GIN] 2025/10/26 - 13:21:04 | 404 |      16.902µs |             ::1 | GET      "/api/v1/system/health"
[GIN] 2025/10/26 - 13:21:04 | 404 |      12.139µs |             ::1 | GET      "/api/erp/pos/counters"
[GIN] 2025/10/26 - 13:21:34 | 404 |       22.68µs |             ::1 | GET      "/api/v1/system/health"
[GIN] 2025/10/26 - 13:21:34 | 404 |      20.986µs |             ::1 | GET      "/api/erp/pos/counters"
[GIN] 2025/10/26 - 13:22:04 | 404 |      24.298µs |             ::1 | GET      "/api/v1/system/health"
[GIN] 2025/10/26 - 13:22:04 | 404 |      18.977µs |             ::1 | GET      "/api/erp/pos/counters"
[GIN] 2025/10/26 - 13:22:34 | 404 |      15.935µs |             ::1 | GET      "/api/v1/system/health"
[GIN] 2025/10/26 - 13:22:34 | 404 |      19.308µs |             ::1 | GET      "/api/erp/pos/counters"
[GIN] 2025/10/26 - 13:23:04 | 404 |      17.058µs |             ::1 | GET      "/api/v1/system/health"
[GIN] 2025/10/26 - 13:23:04 | 404 |      16.857µs |             ::1 | GET      "/api/erp/pos/counters"
[GIN] 2025/10/26 - 13:23:34 | 404 |      11.874µs |             ::1 | GET      "/api/v1/system/health"
[GIN] 2025/10/26 - 13:23:34 | 404 |        76.3µs |             ::1 | GET      "/api/erp/pos/counters"
[GIN] 2025/10/26 - 13:24:04 | 404 |       55.86µs |             ::1 | GET      "/api/v1/system/health"
[GIN] 2025/10/26 - 13:24:04 | 404 |      16.261µs |             ::1 | GET      "/api/erp/pos/counters"
[GIN] 2025/10/26 - 13:24:34 | 404 |      16.317µs |             ::1 | GET      "/api/v1/system/health"
[GIN] 2025/10/26 - 13:24:34 | 404 |      16.742µs |             ::1 | GET      "/api/erp/pos/counters"
[GIN] 2025/10/26 - 13:25:04 | 404 |      20.922µs |             ::1 | GET      "/api/v1/system/health"
[GIN] 2025/10/26 - 13:25:04 | 404 |      14.149µs |             ::1 | GET      "/api/erp/pos/counters"
[GIN] 2025/10/26 - 13:25:34 | 404 |      18.988µs |             ::1 | GET      "/api/v1/system/health"
[GIN] 2025/10/26 - 13:25:34 | 404 |        16.4µs |             ::1 | GET      "/api/erp/pos/counters"
[GIN] 2025/10/26 - 13:26:04 | 404 |      20.777µs |             ::1 | GET      "/api/v1/system/health"
[GIN] 2025/10/26 - 13:26:04 | 404 |      14.432µs |             ::1 | GET      "/api/erp/pos/counters"
[GIN] 2025/10/26 - 13:26:34 | 404 |      21.127µs |             ::1 | GET      "/api/v1/system/health"
[GIN] 2025/10/26 - 13:26:34 | 404 |      14.863µs |             ::1 | GET      "/api/erp/pos/counters"
[GIN] 2025/10/26 - 13:27:04 | 404 |      16.792µs |             ::1 | GET      "/api/v1/system/health"
[GIN] 2025/10/26 - 13:27:04 | 404 |      16.754µs |             ::1 | GET      "/api/erp/pos/counters"
[GIN] 2025/10/26 - 13:27:34 | 404 |     419.868µs |             ::1 | GET      "/api/v1/system/health"
[GIN] 2025/10/26 - 13:27:34 | 404 |        7.97µs |             ::1 | GET      "/api/erp/pos/counters"
[GIN] 2025/10/26 - 13:28:04 | 404 |       10.48µs |             ::1 | GET      "/api/v1/system/health"
[GIN] 2025/10/26 - 13:28:04 | 404 |       8.445µs |             ::1 | GET      "/api/erp/pos/counters"
[GIN] 2025/10/26 - 13:28:34 | 404 |      19.254µs |             ::1 | GET      "/api/v1/system/health"
[GIN] 2025/10/26 - 13:28:34 | 404 |      22.611µs |             ::1 | GET      "/api/erp/pos/counters"
[GIN] 2025/10/26 - 13:29:04 | 404 |      20.246µs |             ::1 | GET      "/api/v1/system/health"
[GIN] 2025/10/26 - 13:29:04 | 404 |      20.276µs |             ::1 | GET      "/api/erp/pos/counters"
[GIN] 2025/10/26 - 13:29:34 | 404 |      19.399µs |             ::1 | GET      "/api/v1/system/health"
[GIN] 2025/10/26 - 13:29:34 | 404 |      18.433µs |             ::1 | GET      "/api/erp/pos/counters"
[GIN] 2025/10/26 - 13:30:04 | 404 |      23.222µs |             ::1 | GET      "/api/v1/system/health"
[GIN] 2025/10/26 - 13:30:04 | 404 |      21.343µs |             ::1 | GET      "/api/erp/pos/counters"
[GIN] 2025/10/26 - 13:30:34 | 404 |      23.102µs |             ::1 | GET      "/api/v1/system/health"
[GIN] 2025/10/26 - 13:30:34 | 404 |      15.275µs |             ::1 | GET      "/api/erp/pos/counters"
[GIN] 2025/10/26 - 13:31:04 | 404 |      21.418µs |             ::1 | GET      "/api/v1/system/health"
[GIN] 2025/10/26 - 13:31:04 | 404 |      16.139µs |             ::1 | GET      "/api/erp/pos/counters"
[GIN] 2025/10/26 - 13:31:34 | 404 |      20.537µs |             ::1 | GET      "/api/v1/system/health"
[GIN] 2025/10/26 - 13:31:34 | 404 |      25.307µs |             ::1 | GET      "/api/erp/pos/counters"
[GIN] 2025/10/26 - 13:32:04 | 404 |      22.696µs |             ::1 | GET      "/api/v1/system/health"
[GIN] 2025/10/26 - 13:32:04 | 404 |      18.926µs |             ::1 | GET      "/api/erp/pos/counters"
[GIN] 2025/10/26 - 13:32:34 | 404 |      15.906µs |             ::1 | GET      "/api/v1/system/health"
[GIN] 2025/10/26 - 13:32:34 | 404 |       9.862µs |             ::1 | GET      "/api/erp/pos/counters"
[GIN] 2025/10/26 - 13:33:04 | 404 |      20.456µs |             ::1 | GET      "/api/v1/system/health"
[GIN] 2025/10/26 - 13:33:04 | 404 |      22.451µs |             ::1 | GET      "/api/erp/pos/counters"
[GIN] 2025/10/26 - 13:33:34 | 404 |      19.249µs |             ::1 | GET      "/api/v1/system/health"
[GIN] 2025/10/26 - 13:33:34 | 404 |      21.128µs |             ::1 | GET      "/api/erp/pos/counters"
[GIN] 2025/10/26 - 13:34:04 | 404 |      22.857µs |             ::1 | GET      "/api/v1/system/health"
[GIN] 2025/10/26 - 13:34:04 | 404 |      19.677µs |             ::1 | GET      "/api/erp/pos/counters"
[GIN] 2025/10/26 - 13:34:34 | 404 |      50.564µs |             ::1 | GET      "/api/v1/system/health"
[GIN] 2025/10/26 - 13:34:34 | 404 |      16.336µs |             ::1 | GET      "/api/erp/pos/counters"
[GIN] 2025/10/26 - 13:35:04 | 404 |      16.733µs |             ::1 | GET      "/api/v1/system/health"
[GIN] 2025/10/26 - 13:35:04 | 404 |      16.634µs |             ::1 | GET      "/api/erp/pos/counters"
[GIN] 2025/10/26 - 13:35:34 | 404 |      19.429µs |             ::1 | GET      "/api/v1/system/health"
[GIN] 2025/10/26 - 13:35:34 | 404 |      11.443µs |             ::1 | GET      "/api/erp/pos/counters"
[GIN] 2025/10/26 - 13:36:04 | 404 |      21.985µs |             ::1 | GET      "/api/v1/system/health"
[GIN] 2025/10/26 - 13:36:04 | 404 |      12.502µs |             ::1 | GET      "/api/erp/pos/counters"
[GIN] 2025/10/26 - 13:36:34 | 404 |      23.123µs |             ::1 | GET      "/api/v1/system/health"
[GIN] 2025/10/26 - 13:36:34 | 404 |      17.648µs |             ::1 | GET      "/api/erp/pos/counters"
[GIN] 2025/10/26 - 13:37:04 | 404 |      17.359µs |             ::1 | GET      "/api/v1/system/health"
[GIN] 2025/10/26 - 13:37:04 | 404 |      38.791µs |             ::1 | GET      "/api/erp/pos/counters"
[GIN] 2025/10/26 - 13:37:17 | 404 |        9.01µs |             ::1 | GET      "/api/v1/system/health"

2025/10/26 13:37:17 [31;1m/var/www/homeopathy-business-platform/services/api-golang-v2/internal/handlers/product_handler.go:680 [35;1mERROR: relation "public.barcodes" does not exist (SQLSTATE 42P01)
[0m[33m[0.836ms] [34;1m[rows:-][0m 
		SELECT
			b.id,
			b.product_id,
			p.name as product_name,
			p.sku,
			p.potency,
			p.form,
			p.brand,
			p.category,
			b.batch_id,
			b.batch_no,
			b.barcode,
			b.barcode_type,
			b.mrp,
			b.exp_date,
			b.quantity,
			COALESCE(w.name, 'Main Warehouse') as warehouse,
			b.generated_at,
			b.status,
			b.created_by,
			-- Calculate expiry status
			CASE
				WHEN b.exp_date < CURRENT_DATE THEN 'expired'
				WHEN b.exp_date <= CURRENT_DATE + INTERVAL '30 days' THEN 'expiring_soon'
				ELSE 'active'
			END as expiry_status
		FROM public.barcodes b
		LEFT JOIN public.products p ON p.id = b.product_id
		LEFT JOIN public.warehouses w ON w.id = b.warehouse_id
		ORDER BY b.generated_at DESC
	
[GIN] 2025/10/26 - 13:37:17 | 500 |    1.007735ms |             ::1 | GET      "/api/erp/products/barcode"
[GIN] 2025/10/26 - 13:37:17 | 404 |       8.949µs |             ::1 | GET      "/api/erp/pos/counters"

2025/10/26 13:37:18 [31;1m/var/www/homeopathy-business-platform/services/api-golang-v2/internal/handlers/product_handler.go:680 [35;1mERROR: relation "public.barcodes" does not exist (SQLSTATE 42P01)
[0m[33m[1.525ms] [34;1m[rows:-][0m 
		SELECT
			b.id,
			b.product_id,
			p.name as product_name,
			p.sku,
			p.potency,
			p.form,
			p.brand,
			p.category,
			b.batch_id,
			b.batch_no,
			b.barcode,
			b.barcode_type,
			b.mrp,
			b.exp_date,
			b.quantity,
			COALESCE(w.name, 'Main Warehouse') as warehouse,
			b.generated_at,
			b.status,
			b.created_by,
			-- Calculate expiry status
			CASE
				WHEN b.exp_date < CURRENT_DATE THEN 'expired'
				WHEN b.exp_date <= CURRENT_DATE + INTERVAL '30 days' THEN 'expiring_soon'
				ELSE 'active'
			END as expiry_status
		FROM public.barcodes b
		LEFT JOIN public.products p ON p.id = b.product_id
		LEFT JOIN public.warehouses w ON w.id = b.warehouse_id
		ORDER BY b.generated_at DESC
	
[GIN] 2025/10/26 - 13:37:18 | 500 |    1.737641ms |             ::1 | GET      "/api/erp/products/barcode"

2025/10/26 13:37:20 [31;1m/var/www/homeopathy-business-platform/services/api-golang-v2/internal/handlers/product_handler.go:680 [35;1mERROR: relation "public.barcodes" does not exist (SQLSTATE 42P01)
[0m[33m[0.594ms] [34;1m[rows:-][0m 
		SELECT
			b.id,
			b.product_id,
			p.name as product_name,
			p.sku,
			p.potency,
			p.form,
			p.brand,
			p.category,
			b.batch_id,
			b.batch_no,
			b.barcode,
			b.barcode_type,
			b.mrp,
			b.exp_date,
			b.quantity,
			COALESCE(w.name, 'Main Warehouse') as warehouse,
			b.generated_at,
			b.status,
			b.created_by,
			-- Calculate expiry status
			CASE
				WHEN b.exp_date < CURRENT_DATE THEN 'expired'
				WHEN b.exp_date <= CURRENT_DATE + INTERVAL '30 days' THEN 'expiring_soon'
				ELSE 'active'
			END as expiry_status
		FROM public.barcodes b
		LEFT JOIN public.products p ON p.id = b.product_id
		LEFT JOIN public.warehouses w ON w.id = b.warehouse_id
		ORDER BY b.generated_at DESC
	
[GIN] 2025/10/26 - 13:37:20 | 500 |     960.782µs |             ::1 | GET      "/api/erp/products/barcode"

2025/10/26 13:37:24 [31;1m/var/www/homeopathy-business-platform/services/api-golang-v2/internal/handlers/product_handler.go:680 [35;1mERROR: relation "public.barcodes" does not exist (SQLSTATE 42P01)
[0m[33m[1.693ms] [34;1m[rows:-][0m 
		SELECT
			b.id,
			b.product_id,
			p.name as product_name,
			p.sku,
			p.potency,
			p.form,
			p.brand,
			p.category,
			b.batch_id,
			b.batch_no,
			b.barcode,
			b.barcode_type,
			b.mrp,
			b.exp_date,
			b.quantity,
			COALESCE(w.name, 'Main Warehouse') as warehouse,
			b.generated_at,
			b.status,
			b.created_by,
			-- Calculate expiry status
			CASE
				WHEN b.exp_date < CURRENT_DATE THEN 'expired'
				WHEN b.exp_date <= CURRENT_DATE + INTERVAL '30 days' THEN 'expiring_soon'
				ELSE 'active'
			END as expiry_status
		FROM public.barcodes b
		LEFT JOIN public.products p ON p.id = b.product_id
		LEFT JOIN public.warehouses w ON w.id = b.warehouse_id
		ORDER BY b.generated_at DESC
	
[GIN] 2025/10/26 - 13:37:24 | 500 |    2.015121ms |             ::1 | GET      "/api/erp/products/barcode"
[GIN] 2025/10/26 - 13:37:47 | 404 |      21.062µs |             ::1 | GET      "/api/v1/system/health"
[GIN] 2025/10/26 - 13:37:47 | 404 |      18.549µs |             ::1 | GET      "/api/erp/pos/counters"
[GIN] 2025/10/26 - 13:38:17 | 404 |      20.541µs |             ::1 | GET      "/api/v1/system/health"
[GIN] 2025/10/26 - 13:38:17 | 404 |       16.38µs |             ::1 | GET      "/api/erp/pos/counters"
