2025/11/30 14:29:23 📋 Configuration loaded for development environment
2025/11/30 14:29:23 🔌 Database: postgresql://postgres:postgres@localhost:5432/yeelo_homeopathy
2025/11/30 14:29:23 ✅ Database connected successfully (using SQL migrations)
✅ Notifications table ready
[GIN-debug] [WARNING] Running in "debug" mode. Switch to "release" mode in production.
 - using env:	export GIN_MODE=release
 - using code:	gin.SetMode(gin.ReleaseMode)

[GIN-debug] GET    /docs/*any                --> github.com/swaggo/gin-swagger.CustomWrapHandler.func1 (4 handlers)
[GIN-debug] GET    /health                   --> main.main.func1 (6 handlers)
[GIN-debug] POST   /api/auth/login           --> github.com/yeelo/homeopathy-erp/internal/handlers.(*AuthHandler).Login-fm (6 handlers)
[GIN-debug] POST   /api/auth/logout          --> github.com/yeelo/homeopathy-erp/internal/handlers.(*AuthHandler).Logout-fm (6 handlers)
[GIN-debug] POST   /api/auth/refresh         --> github.com/yeelo/homeopathy-erp/internal/handlers.(*AuthHandler).RefreshToken-fm (6 handlers)
[GIN-debug] GET    /api/v1/system/health     --> github.com/yeelo/homeopathy-erp/internal/handlers.(*SystemHandler).GetSystemHealth-fm (7 handlers)
[GIN-debug] GET    /api/v1/system/info       --> github.com/yeelo/homeopathy-erp/internal/handlers.(*SystemHandler).GetSystemInfo-fm (7 handlers)
[GIN-debug] POST   /api/v1/enrich/invoice/:parsed_invoice_id --> github.com/yeelo/homeopathy-erp/internal/handlers.(*EnrichHandler).EnrichParsedInvoice-fm (7 handlers)
[GIN-debug] GET    /api/v1/customers         --> github.com/yeelo/homeopathy-erp/internal/handlers.(*CustomerHandler).GetCustomers-fm (7 handlers)
[GIN-debug] GET    /api/v1/customers/:id     --> github.com/yeelo/homeopathy-erp/internal/handlers.(*CustomerHandler).GetCustomer-fm (7 handlers)
[GIN-debug] POST   /api/v1/customers         --> github.com/yeelo/homeopathy-erp/internal/handlers.(*CustomerHandler).CreateCustomer-fm (7 handlers)
[GIN-debug] PUT    /api/v1/customers/:id     --> github.com/yeelo/homeopathy-erp/internal/handlers.(*CustomerHandler).UpdateCustomer-fm (7 handlers)
[GIN-debug] GET    /api/v1/customers/loyalty --> github.com/yeelo/homeopathy-erp/internal/handlers.(*CustomerHandler).GetLoyaltyPoints-fm (7 handlers)
[GIN-debug] GET    /api/v1/customers/outstanding --> github.com/yeelo/homeopathy-erp/internal/handlers.(*CustomerHandler).GetOutstanding-fm (7 handlers)
[GIN-debug] GET    /api/v1/customers/credit-limit --> github.com/yeelo/homeopathy-erp/internal/handlers.(*CustomerHandler).GetCreditLimit-fm (7 handlers)
[GIN-debug] GET    /api/v1/customers/feedback --> github.com/yeelo/homeopathy-erp/internal/handlers.(*CustomerHandler).GetFeedback-fm (7 handlers)
[GIN-debug] GET    /api/v1/customers/communication --> github.com/yeelo/homeopathy-erp/internal/handlers.(*CustomerHandler).GetCommunication-fm (7 handlers)
[GIN-debug] GET    /api/v1/customers/appointments --> github.com/yeelo/homeopathy-erp/internal/handlers.(*CustomerHandler).GetAppointments-fm (7 handlers)
[GIN-debug] GET    /api/erp/dashboard/stats  --> github.com/yeelo/homeopathy-erp/internal/handlers.(*DashboardHandler).GetStats-fm (7 handlers)
[GIN-debug] GET    /api/erp/dashboard/activity --> github.com/yeelo/homeopathy-erp/internal/handlers.(*DashboardHandler).GetActivity-fm (7 handlers)
[GIN-debug] GET    /api/erp/dashboard/recent-sales --> github.com/yeelo/homeopathy-erp/internal/handlers.(*DashboardHandler).GetRecentSales-fm (7 handlers)
[GIN-debug] GET    /api/erp/dashboard/top-products --> github.com/yeelo/homeopathy-erp/internal/handlers.(*DashboardHandler).GetTopProducts-fm (7 handlers)
[GIN-debug] GET    /api/erp/dashboard/alerts --> github.com/yeelo/homeopathy-erp/internal/handlers.(*DashboardHandler).GetAlerts-fm (7 handlers)
[GIN-debug] GET    /api/erp/dashboard/revenue-chart --> github.com/yeelo/homeopathy-erp/internal/handlers.(*DashboardHandler).GetRevenueChart-fm (7 handlers)
[GIN-debug] GET    /api/erp/dashboard/summary --> github.com/yeelo/homeopathy-erp/internal/handlers.(*DashboardHandler).GetSummary-fm (7 handlers)
[GIN-debug] GET    /api/erp/dashboard/expiry-summary --> github.com/yeelo/homeopathy-erp/internal/handlers.(*DashboardHandler).GetExpirySummary-fm (7 handlers)
[GIN-debug] GET    /api/erp/notifications/recent --> github.com/yeelo/homeopathy-erp/internal/handlers.(*NotificationHandler).GetRecentNotifications-fm (7 handlers)
[GIN-debug] GET    /api/erp/favicon.ico      --> main.main.func2 (7 handlers)
[GIN-debug] GET    /api/erp/products         --> github.com/yeelo/homeopathy-erp/internal/handlers.(*ProductHandler).GetProducts-fm (7 handlers)
[GIN-debug] GET    /api/erp/products/:id     --> github.com/yeelo/homeopathy-erp/internal/handlers.(*ProductHandler).GetProduct-fm (7 handlers)
[GIN-debug] POST   /api/erp/products         --> github.com/yeelo/homeopathy-erp/internal/handlers.(*ProductHandler).CreateProduct-fm (7 handlers)
[GIN-debug] PUT    /api/erp/products/:id     --> github.com/yeelo/homeopathy-erp/internal/handlers.(*ProductHandler).UpdateProduct-fm (7 handlers)
[GIN-debug] DELETE /api/erp/products/:id     --> github.com/yeelo/homeopathy-erp/internal/handlers.(*ProductHandler).DeleteProduct-fm (7 handlers)
[GIN-debug] GET    /api/erp/categories       --> github.com/yeelo/homeopathy-erp/internal/handlers.(*CategoryHandler).GetCategories-fm (7 handlers)
[GIN-debug] GET    /api/erp/categories/:id   --> github.com/yeelo/homeopathy-erp/internal/handlers.(*CategoryHandler).GetCategory-fm (7 handlers)
[GIN-debug] POST   /api/erp/categories       --> github.com/yeelo/homeopathy-erp/internal/handlers.(*CategoryHandler).CreateCategory-fm (7 handlers)
[GIN-debug] PUT    /api/erp/categories/:id   --> github.com/yeelo/homeopathy-erp/internal/handlers.(*CategoryHandler).UpdateCategory-fm (7 handlers)
[GIN-debug] DELETE /api/erp/categories/:id   --> github.com/yeelo/homeopathy-erp/internal/handlers.(*CategoryHandler).DeleteCategory-fm (7 handlers)
[GIN-debug] GET    /api/erp/brands           --> github.com/yeelo/homeopathy-erp/internal/handlers.(*ProductHandler).GetBrands-fm (7 handlers)
[GIN-debug] POST   /api/erp/brands           --> github.com/yeelo/homeopathy-erp/internal/handlers.(*ProductHandler).CreateBrand-fm (7 handlers)
[GIN-debug] PUT    /api/erp/brands/:id       --> github.com/yeelo/homeopathy-erp/internal/handlers.(*ProductHandler).UpdateBrand-fm (7 handlers)
[GIN-debug] DELETE /api/erp/brands/:id       --> github.com/yeelo/homeopathy-erp/internal/handlers.(*ProductHandler).DeleteBrand-fm (7 handlers)
[GIN-debug] GET    /api/erp/potencies        --> github.com/yeelo/homeopathy-erp/internal/handlers.(*ProductHandler).GetPotencies-fm (7 handlers)
[GIN-debug] POST   /api/erp/potencies        --> github.com/yeelo/homeopathy-erp/internal/handlers.(*ProductHandler).CreatePotency-fm (7 handlers)
[GIN-debug] PUT    /api/erp/potencies/:id    --> github.com/yeelo/homeopathy-erp/internal/handlers.(*ProductHandler).UpdatePotency-fm (7 handlers)
[GIN-debug] DELETE /api/erp/potencies/:id    --> github.com/yeelo/homeopathy-erp/internal/handlers.(*ProductHandler).DeletePotency-fm (7 handlers)
[GIN-debug] GET    /api/erp/forms            --> github.com/yeelo/homeopathy-erp/internal/handlers.(*ProductHandler).GetForms-fm (7 handlers)
[GIN-debug] POST   /api/erp/forms            --> github.com/yeelo/homeopathy-erp/internal/handlers.(*ProductHandler).CreateForm-fm (7 handlers)
[GIN-debug] PUT    /api/erp/forms/:id        --> github.com/yeelo/homeopathy-erp/internal/handlers.(*ProductHandler).UpdateForm-fm (7 handlers)
[GIN-debug] DELETE /api/erp/forms/:id        --> github.com/yeelo/homeopathy-erp/internal/handlers.(*ProductHandler).DeleteForm-fm (7 handlers)
[GIN-debug] GET    /api/erp/units            --> github.com/yeelo/homeopathy-erp/internal/handlers.(*ProductHandler).GetUnits-fm (7 handlers)
[GIN-debug] POST   /api/erp/units            --> github.com/yeelo/homeopathy-erp/internal/handlers.(*ProductHandler).CreateUnit-fm (7 handlers)
[GIN-debug] PUT    /api/erp/units/:id        --> github.com/yeelo/homeopathy-erp/internal/handlers.(*ProductHandler).UpdateUnit-fm (7 handlers)
[GIN-debug] DELETE /api/erp/units/:id        --> github.com/yeelo/homeopathy-erp/internal/handlers.(*ProductHandler).DeleteUnit-fm (7 handlers)
[GIN-debug] GET    /api/erp/sales/orders     --> github.com/yeelo/homeopathy-erp/internal/handlers.(*SalesHandler).GetSalesOrders-fm (7 handlers)
[GIN-debug] GET    /api/erp/sales/orders/:id --> github.com/yeelo/homeopathy-erp/internal/handlers.(*SalesHandler).GetSalesOrder-fm (7 handlers)
[GIN-debug] POST   /api/erp/sales/orders     --> github.com/yeelo/homeopathy-erp/internal/handlers.(*SalesHandler).CreateSalesOrder-fm (7 handlers)
[GIN-debug] PUT    /api/erp/sales/orders/:id --> github.com/yeelo/homeopathy-erp/internal/handlers.(*SalesHandler).UpdateSalesOrder-fm (7 handlers)
[GIN-debug] DELETE /api/erp/sales/orders/:id --> github.com/yeelo/homeopathy-erp/internal/handlers.(*SalesHandler).DeleteSalesOrder-fm (7 handlers)
[GIN-debug] GET    /api/erp/sales/invoices   --> github.com/yeelo/homeopathy-erp/internal/handlers.(*SalesHandler).GetSalesInvoices-fm (7 handlers)
[GIN-debug] POST   /api/erp/sales/invoices   --> github.com/yeelo/homeopathy-erp/internal/handlers.(*SalesHandler).CreateSalesInvoice-fm (7 handlers)
[GIN-debug] GET    /api/erp/customers        --> github.com/yeelo/homeopathy-erp/internal/handlers.(*ProductHandler).GetCustomers-fm (7 handlers)
[GIN-debug] GET    /api/erp/customers/:id    --> github.com/yeelo/homeopathy-erp/internal/handlers.(*ProductHandler).GetCustomer-fm (7 handlers)
[GIN-debug] POST   /api/erp/customers        --> github.com/yeelo/homeopathy-erp/internal/handlers.(*ProductHandler).CreateCustomer-fm (7 handlers)
[GIN-debug] PUT    /api/erp/customers/:id    --> github.com/yeelo/homeopathy-erp/internal/handlers.(*ProductHandler).UpdateCustomer-fm (7 handlers)
[GIN-debug] DELETE /api/erp/customers/:id    --> github.com/yeelo/homeopathy-erp/internal/handlers.(*ProductHandler).DeleteCustomer-fm (7 handlers)
[GIN-debug] GET    /api/erp/customer-groups  --> github.com/yeelo/homeopathy-erp/internal/handlers.(*CustomerGroupHandler).GetCustomerGroups-fm (7 handlers)
[GIN-debug] GET    /api/erp/customer-groups/:id --> github.com/yeelo/homeopathy-erp/internal/handlers.(*CustomerGroupHandler).GetCustomerGroup-fm (7 handlers)
[GIN-debug] POST   /api/erp/customer-groups  --> github.com/yeelo/homeopathy-erp/internal/handlers.(*CustomerGroupHandler).CreateCustomerGroup-fm (7 handlers)
[GIN-debug] PUT    /api/erp/customer-groups/:id --> github.com/yeelo/homeopathy-erp/internal/handlers.(*CustomerGroupHandler).UpdateCustomerGroup-fm (7 handlers)
[GIN-debug] DELETE /api/erp/customer-groups/:id --> github.com/yeelo/homeopathy-erp/internal/handlers.(*CustomerGroupHandler).DeleteCustomerGroup-fm (7 handlers)
[GIN-debug] GET    /api/erp/vendors          --> github.com/yeelo/homeopathy-erp/internal/handlers.(*ProductHandler).GetVendors-fm (7 handlers)
[GIN-debug] GET    /api/erp/vendors/:id      --> github.com/yeelo/homeopathy-erp/internal/handlers.(*ProductHandler).GetVendor-fm (7 handlers)
[GIN-debug] POST   /api/erp/vendors          --> github.com/yeelo/homeopathy-erp/internal/handlers.(*ProductHandler).CreateVendor-fm (7 handlers)
[GIN-debug] PUT    /api/erp/vendors/:id      --> github.com/yeelo/homeopathy-erp/internal/handlers.(*ProductHandler).UpdateVendor-fm (7 handlers)
[GIN-debug] DELETE /api/erp/vendors/:id      --> github.com/yeelo/homeopathy-erp/internal/handlers.(*ProductHandler).DeleteVendor-fm (7 handlers)
[GIN-debug] GET    /api/erp/inventory        --> github.com/yeelo/homeopathy-erp/internal/handlers.(*InventoryHandler).GetInventory-fm (7 handlers)
[GIN-debug] POST   /api/erp/inventory/adjust --> github.com/yeelo/homeopathy-erp/internal/handlers.(*InventoryHandler).AdjustStock-fm (7 handlers)
[GIN-debug] GET    /api/erp/inventory/adjustments --> github.com/yeelo/homeopathy-erp/internal/handlers.(*InventoryHandler).GetAdjustments-fm (7 handlers)
[GIN-debug] POST   /api/erp/inventory/transfer --> github.com/yeelo/homeopathy-erp/internal/handlers.(*InventoryHandler).TransferStock-fm (7 handlers)
[GIN-debug] GET    /api/erp/inventory/transfers --> github.com/yeelo/homeopathy-erp/internal/handlers.(*InventoryHandler).GetTransfers-fm (7 handlers)
[GIN-debug] GET    /api/erp/inventory/alerts --> github.com/yeelo/homeopathy-erp/internal/handlers.(*InventoryHandler).GetAlerts-fm (7 handlers)
[GIN-debug] GET    /api/erp/inventory/stock  --> github.com/yeelo/homeopathy-erp/internal/handlers.(*EnhancedInventoryHandler).GetEnhancedStockList-fm (7 handlers)
[GIN-debug] POST   /api/erp/inventory/stock  --> github.com/yeelo/homeopathy-erp/internal/handlers.(*EnhancedInventoryHandler).AddManualStock-fm (7 handlers)
[GIN-debug] GET    /api/erp/inventory/transactions --> github.com/yeelo/homeopathy-erp/internal/handlers.(*EnhancedInventoryHandler).GetStockTransactions-fm (7 handlers)
[GIN-debug] GET    /api/erp/inventory/alerts/low-stock --> github.com/yeelo/homeopathy-erp/internal/handlers.(*EnhancedInventoryHandler).GetLowStockAlerts-fm (7 handlers)
[GIN-debug] GET    /api/erp/inventory/alerts/expiry --> github.com/yeelo/homeopathy-erp/internal/handlers.(*EnhancedInventoryHandler).GetExpiryAlerts-fm (7 handlers)
[GIN-debug] GET    /api/erp/inventory/valuation --> github.com/yeelo/homeopathy-erp/internal/handlers.(*EnhancedInventoryHandler).GetStockValuation-fm (7 handlers)
[GIN-debug] GET    /api/erp/inventory/reports/stock --> github.com/yeelo/homeopathy-erp/internal/handlers.(*EnhancedInventoryHandler).GenerateStockReport-fm (7 handlers)
[GIN-debug] PUT    /api/erp/inventory/alerts/low-stock/:id/resolve --> github.com/yeelo/homeopathy-erp/internal/handlers.(*EnhancedInventoryHandler).ResolveLowStockAlert-fm (7 handlers)
[GIN-debug] PUT    /api/erp/inventory/alerts/expiry/:id/resolve --> github.com/yeelo/homeopathy-erp/internal/handlers.(*EnhancedInventoryHandler).ResolveExpiryAlert-fm (7 handlers)
[GIN-debug] GET    /api/erp/racks            --> github.com/yeelo/homeopathy-erp/internal/handlers.(*RackHandler).GetRacks-fm (7 handlers)
[GIN-debug] GET    /api/erp/racks/:id        --> github.com/yeelo/homeopathy-erp/internal/handlers.(*RackHandler).GetRack-fm (7 handlers)
[GIN-debug] POST   /api/erp/racks            --> github.com/yeelo/homeopathy-erp/internal/handlers.(*RackHandler).CreateRack-fm (7 handlers)
[GIN-debug] PUT    /api/erp/racks/:id        --> github.com/yeelo/homeopathy-erp/internal/handlers.(*RackHandler).UpdateRack-fm (7 handlers)
[GIN-debug] DELETE /api/erp/racks/:id        --> github.com/yeelo/homeopathy-erp/internal/handlers.(*RackHandler).DeleteRack-fm (7 handlers)
[GIN-debug] GET    /api/erp/pos/sessions     --> github.com/yeelo/homeopathy-erp/internal/handlers.(*POSSessionHandler).GetPOSSessions-fm (7 handlers)
[GIN-debug] POST   /api/erp/pos/sessions     --> github.com/yeelo/homeopathy-erp/internal/handlers.(*POSSessionHandler).CreatePOSSession-fm (7 handlers)
[GIN-debug] PUT    /api/erp/pos/sessions/:id --> github.com/yeelo/homeopathy-erp/internal/handlers.(*POSSessionHandler).UpdatePOSSession-fm (7 handlers)
[GIN-debug] DELETE /api/erp/pos/sessions/:id --> github.com/yeelo/homeopathy-erp/internal/handlers.(*POSSessionHandler).DeletePOSSession-fm (7 handlers)
[GIN-debug] GET    /api/erp/pos/counters     --> github.com/yeelo/homeopathy-erp/internal/handlers.(*SystemHandler).GetPOSCounters-fm (7 handlers)
[GIN-debug] GET    /api/erp/purchases/orders --> github.com/yeelo/homeopathy-erp/internal/handlers.(*EnhancedPurchaseHandler).GetEnhancedPurchases-fm (7 handlers)
[GIN-debug] GET    /api/erp/purchases/orders/:id --> github.com/yeelo/homeopathy-erp/internal/handlers.(*EnhancedPurchaseHandler).GetEnhancedPurchase-fm (7 handlers)
[GIN-debug] POST   /api/erp/purchases/orders --> github.com/yeelo/homeopathy-erp/internal/handlers.(*EnhancedPurchaseHandler).CreateEnhancedPurchase-fm (7 handlers)
[GIN-debug] PUT    /api/erp/purchases/orders/:id/approve --> github.com/yeelo/homeopathy-erp/internal/handlers.(*EnhancedPurchaseHandler).ApproveEnhancedPurchase-fm (7 handlers)
[GIN-debug] PUT    /api/erp/purchases/orders/:id/reject --> github.com/yeelo/homeopathy-erp/internal/handlers.(*EnhancedPurchaseHandler).RejectEnhancedPurchase-fm (7 handlers)
[GIN-debug] GET    /api/erp/purchases/pending --> github.com/yeelo/homeopathy-erp/internal/handlers.(*EnhancedPurchaseHandler).GetPendingPurchases-fm (7 handlers)
[GIN-debug] GET    /api/erp/payments         --> github.com/yeelo/homeopathy-erp/internal/handlers.(*ProductHandler).GetPayments-fm (7 handlers)
[GIN-debug] POST   /api/erp/payments         --> github.com/yeelo/homeopathy-erp/internal/handlers.(*ProductHandler).CreatePayment-fm (7 handlers)
[GIN-debug] PUT    /api/erp/payments/:id     --> github.com/yeelo/homeopathy-erp/internal/handlers.(*ProductHandler).UpdatePayment-fm (7 handlers)
[GIN-debug] GET    /api/erp/price-lists      --> github.com/yeelo/homeopathy-erp/internal/handlers.(*PriceListHandler).GetPriceLists-fm (7 handlers)
[GIN-debug] GET    /api/erp/price-lists/:id  --> github.com/yeelo/homeopathy-erp/internal/handlers.(*PriceListHandler).GetPriceList-fm (7 handlers)
[GIN-debug] POST   /api/erp/price-lists      --> github.com/yeelo/homeopathy-erp/internal/handlers.(*PriceListHandler).CreatePriceList-fm (7 handlers)
[GIN-debug] PUT    /api/erp/price-lists/:id  --> github.com/yeelo/homeopathy-erp/internal/handlers.(*PriceListHandler).UpdatePriceList-fm (7 handlers)
[GIN-debug] DELETE /api/erp/price-lists/:id  --> github.com/yeelo/homeopathy-erp/internal/handlers.(*PriceListHandler).DeletePriceList-fm (7 handlers)
[GIN-debug] POST   /api/erp/price-lists/:id/products --> github.com/yeelo/homeopathy-erp/internal/handlers.(*PriceListHandler).AddProductToPriceList-fm (7 handlers)
[GIN-debug] DELETE /api/erp/price-lists/:id/products/:productId --> github.com/yeelo/homeopathy-erp/internal/handlers.(*PriceListHandler).RemoveProductFromPriceList-fm (7 handlers)
[GIN-debug] GET    /api/erp/users            --> github.com/yeelo/homeopathy-erp/internal/handlers.(*UserHandler).GetUsers-fm (7 handlers)
[GIN-debug] GET    /api/erp/users/:id        --> github.com/yeelo/homeopathy-erp/internal/handlers.(*UserHandler).GetUser-fm (7 handlers)
[GIN-debug] POST   /api/erp/users            --> github.com/yeelo/homeopathy-erp/internal/handlers.(*UserHandler).CreateUser-fm (7 handlers)
[GIN-debug] PUT    /api/erp/users/:id        --> github.com/yeelo/homeopathy-erp/internal/handlers.(*UserHandler).UpdateUser-fm (7 handlers)
[GIN-debug] DELETE /api/erp/users/:id        --> github.com/yeelo/homeopathy-erp/internal/handlers.(*UserHandler).DeleteUser-fm (7 handlers)
[GIN-debug] GET    /api/erp/roles            --> github.com/yeelo/homeopathy-erp/internal/handlers.(*UserHandler).GetRoles-fm (7 handlers)
[GIN-debug] POST   /api/erp/roles            --> github.com/yeelo/homeopathy-erp/internal/handlers.(*UserHandler).CreateRole-fm (7 handlers)
[GIN-debug] GET    /api/erp/permissions      --> github.com/yeelo/homeopathy-erp/internal/handlers.(*UserHandler).GetPermissions-fm (7 handlers)
[GIN-debug] POST   /api/erp/ai/recommendations/products --> github.com/yeelo/homeopathy-erp/internal/handlers.(*ProductHandler).GetAIProductRecommendations-fm (7 handlers)
[GIN-debug] GET    /api/erp/ai/recommendations/customers/:customer_id --> github.com/yeelo/homeopathy-erp/internal/handlers.(*ProductHandler).GetAIProductRecommendationsByCustomer-fm (7 handlers)
[GIN-debug] POST   /api/erp/ai/recommendations/batch --> github.com/yeelo/homeopathy-erp/internal/handlers.(*ProductHandler).GetAIBatchRecommendations-fm (7 handlers)
[GIN-debug] POST   /api/erp/ai/forecast/sales --> github.com/yeelo/homeopathy-erp/internal/handlers.(*SalesHandler).GetAISalesForecast-fm (7 handlers)
[GIN-debug] POST   /api/erp/ai/segmentation/customers --> github.com/yeelo/homeopathy-erp/internal/handlers.(*ProductHandler).GetAICustomerSegmentation-fm (7 handlers)
[GIN-debug] POST   /api/erp/ai/fraud/check   --> github.com/yeelo/homeopathy-erp/internal/handlers.(*ProductHandler).GetAIFraudDetection-fm (7 handlers)
[GIN-debug] GET    /api/erp/ai/insights/business --> github.com/yeelo/homeopathy-erp/internal/handlers.(*DashboardHandler).GetAIBusinessInsights-fm (7 handlers)
[GIN-debug] GET    /api/erp/ai/insights/customers --> github.com/yeelo/homeopathy-erp/internal/handlers.(*ProductHandler).GetAICustomerInsights-fm (7 handlers)
[GIN-debug] POST   /api/erp/ai/chatbot       --> github.com/yeelo/homeopathy-erp/internal/handlers.(*AIModelHandler).GetAIChatbotResponse-fm (7 handlers)
[GIN-debug] GET    /api/erp/ai/models/status --> github.com/yeelo/homeopathy-erp/internal/handlers.(*AIModelHandler).GetAIModelStatus-fm (7 handlers)
[GIN-debug] POST   /api/erp/ai/models/train  --> github.com/yeelo/homeopathy-erp/internal/handlers.(*AIModelHandler).TrainAIModels-fm (7 handlers)
[GIN-debug] POST   /api/erp/ai/data/prepare  --> github.com/yeelo/homeopathy-erp/internal/handlers.(*AIModelHandler).PrepareAIData-fm (7 handlers)
[GIN-debug] GET    /api/erp/outbox/events    --> github.com/yeelo/homeopathy-erp/internal/handlers.(*OutboxEventHandler).GetOutboxEvents-fm (7 handlers)
[GIN-debug] GET    /api/erp/outbox/events/:id --> github.com/yeelo/homeopathy-erp/internal/handlers.(*OutboxEventHandler).GetOutboxEvent-fm (7 handlers)
[GIN-debug] POST   /api/erp/outbox/events/process --> github.com/yeelo/homeopathy-erp/internal/handlers.(*OutboxEventHandler).ProcessOutboxEvents-fm (7 handlers)
[GIN-debug] DELETE /api/erp/outbox/events/:id --> github.com/yeelo/homeopathy-erp/internal/handlers.(*OutboxEventHandler).DeleteOutboxEvent-fm (7 handlers)
[GIN-debug] GET    /api/erp/system/health    --> github.com/yeelo/homeopathy-erp/internal/handlers.(*SystemHandler).GetSystemHealth-fm (7 handlers)
[GIN-debug] GET    /api/erp/system/info      --> github.com/yeelo/homeopathy-erp/internal/handlers.(*SystemHandler).GetSystemInfo-fm (7 handlers)
[GIN-debug] GET    /api/erp/bugs             --> github.com/yeelo/homeopathy-erp/internal/handlers.(*BugHandler).ListBugs-fm (7 handlers)
[GIN-debug] GET    /api/erp/products/barcode --> github.com/yeelo/homeopathy-erp/internal/handlers.(*BarcodeHandler).GetBarcodes-fm (7 handlers)
[GIN-debug] POST   /api/erp/products/barcode/generate --> github.com/yeelo/homeopathy-erp/internal/handlers.(*BarcodeHandler).GenerateBarcode-fm (7 handlers)
[GIN-debug] POST   /api/erp/products/barcode/print --> github.com/yeelo/homeopathy-erp/internal/handlers.(*BarcodeHandler).PrintBarcodes-fm (7 handlers)
[GIN-debug] PUT    /api/erp/products/barcode/:id --> github.com/yeelo/homeopathy-erp/internal/handlers.(*BarcodeHandler).UpdateBarcode-fm (7 handlers)
[GIN-debug] DELETE /api/erp/products/barcode/:id --> github.com/yeelo/homeopathy-erp/internal/handlers.(*BarcodeHandler).DeleteBarcode-fm (7 handlers)
[GIN-debug] GET    /api/erp/products/barcode/stats --> github.com/yeelo/homeopathy-erp/internal/handlers.(*BarcodeHandler).GetBarcodeStats-fm (7 handlers)
[GIN-debug] GET    /api/erp/loyalty/points   --> github.com/yeelo/homeopathy-erp/internal/handlers.(*LoyaltyHandler).GetLoyaltyPoints-fm (7 handlers)
[GIN-debug] GET    /api/erp/loyalty/points/:customerId --> github.com/yeelo/homeopathy-erp/internal/handlers.(*LoyaltyHandler).GetCustomerLoyaltyPoints-fm (7 handlers)
[GIN-debug] POST   /api/erp/loyalty/points/add --> github.com/yeelo/homeopathy-erp/internal/handlers.(*LoyaltyHandler).AddLoyaltyPoints-fm (7 handlers)
[GIN-debug] POST   /api/erp/loyalty/points/redeem --> github.com/yeelo/homeopathy-erp/internal/handlers.(*LoyaltyHandler).RedeemLoyaltyPoints-fm (7 handlers)
[GIN-debug] GET    /api/erp/loyalty/transactions --> github.com/yeelo/homeopathy-erp/internal/handlers.(*LoyaltyHandler).GetLoyaltyTransactions-fm (7 handlers)
[GIN-debug] POST   /api/erp/bulk/products    --> github.com/yeelo/homeopathy-erp/internal/handlers.(*BulkOperationsHandler).BulkCreateProducts-fm (7 handlers)
[GIN-debug] POST   /api/erp/bulk/products/update --> github.com/yeelo/homeopathy-erp/internal/handlers.(*BulkOperationsHandler).BulkUpdateProducts-fm (7 handlers)
[GIN-debug] POST   /api/erp/bulk/products/delete --> github.com/yeelo/homeopathy-erp/internal/handlers.(*BulkOperationsHandler).BulkDeleteProducts-fm (7 handlers)
[GIN-debug] POST   /api/erp/bulk/inventory/adjust --> github.com/yeelo/homeopathy-erp/internal/handlers.(*BulkOperationsHandler).BulkAdjustInventory-fm (7 handlers)
[GIN-debug] GET    /api/erp/branches         --> github.com/yeelo/homeopathy-erp/internal/handlers.(*BranchHandler).GetBranches-fm (7 handlers)
[GIN-debug] GET    /api/erp/branches/:id     --> github.com/yeelo/homeopathy-erp/internal/handlers.(*BranchHandler).GetBranch-fm (7 handlers)
[GIN-debug] POST   /api/erp/branches         --> github.com/yeelo/homeopathy-erp/internal/handlers.(*BranchHandler).CreateBranch-fm (7 handlers)
[GIN-debug] PUT    /api/erp/branches/:id     --> github.com/yeelo/homeopathy-erp/internal/handlers.(*BranchHandler).UpdateBranch-fm (7 handlers)
[GIN-debug] DELETE /api/erp/branches/:id     --> github.com/yeelo/homeopathy-erp/internal/handlers.(*BranchHandler).DeleteBranch-fm (7 handlers)
[GIN-debug] GET    /api/erp/tax/slabs        --> github.com/yeelo/homeopathy-erp/internal/handlers.(*TaxHandler).GetTaxSlabs-fm (7 handlers)
[GIN-debug] GET    /api/erp/tax/slabs/:id    --> github.com/yeelo/homeopathy-erp/internal/handlers.(*TaxHandler).GetTaxSlab-fm (7 handlers)
[GIN-debug] POST   /api/erp/tax/slabs        --> github.com/yeelo/homeopathy-erp/internal/handlers.(*TaxHandler).CreateTaxSlab-fm (7 handlers)
[GIN-debug] PUT    /api/erp/tax/slabs/:id    --> github.com/yeelo/homeopathy-erp/internal/handlers.(*TaxHandler).UpdateTaxSlab-fm (7 handlers)
[GIN-debug] DELETE /api/erp/tax/slabs/:id    --> github.com/yeelo/homeopathy-erp/internal/handlers.(*TaxHandler).DeleteTaxSlab-fm (7 handlers)
[GIN-debug] GET    /api/erp/tax/hsn-codes    --> github.com/yeelo/homeopathy-erp/internal/handlers.(*TaxHandler).GetHSNCodes-fm (7 handlers)
[GIN-debug] GET    /api/erp/tax/hsn-codes/:id --> github.com/yeelo/homeopathy-erp/internal/handlers.(*TaxHandler).GetHSNCode-fm (7 handlers)
[GIN-debug] POST   /api/erp/tax/hsn-codes    --> github.com/yeelo/homeopathy-erp/internal/handlers.(*TaxHandler).CreateHSNCode-fm (7 handlers)
[GIN-debug] PUT    /api/erp/tax/hsn-codes/:id --> github.com/yeelo/homeopathy-erp/internal/handlers.(*TaxHandler).UpdateHSNCode-fm (7 handlers)
[GIN-debug] DELETE /api/erp/tax/hsn-codes/:id --> github.com/yeelo/homeopathy-erp/internal/handlers.(*TaxHandler).DeleteHSNCode-fm (7 handlers)
[GIN-debug] GET    /api/erp/rbac/roles       --> github.com/yeelo/homeopathy-erp/internal/handlers.(*RBACHandler).GetRoles-fm (7 handlers)
[GIN-debug] GET    /api/erp/rbac/roles/:id   --> github.com/yeelo/homeopathy-erp/internal/handlers.(*RBACHandler).GetRole-fm (7 handlers)
[GIN-debug] POST   /api/erp/rbac/roles       --> github.com/yeelo/homeopathy-erp/internal/handlers.(*RBACHandler).CreateRole-fm (7 handlers)
[GIN-debug] PUT    /api/erp/rbac/roles/:id   --> github.com/yeelo/homeopathy-erp/internal/handlers.(*RBACHandler).UpdateRole-fm (7 handlers)
[GIN-debug] DELETE /api/erp/rbac/roles/:id   --> github.com/yeelo/homeopathy-erp/internal/handlers.(*RBACHandler).DeleteRole-fm (7 handlers)
[GIN-debug] PUT    /api/erp/rbac/roles/:id/permissions --> github.com/yeelo/homeopathy-erp/internal/handlers.(*RBACHandler).UpdateRolePermissions-fm (7 handlers)
[GIN-debug] GET    /api/erp/rbac/permissions --> github.com/yeelo/homeopathy-erp/internal/handlers.(*RBACHandler).GetPermissions-fm (7 handlers)
[GIN-debug] GET    /api/erp/payment-methods  --> github.com/yeelo/homeopathy-erp/internal/handlers.(*PaymentMethodsHandler).GetPaymentMethods-fm (7 handlers)
[GIN-debug] GET    /api/erp/payment-methods/:id --> github.com/yeelo/homeopathy-erp/internal/handlers.(*PaymentMethodsHandler).GetPaymentMethod-fm (7 handlers)
[GIN-debug] POST   /api/erp/payment-methods  --> github.com/yeelo/homeopathy-erp/internal/handlers.(*PaymentMethodsHandler).CreatePaymentMethod-fm (7 handlers)
[GIN-debug] PUT    /api/erp/payment-methods/:id --> github.com/yeelo/homeopathy-erp/internal/handlers.(*PaymentMethodsHandler).UpdatePaymentMethod-fm (7 handlers)
[GIN-debug] DELETE /api/erp/payment-methods/:id --> github.com/yeelo/homeopathy-erp/internal/handlers.(*PaymentMethodsHandler).DeletePaymentMethod-fm (7 handlers)
[GIN-debug] POST   /api/erp/payment-methods/test --> github.com/yeelo/homeopathy-erp/internal/handlers.(*PaymentMethodsHandler).TestPaymentMethod-fm (7 handlers)
[GIN-debug] GET    /api/erp/gateway/configs  --> github.com/yeelo/homeopathy-erp/internal/handlers.(*GatewayHandler).GetGatewayConfigs-fm (7 handlers)
[GIN-debug] GET    /api/erp/gateway/configs/:id --> github.com/yeelo/homeopathy-erp/internal/handlers.(*GatewayHandler).GetGatewayConfig-fm (7 handlers)
[GIN-debug] POST   /api/erp/gateway/configs  --> github.com/yeelo/homeopathy-erp/internal/handlers.(*GatewayHandler).CreateGatewayConfig-fm (7 handlers)
[GIN-debug] PUT    /api/erp/gateway/configs/:id --> github.com/yeelo/homeopathy-erp/internal/handlers.(*GatewayHandler).UpdateGatewayConfig-fm (7 handlers)
[GIN-debug] DELETE /api/erp/gateway/configs/:id --> github.com/yeelo/homeopathy-erp/internal/handlers.(*GatewayHandler).DeleteGatewayConfig-fm (7 handlers)
[GIN-debug] POST   /api/erp/gateway/test/:type --> github.com/yeelo/homeopathy-erp/internal/handlers.(*GatewayHandler).TestGatewayConnection-fm (7 handlers)
[GIN-debug] GET    /api/erp/integrations     --> github.com/yeelo/homeopathy-erp/internal/handlers.(*IntegrationHandler).GetIntegrations-fm (7 handlers)
[GIN-debug] GET    /api/erp/integrations/:id --> github.com/yeelo/homeopathy-erp/internal/handlers.(*IntegrationHandler).GetIntegration-fm (7 handlers)
[GIN-debug] POST   /api/erp/integrations     --> github.com/yeelo/homeopathy-erp/internal/handlers.(*IntegrationHandler).CreateIntegration-fm (7 handlers)
[GIN-debug] PUT    /api/erp/integrations/:id --> github.com/yeelo/homeopathy-erp/internal/handlers.(*IntegrationHandler).UpdateIntegration-fm (7 handlers)
[GIN-debug] DELETE /api/erp/integrations/:id --> github.com/yeelo/homeopathy-erp/internal/handlers.(*IntegrationHandler).DeleteIntegration-fm (7 handlers)
[GIN-debug] GET    /api/erp/ai-models        --> github.com/yeelo/homeopathy-erp/internal/handlers.(*AIModelsHandler).GetAIModels-fm (7 handlers)
[GIN-debug] GET    /api/erp/ai-models/:id    --> github.com/yeelo/homeopathy-erp/internal/handlers.(*AIModelsHandler).GetAIModel-fm (7 handlers)
[GIN-debug] POST   /api/erp/ai-models        --> github.com/yeelo/homeopathy-erp/internal/handlers.(*AIModelsHandler).CreateAIModel-fm (7 handlers)
[GIN-debug] PUT    /api/erp/ai-models/:id    --> github.com/yeelo/homeopathy-erp/internal/handlers.(*AIModelsHandler).UpdateAIModel-fm (7 handlers)
[GIN-debug] DELETE /api/erp/ai-models/:id    --> github.com/yeelo/homeopathy-erp/internal/handlers.(*AIModelsHandler).DeleteAIModel-fm (7 handlers)
[GIN-debug] POST   /api/erp/ai-models/test   --> github.com/yeelo/homeopathy-erp/internal/handlers.(*AIModelsHandler).TestAIModel-fm (7 handlers)
[GIN-debug] GET    /api/erp/backups          --> github.com/yeelo/homeopathy-erp/internal/handlers.(*BackupHandler).GetBackups-fm (7 handlers)
[GIN-debug] POST   /api/erp/backups          --> github.com/yeelo/homeopathy-erp/internal/handlers.(*BackupHandler).CreateBackup-fm (7 handlers)
[GIN-debug] POST   /api/erp/backups/:id/restore --> github.com/yeelo/homeopathy-erp/internal/handlers.(*BackupHandler).RestoreBackup-fm (7 handlers)
[GIN-debug] GET    /api/erp/units-settings   --> github.com/yeelo/homeopathy-erp/internal/handlers.(*UnitsHandler).GetUnits-fm (7 handlers)
[GIN-debug] GET    /api/erp/units-settings/:id --> github.com/yeelo/homeopathy-erp/internal/handlers.(*UnitsHandler).GetUnit-fm (7 handlers)
[GIN-debug] POST   /api/erp/units-settings   --> github.com/yeelo/homeopathy-erp/internal/handlers.(*UnitsHandler).CreateUnit-fm (7 handlers)
[GIN-debug] PUT    /api/erp/units-settings/:id --> github.com/yeelo/homeopathy-erp/internal/handlers.(*UnitsHandler).UpdateUnit-fm (7 handlers)
[GIN-debug] DELETE /api/erp/units-settings/:id --> github.com/yeelo/homeopathy-erp/internal/handlers.(*UnitsHandler).DeleteUnit-fm (7 handlers)
[GIN-debug] GET    /api/erp/settings         --> github.com/yeelo/homeopathy-erp/internal/handlers.(*SettingsHandler).GetSettings-fm (7 handlers)
[GIN-debug] GET    /api/erp/settings/:key    --> github.com/yeelo/homeopathy-erp/internal/handlers.(*SettingsHandler).GetSetting-fm (7 handlers)
[GIN-debug] PUT    /api/erp/settings/:key    --> github.com/yeelo/homeopathy-erp/internal/handlers.(*SettingsHandler).UpsertSetting-fm (7 handlers)
[GIN-debug] GET    /api/erp/notifications    --> github.com/yeelo/homeopathy-erp/internal/handlers.(*NotificationHandler).GetNotifications-fm (7 handlers)
[GIN-debug] GET    /api/erp/notifications/:id --> github.com/yeelo/homeopathy-erp/internal/handlers.(*NotificationHandler).GetNotification-fm (7 handlers)
[GIN-debug] POST   /api/erp/notifications    --> github.com/yeelo/homeopathy-erp/internal/handlers.(*NotificationHandler).CreateNotification-fm (7 handlers)
[GIN-debug] PUT    /api/erp/notifications/:id/read --> github.com/yeelo/homeopathy-erp/internal/handlers.(*NotificationHandler).MarkAsRead-fm (7 handlers)
[GIN-debug] PUT    /api/erp/notifications/mark-all-read --> github.com/yeelo/homeopathy-erp/internal/handlers.(*NotificationHandler).MarkAllAsRead-fm (7 handlers)
[GIN-debug] DELETE /api/erp/notifications/:id --> github.com/yeelo/homeopathy-erp/internal/handlers.(*NotificationHandler).DeleteNotification-fm (7 handlers)
[GIN-debug] GET    /api/erp/notifications/unread/count --> github.com/yeelo/homeopathy-erp/internal/handlers.(*NotificationHandler).GetUnreadCount-fm (7 handlers)
[GIN-debug] POST   /api/erp/notifications/cleanup --> github.com/yeelo/homeopathy-erp/internal/handlers.(*NotificationHandler).CleanupExpiredNotifications-fm (7 handlers)
[GIN-debug] GET    /api/erp/hr/employees     --> github.com/yeelo/homeopathy-erp/internal/handlers.(*EmployeeHandler).GetEmployees-fm (7 handlers)
[GIN-debug] GET    /api/erp/hr/employees/:id --> github.com/yeelo/homeopathy-erp/internal/handlers.(*EmployeeHandler).GetEmployee-fm (7 handlers)
[GIN-debug] POST   /api/erp/hr/employees     --> github.com/yeelo/homeopathy-erp/internal/handlers.(*EmployeeHandler).CreateEmployee-fm (7 handlers)
[GIN-debug] PUT    /api/erp/hr/employees/:id --> github.com/yeelo/homeopathy-erp/internal/handlers.(*EmployeeHandler).UpdateEmployee-fm (7 handlers)
[GIN-debug] DELETE /api/erp/hr/employees/:id --> github.com/yeelo/homeopathy-erp/internal/handlers.(*EmployeeHandler).DeleteEmployee-fm (7 handlers)
[GIN-debug] GET    /api/masters/subcategories --> github.com/yeelo/homeopathy-erp/internal/handlers.(*ProductHandler).GetSubcategories-fm (7 handlers)
[GIN-debug] GET    /api/masters/categories   --> github.com/yeelo/homeopathy-erp/internal/handlers.(*CategoryHandler).GetCategories-fm (7 handlers)
[GIN-debug] GET    /api/masters/brands       --> github.com/yeelo/homeopathy-erp/internal/handlers.(*ProductHandler).GetBrands-fm (7 handlers)
[GIN-debug] GET    /api/masters/potencies    --> github.com/yeelo/homeopathy-erp/internal/handlers.(*ProductHandler).GetPotencies-fm (7 handlers)
[GIN-debug] GET    /api/masters/forms        --> github.com/yeelo/homeopathy-erp/internal/handlers.(*ProductHandler).GetForms-fm (7 handlers)
[GIN-debug] GET    /api/masters/units        --> github.com/yeelo/homeopathy-erp/internal/handlers.(*ProductHandler).GetUnits-fm (7 handlers)
[GIN-debug] GET    /api/masters/hsn-codes    --> github.com/yeelo/homeopathy-erp/internal/handlers.(*HSNCodeHandler).GetHSNCodes-fm (7 handlers)
[GIN-debug] GET    /api/masters/hsn-codes/:id --> github.com/yeelo/homeopathy-erp/internal/handlers.(*HSNCodeHandler).GetHSNCode-fm (7 handlers)
[GIN-debug] POST   /api/masters/hsn-codes    --> github.com/yeelo/homeopathy-erp/internal/handlers.(*HSNCodeHandler).CreateHSNCode-fm (7 handlers)
[GIN-debug] PUT    /api/masters/hsn-codes/:id --> github.com/yeelo/homeopathy-erp/internal/handlers.(*HSNCodeHandler).UpdateHSNCode-fm (7 handlers)
[GIN-debug] DELETE /api/masters/hsn-codes/:id --> github.com/yeelo/homeopathy-erp/internal/handlers.(*HSNCodeHandler).DeleteHSNCode-fm (7 handlers)
[GIN-debug] GET    /api/products/batches     --> github.com/yeelo/homeopathy-erp/internal/handlers.(*InventoryHandler).GetBatches-fm (7 handlers)
[GIN-debug] POST   /api/products/batches     --> github.com/yeelo/homeopathy-erp/internal/handlers.(*InventoryHandler).CreateBatch-fm (7 handlers)
[GIN-debug] PUT    /api/products/batches/:id --> github.com/yeelo/homeopathy-erp/internal/handlers.(*InventoryHandler).UpdateBatch-fm (7 handlers)
[GIN-debug] DELETE /api/products/batches/:id --> github.com/yeelo/homeopathy-erp/internal/handlers.(*InventoryHandler).DeleteBatch-fm (7 handlers)
[GIN-debug] POST   /api/whatsapp/send        --> github.com/yeelo/homeopathy-erp/internal/handlers.(*WhatsAppHandler).SendMessage-fm (7 handlers)
[GIN-debug] GET    /api/whatsapp/templates   --> github.com/yeelo/homeopathy-erp/internal/handlers.(*WhatsAppHandler).GetTemplates-fm (7 handlers)
[GIN-debug] GET    /api/whatsapp/status/:messageId --> github.com/yeelo/homeopathy-erp/internal/handlers.(*WhatsAppHandler).GetMessageStatus-fm (7 handlers)
[GIN-debug] POST   /api/invoices/upload      --> github.com/yeelo/homeopathy-erp/internal/handlers.(*InvoiceParserHandler).UploadInvoice-fm (7 handlers)
[GIN-debug] POST   /api/invoices/:id/parse   --> github.com/yeelo/homeopathy-erp/internal/handlers.(*InvoiceParserHandler).ParseInvoice-fm (7 handlers)
[GIN-debug] POST   /api/invoices/:id/match   --> github.com/yeelo/homeopathy-erp/internal/handlers.(*InvoiceParserHandler).MatchProducts-fm (7 handlers)
[GIN-debug] POST   /api/invoices/:id/reconcile --> github.com/yeelo/homeopathy-erp/internal/handlers.(*InvoiceParserHandler).ReconcileInvoice-fm (7 handlers)
[GIN-debug] GET    /api/invoices             --> github.com/yeelo/homeopathy-erp/internal/handlers.(*InvoiceParserHandler).GetParsedInvoices-fm (7 handlers)
[GIN-debug] GET    /api/finance/ledgers      --> github.com/yeelo/homeopathy-erp/internal/handlers.(*FinanceHandler).GetLedgers-fm (7 handlers)
[GIN-debug] POST   /api/finance/ledgers      --> github.com/yeelo/homeopathy-erp/internal/handlers.(*FinanceHandler).CreateLedger-fm (7 handlers)
[GIN-debug] GET    /api/finance/journal-entries --> github.com/yeelo/homeopathy-erp/internal/handlers.(*FinanceHandler).GetJournalEntries-fm (7 handlers)
[GIN-debug] POST   /api/finance/journal-entries --> github.com/yeelo/homeopathy-erp/internal/handlers.(*FinanceHandler).CreateJournalEntry-fm (7 handlers)
[GIN-debug] GET    /api/finance/gst-reports  --> github.com/yeelo/homeopathy-erp/internal/handlers.(*FinanceHandler).GetGSTReports-fm (7 handlers)
[GIN-debug] POST   /api/finance/gst-reports/generate --> github.com/yeelo/homeopathy-erp/internal/handlers.(*FinanceHandler).GenerateGSTReport-fm (7 handlers)
[GIN-debug] GET    /api/finance/profit-loss  --> github.com/yeelo/homeopathy-erp/internal/handlers.(*FinanceHandler).GetProfitLoss-fm (7 handlers)
[GIN-debug] GET    /api/finance/balance-sheet --> github.com/yeelo/homeopathy-erp/internal/handlers.(*FinanceHandler).GetBalanceSheet-fm (7 handlers)
[GIN-debug] GET    /api/orders               --> github.com/yeelo/homeopathy-erp/internal/handlers.(*OrderHandler).GetOrders-fm (7 handlers)
[GIN-debug] GET    /api/orders/:id           --> github.com/yeelo/homeopathy-erp/internal/handlers.(*OrderHandler).GetOrder-fm (7 handlers)
[GIN-debug] POST   /api/orders               --> github.com/yeelo/homeopathy-erp/internal/handlers.(*OrderHandler).CreateOrder-fm (7 handlers)
[GIN-debug] PUT    /api/orders/:id           --> github.com/yeelo/homeopathy-erp/internal/handlers.(*OrderHandler).UpdateOrder-fm (7 handlers)
[GIN-debug] PUT    /api/orders/:id/status    --> github.com/yeelo/homeopathy-erp/internal/handlers.(*OrderHandler).UpdateOrderStatus-fm (7 handlers)
[GIN-debug] POST   /api/orders/:id/cancel    --> github.com/yeelo/homeopathy-erp/internal/handlers.(*OrderHandler).CancelOrder-fm (7 handlers)
[GIN-debug] GET    /api/payments             --> github.com/yeelo/homeopathy-erp/internal/handlers.(*PaymentHandler).GetPayments-fm (7 handlers)
[GIN-debug] GET    /api/payments/:id         --> github.com/yeelo/homeopathy-erp/internal/handlers.(*PaymentHandler).GetPayment-fm (7 handlers)
[GIN-debug] POST   /api/payments             --> github.com/yeelo/homeopathy-erp/internal/handlers.(*PaymentHandler).CreatePayment-fm (7 handlers)
[GIN-debug] POST   /api/payments/:id/process --> github.com/yeelo/homeopathy-erp/internal/handlers.(*PaymentHandler).ProcessPayment-fm (7 handlers)
[GIN-debug] POST   /api/payments/:id/refund  --> github.com/yeelo/homeopathy-erp/internal/handlers.(*PaymentHandler).RefundPayment-fm (7 handlers)
[GIN-debug] GET    /api/payments/:id/transactions --> github.com/yeelo/homeopathy-erp/internal/handlers.(*PaymentHandler).GetPaymentTransactions-fm (7 handlers)
[GIN-debug] GET    /api/campaigns            --> github.com/yeelo/homeopathy-erp/internal/handlers.(*CampaignHandler).GetCampaigns-fm (7 handlers)
[GIN-debug] GET    /api/campaigns/:id        --> github.com/yeelo/homeopathy-erp/internal/handlers.(*CampaignHandler).GetCampaign-fm (7 handlers)
[GIN-debug] POST   /api/campaigns            --> github.com/yeelo/homeopathy-erp/internal/handlers.(*CampaignHandler).CreateCampaign-fm (7 handlers)
[GIN-debug] PUT    /api/campaigns/:id        --> github.com/yeelo/homeopathy-erp/internal/handlers.(*CampaignHandler).UpdateCampaign-fm (7 handlers)
[GIN-debug] POST   /api/campaigns/:id/schedule --> github.com/yeelo/homeopathy-erp/internal/handlers.(*CampaignHandler).ScheduleCampaign-fm (7 handlers)
[GIN-debug] POST   /api/campaigns/:id/send   --> github.com/yeelo/homeopathy-erp/internal/handlers.(*CampaignHandler).SendCampaign-fm (7 handlers)
[GIN-debug] GET    /api/campaigns/:id/stats  --> github.com/yeelo/homeopathy-erp/internal/handlers.(*CampaignHandler).GetCampaignStats-fm (7 handlers)
[GIN-debug] GET    /api/campaigns/templates  --> github.com/yeelo/homeopathy-erp/internal/handlers.(*CampaignHandler).GetTemplates-fm (7 handlers)
[GIN-debug] POST   /api/campaigns/templates  --> github.com/yeelo/homeopathy-erp/internal/handlers.(*CampaignHandler).CreateTemplate-fm (7 handlers)
2025/11/30 14:29:23 🚀 HomeoERP API Server starting on port 3005
2025/11/30 14:29:23 📊 Total API endpoints: 80+ (150+ routes defined, 70+ need implementation)
2025/11/30 14:29:23 🔗 Frontend URL: http://localhost:3000
2025/11/30 14:29:23 🔗 API Base URL: http://localhost:3005/api
[GIN-debug] [WARNING] You trusted all proxies, this is NOT safe. We recommend you to set a value.
Please check https://pkg.go.dev/github.com/gin-gonic/gin#readme-don-t-trust-all-proxies for details.
[GIN-debug] Listening and serving HTTP on :3005
[GIN] 2025/11/30 - 14:29:23 | 204 |     837.902µs |             ::1 | OPTIONS  "/api/v1/system/health"
[GIN] 2025/11/30 - 14:29:23 | 200 |    5.244022ms |             ::1 | GET      "/api/v1/system/health"
[GIN] 2025/11/30 - 14:29:23 | 204 |     125.051µs |             ::1 | OPTIONS  "/api/erp/pos/counters"
[GIN] 2025/11/30 - 14:29:23 | 200 |     274.021µs |             ::1 | GET      "/api/erp/pos/counters"
[GIN] 2025/11/30 - 14:29:33 | 200 |     230.917µs |             ::1 | GET      "/api/v1/system/health"
[GIN] 2025/11/30 - 14:29:33 | 204 |      55.035µs |             ::1 | OPTIONS  "/api/v1/system/health"
[GIN] 2025/11/30 - 14:29:33 | 200 |     118.203µs |             ::1 | GET      "/api/v1/system/health"
[GIN] 2025/11/30 - 14:29:33 | 200 |     224.318µs |             ::1 | GET      "/api/erp/pos/counters"
[GIN] 2025/11/30 - 14:29:33 | 204 |      50.951µs |             ::1 | OPTIONS  "/api/erp/pos/counters"
[GIN] 2025/11/30 - 14:29:33 | 200 |     230.461µs |             ::1 | GET      "/api/erp/pos/counters"
[GIN] 2025/11/30 - 14:29:33 | 200 |      60.882µs |             ::1 | GET      "/health"
[GIN] 2025/11/30 - 14:29:48 | 404 |      35.348µs |             ::1 | POST     "/api/erp/pos/create-invoice"
[GIN] 2025/11/30 - 14:29:53 | 200 |      75.757µs |             ::1 | GET      "/api/v1/system/health"
[GIN] 2025/11/30 - 14:29:53 | 200 |     146.525µs |             ::1 | GET      "/api/erp/pos/counters"
[GIN] 2025/11/30 - 14:30:00 | 404 |      50.551µs |             ::1 | POST     "/api/erp/pos/create-invoice"
[GIN] 2025/11/30 - 14:30:12 | 404 |      54.707µs |             ::1 | POST     "/api/erp/pos/create-invoice"
[GIN] 2025/11/30 - 14:30:22 | 404 |     115.624µs |             ::1 | GET      "/api/erp/pos/create-invoice"
[GIN] 2025/11/30 - 14:30:23 | 200 |     167.163µs |             ::1 | GET      "/api/v1/system/health"
[GIN] 2025/11/30 - 14:30:23 | 200 |      142.94µs |             ::1 | GET      "/api/erp/pos/counters"
[GIN] 2025/11/30 - 14:30:32 | 404 |      35.062µs |             ::1 | GET      "/api/erp/pos"
[GIN] 2025/11/30 - 14:30:33 | 200 |      74.123µs |             ::1 | GET      "/api/v1/system/health"
[GIN] 2025/11/30 - 14:30:33 | 204 |      56.819µs |             ::1 | OPTIONS  "/api/erp/dashboard/stats"
[GIN] 2025/11/30 - 14:30:33 | 204 |     125.734µs |             ::1 | OPTIONS  "/api/erp/dashboard/category-stats"
[GIN] 2025/11/30 - 14:30:33 | 204 |       57.01µs |             ::1 | OPTIONS  "/api/erp/dashboard/revenue-chart?period=7days"
[GIN] 2025/11/30 - 14:30:33 | 204 |      72.302µs |             ::1 | OPTIONS  "/api/erp/dashboard/top-products?period=month&limit=5"
[GIN] 2025/11/30 - 14:30:33 | 204 |      58.588µs |             ::1 | OPTIONS  "/api/v1/system/health"
[GIN] 2025/11/30 - 14:30:33 | 404 |      36.028µs |             ::1 | GET      "/api/erp/dashboard/category-stats"
[GIN] 2025/11/30 - 14:30:33 | 200 |     162.353µs |             ::1 | GET      "/api/erp/pos/counters"
[GIN] 2025/11/30 - 14:30:33 | 200 |     196.384µs |             ::1 | GET      "/api/erp/dashboard/revenue-chart?period=7days"
[GIN] 2025/11/30 - 14:30:33 | 200 |     276.508µs |             ::1 | GET      "/api/erp/dashboard/top-products?period=month&limit=5"
[GIN] 2025/11/30 - 14:30:33 | 200 |     5.32263ms |             ::1 | GET      "/api/erp/dashboard/stats"
[GIN] 2025/11/30 - 14:30:33 | 200 |     136.876µs |             ::1 | GET      "/api/v1/system/health"
[GIN] 2025/11/30 - 14:30:33 | 204 |      41.529µs |             ::1 | OPTIONS  "/api/erp/pos/counters"
[GIN] 2025/11/30 - 14:30:33 | 200 |     120.635µs |             ::1 | GET      "/api/erp/pos/counters"
[GIN] 2025/11/30 - 14:30:42 | 404 |      41.281µs |             ::1 | GET      "/api/erp"
[GIN] 2025/11/30 - 14:30:52 | 404 |      45.104µs |             ::1 | GET      "/api/erp/invoices"
[GIN] 2025/11/30 - 14:30:53 | 200 |      72.705µs |             ::1 | GET      "/api/v1/system/health"
[GIN] 2025/11/30 - 14:30:53 | 200 |      82.659µs |             ::1 | GET      "/api/erp/pos/counters"
[GIN] 2025/11/30 - 14:31:02 | 404 |      45.631µs |             ::1 | GET      "/api/erp/invoices"
[GIN] 2025/11/30 - 14:31:12 | 200 |    6.453017ms |             ::1 | GET      "/api/erp/customers?limit=2"
[GIN] 2025/11/30 - 14:31:23 | 200 |     102.951µs |             ::1 | GET      "/api/v1/system/health"
[GIN] 2025/11/30 - 14:31:23 | 200 |     139.522µs |             ::1 | GET      "/api/erp/pos/counters"
[GIN] 2025/11/30 - 14:31:33 | 200 |      96.274µs |             ::1 | GET      "/api/erp/dashboard/stats"
[GIN] 2025/11/30 - 14:31:33 | 200 |     100.847µs |             ::1 | GET      "/api/erp/dashboard/revenue-chart?period=7days"
[GIN] 2025/11/30 - 14:31:33 | 200 |      80.494µs |             ::1 | GET      "/api/v1/system/health"
[GIN] 2025/11/30 - 14:31:33 | 404 |     287.307µs |             ::1 | GET      "/api/erp/dashboard/category-stats"
[GIN] 2025/11/30 - 14:31:33 | 200 |      39.208µs |             ::1 | GET      "/api/erp/dashboard/top-products?period=month&limit=5"
[GIN] 2025/11/30 - 14:31:33 | 204 |     168.694µs |             ::1 | OPTIONS  "/api/v1/system/health"
[GIN] 2025/11/30 - 14:31:33 | 200 |     312.876µs |             ::1 | GET      "/api/v1/system/health"
[GIN] 2025/11/30 - 14:31:33 | 200 |     131.994µs |             ::1 | GET      "/api/erp/pos/counters"
[GIN] 2025/11/30 - 14:31:33 | 204 |      69.851µs |             ::1 | OPTIONS  "/api/erp/pos/counters"
[GIN] 2025/11/30 - 14:31:33 | 200 |      185.02µs |             ::1 | GET      "/api/erp/pos/counters"
[GIN] 2025/11/30 - 14:31:39 | 404 |       34.83µs |             ::1 | POST     "/api/erp/invoices"
[GIN] 2025/11/30 - 14:31:53 | 200 |     168.756µs |             ::1 | GET      "/api/v1/system/health"
[GIN] 2025/11/30 - 14:31:53 | 200 |     121.869µs |             ::1 | GET      "/api/erp/pos/counters"
[GIN] 2025/11/30 - 14:32:23 | 200 |     136.199µs |             ::1 | GET      "/api/v1/system/health"
[GIN] 2025/11/30 - 14:32:23 | 200 |     115.213µs |             ::1 | GET      "/api/erp/pos/counters"
[GIN] 2025/11/30 - 14:32:33 | 200 |      76.048µs |             ::1 | GET      "/api/v1/system/health"
[GIN] 2025/11/30 - 14:32:33 | 200 |       55.77µs |             ::1 | GET      "/api/erp/dashboard/stats"
[GIN] 2025/11/30 - 14:32:33 | 200 |     115.951µs |             ::1 | GET      "/api/erp/dashboard/revenue-chart?period=7days"
[GIN] 2025/11/30 - 14:32:33 | 404 |     352.241µs |             ::1 | GET      "/api/erp/dashboard/category-stats"
[GIN] 2025/11/30 - 14:32:33 | 200 |      47.762µs |             ::1 | GET      "/api/erp/dashboard/top-products?period=month&limit=5"
[GIN] 2025/11/30 - 14:32:33 | 204 |       76.41µs |             ::1 | OPTIONS  "/api/v1/system/health"
[GIN] 2025/11/30 - 14:32:33 | 200 |     128.917µs |             ::1 | GET      "/api/v1/system/health"
[GIN] 2025/11/30 - 14:32:33 | 200 |     117.887µs |             ::1 | GET      "/api/erp/pos/counters"
[GIN] 2025/11/30 - 14:32:33 | 204 |      45.502µs |             ::1 | OPTIONS  "/api/erp/pos/counters"
[GIN] 2025/11/30 - 14:32:33 | 200 |     108.432µs |             ::1 | GET      "/api/erp/pos/counters"
[GIN] 2025/11/30 - 14:32:53 | 200 |      77.292µs |             ::1 | GET      "/api/v1/system/health"
[GIN] 2025/11/30 - 14:32:53 | 200 |     126.005µs |             ::1 | GET      "/api/erp/pos/counters"
[GIN] 2025/11/30 - 14:33:23 | 200 |      85.826µs |             ::1 | GET      "/api/v1/system/health"
[GIN] 2025/11/30 - 14:33:23 | 200 |     143.712µs |             ::1 | GET      "/api/erp/pos/counters"
[GIN] 2025/11/30 - 14:33:33 | 200 |      97.688µs |             ::1 | GET      "/api/v1/system/health"
[GIN] 2025/11/30 - 14:33:33 | 200 |      97.184µs |             ::1 | GET      "/api/erp/dashboard/stats"
[GIN] 2025/11/30 - 14:33:33 | 404 |      36.057µs |             ::1 | GET      "/api/erp/dashboard/category-stats"
[GIN] 2025/11/30 - 14:33:33 | 200 |     123.278µs |             ::1 | GET      "/api/erp/dashboard/revenue-chart?period=7days"
[GIN] 2025/11/30 - 14:33:33 | 200 |       53.47µs |             ::1 | GET      "/api/erp/dashboard/top-products?period=month&limit=5"
[GIN] 2025/11/30 - 14:33:33 | 204 |     150.384µs |             ::1 | OPTIONS  "/api/v1/system/health"
[GIN] 2025/11/30 - 14:33:33 | 200 |     100.377µs |             ::1 | GET      "/api/v1/system/health"
[GIN] 2025/11/30 - 14:33:33 | 200 |     101.313µs |             ::1 | GET      "/api/erp/pos/counters"
[GIN] 2025/11/30 - 14:33:33 | 204 |      48.336µs |             ::1 | OPTIONS  "/api/erp/pos/counters"
[GIN] 2025/11/30 - 14:33:33 | 200 |     121.193µs |             ::1 | GET      "/api/erp/pos/counters"
[GIN] 2025/11/30 - 14:33:53 | 200 |      97.985µs |             ::1 | GET      "/api/v1/system/health"
[GIN] 2025/11/30 - 14:33:53 | 200 |     106.096µs |             ::1 | GET      "/api/erp/pos/counters"
[GIN] 2025/11/30 - 14:34:23 | 200 |      64.695µs |             ::1 | GET      "/api/v1/system/health"
[GIN] 2025/11/30 - 14:34:23 | 200 |     133.402µs |             ::1 | GET      "/api/erp/pos/counters"
[GIN] 2025/11/30 - 14:34:33 | 200 |       73.52µs |             ::1 | GET      "/api/v1/system/health"
[GIN] 2025/11/30 - 14:34:33 | 200 |      44.614µs |             ::1 | GET      "/api/erp/dashboard/stats"
[GIN] 2025/11/30 - 14:34:33 | 404 |      30.813µs |             ::1 | GET      "/api/erp/dashboard/category-stats"
[GIN] 2025/11/30 - 14:34:33 | 200 |      64.305µs |             ::1 | GET      "/api/erp/dashboard/revenue-chart?period=7days"
[GIN] 2025/11/30 - 14:34:33 | 200 |      24.974µs |             ::1 | GET      "/api/erp/dashboard/top-products?period=month&limit=5"
[GIN] 2025/11/30 - 14:34:33 | 204 |      71.622µs |             ::1 | OPTIONS  "/api/v1/system/health"
[GIN] 2025/11/30 - 14:34:33 | 200 |      72.349µs |             ::1 | GET      "/api/v1/system/health"
[GIN] 2025/11/30 - 14:34:33 | 200 |     100.062µs |             ::1 | GET      "/api/erp/pos/counters"
[GIN] 2025/11/30 - 14:34:33 | 204 |      39.075µs |             ::1 | OPTIONS  "/api/erp/pos/counters"
[GIN] 2025/11/30 - 14:34:33 | 200 |      93.773µs |             ::1 | GET      "/api/erp/pos/counters"
[GIN] 2025/11/30 - 14:34:53 | 200 |      84.853µs |             ::1 | GET      "/api/v1/system/health"
[GIN] 2025/11/30 - 14:34:53 | 200 |     111.169µs |             ::1 | GET      "/api/erp/pos/counters"
[GIN] 2025/11/30 - 14:35:23 | 200 |      91.483µs |             ::1 | GET      "/api/v1/system/health"
[GIN] 2025/11/30 - 14:35:23 | 200 |       105.3µs |             ::1 | GET      "/api/erp/pos/counters"
[GIN] 2025/11/30 - 14:35:33 | 200 |      758.63µs |             ::1 | GET      "/api/v1/system/health"
[GIN] 2025/11/30 - 14:35:33 | 200 |      76.506µs |             ::1 | GET      "/api/erp/dashboard/stats"
[GIN] 2025/11/30 - 14:35:33 | 404 |     486.663µs |             ::1 | GET      "/api/erp/dashboard/category-stats"
[GIN] 2025/11/30 - 14:35:33 | 200 |     528.442µs |             ::1 | GET      "/api/erp/dashboard/revenue-chart?period=7days"
[GIN] 2025/11/30 - 14:35:33 | 200 |     576.227µs |             ::1 | GET      "/api/erp/dashboard/top-products?period=month&limit=5"
[GIN] 2025/11/30 - 14:35:33 | 200 |     158.482µs |             ::1 | GET      "/api/erp/pos/counters"
[GIN] 2025/11/30 - 14:35:33 | 204 |      51.044µs |             ::1 | OPTIONS  "/api/v1/system/health"
[GIN] 2025/11/30 - 14:35:33 | 200 |      79.898µs |             ::1 | GET      "/api/v1/system/health"
[GIN] 2025/11/30 - 14:35:33 | 204 |      51.292µs |             ::1 | OPTIONS  "/api/erp/pos/counters"
[GIN] 2025/11/30 - 14:35:33 | 200 |     143.335µs |             ::1 | GET      "/api/erp/pos/counters"
[GIN] 2025/11/30 - 14:35:53 | 200 |      82.667µs |             ::1 | GET      "/api/v1/system/health"
[GIN] 2025/11/30 - 14:35:53 | 200 |      95.967µs |             ::1 | GET      "/api/erp/pos/counters"
[GIN] 2025/11/30 - 14:36:23 | 200 |      71.639µs |             ::1 | GET      "/api/v1/system/health"
[GIN] 2025/11/30 - 14:36:23 | 200 |     132.469µs |             ::1 | GET      "/api/erp/pos/counters"
[GIN] 2025/11/30 - 14:36:33 | 200 |      60.749µs |             ::1 | GET      "/api/v1/system/health"
[GIN] 2025/11/30 - 14:36:33 | 200 |      56.449µs |             ::1 | GET      "/api/erp/dashboard/stats"
[GIN] 2025/11/30 - 14:36:33 | 204 |      19.438µs |             ::1 | OPTIONS  "/api/v1/system/health"
[GIN] 2025/11/30 - 14:36:33 | 200 |     103.473µs |             ::1 | GET      "/api/erp/dashboard/revenue-chart?period=7days"
[GIN] 2025/11/30 - 14:36:33 | 404 |      16.261µs |             ::1 | GET      "/api/erp/dashboard/category-stats"
[GIN] 2025/11/30 - 14:36:33 | 200 |     263.307µs |             ::1 | GET      "/api/erp/dashboard/top-products?period=month&limit=5"
[GIN] 2025/11/30 - 14:36:33 | 200 |     180.894µs |             ::1 | GET      "/api/v1/system/health"
[GIN] 2025/11/30 - 14:36:33 | 200 |       93.13µs |             ::1 | GET      "/api/erp/pos/counters"
[GIN] 2025/11/30 - 14:36:33 | 204 |      45.787µs |             ::1 | OPTIONS  "/api/erp/pos/counters"
[GIN] 2025/11/30 - 14:36:33 | 200 |      95.894µs |             ::1 | GET      "/api/erp/pos/counters"
[GIN] 2025/11/30 - 14:36:53 | 200 |      73.103µs |             ::1 | GET      "/api/v1/system/health"
[GIN] 2025/11/30 - 14:36:53 | 200 |     139.121µs |             ::1 | GET      "/api/erp/pos/counters"
[GIN] 2025/11/30 - 14:37:23 | 200 |      70.671µs |             ::1 | GET      "/api/v1/system/health"
[GIN] 2025/11/30 - 14:37:23 | 200 |      93.039µs |             ::1 | GET      "/api/erp/pos/counters"
[GIN] 2025/11/30 - 14:37:33 | 200 |      87.822µs |             ::1 | GET      "/api/v1/system/health"
[GIN] 2025/11/30 - 14:37:33 | 200 |      78.216µs |             ::1 | GET      "/api/erp/dashboard/stats"
[GIN] 2025/11/30 - 14:37:33 | 404 |      40.221µs |             ::1 | GET      "/api/erp/dashboard/category-stats"
[GIN] 2025/11/30 - 14:37:33 | 200 |     124.429µs |             ::1 | GET      "/api/erp/dashboard/revenue-chart?period=7days"
[GIN] 2025/11/30 - 14:37:33 | 200 |      57.555µs |             ::1 | GET      "/api/erp/dashboard/top-products?period=month&limit=5"
[GIN] 2025/11/30 - 14:37:33 | 204 |    1.708342ms |             ::1 | OPTIONS  "/api/v1/system/health"
[GIN] 2025/11/30 - 14:37:33 | 200 |     137.696µs |             ::1 | GET      "/api/v1/system/health"
[GIN] 2025/11/30 - 14:37:33 | 200 |     151.988µs |             ::1 | GET      "/api/erp/pos/counters"
[GIN] 2025/11/30 - 14:37:33 | 204 |       53.66µs |             ::1 | OPTIONS  "/api/erp/pos/counters"
[GIN] 2025/11/30 - 14:37:33 | 200 |      78.748µs |             ::1 | GET      "/api/erp/pos/counters"
[GIN] 2025/11/30 - 14:37:53 | 200 |       61.97µs |             ::1 | GET      "/api/v1/system/health"
[GIN] 2025/11/30 - 14:37:53 | 200 |      106.84µs |             ::1 | GET      "/api/erp/pos/counters"
[GIN] 2025/11/30 - 14:38:23 | 200 |      83.303µs |             ::1 | GET      "/api/v1/system/health"
[GIN] 2025/11/30 - 14:38:23 | 200 |      98.872µs |             ::1 | GET      "/api/erp/pos/counters"
[GIN] 2025/11/30 - 14:38:33 | 200 |      60.593µs |             ::1 | GET      "/api/v1/system/health"
[GIN] 2025/11/30 - 14:38:33 | 200 |      42.544µs |             ::1 | GET      "/api/erp/dashboard/stats"
[GIN] 2025/11/30 - 14:38:33 | 404 |       21.21µs |             ::1 | GET      "/api/erp/dashboard/category-stats"
[GIN] 2025/11/30 - 14:38:33 | 200 |      77.248µs |             ::1 | GET      "/api/erp/dashboard/revenue-chart?period=7days"
[GIN] 2025/11/30 - 14:38:33 | 200 |      32.394µs |             ::1 | GET      "/api/erp/dashboard/top-products?period=month&limit=5"
[GIN] 2025/11/30 - 14:38:33 | 204 |       51.17µs |             ::1 | OPTIONS  "/api/v1/system/health"
[GIN] 2025/11/30 - 14:38:33 | 200 |      65.364µs |             ::1 | GET      "/api/v1/system/health"
[GIN] 2025/11/30 - 14:38:33 | 200 |       99.83µs |             ::1 | GET      "/api/erp/pos/counters"
[GIN] 2025/11/30 - 14:38:33 | 204 |      49.873µs |             ::1 | OPTIONS  "/api/erp/pos/counters"
[GIN] 2025/11/30 - 14:38:33 | 200 |     118.591µs |             ::1 | GET      "/api/erp/pos/counters"
[GIN] 2025/11/30 - 14:38:53 | 200 |      84.073µs |             ::1 | GET      "/api/v1/system/health"
[GIN] 2025/11/30 - 14:38:53 | 200 |     122.917µs |             ::1 | GET      "/api/erp/pos/counters"
[GIN] 2025/11/30 - 14:39:23 | 200 |      72.979µs |             ::1 | GET      "/api/v1/system/health"
[GIN] 2025/11/30 - 14:39:23 | 200 |     133.189µs |             ::1 | GET      "/api/erp/pos/counters"
[GIN] 2025/11/30 - 14:39:33 | 200 |      77.059µs |             ::1 | GET      "/api/v1/system/health"
[GIN] 2025/11/30 - 14:39:33 | 200 |     183.139µs |             ::1 | GET      "/api/erp/dashboard/stats"
[GIN] 2025/11/30 - 14:39:33 | 404 |      48.494µs |             ::1 | GET      "/api/erp/dashboard/category-stats"
[GIN] 2025/11/30 - 14:39:33 | 200 |     116.352µs |             ::1 | GET      "/api/erp/dashboard/revenue-chart?period=7days"
[GIN] 2025/11/30 - 14:39:33 | 200 |      64.907µs |             ::1 | GET      "/api/erp/dashboard/top-products?period=month&limit=5"
[GIN] 2025/11/30 - 14:39:33 | 200 |     128.095µs |             ::1 | GET      "/api/erp/pos/counters"
[GIN] 2025/11/30 - 14:39:33 | 204 |      46.083µs |             ::1 | OPTIONS  "/api/v1/system/health"
[GIN] 2025/11/30 - 14:39:33 | 200 |     139.403µs |             ::1 | GET      "/api/v1/system/health"
[GIN] 2025/11/30 - 14:39:33 | 204 |      73.945µs |             ::1 | OPTIONS  "/api/erp/pos/counters"
[GIN] 2025/11/30 - 14:39:33 | 200 |      105.18µs |             ::1 | GET      "/api/erp/pos/counters"
[GIN] 2025/11/30 - 14:39:53 | 200 |     147.315µs |             ::1 | GET      "/api/v1/system/health"
[GIN] 2025/11/30 - 14:39:53 | 200 |     122.852µs |             ::1 | GET      "/api/erp/pos/counters"
[GIN] 2025/11/30 - 14:40:23 | 200 |      74.439µs |             ::1 | GET      "/api/v1/system/health"
[GIN] 2025/11/30 - 14:40:23 | 200 |     118.092µs |             ::1 | GET      "/api/erp/pos/counters"
[GIN] 2025/11/30 - 14:40:33 | 200 |      60.638µs |             ::1 | GET      "/api/v1/system/health"
[GIN] 2025/11/30 - 14:40:33 | 200 |      60.421µs |             ::1 | GET      "/api/erp/dashboard/stats"
[GIN] 2025/11/30 - 14:40:33 | 404 |      18.173µs |             ::1 | GET      "/api/erp/dashboard/category-stats"
[GIN] 2025/11/30 - 14:40:33 | 200 |     137.427µs |             ::1 | GET      "/api/erp/dashboard/top-products?period=month&limit=5"
[GIN] 2025/11/30 - 14:40:33 | 200 |       85.19µs |             ::1 | GET      "/api/erp/dashboard/revenue-chart?period=7days"
[GIN] 2025/11/30 - 14:40:33 | 204 |       47.76µs |             ::1 | OPTIONS  "/api/v1/system/health"
[GIN] 2025/11/30 - 14:40:33 | 200 |      93.271µs |             ::1 | GET      "/api/erp/pos/counters"
[GIN] 2025/11/30 - 14:40:33 | 200 |      68.899µs |             ::1 | GET      "/api/v1/system/health"
[GIN] 2025/11/30 - 14:40:33 | 204 |      38.208µs |             ::1 | OPTIONS  "/api/erp/pos/counters"
[GIN] 2025/11/30 - 14:40:33 | 200 |     104.871µs |             ::1 | GET      "/api/erp/pos/counters"
[GIN] 2025/11/30 - 14:40:53 | 200 |     134.296µs |             ::1 | GET      "/api/v1/system/health"
[GIN] 2025/11/30 - 14:40:53 | 200 |      129.21µs |             ::1 | GET      "/api/erp/pos/counters"
[GIN] 2025/11/30 - 14:41:23 | 200 |      71.708µs |             ::1 | GET      "/api/v1/system/health"
[GIN] 2025/11/30 - 14:41:23 | 200 |     123.513µs |             ::1 | GET      "/api/erp/pos/counters"
[GIN] 2025/11/30 - 14:41:33 | 200 |      84.747µs |             ::1 | GET      "/api/v1/system/health"
[GIN] 2025/11/30 - 14:41:33 | 404 |      25.295µs |             ::1 | GET      "/api/erp/dashboard/category-stats"
[GIN] 2025/11/30 - 14:41:33 | 200 |      50.366µs |             ::1 | GET      "/api/erp/dashboard/stats"
[GIN] 2025/11/30 - 14:41:33 | 200 |     122.488µs |             ::1 | GET      "/api/erp/dashboard/revenue-chart?period=7days"
[GIN] 2025/11/30 - 14:41:33 | 200 |      58.222µs |             ::1 | GET      "/api/erp/dashboard/top-products?period=month&limit=5"
[GIN] 2025/11/30 - 14:41:33 | 204 |      56.969µs |             ::1 | OPTIONS  "/api/v1/system/health"
[GIN] 2025/11/30 - 14:41:33 | 200 |      76.247µs |             ::1 | GET      "/api/v1/system/health"
[GIN] 2025/11/30 - 14:41:33 | 200 |     256.992µs |             ::1 | GET      "/api/erp/pos/counters"
[GIN] 2025/11/30 - 14:41:33 | 204 |      65.885µs |             ::1 | OPTIONS  "/api/erp/pos/counters"
[GIN] 2025/11/30 - 14:41:33 | 200 |     100.617µs |             ::1 | GET      "/api/erp/pos/counters"
[GIN] 2025/11/30 - 14:41:53 | 200 |      78.475µs |             ::1 | GET      "/api/v1/system/health"
[GIN] 2025/11/30 - 14:41:53 | 200 |      91.167µs |             ::1 | GET      "/api/erp/pos/counters"
[GIN] 2025/11/30 - 14:42:23 | 200 |      86.198µs |             ::1 | GET      "/api/v1/system/health"
[GIN] 2025/11/30 - 14:42:23 | 200 |     109.009µs |             ::1 | GET      "/api/erp/pos/counters"
[GIN] 2025/11/30 - 14:42:33 | 200 |      82.517µs |             ::1 | GET      "/api/v1/system/health"
[GIN] 2025/11/30 - 14:42:33 | 200 |       39.86µs |             ::1 | GET      "/api/erp/dashboard/stats"
[GIN] 2025/11/30 - 14:42:33 | 404 |      27.106µs |             ::1 | GET      "/api/erp/dashboard/category-stats"
[GIN] 2025/11/30 - 14:42:33 | 200 |      84.631µs |             ::1 | GET      "/api/erp/dashboard/revenue-chart?period=7days"
[GIN] 2025/11/30 - 14:42:33 | 200 |      56.445µs |             ::1 | GET      "/api/erp/dashboard/top-products?period=month&limit=5"
[GIN] 2025/11/30 - 14:42:33 | 204 |      55.135µs |             ::1 | OPTIONS  "/api/v1/system/health"
[GIN] 2025/11/30 - 14:42:33 | 200 |     109.166µs |             ::1 | GET      "/api/erp/pos/counters"
[GIN] 2025/11/30 - 14:42:33 | 200 |       44.71µs |             ::1 | GET      "/api/v1/system/health"
[GIN] 2025/11/30 - 14:42:33 | 204 |      42.774µs |             ::1 | OPTIONS  "/api/erp/pos/counters"
[GIN] 2025/11/30 - 14:42:33 | 200 |      72.354µs |             ::1 | GET      "/api/erp/pos/counters"
[GIN] 2025/11/30 - 14:42:53 | 200 |      65.658µs |             ::1 | GET      "/api/v1/system/health"
[GIN] 2025/11/30 - 14:42:53 | 200 |     110.462µs |             ::1 | GET      "/api/erp/pos/counters"
[GIN] 2025/11/30 - 14:43:23 | 200 |      76.685µs |             ::1 | GET      "/api/v1/system/health"
[GIN] 2025/11/30 - 14:43:23 | 200 |     110.536µs |             ::1 | GET      "/api/erp/pos/counters"
[GIN] 2025/11/30 - 14:43:33 | 200 |     105.414µs |             ::1 | GET      "/api/v1/system/health"
[GIN] 2025/11/30 - 14:43:33 | 200 |     104.334µs |             ::1 | GET      "/api/erp/dashboard/stats"
[GIN] 2025/11/30 - 14:43:33 | 404 |      38.384µs |             ::1 | GET      "/api/erp/dashboard/category-stats"
[GIN] 2025/11/30 - 14:43:33 | 200 |     116.443µs |             ::1 | GET      "/api/erp/dashboard/revenue-chart?period=7days"
[GIN] 2025/11/30 - 14:43:33 | 200 |     117.618µs |             ::1 | GET      "/api/erp/dashboard/top-products?period=month&limit=5"
[GIN] 2025/11/30 - 14:43:33 | 204 |      81.452µs |             ::1 | OPTIONS  "/api/v1/system/health"
[GIN] 2025/11/30 - 14:43:33 | 200 |      71.219µs |             ::1 | GET      "/api/v1/system/health"
[GIN] 2025/11/30 - 14:43:33 | 200 |     106.679µs |             ::1 | GET      "/api/erp/pos/counters"
[GIN] 2025/11/30 - 14:43:33 | 204 |      61.746µs |             ::1 | OPTIONS  "/api/erp/pos/counters"
[GIN] 2025/11/30 - 14:43:33 | 200 |      91.575µs |             ::1 | GET      "/api/erp/pos/counters"
[GIN] 2025/11/30 - 14:43:53 | 200 |      94.168µs |             ::1 | GET      "/api/v1/system/health"
[GIN] 2025/11/30 - 14:43:53 | 200 |      91.539µs |             ::1 | GET      "/api/erp/pos/counters"
[GIN] 2025/11/30 - 14:44:23 | 200 |       76.61µs |             ::1 | GET      "/api/v1/system/health"
[GIN] 2025/11/30 - 14:44:23 | 200 |     114.257µs |             ::1 | GET      "/api/erp/pos/counters"
[GIN] 2025/11/30 - 14:44:33 | 200 |      71.673µs |             ::1 | GET      "/api/v1/system/health"
[GIN] 2025/11/30 - 14:44:33 | 200 |      35.648µs |             ::1 | GET      "/api/erp/dashboard/stats"
[GIN] 2025/11/30 - 14:44:33 | 404 |      22.974µs |             ::1 | GET      "/api/erp/dashboard/category-stats"
[GIN] 2025/11/30 - 14:44:33 | 200 |      67.064µs |             ::1 | GET      "/api/erp/dashboard/revenue-chart?period=7days"
[GIN] 2025/11/30 - 14:44:33 | 200 |      42.683µs |             ::1 | GET      "/api/erp/dashboard/top-products?period=month&limit=5"
[GIN] 2025/11/30 - 14:44:33 | 204 |      40.974µs |             ::1 | OPTIONS  "/api/v1/system/health"
[GIN] 2025/11/30 - 14:44:33 | 200 |      56.942µs |             ::1 | GET      "/api/v1/system/health"
[GIN] 2025/11/30 - 14:44:33 | 200 |       94.29µs |             ::1 | GET      "/api/erp/pos/counters"
[GIN] 2025/11/30 - 14:44:33 | 204 |      38.409µs |             ::1 | OPTIONS  "/api/erp/pos/counters"
[GIN] 2025/11/30 - 14:44:33 | 200 |     101.035µs |             ::1 | GET      "/api/erp/pos/counters"
[GIN] 2025/11/30 - 14:44:53 | 200 |      62.338µs |             ::1 | GET      "/api/v1/system/health"
[GIN] 2025/11/30 - 14:44:53 | 200 |      90.145µs |             ::1 | GET      "/api/erp/pos/counters"
[GIN] 2025/11/30 - 14:45:17 | 200 |      76.872µs |             ::1 | GET      "/api/v1/system/health"
[GIN] 2025/11/30 - 14:45:17 | 204 |      55.156µs |             ::1 | OPTIONS  "/api/auth/me"
[GIN] 2025/11/30 - 14:45:17 | 404 |      45.113µs |             ::1 | GET      "/api/auth/me"
[GIN] 2025/11/30 - 14:45:17 | 204 |      52.806µs |             ::1 | OPTIONS  "/api/erp/dashboard/summary"
[GIN] 2025/11/30 - 14:45:17 | 200 |     135.026µs |             ::1 | GET      "/api/erp/dashboard/summary"
[GIN] 2025/11/30 - 14:45:17 | 204 |      44.179µs |             ::1 | OPTIONS  "/api/erp/dashboard/activity?limit=5"
[GIN] 2025/11/30 - 14:45:17 | 200 |     215.216µs |             ::1 | GET      "/api/erp/dashboard/activity?limit=5"
[GIN] 2025/11/30 - 14:45:17 | 200 |     158.334µs |             ::1 | GET      "/api/erp/pos/counters"
[GIN] 2025/11/30 - 14:45:17 | 204 |      65.093µs |             ::1 | OPTIONS  "/api/erp/dashboard/expiry-summary"
[GIN] 2025/11/30 - 14:45:18 | 200 |     210.787µs |             ::1 | GET      "/api/erp/dashboard/expiry-summary"
[GIN] 2025/11/30 - 14:45:19 | 401 |      69.812µs |       127.0.0.1 | GET      "/api/erp/customers/00000000-0000-0000-0000-000000000001"
[GIN] 2025/11/30 - 14:45:21 | 404 |      35.701µs |       127.0.0.1 | GET      "/api/erp/customers/00000000-0000-0000-0000-000000000001/invoices?limit=50"
[GIN] 2025/11/30 - 14:45:22 | 404 |      39.818µs |       127.0.0.1 | GET      "/api/erp/customers/00000000-0000-0000-0000-000000000001/products?limit=50"
[GIN] 2025/11/30 - 14:45:23 | 200 |      97.702µs |             ::1 | GET      "/api/v1/system/health"
[GIN] 2025/11/30 - 14:45:23 | 200 |      83.677µs |             ::1 | GET      "/api/erp/pos/counters"
[GIN] 2025/11/30 - 14:45:30 | 200 |      117.78µs |             ::1 | GET      "/api/v1/system/health"
[GIN] 2025/11/30 - 14:45:30 | 404 |      40.855µs |             ::1 | GET      "/api/auth/me"
[GIN] 2025/11/30 - 14:45:30 | 200 |     109.522µs |             ::1 | GET      "/api/erp/dashboard/summary"
[GIN] 2025/11/30 - 14:45:30 | 200 |     128.657µs |             ::1 | GET      "/api/erp/dashboard/activity?limit=5"
[GIN] 2025/11/30 - 14:45:30 | 200 |     186.168µs |             ::1 | GET      "/api/erp/pos/counters"
[GIN] 2025/11/30 - 14:45:30 | 200 |     159.454µs |             ::1 | GET      "/api/erp/dashboard/expiry-summary"
[GIN] 2025/11/30 - 14:45:30 | 401 |      42.549µs |       127.0.0.1 | GET      "/api/erp/customers/00000000-0000-0000-0000-000000000001"
[GIN] 2025/11/30 - 14:45:30 | 404 |      49.291µs |       127.0.0.1 | GET      "/api/erp/customers/00000000-0000-0000-0000-000000000001/invoices?limit=50"
[GIN] 2025/11/30 - 14:45:31 | 404 |      18.617µs |       127.0.0.1 | GET      "/api/erp/customers/00000000-0000-0000-0000-000000000001/products?limit=50"
[GIN] 2025/11/30 - 14:45:33 | 200 |      77.144µs |             ::1 | GET      "/api/v1/system/health"
[GIN] 2025/11/30 - 14:45:33 | 200 |      81.895µs |             ::1 | GET      "/api/erp/dashboard/stats"
[GIN] 2025/11/30 - 14:45:33 | 200 |      72.606µs |             ::1 | GET      "/api/erp/dashboard/revenue-chart?period=7days"
[GIN] 2025/11/30 - 14:45:33 | 404 |      18.851µs |             ::1 | GET      "/api/erp/dashboard/category-stats"
[GIN] 2025/11/30 - 14:45:33 | 200 |      36.832µs |             ::1 | GET      "/api/erp/dashboard/top-products?period=month&limit=5"
[GIN] 2025/11/30 - 14:45:33 | 204 |      65.477µs |             ::1 | OPTIONS  "/api/v1/system/health"
[GIN] 2025/11/30 - 14:45:33 | 200 |      74.238µs |             ::1 | GET      "/api/v1/system/health"
[GIN] 2025/11/30 - 14:45:33 | 200 |      75.464µs |             ::1 | GET      "/api/erp/pos/counters"
[GIN] 2025/11/30 - 14:45:33 | 204 |      45.457µs |             ::1 | OPTIONS  "/api/erp/pos/counters"
[GIN] 2025/11/30 - 14:45:33 | 200 |     101.359µs |             ::1 | GET      "/api/erp/pos/counters"
[GIN] 2025/11/30 - 14:45:37 | 204 |      71.125µs |             ::1 | OPTIONS  "/api/erp/pos/create-invoice"
[GIN] 2025/11/30 - 14:45:37 | 404 |      56.686µs |             ::1 | POST     "/api/erp/pos/create-invoice"
[GIN] 2025/11/30 - 14:45:39 | 204 |      66.277µs |             ::1 | OPTIONS  "/api/erp/pos/create-invoice"
[GIN] 2025/11/30 - 14:45:39 | 404 |      44.358µs |             ::1 | POST     "/api/erp/pos/create-invoice"
[GIN] 2025/11/30 - 14:45:39 | 204 |      47.416µs |             ::1 | OPTIONS  "/api/erp/pos/create-invoice"
[GIN] 2025/11/30 - 14:45:39 | 404 |      48.801µs |             ::1 | POST     "/api/erp/pos/create-invoice"
[GIN] 2025/11/30 - 14:45:40 | 204 |      48.682µs |             ::1 | OPTIONS  "/api/erp/pos/create-invoice"
[GIN] 2025/11/30 - 14:45:40 | 404 |      51.125µs |             ::1 | POST     "/api/erp/pos/create-invoice"
[GIN] 2025/11/30 - 14:45:43 | 204 |      49.037µs |             ::1 | OPTIONS  "/api/v1/system/health"
[GIN] 2025/11/30 - 14:45:43 | 204 |       54.78µs |             ::1 | OPTIONS  "/api/auth/me"
[GIN] 2025/11/30 - 14:45:43 | 200 |     170.542µs |             ::1 | GET      "/api/v1/system/health"
[GIN] 2025/11/30 - 14:45:43 | 404 |      38.612µs |             ::1 | GET      "/api/auth/me"
[GIN] 2025/11/30 - 14:45:43 | 204 |      47.567µs |             ::1 | OPTIONS  "/api/v1/customers/00000000-0000-0000-0000-000000000001/bills?status=pending"
[GIN] 2025/11/30 - 14:45:43 | 204 |      47.572µs |             ::1 | OPTIONS  "/api/erp/dashboard/summary"
[GIN] 2025/11/30 - 14:45:43 | 404 |      23.619µs |             ::1 | GET      "/api/v1/customers/00000000-0000-0000-0000-000000000001/bills?status=pending"
[GIN] 2025/11/30 - 14:45:43 | 200 |     115.099µs |             ::1 | GET      "/api/erp/dashboard/summary"
[GIN] 2025/11/30 - 14:45:43 | 204 |      63.541µs |             ::1 | OPTIONS  "/api/erp/dashboard/activity?limit=5"
[GIN] 2025/11/30 - 14:45:43 | 200 |      122.98µs |             ::1 | GET      "/api/erp/dashboard/activity?limit=5"
[GIN] 2025/11/30 - 14:45:43 | 204 |      70.883µs |             ::1 | OPTIONS  "/api/erp/pos/counters"
[GIN] 2025/11/30 - 14:45:43 | 200 |     235.197µs |             ::1 | GET      "/api/erp/pos/counters"
[GIN] 2025/11/30 - 14:45:43 | 204 |      61.289µs |             ::1 | OPTIONS  "/api/erp/dashboard/expiry-summary"
[GIN] 2025/11/30 - 14:45:43 | 200 |     121.518µs |             ::1 | GET      "/api/erp/dashboard/expiry-summary"
[GIN] 2025/11/30 - 14:45:48 | 204 |      42.427µs |             ::1 | OPTIONS  "/api/v1/customers/00000000-0000-0000-0000-000000000001/bills?status=pending"
[GIN] 2025/11/30 - 14:45:48 | 404 |      32.938µs |             ::1 | GET      "/api/v1/customers/00000000-0000-0000-0000-000000000001/bills?status=pending"
[GIN] 2025/11/30 - 14:45:48 | 200 |     104.541µs |             ::1 | GET      "/api/v1/system/health"
[GIN] 2025/11/30 - 14:45:48 | 200 |      91.025µs |             ::1 | GET      "/api/erp/pos/counters"
[GIN] 2025/11/30 - 14:45:53 | 200 |      115.03µs |             ::1 | GET      "/api/v1/system/health"
[GIN] 2025/11/30 - 14:45:53 | 200 |     114.363µs |             ::1 | GET      "/api/erp/pos/counters"
[GIN] 2025/11/30 - 14:46:00 | 200 |      67.843µs |             ::1 | GET      "/api/v1/system/health"
[GIN] 2025/11/30 - 14:46:00 | 200 |     106.713µs |             ::1 | GET      "/api/erp/pos/counters"
[GIN] 2025/11/30 - 14:46:13 | 204 |      71.002µs |             ::1 | OPTIONS  "/api/v1/system/health"
[GIN] 2025/11/30 - 14:46:13 | 200 |      73.382µs |             ::1 | GET      "/api/v1/system/health"
[GIN] 2025/11/30 - 14:46:13 | 204 |      50.776µs |             ::1 | OPTIONS  "/api/erp/pos/counters"
[GIN] 2025/11/30 - 14:46:13 | 200 |       89.91µs |             ::1 | GET      "/api/erp/pos/counters"
[GIN] 2025/11/30 - 14:46:17 | 204 |      54.361µs |             ::1 | OPTIONS  "/api/erp/einvoice/generate"
[GIN] 2025/11/30 - 14:46:17 | 404 |      55.224µs |             ::1 | POST     "/api/erp/einvoice/generate"
[GIN] 2025/11/30 - 14:46:18 | 200 |      58.407µs |             ::1 | GET      "/api/v1/system/health"
[GIN] 2025/11/30 - 14:46:18 | 200 |     124.399µs |             ::1 | GET      "/api/erp/pos/counters"
[GIN] 2025/11/30 - 14:46:23 | 200 |      86.846µs |             ::1 | GET      "/api/v1/system/health"
[GIN] 2025/11/30 - 14:46:23 | 200 |     116.686µs |             ::1 | GET      "/api/erp/pos/counters"
[GIN] 2025/11/30 - 14:46:30 | 200 |      82.404µs |             ::1 | GET      "/api/v1/system/health"
[GIN] 2025/11/30 - 14:46:30 | 200 |      93.001µs |             ::1 | GET      "/api/erp/pos/counters"
[GIN] 2025/11/30 - 14:46:33 | 200 |      68.153µs |             ::1 | GET      "/api/v1/system/health"
[GIN] 2025/11/30 - 14:46:33 | 200 |      38.523µs |             ::1 | GET      "/api/erp/dashboard/stats"
[GIN] 2025/11/30 - 14:46:33 | 200 |     103.736µs |             ::1 | GET      "/api/erp/dashboard/revenue-chart?period=7days"
[GIN] 2025/11/30 - 14:46:33 | 404 |      40.928µs |             ::1 | GET      "/api/erp/dashboard/category-stats"
[GIN] 2025/11/30 - 14:46:33 | 200 |     260.908µs |             ::1 | GET      "/api/erp/dashboard/top-products?period=month&limit=5"
[GIN] 2025/11/30 - 14:46:33 | 200 |      93.664µs |             ::1 | GET      "/api/erp/pos/counters"
[GIN] 2025/11/30 - 14:46:43 | 204 |      49.738µs |             ::1 | OPTIONS  "/api/v1/system/health"
[GIN] 2025/11/30 - 14:46:43 | 200 |      68.428µs |             ::1 | GET      "/api/v1/system/health"
[GIN] 2025/11/30 - 14:46:43 | 204 |      51.876µs |             ::1 | OPTIONS  "/api/erp/pos/counters"
[GIN] 2025/11/30 - 14:46:43 | 200 |      96.046µs |             ::1 | GET      "/api/erp/pos/counters"
[GIN] 2025/11/30 - 14:46:48 | 200 |     114.803µs |             ::1 | GET      "/api/v1/system/health"
[GIN] 2025/11/30 - 14:46:48 | 200 |     115.036µs |             ::1 | GET      "/api/erp/pos/counters"
