
> @yeelo/auth-service@1.0.0 dev
> ts-node-dev --respawn --transpile-only src/index.ts

[INFO] 18:47:48 ts-node-dev ver. 2.0.0 (using ts-node ver. 10.9.2, typescript ver. 5.9.3)
[Auth Service] Server running on port 3050
[Auth Service] Login attempt { email: 'admin@yeelo.com' }
[Auth Service] Login error: error: column "first_name" does not exist
    at /var/www/homeopathy-business-platform/node_modules/pg-pool/index.js:45:11
    at processTicksAndRejections (node:internal/process/task_queues:105:5)
    at /var/www/homeopathy-business-platform/services/auth-service/src/index.ts:281:20 {
  length: 110,
  severity: 'ERROR',
  code: '42703',
  detail: undefined,
  hint: undefined,
  position: '30',
  internalPosition: undefined,
  internalQuery: undefined,
  where: undefined,
  schema: undefined,
  table: undefined,
  column: undefined,
  dataType: undefined,
  constraint: undefined,
  file: 'parse_relation.c',
  line: '3665',
  routine: 'errorMissingColumn'
}
[Auth Service] Login attempt { email: 'admin@yeelo.com' }
[Auth Service] Login error: error: column "first_name" does not exist
    at /var/www/homeopathy-business-platform/node_modules/pg-pool/index.js:45:11
    at processTicksAndRejections (node:internal/process/task_queues:105:5)
    at /var/www/homeopathy-business-platform/services/auth-service/src/index.ts:281:20 {
  length: 110,
  severity: 'ERROR',
  code: '42703',
  detail: undefined,
  hint: undefined,
  position: '30',
  internalPosition: undefined,
  internalQuery: undefined,
  where: undefined,
  schema: undefined,
  table: undefined,
  column: undefined,
  dataType: undefined,
  constraint: undefined,
  file: 'parse_relation.c',
  line: '3665',
  routine: 'errorMissingColumn'
}
[Auth Service] Login attempt { email: 'admin@yeelo.com' }
[Auth Service] Login error: error: column "first_name" does not exist
    at /var/www/homeopathy-business-platform/node_modules/pg-pool/index.js:45:11
    at processTicksAndRejections (node:internal/process/task_queues:105:5)
    at /var/www/homeopathy-business-platform/services/auth-service/src/index.ts:281:20 {
  length: 110,
  severity: 'ERROR',
  code: '42703',
  detail: undefined,
  hint: undefined,
  position: '30',
  internalPosition: undefined,
  internalQuery: undefined,
  where: undefined,
  schema: undefined,
  table: undefined,
  column: undefined,
  dataType: undefined,
  constraint: undefined,
  file: 'parse_relation.c',
  line: '3665',
  routine: 'errorMissingColumn'
}
[Auth Service] Login attempt { email: 'admin@yeelo.com' }
[Auth Service] Login error: error: column "first_name" does not exist
    at /var/www/homeopathy-business-platform/node_modules/pg-pool/index.js:45:11
    at processTicksAndRejections (node:internal/process/task_queues:105:5)
    at /var/www/homeopathy-business-platform/services/auth-service/src/index.ts:281:20 {
  length: 110,
  severity: 'ERROR',
  code: '42703',
  detail: undefined,
  hint: undefined,
  position: '30',
  internalPosition: undefined,
  internalQuery: undefined,
  where: undefined,
  schema: undefined,
  table: undefined,
  column: undefined,
  dataType: undefined,
  constraint: undefined,
  file: 'parse_relation.c',
  line: '3665',
  routine: 'errorMissingColumn'
}
[Auth Service] Login attempt { email: 'admin@yeelo.com' }
[Auth Service] Login error: error: column "first_name" does not exist
    at /var/www/homeopathy-business-platform/node_modules/pg-pool/index.js:45:11
    at processTicksAndRejections (node:internal/process/task_queues:105:5)
    at /var/www/homeopathy-business-platform/services/auth-service/src/index.ts:281:20 {
  length: 110,
  severity: 'ERROR',
  code: '42703',
  detail: undefined,
  hint: undefined,
  position: '30',
  internalPosition: undefined,
  internalQuery: undefined,
  where: undefined,
  schema: undefined,
  table: undefined,
  column: undefined,
  dataType: undefined,
  constraint: undefined,
  file: 'parse_relation.c',
  line: '3665',
  routine: 'errorMissingColumn'
}
