
> homeopathy-business-platform@0.2.0 db:generate
> npm --workspace @yeelo/shared-db run generate


> @yeelo/shared-db@1.0.0 generate
> prisma generate

Environment variables loaded from .env
Prisma schema loaded from prisma/schema.prisma

✔ Generated Prisma Client (v5.22.0) to ./generated/client in 332ms

Start by importing your Prisma Client (See: https://pris.ly/d/importing-client)

Tip: Easily identify and fix slow SQL queries in your app. Optimize helps you enhance your visibility: https://pris.ly/--optimize

┌─────────────────────────────────────────────────────────┐
│  Update available 5.22.0 -> 6.17.1                      │
│                                                         │
│  This is a major update - please follow the guide at    │
│  https://pris.ly/d/major-version-upgrade                │
│                                                         │
│  Run the following to update                            │
│    npm i --save-dev prisma@latest                       │
│    npm i @prisma/client@latest                          │
└─────────────────────────────────────────────────────────┘

> homeopathy-business-platform@0.2.0 db:generate
> npm --workspace @yeelo/shared-db run generate


> @yeelo/shared-db@1.0.0 generate
> prisma generate

Environment variables loaded from .env
Prisma schema loaded from prisma/schema.prisma

✔ Generated Prisma Client (v5.22.0) to ./generated/client in 352ms

Start by importing your Prisma Client (See: https://pris.ly/d/importing-client)

Tip: Need your database queries to be 1000x faster? Accelerate offers you that and more: https://pris.ly/tip-2-accelerate

npm notice
npm notice New major version of npm available! 10.9.3 -> 11.6.2
npm notice Changelog: https://github.com/npm/cli/releases/tag/v11.6.2
npm notice To update run: npm install -g npm@11.6.2
npm notice

> homeopathy-business-platform@0.2.0 db:generate
> npm --workspace @yeelo/shared-db run generate


> @yeelo/shared-db@1.0.0 generate
> prisma generate

Environment variables loaded from .env
Prisma schema loaded from prisma/schema.prisma

✔ Generated Prisma Client (v5.22.0) to ./generated/client in 304ms

Start by importing your Prisma Client (See: https://pris.ly/d/importing-client)

Tip: Want to turn off tips and other hints? https://pris.ly/tip-4-nohints


> homeopathy-business-platform@0.2.0 db:generate
> npm --workspace @yeelo/shared-db run generate


> @yeelo/shared-db@1.0.0 generate
> prisma generate

Environment variables loaded from .env
Prisma schema loaded from prisma/schema.prisma

✔ Generated Prisma Client (v5.22.0) to ./generated/client in 365ms

Start by importing your Prisma Client (See: https://pris.ly/d/importing-client)

Tip: Want to turn off tips and other hints? https://pris.ly/tip-4-nohints


> homeopathy-business-platform@0.2.0 db:generate
> npm --workspace @yeelo/shared-db run generate


> @yeelo/shared-db@1.0.0 generate
> prisma generate

Environment variables loaded from .env
Prisma schema loaded from prisma/schema.prisma

✔ Generated Prisma Client (v5.22.0) to ./generated/client in 1.35s

Start by importing your Prisma Client (See: https://pris.ly/d/importing-client)

Tip: Want to react to database changes in your app as they happen? Discover how with Pulse: https://pris.ly/tip-1-pulse


> homeopathy-business-platform@0.2.0 db:generate
> npm --workspace @yeelo/shared-db run generate


> @yeelo/shared-db@1.0.0 generate
> prisma generate

Environment variables loaded from .env
Prisma schema loaded from prisma/schema.prisma

✔ Generated Prisma Client (v5.22.0) to ./generated/client in 417ms

Start by importing your Prisma Client (See: https://pris.ly/d/importing-client)

Tip: Want to react to database changes in your app as they happen? Discover how with Pulse: https://pris.ly/tip-1-pulse


> homeopathy-business-platform@0.2.0 db:generate
> npm --workspace @yeelo/shared-db run generate


> @yeelo/shared-db@1.0.0 generate
> prisma generate

Environment variables loaded from .env
Prisma schema loaded from prisma/schema.prisma

✔ Generated Prisma Client (v5.22.0) to ./generated/client in 412ms

Start by importing your Prisma Client (See: https://pris.ly/d/importing-client)

Help us improve the Prisma ORM for everyone. Share your feedback in a short 2-min survey: https://pris.ly/orm/survey/release-5-22


> homeopathy-business-platform@0.2.0 db:generate
> npm --workspace @yeelo/shared-db run generate


> @yeelo/shared-db@1.0.0 generate
> prisma generate

Environment variables loaded from .env
Prisma schema loaded from prisma/schema.prisma

✔ Generated Prisma Client (v5.22.0) to ./generated/client in 387ms

Start by importing your Prisma Client (See: https://pris.ly/d/importing-client)

Tip: Need your database queries to be 1000x faster? Accelerate offers you that and more: https://pris.ly/tip-2-accelerate

