 Network homeopathy-business-platform_erp-network  Creating
 Network homeopathy-business-platform_erp-network  Created
time="2025-10-23T16:53:27+05:30" level=warning msg="Found orphan containers ([homeopathy-business-platform-ai-service-1]) for this project. If you removed or renamed this service in your compose file, you can run this command with the --remove-orphans flag to clean it up."
 Container erp-postgres  Creating
 Container erp-redis  Creating
 Container erp-zookeeper  Creating
 Container erp-minio  Creating
 Container erp-minio  Created
 Container erp-postgres  Created
 Container erp-redis  Created
 Container erp-zookeeper  Created
 Container erp-kafka  Creating
 Container erp-kafka  Created
 Container erp-postgres  Starting
 Container erp-redis  Starting
 Container erp-minio  Starting
 Container erp-zookeeper  Starting
 Container erp-minio  Started
 Container erp-zookeeper  Started
 Container erp-kafka  Starting
 Container erp-postgres  Started
 Container erp-redis  Started
 Container erp-kafka  Started
