time="2025-10-18T19:47:47+05:30" level=warning msg="/var/www/homeopathy-business-platform/docker-compose.infra.yml: the attribute `version` is obsolete, it will be ignored, please remove it to avoid potential confusion"
 Network homeopathy-business-platform_yeelo-network  Creating
 Network homeopathy-business-platform_yeelo-network  Created
 Container yeelo-redis  Creating
 Container yeelo-zookeeper  Creating
 Container yeelo-minio  Creating
 Container yeelo-postgres  Creating
 Container yeelo-redis  Created
 Container yeelo-minio  Created
 Container yeelo-zookeeper  Created
 Container yeelo-postgres  Created
 Container yeelo-kafka  Creating
 Container yeelo-kafka  Created
 Container yeelo-kafka-ui  Creating
 Container yeelo-kafka-ui  Created
 Container yeelo-redis  Starting
 Container yeelo-minio  Starting
 Container yeelo-zookeeper  Starting
 Container yeelo-postgres  Starting
 Container yeelo-minio  Started
 Container yeelo-postgres  Started
 Container yeelo-zookeeper  Started
 Container yeelo-kafka  Starting
 Container yeelo-redis  Started
 Container yeelo-kafka  Started
 Container yeelo-kafka-ui  Starting
 Container yeelo-kafka-ui  Started
time="2025-10-18T20:09:02+05:30" level=warning msg="/var/www/homeopathy-business-platform/docker-compose.infra.yml: the attribute `version` is obsolete, it will be ignored, please remove it to avoid potential confusion"
 Container yeelo-redis  Running
 Container yeelo-postgres  Running
 Container yeelo-zookeeper  Running
 Container yeelo-minio  Running
 Container yeelo-kafka  Running
 Container yeelo-kafka-ui  Running
time="2025-10-18T20:33:42+05:30" level=warning msg="/var/www/homeopathy-business-platform/docker-compose.infra.yml: the attribute `version` is obsolete, it will be ignored, please remove it to avoid potential confusion"
 Container yeelo-postgres  Running
 Container yeelo-redis  Running
 Container yeelo-minio  Running
 Container yeelo-zookeeper  Running
 Container yeelo-kafka  Running
 Container yeelo-kafka-ui  Running
time="2025-10-19T13:18:43+05:30" level=warning msg="/var/www/homeopathy-business-platform/docker-compose.infra.yml: the attribute `version` is obsolete, it will be ignored, please remove it to avoid potential confusion"
 Container yeelo-minio  Starting
 Container yeelo-zookeeper  Starting
 Container yeelo-redis  Starting
 Container yeelo-postgres  Starting
 Container yeelo-redis  Started
 Container yeelo-minio  Started
 Container yeelo-zookeeper  Started
 Container yeelo-kafka  Starting
 Container yeelo-postgres  Started
 Container yeelo-kafka  Started
 Container yeelo-kafka-ui  Starting
 Container yeelo-kafka-ui  Started
time="2025-10-19T14:37:17+05:30" level=warning msg="/var/www/homeopathy-business-platform/docker-compose.infra.yml: the attribute `version` is obsolete, it will be ignored, please remove it to avoid potential confusion"
 Container yeelo-minio  Running
 Container yeelo-redis  Recreate
 Container yeelo-zookeeper  Recreate
 Container yeelo-postgres  Recreate
 Container yeelo-postgres  Recreated
 Container yeelo-redis  Recreated
 Container yeelo-zookeeper  Recreated
 Container yeelo-kafka  Recreate
 Container yeelo-kafka  Recreated
 Container yeelo-kafka-ui  Running
 Container yeelo-zookeeper  Starting
 Container yeelo-postgres  Starting
 Container yeelo-redis  Starting
 Container yeelo-redis  Started
 Container yeelo-postgres  Started
 Container yeelo-zookeeper  Started
 Container yeelo-kafka  Starting
 Container yeelo-kafka  Started
time="2025-10-19T14:41:29+05:30" level=warning msg="/var/www/homeopathy-business-platform/docker-compose.infra.yml: the attribute `version` is obsolete, it will be ignored, please remove it to avoid potential confusion"
 Container yeelo-minio  Running
 Container yeelo-postgres  Running
 Container yeelo-redis  Running
 Container yeelo-zookeeper  Running
 Container yeelo-kafka-ui  Running
 Container yeelo-kafka  Starting
 Container yeelo-kafka  Started
time="2025-10-19T14:50:39+05:30" level=warning msg="/var/www/homeopathy-business-platform/docker-compose.infra.yml: the attribute `version` is obsolete, it will be ignored, please remove it to avoid potential confusion"
 Container yeelo-postgres  Running
 Container yeelo-redis  Running
 Container yeelo-minio  Running
 Container yeelo-zookeeper  Running
 Container yeelo-kafka  Running
 Container yeelo-kafka-ui  Running
