   ▲ Next.js 15.5.6
   - Local:        http://localhost:3000
   - Network:      http://192.168.1.7:3000
   - Environments: .env.local, .env

 ✓ Starting...
 ✓ Ready in 2.8s
 ○ Compiling /middleware ...
 ✓ Compiled /middleware in 879ms (159 modules)
 ○ Compiling / ...
 ✓ Compiled / in 8.4s (1265 modules)
 GET / 200 in 9125ms
 ○ Compiling /dashboard ...
 ✓ Compiled /dashboard in 3.5s (2199 modules)
 GET /dashboard 200 in 3765ms
 GET /dashboard 200 in 135ms
 ○ Compiling /dashboard/stats ...
 ✓ Compiled /dashboard/stats in 916ms (2187 modules)
 GET /dashboard/stats 200 in 1193ms
 ○ Compiling /dashboard/activity ...
 ✓ Compiled /dashboard/activity in 516ms (2202 modules)
 GET /dashboard/activity 200 in 836ms
 ○ Compiling /api/dashboard/activity-feed ...
 ✓ Compiled /api/dashboard/activity-feed in 1109ms (2229 modules)
 GET /api/system/health 200 in 1430ms
 GET /api/ai/activity 200 in 1422ms
 GET /api/system/bugs 200 in 1417ms
 GET /api/dashboard/activity-feed 200 in 1423ms
 GET /api/dashboard/metrics 200 in 1482ms
 ○ Compiling /admin/approvals ...
 ✓ Compiled /admin/approvals in 1354ms (2242 modules)
 GET /admin/approvals 200 in 1616ms
 ○ Compiling /api/uploads/purchase ...
 ✓ Compiled /api/uploads/purchase in 658ms (2247 modules)
 GET /api/uploads/purchase?status=pending 200 in 927ms
 GET /api/uploads/purchase?status=pending 200 in 157ms
 ✓ Compiled /api/uploads/inventory in 495ms (2252 modules)
 GET /api/uploads/inventory?status=pending 401 in 712ms
 GET /api/uploads/inventory?status=pending 401 in 135ms
 ○ Compiling /products ...
 ✓ Compiled /products in 1361ms (2279 modules)
 GET /products 200 in 1577ms
 ○ Compiling /products/[id] ...
 ✓ Compiled /products/[id] in 1678ms (2266 modules)
 GET /products/52a6e7e6-45bd-43d0-aef5-61b8c7d1424e 200 in 2536ms
 GET /products 200 in 126ms
 ○ Compiling /products/import-export ...
 ✓ Compiled /products/import-export in 2.3s (1921 modules)
 GET /products/import-export 200 in 2593ms
 ○ Compiling /purchases/upload ...
 ✓ Compiled /purchases/upload in 1659ms (1924 modules)
 GET /purchases/upload 200 in 1919ms
 ✓ Compiled /api/uploads/purchase in 309ms (869 modules)
Detected Marg ERP format: 194 items
 POST /api/uploads/purchase 200 in 1827ms
 GET /admin/approvals 200 in 202ms
 GET /api/uploads/purchase?status=pending 200 in 166ms
 GET /api/uploads/purchase?status=pending 200 in 196ms
 ○ Compiling /api/uploads/inventory ...
 ✓ Compiled /api/uploads/inventory in 666ms (874 modules)
 GET /api/uploads/inventory?status=pending 401 in 913ms
 GET /api/uploads/inventory?status=pending 401 in 100ms
 ○ Compiling /admin/approvals/[sessionId] ...
 ✓ Compiled /admin/approvals/[sessionId] in 1561ms (1954 modules)
 GET /admin/approvals/36b72a8a-8852-40ed-bdcd-cbb8d028b95e 200 in 2387ms
 ○ Compiling /api/uploads/session/[sessionId] ...
 ✓ Compiled /api/uploads/session/[sessionId] in 589ms (1956 modules)
Error: Route "/api/uploads/session/[sessionId]" used `params.sessionId`. `params` should be awaited before using its properties. Learn more: https://nextjs.org/docs/messages/sync-dynamic-apis
    at GET (app/api/uploads/session/[sessionId]/route.ts:30:30)
  28 |     userId = userId && userId !== '0' ? userId : null;
  29 |
> 30 |     const sessionId = params.sessionId;
     |                              ^
  31 |
  32 |     // Get session
  33 |     const sessionResult = await query(
 GET /api/uploads/session/36b72a8a-8852-40ed-bdcd-cbb8d028b95e 200 in 1405ms
Error: Route "/api/uploads/session/[sessionId]" used `params.sessionId`. `params` should be awaited before using its properties. Learn more: https://nextjs.org/docs/messages/sync-dynamic-apis
    at GET (app/api/uploads/session/[sessionId]/route.ts:30:30)
  28 |     userId = userId && userId !== '0' ? userId : null;
  29 |
> 30 |     const sessionId = params.sessionId;
     |                              ^
  31 |
  32 |     // Get session
  33 |     const sessionResult = await query(
 GET /api/uploads/session/36b72a8a-8852-40ed-bdcd-cbb8d028b95e 200 in 243ms
 ○ Compiling /inventory ...
 ✓ Compiled /inventory in 2.1s (1933 modules)
 GET /inventory 200 in 2889ms
 ○ Compiling /api/uploads/approve ...
 ✓ Compiled /api/uploads/approve in 1270ms (1946 modules)
 ⚠ Fast Refresh had to perform a full reload due to a runtime error.
 GET /inventory 200 in 589ms
 POST /api/uploads/approve 200 in 2638ms
 ✓ Compiled /admin/approvals in 471ms (875 modules)
 GET /admin/approvals 200 in 844ms
 ✓ Compiled /api/uploads/purchase in 446ms (877 modules)
 GET /api/uploads/purchase?status=pending 200 in 622ms
 GET /api/uploads/purchase?status=pending 200 in 173ms
 ✓ Compiled /api/uploads/inventory in 310ms (882 modules)
 GET /api/uploads/inventory?status=pending 401 in 519ms
 GET /api/uploads/inventory?status=pending 401 in 110ms
 GET /products/58e78b6b-3254-4a04-9435-cb46a6314b42 200 in 195ms
 ○ Compiling /sales/pos ...
 ✓ Compiled /sales/pos in 2.5s (1995 modules)
 GET /sales/pos 200 in 3017ms
 ⚠ Fast Refresh had to perform a full reload due to a runtime error.
 GET /inventory 200 in 468ms
 ○ Compiling /customers ...
 ✓ Compiled /customers in 1990ms (1964 modules)
 GET /customers 200 in 2358ms
 ⚠ Fast Refresh had to perform a full reload due to a runtime error.
 GET /inventory 200 in 572ms
 ○ Compiling /api/customers ...
 ✓ Compiled /api/customers in 653ms (1982 modules)
Customers API error: Error: No authentication token provided
    at GET (app/api/customers/route.ts:23:13)
  21 |     
  22 |     if (!res.ok) {
> 23 |       throw new Error(data.error || 'Failed to fetch customers');
     |             ^
  24 |     }
  25 |
  26 |     return NextResponse.json({
 GET /api/customers 500 in 1130ms
 ○ Compiling /purchases/upload ...
 ✓ Compiled /purchases/upload in 748ms (865 modules)
 GET /purchases/upload 200 in 1100ms
 ✓ Compiled /api/uploads/purchase in 313ms (878 modules)
Detected Marg ERP format: 81 items
 POST /api/uploads/purchase 200 in 1016ms
 ○ Compiling /admin/approvals ...
 ✓ Compiled /admin/approvals in 782ms (886 modules)
 GET /admin/approvals 200 in 1031ms
 GET /api/uploads/purchase?status=pending 200 in 154ms
 GET /api/uploads/purchase?status=pending 200 in 203ms
 ✓ Compiled /api/uploads/inventory in 387ms (891 modules)
 GET /api/uploads/inventory?status=pending 401 in 603ms
 GET /api/uploads/inventory?status=pending 401 in 98ms
 ○ Compiling /admin/approvals/[sessionId] ...
 ✓ Compiled /admin/approvals/[sessionId] in 1135ms (898 modules)
 GET /admin/approvals/293599f7-247f-4574-9db1-60d7778f2b0d 200 in 1506ms
 ○ Compiling /api/uploads/session/[sessionId] ...
 ✓ Compiled /api/uploads/session/[sessionId] in 640ms (900 modules)
Error: Route "/api/uploads/session/[sessionId]" used `params.sessionId`. `params` should be awaited before using its properties. Learn more: https://nextjs.org/docs/messages/sync-dynamic-apis
    at GET (app/api/uploads/session/[sessionId]/route.ts:30:30)
  28 |     userId = userId && userId !== '0' ? userId : null;
  29 |
> 30 |     const sessionId = params.sessionId;
     |                              ^
  31 |
  32 |     // Get session
  33 |     const sessionResult = await query(
 GET /api/uploads/session/293599f7-247f-4574-9db1-60d7778f2b0d 200 in 933ms
Error: Route "/api/uploads/session/[sessionId]" used `params.sessionId`. `params` should be awaited before using its properties. Learn more: https://nextjs.org/docs/messages/sync-dynamic-apis
    at GET (app/api/uploads/session/[sessionId]/route.ts:30:30)
  28 |     userId = userId && userId !== '0' ? userId : null;
  29 |
> 30 |     const sessionId = params.sessionId;
     |                              ^
  31 |
  32 |     // Get session
  33 |     const sessionResult = await query(
 GET /api/uploads/session/293599f7-247f-4574-9db1-60d7778f2b0d 200 in 174ms
 ○ Compiling /api/uploads/approve ...
 ✓ Compiled /api/uploads/approve in 777ms (875 modules)
 POST /api/uploads/approve 200 in 1083ms
 GET /admin/approvals 200 in 177ms
 GET /api/uploads/purchase?status=pending 200 in 136ms
 GET /api/uploads/purchase?status=pending 200 in 230ms
 GET /api/uploads/inventory?status=pending 401 in 195ms
 GET /api/uploads/inventory?status=pending 401 in 125ms
 GET /admin/approvals 200 in 122ms
 GET /purchases/upload 200 in 167ms
 ✓ Compiled in 2.2s (1113 modules)
 ⚠ Fast Refresh had to perform a full reload due to a runtime error.
 GET /inventory 200 in 691ms
 GET /purchases/upload 200 in 693ms
Detected Marg ERP format: 349 items
 POST /api/uploads/purchase 200 in 1912ms
 GET /admin/approvals 200 in 154ms
 GET /api/uploads/purchase?status=pending 200 in 139ms
 GET /api/uploads/purchase?status=pending 200 in 236ms
 GET /api/uploads/inventory?status=pending 401 in 202ms
 GET /api/uploads/inventory?status=pending 401 in 111ms
 GET /admin/approvals/1f7101d5-655b-452b-9cfc-a2e9ac4499bb 200 in 166ms
Error: Route "/api/uploads/session/[sessionId]" used `params.sessionId`. `params` should be awaited before using its properties. Learn more: https://nextjs.org/docs/messages/sync-dynamic-apis
    at GET (app/api/uploads/session/[sessionId]/route.ts:30:30)
  28 |     userId = userId && userId !== '0' ? userId : null;
  29 |
> 30 |     const sessionId = params.sessionId;
     |                              ^
  31 |
  32 |     // Get session
  33 |     const sessionResult = await query(
 GET /api/uploads/session/1f7101d5-655b-452b-9cfc-a2e9ac4499bb 200 in 323ms
Error: Route "/api/uploads/session/[sessionId]" used `params.sessionId`. `params` should be awaited before using its properties. Learn more: https://nextjs.org/docs/messages/sync-dynamic-apis
    at GET (app/api/uploads/session/[sessionId]/route.ts:30:30)
  28 |     userId = userId && userId !== '0' ? userId : null;
  29 |
> 30 |     const sessionId = params.sessionId;
     |                              ^
  31 |
  32 |     // Get session
  33 |     const sessionResult = await query(
 GET /api/uploads/session/1f7101d5-655b-452b-9cfc-a2e9ac4499bb 200 in 251ms
 POST /api/uploads/approve 200 in 491ms
 GET /admin/approvals 200 in 124ms
 GET /api/uploads/purchase?status=pending 200 in 138ms
 GET /api/uploads/purchase?status=pending 200 in 244ms
 GET /api/uploads/inventory?status=pending 401 in 203ms
 GET /api/uploads/inventory?status=pending 401 in 120ms
 GET /purchases/upload 200 in 187ms
Detected Marg ERP format: 4 items
 POST /api/uploads/purchase 200 in 135ms
 GET /admin/approvals 200 in 150ms
 GET /api/uploads/purchase?status=pending 200 in 137ms
 GET /api/uploads/purchase?status=pending 200 in 258ms
 GET /api/uploads/inventory?status=pending 401 in 201ms
 GET /api/uploads/inventory?status=pending 401 in 133ms
 GET /admin/approvals/27f516b5-5503-4b6e-903b-6f6f2d4fb37c 200 in 152ms
Error: Route "/api/uploads/session/[sessionId]" used `params.sessionId`. `params` should be awaited before using its properties. Learn more: https://nextjs.org/docs/messages/sync-dynamic-apis
    at GET (app/api/uploads/session/[sessionId]/route.ts:30:30)
  28 |     userId = userId && userId !== '0' ? userId : null;
  29 |
> 30 |     const sessionId = params.sessionId;
     |                              ^
  31 |
  32 |     // Get session
  33 |     const sessionResult = await query(
 GET /api/uploads/session/27f516b5-5503-4b6e-903b-6f6f2d4fb37c 200 in 275ms
Error: Route "/api/uploads/session/[sessionId]" used `params.sessionId`. `params` should be awaited before using its properties. Learn more: https://nextjs.org/docs/messages/sync-dynamic-apis
    at GET (app/api/uploads/session/[sessionId]/route.ts:30:30)
  28 |     userId = userId && userId !== '0' ? userId : null;
  29 |
> 30 |     const sessionId = params.sessionId;
     |                              ^
  31 |
  32 |     // Get session
  33 |     const sessionResult = await query(
 GET /api/uploads/session/27f516b5-5503-4b6e-903b-6f6f2d4fb37c 200 in 266ms
 POST /api/uploads/approve 200 in 148ms
 GET /admin/approvals 200 in 162ms
 GET /api/uploads/purchase?status=pending 200 in 144ms
 GET /api/uploads/purchase?status=pending 200 in 642ms
 GET /api/uploads/inventory?status=pending 401 in 545ms
 GET /api/uploads/inventory?status=pending 401 in 103ms
 GET /purchases/upload 200 in 135ms
Detected Marg ERP format: 4 items
 POST /api/uploads/purchase 200 in 132ms
 GET /admin/approvals 200 in 122ms
 GET /api/uploads/purchase?status=pending 200 in 132ms
 GET /api/uploads/purchase?status=pending 200 in 224ms
 GET /api/uploads/inventory?status=pending 401 in 188ms
 GET /api/uploads/inventory?status=pending 401 in 123ms
 GET /admin/approvals/d75f5089-ef0e-43c0-a70f-8bcdbdb55607 200 in 162ms
Error: Route "/api/uploads/session/[sessionId]" used `params.sessionId`. `params` should be awaited before using its properties. Learn more: https://nextjs.org/docs/messages/sync-dynamic-apis
    at GET (app/api/uploads/session/[sessionId]/route.ts:30:30)
  28 |     userId = userId && userId !== '0' ? userId : null;
  29 |
> 30 |     const sessionId = params.sessionId;
     |                              ^
  31 |
  32 |     // Get session
  33 |     const sessionResult = await query(
 GET /api/uploads/session/d75f5089-ef0e-43c0-a70f-8bcdbdb55607 200 in 250ms
Error: Route "/api/uploads/session/[sessionId]" used `params.sessionId`. `params` should be awaited before using its properties. Learn more: https://nextjs.org/docs/messages/sync-dynamic-apis
    at GET (app/api/uploads/session/[sessionId]/route.ts:30:30)
  28 |     userId = userId && userId !== '0' ? userId : null;
  29 |
> 30 |     const sessionId = params.sessionId;
     |                              ^
  31 |
  32 |     // Get session
  33 |     const sessionResult = await query(
 GET /api/uploads/session/d75f5089-ef0e-43c0-a70f-8bcdbdb55607 200 in 244ms
 POST /api/uploads/approve 200 in 128ms
 GET /admin/approvals 200 in 160ms
 GET /api/uploads/purchase?status=pending 200 in 127ms
 GET /api/uploads/purchase?status=pending 200 in 242ms
 GET /api/uploads/inventory?status=pending 401 in 192ms
 GET /api/uploads/inventory?status=pending 401 in 127ms
 GET /purchases/upload 200 in 138ms
Detected Marg ERP format: 1 items
 POST /api/uploads/purchase 200 in 136ms
 GET /admin/approvals 200 in 123ms
 GET /api/uploads/purchase?status=pending 200 in 134ms
 GET /api/uploads/purchase?status=pending 200 in 233ms
 GET /api/uploads/inventory?status=pending 401 in 186ms
 GET /api/uploads/inventory?status=pending 401 in 130ms
 GET /admin/approvals/5b23aa25-219d-46b7-9052-081cd3974a0b 200 in 162ms
Error: Route "/api/uploads/session/[sessionId]" used `params.sessionId`. `params` should be awaited before using its properties. Learn more: https://nextjs.org/docs/messages/sync-dynamic-apis
    at GET (app/api/uploads/session/[sessionId]/route.ts:30:30)
  28 |     userId = userId && userId !== '0' ? userId : null;
  29 |
> 30 |     const sessionId = params.sessionId;
     |                              ^
  31 |
  32 |     // Get session
  33 |     const sessionResult = await query(
 GET /api/uploads/session/5b23aa25-219d-46b7-9052-081cd3974a0b 200 in 308ms
Error: Route "/api/uploads/session/[sessionId]" used `params.sessionId`. `params` should be awaited before using its properties. Learn more: https://nextjs.org/docs/messages/sync-dynamic-apis
    at GET (app/api/uploads/session/[sessionId]/route.ts:30:30)
  28 |     userId = userId && userId !== '0' ? userId : null;
  29 |
> 30 |     const sessionId = params.sessionId;
     |                              ^
  31 |
  32 |     // Get session
  33 |     const sessionResult = await query(
 GET /api/uploads/session/5b23aa25-219d-46b7-9052-081cd3974a0b 200 in 251ms
 POST /api/uploads/approve 200 in 157ms
 GET /admin/approvals 200 in 146ms
 GET /api/uploads/purchase?status=pending 200 in 124ms
 GET /api/uploads/purchase?status=pending 200 in 244ms
 GET /api/uploads/inventory?status=pending 401 in 196ms
 GET /api/uploads/inventory?status=pending 401 in 144ms
 GET /purchases/upload 200 in 127ms
Detected Marg ERP format: 151 items
Slow query detected (103ms): SELECT id FROM products WHERE sku = $1 OR name = $2 LIMIT 1
 POST /api/uploads/purchase 200 in 1091ms
 GET /admin/approvals 200 in 161ms
 GET /api/uploads/purchase?status=pending 200 in 143ms
 GET /api/uploads/purchase?status=pending 200 in 249ms
 GET /api/uploads/inventory?status=pending 401 in 200ms
 GET /api/uploads/inventory?status=pending 401 in 133ms
 GET /admin/approvals/b8154854-7cd0-4b03-9f1d-4816fb4b3379 200 in 177ms
Error: Route "/api/uploads/session/[sessionId]" used `params.sessionId`. `params` should be awaited before using its properties. Learn more: https://nextjs.org/docs/messages/sync-dynamic-apis
    at GET (app/api/uploads/session/[sessionId]/route.ts:30:30)
  28 |     userId = userId && userId !== '0' ? userId : null;
  29 |
> 30 |     const sessionId = params.sessionId;
     |                              ^
  31 |
  32 |     // Get session
  33 |     const sessionResult = await query(
 GET /api/uploads/session/b8154854-7cd0-4b03-9f1d-4816fb4b3379 200 in 284ms
Error: Route "/api/uploads/session/[sessionId]" used `params.sessionId`. `params` should be awaited before using its properties. Learn more: https://nextjs.org/docs/messages/sync-dynamic-apis
    at GET (app/api/uploads/session/[sessionId]/route.ts:30:30)
  28 |     userId = userId && userId !== '0' ? userId : null;
  29 |
> 30 |     const sessionId = params.sessionId;
     |                              ^
  31 |
  32 |     // Get session
  33 |     const sessionResult = await query(
 GET /api/uploads/session/b8154854-7cd0-4b03-9f1d-4816fb4b3379 200 in 270ms
 POST /api/uploads/approve 200 in 317ms
 GET /admin/approvals 200 in 141ms
 GET /api/uploads/purchase?status=pending 200 in 307ms
 GET /api/uploads/purchase?status=pending 200 in 235ms
 GET /api/uploads/inventory?status=pending 401 in 198ms
 GET /api/uploads/inventory?status=pending 401 in 92ms
 GET /purchases/upload 200 in 119ms
Detected Marg ERP format: 104 items
 POST /api/uploads/purchase 200 in 662ms
 GET /admin/approvals 200 in 118ms
 GET /api/uploads/purchase?status=pending 200 in 151ms
 GET /api/uploads/purchase?status=pending 200 in 223ms
 GET /api/uploads/inventory?status=pending 401 in 191ms
 GET /api/uploads/inventory?status=pending 401 in 122ms
 GET /admin/approvals/3a25fee1-737a-4d61-9bd1-dfff845c4f31 200 in 150ms
Error: Route "/api/uploads/session/[sessionId]" used `params.sessionId`. `params` should be awaited before using its properties. Learn more: https://nextjs.org/docs/messages/sync-dynamic-apis
    at GET (app/api/uploads/session/[sessionId]/route.ts:30:30)
  28 |     userId = userId && userId !== '0' ? userId : null;
  29 |
> 30 |     const sessionId = params.sessionId;
     |                              ^
  31 |
  32 |     // Get session
  33 |     const sessionResult = await query(
 GET /api/uploads/session/3a25fee1-737a-4d61-9bd1-dfff845c4f31 200 in 268ms
Error: Route "/api/uploads/session/[sessionId]" used `params.sessionId`. `params` should be awaited before using its properties. Learn more: https://nextjs.org/docs/messages/sync-dynamic-apis
    at GET (app/api/uploads/session/[sessionId]/route.ts:30:30)
  28 |     userId = userId && userId !== '0' ? userId : null;
  29 |
> 30 |     const sessionId = params.sessionId;
     |                              ^
  31 |
  32 |     // Get session
  33 |     const sessionResult = await query(
 GET /api/uploads/session/3a25fee1-737a-4d61-9bd1-dfff845c4f31 200 in 526ms
 POST /api/uploads/approve 200 in 250ms
 GET /admin/approvals 200 in 132ms
 GET /api/uploads/purchase?status=pending 200 in 144ms
 GET /api/uploads/purchase?status=pending 200 in 235ms
 GET /api/uploads/inventory?status=pending 401 in 192ms
 GET /api/uploads/inventory?status=pending 401 in 115ms
 GET /purchases/upload 200 in 119ms
Detected Marg ERP format: 8 items
 POST /api/uploads/purchase 200 in 169ms
 GET /admin/approvals 200 in 108ms
 GET /api/uploads/purchase?status=pending 200 in 139ms
 GET /api/uploads/purchase?status=pending 200 in 251ms
 GET /api/uploads/inventory?status=pending 401 in 201ms
 GET /api/uploads/inventory?status=pending 401 in 123ms
 GET /admin/approvals/88a38179-7971-406a-873a-1064b9f02e58 200 in 153ms
Error: Route "/api/uploads/session/[sessionId]" used `params.sessionId`. `params` should be awaited before using its properties. Learn more: https://nextjs.org/docs/messages/sync-dynamic-apis
    at GET (app/api/uploads/session/[sessionId]/route.ts:30:30)
  28 |     userId = userId && userId !== '0' ? userId : null;
  29 |
> 30 |     const sessionId = params.sessionId;
     |                              ^
  31 |
  32 |     // Get session
  33 |     const sessionResult = await query(
 GET /api/uploads/session/88a38179-7971-406a-873a-1064b9f02e58 200 in 272ms
Error: Route "/api/uploads/session/[sessionId]" used `params.sessionId`. `params` should be awaited before using its properties. Learn more: https://nextjs.org/docs/messages/sync-dynamic-apis
    at GET (app/api/uploads/session/[sessionId]/route.ts:30:30)
  28 |     userId = userId && userId !== '0' ? userId : null;
  29 |
> 30 |     const sessionId = params.sessionId;
     |                              ^
  31 |
  32 |     // Get session
  33 |     const sessionResult = await query(
 GET /api/uploads/session/88a38179-7971-406a-873a-1064b9f02e58 200 in 256ms
 POST /api/uploads/approve 200 in 138ms
 GET /admin/approvals 200 in 121ms
 GET /api/uploads/purchase?status=pending 200 in 145ms
 GET /api/uploads/purchase?status=pending 200 in 263ms
 GET /api/uploads/inventory?status=pending 401 in 215ms
 GET /api/uploads/inventory?status=pending 401 in 118ms
 GET /purchases/upload 200 in 204ms
Detected Marg ERP format: 173 items
 POST /api/uploads/purchase 200 in 870ms
 GET /admin/approvals 200 in 147ms
 GET /api/uploads/purchase?status=pending 200 in 169ms
 GET /api/uploads/purchase?status=pending 200 in 239ms
 GET /api/uploads/inventory?status=pending 401 in 197ms
 GET /api/uploads/inventory?status=pending 401 in 127ms
 GET /admin/approvals/f17e89e6-1336-4cf5-b035-b4253bf1402d 200 in 162ms
Error: Route "/api/uploads/session/[sessionId]" used `params.sessionId`. `params` should be awaited before using its properties. Learn more: https://nextjs.org/docs/messages/sync-dynamic-apis
    at GET (app/api/uploads/session/[sessionId]/route.ts:30:30)
  28 |     userId = userId && userId !== '0' ? userId : null;
  29 |
> 30 |     const sessionId = params.sessionId;
     |                              ^
  31 |
  32 |     // Get session
  33 |     const sessionResult = await query(
 GET /api/uploads/session/f17e89e6-1336-4cf5-b035-b4253bf1402d 200 in 297ms
Error: Route "/api/uploads/session/[sessionId]" used `params.sessionId`. `params` should be awaited before using its properties. Learn more: https://nextjs.org/docs/messages/sync-dynamic-apis
    at GET (app/api/uploads/session/[sessionId]/route.ts:30:30)
  28 |     userId = userId && userId !== '0' ? userId : null;
  29 |
> 30 |     const sessionId = params.sessionId;
     |                              ^
  31 |
  32 |     // Get session
  33 |     const sessionResult = await query(
 GET /api/uploads/session/f17e89e6-1336-4cf5-b035-b4253bf1402d 200 in 278ms
 POST /api/uploads/approve 200 in 361ms
 GET /admin/approvals 200 in 118ms
 GET /api/uploads/purchase?status=pending 200 in 196ms
 GET /api/uploads/purchase?status=pending 200 in 568ms
 GET /api/uploads/inventory?status=pending 401 in 485ms
 GET /api/uploads/inventory?status=pending 401 in 97ms
 GET /purchases/upload 200 in 149ms
Detected Marg ERP format: 8 items
 POST /api/uploads/purchase 200 in 155ms
 GET /admin/approvals 200 in 125ms
 GET /api/uploads/purchase?status=pending 200 in 131ms
 GET /api/uploads/purchase?status=pending 200 in 258ms
 GET /api/uploads/inventory?status=pending 401 in 209ms
 GET /api/uploads/inventory?status=pending 401 in 128ms
 GET /admin/approvals/a7ab1d83-10ed-45f5-a857-0c69a15437ee 200 in 161ms
Error: Route "/api/uploads/session/[sessionId]" used `params.sessionId`. `params` should be awaited before using its properties. Learn more: https://nextjs.org/docs/messages/sync-dynamic-apis
    at GET (app/api/uploads/session/[sessionId]/route.ts:30:30)
  28 |     userId = userId && userId !== '0' ? userId : null;
  29 |
> 30 |     const sessionId = params.sessionId;
     |                              ^
  31 |
  32 |     // Get session
  33 |     const sessionResult = await query(
 GET /api/uploads/session/a7ab1d83-10ed-45f5-a857-0c69a15437ee 200 in 259ms
Error: Route "/api/uploads/session/[sessionId]" used `params.sessionId`. `params` should be awaited before using its properties. Learn more: https://nextjs.org/docs/messages/sync-dynamic-apis
    at GET (app/api/uploads/session/[sessionId]/route.ts:30:30)
  28 |     userId = userId && userId !== '0' ? userId : null;
  29 |
> 30 |     const sessionId = params.sessionId;
     |                              ^
  31 |
  32 |     // Get session
  33 |     const sessionResult = await query(
 GET /api/uploads/session/a7ab1d83-10ed-45f5-a857-0c69a15437ee 200 in 254ms
 POST /api/uploads/approve 200 in 153ms
 GET /admin/approvals 200 in 140ms
 GET /api/uploads/purchase?status=pending 200 in 136ms
 GET /api/uploads/purchase?status=pending 200 in 246ms
 GET /api/uploads/inventory?status=pending 401 in 206ms
 GET /api/uploads/inventory?status=pending 401 in 144ms
 ○ Compiling /purchases/orders ...
 ✓ Compiled /purchases/orders in 3s (1983 modules)
 GET /purchases/orders 200 in 3319ms
 ⚠ Fast Refresh had to perform a full reload due to a runtime error.
 GET /inventory 200 in 729ms
 GET /purchases/orders 200 in 193ms
 ○ Compiling /purchases/history ...
 ✓ Compiled /purchases/history in 693ms (1919 modules)
 GET /purchases/history 200 in 950ms
 ⚠ Fast Refresh had to perform a full reload due to a runtime error.
 GET /inventory 200 in 581ms
 ○ Compiling /inventory/stock ...
 ✓ Compiled /inventory/stock in 2.7s (1978 modules)
 GET /inventory/stock 200 in 2931ms
 ⚠ Fast Refresh had to perform a full reload due to a runtime error.
 GET /inventory 200 in 456ms
 ✓ Compiled in 1323ms (1121 modules)
 ⚠ Fast Refresh had to perform a full reload due to a runtime error.
 GET /inventory 200 in 549ms
 GET /inventory/stock 200 in 549ms
 ✓ Compiled in 623ms (1121 modules)
 ⚠ Fast Refresh had to perform a full reload due to a runtime error.
 GET /inventory 200 in 418ms
 GET /inventory/stock 200 in 420ms
 ○ Compiling /customers ...
 ✓ Compiled /customers in 941ms (851 modules)
 GET /customers 200 in 1268ms
 ○ Compiling /api/customers ...
 ✓ Compiled /api/customers in 956ms (869 modules)
Customers API error: Error: No authentication token provided
    at GET (app/api/customers/route.ts:23:13)
  21 |     
  22 |     if (!res.ok) {
> 23 |       throw new Error(data.error || 'Failed to fetch customers');
     |             ^
  24 |     }
  25 |
  26 |     return NextResponse.json({
 GET /api/customers 500 in 1300ms
 ✓ Compiled in 2.8s (1121 modules)
 ⚠ Fast Refresh had to perform a full reload due to a runtime error.
 GET /customers 200 in 1252ms
 GET /inventory 200 in 1258ms
 ✓ Compiled in 1510ms (1121 modules)
 ⚠ Fast Refresh had to perform a full reload due to a runtime error.
 GET /customers 200 in 649ms
 GET /inventory 200 in 655ms
 ✓ Compiled in 1943ms (1121 modules)
 ⚠ Fast Refresh had to perform a full reload due to a runtime error.
 GET /customers 200 in 572ms
 GET /inventory 200 in 576ms
 ✓ Compiled in 853ms (1121 modules)
 ⚠ Fast Refresh had to perform a full reload due to a runtime error.
 GET /inventory 200 in 593ms
 GET /customers 200 in 597ms
 ✓ Compiled in 816ms (1121 modules)
 ⚠ Fast Refresh had to perform a full reload due to a runtime error.
 ✓ Compiled in 1330ms (1121 modules)
 GET /customers 200 in 941ms
 GET /inventory 200 in 943ms
 GET /customers 200 in 235ms
 ✓ Compiled in 1501ms (1121 modules)
 GET /customers 200 in 180ms
 ✓ Compiled in 866ms (1121 modules)
 GET /customers 200 in 260ms
 ✓ Compiled in 694ms (1121 modules)
 GET /customers 200 in 184ms
 ✓ Compiled in 676ms (1121 modules)
 GET /customers 200 in 220ms
 ✓ Compiled in 1530ms (1121 modules)
 GET /customers 200 in 205ms
 ✓ Compiled in 879ms (1121 modules)
 GET /customers 200 in 198ms
 ✓ Compiled in 847ms (1121 modules)
 GET /customers 200 in 197ms
 ✓ Compiled in 963ms (1121 modules)
 GET /customers 200 in 238ms
 ✓ Compiled in 1784ms (1121 modules)
 GET /customers 200 in 218ms
 ✓ Compiled in 912ms (1121 modules)
 GET /customers 200 in 210ms
 ✓ Compiled in 628ms (1121 modules)
 GET /customers 200 in 192ms
 ✓ Compiled in 1775ms (1121 modules)
 ⚠ Fast Refresh had to perform a full reload due to a runtime error.
 GET /customers 200 in 751ms
 GET /inventory 200 in 754ms
 ✓ Compiled in 773ms (1121 modules)
 ⚠ Fast Refresh had to perform a full reload due to a runtime error.
 GET /customers 200 in 575ms
 GET /inventory 200 in 581ms
 ✓ Compiled in 705ms (1121 modules)
 ⚠ Fast Refresh had to perform a full reload due to a runtime error.
 GET /inventory 200 in 475ms
 GET /customers 200 in 477ms
 ✓ Compiled in 1696ms (1121 modules)
 ⚠ Fast Refresh had to perform a full reload due to a runtime error.
 GET /customers 200 in 603ms
 GET /inventory 200 in 604ms
 ✓ Compiled in 964ms (1121 modules)
 ⚠ Fast Refresh had to perform a full reload due to a runtime error.
 GET /customers 200 in 618ms
 GET /inventory 200 in 627ms
 ✓ Compiled in 772ms (1121 modules)
 ⚠ Fast Refresh had to perform a full reload due to a runtime error.
 GET /customers 200 in 538ms
 GET /inventory 200 in 538ms
 ✓ Compiled in 1696ms (1121 modules)
 ⚠ Fast Refresh had to perform a full reload due to a runtime error.
 GET /customers 200 in 686ms
 GET /inventory 200 in 687ms
 ✓ Compiled in 903ms (1121 modules)
 ⚠ Fast Refresh had to perform a full reload due to a runtime error.
 GET /customers 200 in 479ms
 GET /inventory 200 in 481ms
 ✓ Compiled in 857ms (1121 modules)
 ⚠ Fast Refresh had to perform a full reload due to a runtime error.
 GET /customers 200 in 479ms
 GET /inventory 200 in 481ms
 GET /customers 200 in 273ms
Customers API error: Error: No authentication token provided
    at GET (app/api/customers/route.ts:23:13)
  21 |     
  22 |     if (!res.ok) {
> 23 |       throw new Error(data.error || 'Failed to fetch customers');
     |             ^
  24 |     }
  25 |
  26 |     return NextResponse.json({
 GET /api/customers 500 in 275ms
 GET /inventory 200 in 225ms
 ✓ Compiled in 3.1s (1960 modules)
 ⚠ Fast Refresh had to perform a full reload due to a runtime error.
 ○ Compiling /api/customers ...
 GET /inventory 200 in 1024ms
 ✓ Compiled /api/customers in 1174ms (857 modules)
Customers API error: Error: No authentication token provided
    at GET (app/api/customers/route.ts:23:13)
  21 |     
  22 |     if (!res.ok) {
> 23 |       throw new Error(data.error || 'Failed to fetch customers');
     |             ^
  24 |     }
  25 |
  26 |     return NextResponse.json({
 GET /api/customers 500 in 2247ms
 GET /customers 200 in 2334ms
 GET /customers 200 in 811ms
Customers API error: Error: No authentication token provided
    at GET (app/api/customers/route.ts:23:13)
  21 |     
  22 |     if (!res.ok) {
> 23 |       throw new Error(data.error || 'Failed to fetch customers');
     |             ^
  24 |     }
  25 |
  26 |     return NextResponse.json({
 GET /api/customers 500 in 415ms
 GET /customers 200 in 731ms
 GET /inventory 200 in 746ms
 ⚠ Fast Refresh had to perform a full reload due to a runtime error.
 ⚠ Fast Refresh had to perform a full reload due to a runtime error.
 ✓ Compiled in 5.6s (2137 modules)
 GET /inventory 200 in 4744ms
 ✓ Compiled in 630ms (1121 modules)
 ⚠ Fast Refresh had to perform a full reload due to a runtime error.
 GET /inventory 200 in 474ms
 ✓ Compiled in 496ms (1121 modules)
 ⚠ Fast Refresh had to perform a full reload due to a runtime error.
 GET /inventory 200 in 436ms
 ✓ Compiled in 744ms (1121 modules)
 GET /inventory 200 in 461ms
 ⚠ Fast Refresh had to perform a full reload due to a runtime error.
 ✓ Compiled in 1786ms (1121 modules)
 GET /inventory 200 in 1428ms
 ✓ Compiled in 1575ms (1121 modules)
 ✓ Compiled in 668ms (1121 modules)
 ✓ Compiled in 2.7s (1121 modules)
 ✓ Compiled in 1775ms (1121 modules)
 ✓ Compiled in 665ms (1121 modules)
 GET /customers 200 in 543ms
Customers API error: Error: No authentication token provided
    at GET (app/api/customers/route.ts:23:13)
  21 |     
  22 |     if (!res.ok) {
> 23 |       throw new Error(data.error || 'Failed to fetch customers');
     |             ^
  24 |     }
  25 |
  26 |     return NextResponse.json({
 GET /api/customers 500 in 370ms
 ✓ Compiled in 661ms (1121 modules)
 GET /customers 200 in 234ms
 ✓ Compiled in 641ms (1121 modules)
 GET /customers 200 in 178ms
 ✓ Compiled in 535ms (1121 modules)
 GET /customers 200 in 142ms
 ✓ Compiled in 689ms (1121 modules)
 GET /customers 200 in 173ms
 ✓ Compiled in 5.8s (1978 modules)
 GET /customers 200 in 253ms
 ✓ Compiled /api/customers in 2.2s (1960 modules)
 ✓ Compiled in 2ms (857 modules)
Customers API error: Error: No authentication token provided
    at GET (app/api/customers/route.ts:23:13)
  21 |     
  22 |     if (!res.ok) {
> 23 |       throw new Error(data.error || 'Failed to fetch customers');
     |             ^
  24 |     }
  25 |
  26 |     return NextResponse.json({
 GET /api/customers 500 in 2226ms
 GET /customers 200 in 1609ms
