
> homeopathy-business-platform@0.2.0 dev
> turbo run dev --parallel

turbo 2.5.8

• Packages in scope: @yeelo/ai-service, @yeelo/api-express, @yeelo/api-fastify, @yeelo/api-gateway, @yeelo/api-nest, @yeelo/auth-service, @yeelo/graphql-gateway, @yeelo/kafka-events, @yeelo/shared-db, @yeelo/shared-kafka, outbox-worker
• Running dev in 11 packages
• Remote caching disabled
@yeelo/api-nest:dev: cache bypass, force executing 86785f16e07a060e
@yeelo/graphql-gateway:dev: cache bypass, force executing ad8315c66ccb6afe
@yeelo/auth-service:dev: cache bypass, force executing b5cd8a959b1584db
@yeelo/api-express:dev: cache bypass, force executing 310fa053b2db4928
@yeelo/api-gateway:dev: cache bypass, force executing 7ac728c076eadb4e
@yeelo/shared-kafka:dev: cache bypass, force executing b83b709c37f87576
@yeelo/kafka-events:dev: cache bypass, force executing 510d15d26ef928c9
@yeelo/api-fastify:dev: cache bypass, force executing bf54b2db9e25a093
@yeelo/ai-service:dev: cache bypass, force executing feed1230e2a9f189
@yeelo/graphql-gateway:dev: 
@yeelo/graphql-gateway:dev: > @yeelo/graphql-gateway@1.0.0 dev
@yeelo/graphql-gateway:dev: > ts-node-dev --respawn --transpile-only src/index.ts
@yeelo/graphql-gateway:dev: 
@yeelo/api-gateway:dev: 
@yeelo/api-gateway:dev: > @yeelo/api-gateway@1.0.0 dev
@yeelo/api-gateway:dev: > ts-node-dev --respawn --transpile-only src/index.ts
@yeelo/api-gateway:dev: 
@yeelo/shared-kafka:dev: 
@yeelo/shared-kafka:dev: > @yeelo/shared-kafka@1.0.0 dev
@yeelo/shared-kafka:dev: > tsc --watch
@yeelo/shared-kafka:dev: 
@yeelo/api-nest:dev: 
@yeelo/api-nest:dev: > @yeelo/api-nest@1.0.0 dev
@yeelo/api-nest:dev: > nest start --watch
@yeelo/api-nest:dev: 
@yeelo/api-fastify:dev: 
@yeelo/api-fastify:dev: > @yeelo/api-fastify@1.0.0 dev
@yeelo/api-fastify:dev: > ts-node-dev --respawn --transpile-only src/index.ts
@yeelo/api-fastify:dev: 
@yeelo/auth-service:dev: 
@yeelo/auth-service:dev: > @yeelo/auth-service@1.0.0 dev
@yeelo/auth-service:dev: > ts-node-dev --respawn --transpile-only src/index.ts
@yeelo/auth-service:dev: 
@yeelo/kafka-events:dev: 
@yeelo/kafka-events:dev: > @yeelo/kafka-events@1.0.0 dev
@yeelo/kafka-events:dev: > ts-node-dev --respawn --transpile-only src/index.ts
@yeelo/kafka-events:dev: 
@yeelo/api-express:dev: 
@yeelo/api-express:dev: > @yeelo/api-express@1.0.0 dev
@yeelo/api-express:dev: > nodemon src/index.js
@yeelo/api-express:dev: 
@yeelo/ai-service:dev: 
@yeelo/ai-service:dev: > @yeelo/ai-service@1.0.0 dev
@yeelo/ai-service:dev: > ./venv/bin/python main.py
@yeelo/ai-service:dev: 
@yeelo/shared-kafka:dev: [2J[3J[H10:48:18 PM - Starting compilation in watch mode...
@yeelo/shared-kafka:dev: 
@yeelo/api-express:dev: [33m[nodemon] 3.1.10[39m
@yeelo/api-express:dev: [33m[nodemon] to restart at any time, enter `rs`[39m
@yeelo/api-express:dev: [33m[nodemon] watching path(s): *.*[39m
@yeelo/api-express:dev: [33m[nodemon] watching extensions: js,mjs,cjs,json[39m
@yeelo/api-express:dev: [32m[nodemon] starting `node src/index.js`[39m
@yeelo/kafka-events:dev: [INFO] 22:48:19 ts-node-dev ver. 2.0.0 (using ts-node ver. 10.9.2, typescript ver. 5.9.3)
@yeelo/auth-service:dev: [INFO] 22:48:19 ts-node-dev ver. 2.0.0 (using ts-node ver. 10.9.2, typescript ver. 5.9.3)
@yeelo/api-fastify:dev: [INFO] 22:48:19 ts-node-dev ver. 2.0.0 (using ts-node ver. 10.9.2, typescript ver. 5.9.3)
@yeelo/api-gateway:dev: [INFO] 22:48:19 ts-node-dev ver. 2.0.0 (using ts-node ver. 10.9.2, typescript ver. 5.9.3)
@yeelo/graphql-gateway:dev: [INFO] 22:48:19 ts-node-dev ver. 2.0.0 (using ts-node ver. 10.9.2, typescript ver. 5.9.3)
@yeelo/kafka-events:dev: Error: Cannot find module '/var/www/homeopathy-business-platform/services/kafka-events/src/consumer' imported from /var/www/homeopathy-business-platform/services/kafka-events/src/index.ts
@yeelo/kafka-events:dev:     at finalizeResolution (node:internal/modules/esm/resolve:274:11)
@yeelo/kafka-events:dev:     at moduleResolve (node:internal/modules/esm/resolve:859:10)
@yeelo/kafka-events:dev:     at defaultResolve (node:internal/modules/esm/resolve:983:11)
@yeelo/kafka-events:dev:     at ModuleLoader.defaultResolve (node:internal/modules/esm/loader:783:12)
@yeelo/kafka-events:dev:     at ModuleLoader.#cachedDefaultResolve (node:internal/modules/esm/loader:707:25)
@yeelo/kafka-events:dev:     at ModuleLoader.#resolveAndMaybeBlockOnLoaderThread (node:internal/modules/esm/loader:742:38)
@yeelo/kafka-events:dev:     at ModuleLoader.resolveSync (node:internal/modules/esm/loader:765:52)
@yeelo/kafka-events:dev:     at ModuleLoader.#cachedResolveSync (node:internal/modules/esm/loader:726:25)
@yeelo/kafka-events:dev:     at ModuleLoader.getModuleJobForRequire (node:internal/modules/esm/loader:453:50)
@yeelo/kafka-events:dev:     at new ModuleJobSync (node:internal/modules/esm/module_job:393:34)
@yeelo/kafka-events:dev: [ERROR] 22:48:19 Error: Cannot find module '/var/www/homeopathy-business-platform/services/kafka-events/src/consumer' imported from /var/www/homeopathy-business-platform/services/kafka-events/src/index.ts
@yeelo/api-express:dev: 🚀 Express API running on port 3013
@yeelo/api-express:dev: 📚 Swagger docs available at http://localhost:3013/api-docs
@yeelo/api-gateway:dev: [HPM] Proxy created: /  -> http://api-nest:3001
@yeelo/api-gateway:dev: [HPM] Proxy rewrite rule created: "^/api/auth" ~> ""
@yeelo/api-gateway:dev: [HPM] Proxy created: /  -> http://api-fastify:3002
@yeelo/api-gateway:dev: [HPM] Proxy rewrite rule created: "^/api/orders" ~> ""
@yeelo/api-gateway:dev: [HPM] Proxy created: /  -> http://api-express:3003
@yeelo/api-gateway:dev: [HPM] Proxy rewrite rule created: "^/api/campaigns" ~> ""
@yeelo/api-gateway:dev: [HPM] Proxy created: /  -> http://ai-service:8001
@yeelo/api-gateway:dev: [HPM] Proxy rewrite rule created: "^/api/ai" ~> ""
@yeelo/api-gateway:dev: [HPM] Proxy created: /  -> http://api-golang:3004
@yeelo/api-gateway:dev: [HPM] Proxy rewrite rule created: "^/api/analytics" ~> ""
@yeelo/api-gateway:dev: [API Gateway] Server running on port 3000
@yeelo/api-gateway:dev: [API Gateway] Environment: development
@yeelo/api-gateway:dev: [API Gateway] Services configured: [ 'auth', 'orders', 'campaigns', 'ai', 'analytics' ]
@yeelo/api-nest:dev: [2J[3J[H[[90m10:48:21 PM[0m] Starting compilation in watch mode...
@yeelo/api-nest:dev: 
@yeelo/graphql-gateway:dev: [GraphQL] Listening on :4000
@yeelo/auth-service:dev: [Auth Service] Server running on port 3001
@yeelo/api-fastify:dev: prisma:info Starting a postgresql pool with 9 connections.
@yeelo/api-fastify:dev: [22:48:21.950] [31mERROR[39m (116210): [36mCan't reach database server at `localhost:5433`
@yeelo/api-fastify:dev: 
@yeelo/api-fastify:dev: Please make sure your database server is running at `localhost:5433`.[39m
@yeelo/api-fastify:dev:     err: {
@yeelo/api-fastify:dev:       "type": "PrismaClientInitializationError",
@yeelo/api-fastify:dev:       "message": "Can't reach database server at `localhost:5433`\n\nPlease make sure your database server is running at `localhost:5433`.",
@yeelo/api-fastify:dev:       "stack":
@yeelo/api-fastify:dev:           PrismaClientInitializationError: Can't reach database server at `localhost:5433`
@yeelo/api-fastify:dev:           
@yeelo/api-fastify:dev:           Please make sure your database server is running at `localhost:5433`.
@yeelo/api-fastify:dev:               at t (/var/www/homeopathy-business-platform/packages/shared-db/generated/client/runtime/library.js:112:2488)
@yeelo/api-fastify:dev:               at registerPrisma (/var/www/homeopathy-business-platform/services/api-fastify/src/plugins/prisma.ts:17:3)
@yeelo/api-fastify:dev:       "name": "PrismaClientInitializationError",
@yeelo/api-fastify:dev:       "clientVersion": "5.22.0",
@yeelo/api-fastify:dev:       "errorCode": "P1001"
@yeelo/api-fastify:dev:     }
@yeelo/shared-kafka:dev: 
@yeelo/shared-kafka:dev: 10:48:24 PM - Found 0 errors. Watching for file changes.
@yeelo/api-nest:dev: [[90m10:48:26 PM[0m] Found 0 errors. Watching for file changes.
@yeelo/api-nest:dev: 
@yeelo/api-nest:dev: {"level":"WARN","timestamp":"2025-10-22T17:18:27.667Z","logger":"kafkajs","message":"KafkaJS v2.0.0 switched default partitioner. To retain the same partitioning behavior as in previous versions, create the producer with the option \"createPartitioner: Partitioners.LegacyPartitioner\". See the migration guide at https://kafka.js.org/docs/migration-guide-v2.0.0#producer-new-default-partitioner for details. Silence this warning by setting the environment variable \"KAFKAJS_NO_PARTITIONER_WARNING=1\""}
@yeelo/api-nest:dev: {"level":"WARN","timestamp":"2025-10-22T17:18:27.669Z","logger":"kafkajs","message":"[Producer] Limiting retries for the idempotent producer may invalidate EoS guarantees"}
@yeelo/api-nest:dev: [31m[Nest] 116661  - [39m10/22/2025, 10:48:28 PM [31m  ERROR[39m [38;5;3m[PackageLoader] [39m[31mNo driver (HTTP) has been selected. In order to take advantage of the default driver, please, ensure to install the "@nestjs/platform-express" package ($ npm install @nestjs/platform-express).[39m
@yeelo/api-express:dev: [32m[nodemon] restarting due to changes...[39m
@yeelo/api-express:dev: [32m[nodemon] restarting due to changes...[39m
@yeelo/api-express:dev: [32m[nodemon] starting `node src/index.js`[39m
@yeelo/api-fastify:dev: [INFO] 23:42:35 Restarting: /var/www/homeopathy-business-platform/services/api-fastify/src/index.ts has been modified
@yeelo/kafka-events:dev: [INFO] 23:42:35 Restarting: /var/www/homeopathy-business-platform/services/kafka-events/src/index.ts has been modified
@yeelo/api-nest:dev: [2J[3J[H[[90m11:42:35 PM[0m] File change detected. Starting incremental compilation...
@yeelo/api-nest:dev: 
@yeelo/kafka-events:dev: Error: Cannot find module '/var/www/homeopathy-business-platform/services/kafka-events/src/consumer' imported from /var/www/homeopathy-business-platform/services/kafka-events/src/index.ts
@yeelo/kafka-events:dev:     at finalizeResolution (node:internal/modules/esm/resolve:274:11)
@yeelo/kafka-events:dev:     at moduleResolve (node:internal/modules/esm/resolve:859:10)
@yeelo/kafka-events:dev:     at defaultResolve (node:internal/modules/esm/resolve:983:11)
@yeelo/kafka-events:dev:     at ModuleLoader.defaultResolve (node:internal/modules/esm/loader:783:12)
@yeelo/kafka-events:dev:     at ModuleLoader.#cachedDefaultResolve (node:internal/modules/esm/loader:707:25)
@yeelo/kafka-events:dev:     at ModuleLoader.#resolveAndMaybeBlockOnLoaderThread (node:internal/modules/esm/loader:742:38)
@yeelo/kafka-events:dev:     at ModuleLoader.resolveSync (node:internal/modules/esm/loader:765:52)
@yeelo/kafka-events:dev:     at ModuleLoader.#cachedResolveSync (node:internal/modules/esm/loader:726:25)
@yeelo/kafka-events:dev:     at ModuleLoader.getModuleJobForRequire (node:internal/modules/esm/loader:453:50)
@yeelo/kafka-events:dev:     at new ModuleJobSync (node:internal/modules/esm/module_job:393:34)
@yeelo/kafka-events:dev: [ERROR] 23:42:35 Error: Cannot find module '/var/www/homeopathy-business-platform/services/kafka-events/src/consumer' imported from /var/www/homeopathy-business-platform/services/kafka-events/src/index.ts
@yeelo/api-nest:dev: [[90m11:42:36 PM[0m] Found 0 errors. Watching for file changes.
@yeelo/api-nest:dev: 
@yeelo/api-express:dev:  Express API running on port 3013
@yeelo/api-express:dev:  Swagger docs available at http://localhost:3013/api-docs
@yeelo/api-fastify:dev: prisma:info Starting a postgresql pool with 9 connections.
@yeelo/api-fastify:dev: [23:42:37.285] [31mERROR[39m (154488): [36mCan't reach database server at `localhost:5433`
@yeelo/api-fastify:dev: 
@yeelo/api-fastify:dev: Please make sure your database server is running at `localhost:5433`.[39m
@yeelo/api-fastify:dev:     err: {
@yeelo/api-fastify:dev:       "type": "PrismaClientInitializationError",
@yeelo/api-fastify:dev:       "message": "Can't reach database server at `localhost:5433`\n\nPlease make sure your database server is running at `localhost:5433`.",
@yeelo/api-fastify:dev:       "stack":
@yeelo/api-fastify:dev:           PrismaClientInitializationError: Can't reach database server at `localhost:5433`
@yeelo/api-fastify:dev:           
@yeelo/api-fastify:dev:           Please make sure your database server is running at `localhost:5433`.
@yeelo/api-fastify:dev:               at t (/var/www/homeopathy-business-platform/packages/shared-db/generated/client/runtime/library.js:112:2488)
@yeelo/api-fastify:dev:               at registerPrisma (/var/www/homeopathy-business-platform/services/api-fastify/src/plugins/prisma.ts:17:3)
@yeelo/api-fastify:dev:       "name": "PrismaClientInitializationError",
@yeelo/api-fastify:dev:       "clientVersion": "5.22.0",
@yeelo/api-fastify:dev:       "errorCode": "P1001"
@yeelo/api-fastify:dev:     }
@yeelo/api-nest:dev: {"level":"WARN","timestamp":"2025-10-22T18:12:38.162Z","logger":"kafkajs","message":"KafkaJS v2.0.0 switched default partitioner. To retain the same partitioning behavior as in previous versions, create the producer with the option \"createPartitioner: Partitioners.LegacyPartitioner\". See the migration guide at https://kafka.js.org/docs/migration-guide-v2.0.0#producer-new-default-partitioner for details. Silence this warning by setting the environment variable \"KAFKAJS_NO_PARTITIONER_WARNING=1\""}
@yeelo/api-nest:dev: {"level":"WARN","timestamp":"2025-10-22T18:12:38.164Z","logger":"kafkajs","message":"[Producer] Limiting retries for the idempotent producer may invalidate EoS guarantees"}
@yeelo/api-nest:dev: [31m[Nest] 154544  - [39m10/22/2025, 11:42:39 PM [31m  ERROR[39m [38;5;3m[PackageLoader] [39m[31mNo driver (HTTP) has been selected. In order to take advantage of the default driver, please, ensure to install the "@nestjs/platform-express" package ($ npm install @nestjs/platform-express).[39m
