   ▲ Next.js 15.5.4
   - Environments: .env.local, .env

   Creating an optimized production build ...
Failed to compile.

./components/sales/hooks/useSaleSubmission.tsx
Module not found: Can't resolve '@/lib/services/whatsapp'

https://nextjs.org/docs/messages/module-not-found

Import trace for requested module:
./components/sales/useCreateSale.tsx
./components/sales/CreateSaleDialog.tsx
./app/sales/page.tsx

./app/api/auth/logout/route.ts
Module parse failed: Identifier 'NextResponse' has already been declared (17:13)
File was processed with these loaders:
 * ./node_modules/next/dist/build/webpack/loaders/next-flight-loader/index.js
 * ./node_modules/next/dist/build/webpack/loaders/next-swc-loader.js
You may need an additional loader to handle the result of these loaders.
|  * User logout API endpoint
|  * POST /api/auth/logout
>  */ import { NextResponse } from "next/server";
| import { logEvent } from "@/lib/database";
| export async function POST(request) {

Import trace for requested module:
./app/api/auth/logout/route.ts

./app/masters/ai/ai-action-templates/page.tsx
Error:   [31mx[0m 'const' declarations must be initialized
   ,-[[36;1;4m/var/www/homeopathy-business-platform/app/masters/ai/ai-action-templates/page.tsx[0m:4:1]
 [2m1[0m | import { Bot } from "lucide-react"
 [2m2[0m | import GenericMasterPage from "@/components/generic-master-page"
 [2m3[0m | 
 [2m4[0m | const aiaction-templatesConfig = {
   : [35;1m      ^^^^^^^^[0m
 [2m5[0m |   endpoint: 'ai-action-templates',
 [2m6[0m |   title: 'AI Action Templates',
 [2m7[0m |   description: 'Manage ai action templates for your ERP system',
   `----
  [31mx[0m Expected a semicolon
   ,-[[36;1;4m/var/www/homeopathy-business-platform/app/masters/ai/ai-action-templates/page.tsx[0m:4:1]
 [2m1[0m | import { Bot } from "lucide-react"
 [2m2[0m | import GenericMasterPage from "@/components/generic-master-page"
 [2m3[0m | 
 [2m4[0m | const aiaction-templatesConfig = {
   : [35;1m              ^[0m
 [2m5[0m |   endpoint: 'ai-action-templates',
 [2m6[0m |   title: 'AI Action Templates',
 [2m7[0m |   description: 'Manage ai action templates for your ERP system',
   `----
  [31mx[0m Expected ';', '}' or <eof>
   ,-[[36;1;4m/var/www/homeopathy-business-platform/app/masters/ai/ai-action-templates/page.tsx[0m:5:1]
 [2m2[0m |     import GenericMasterPage from "@/components/generic-master-page"
 [2m3[0m |     
 [2m4[0m |     const aiaction-templatesConfig = {
 [2m5[0m | [35;1m,[0m[35;1m-[0m[35;1m>[0m   endpoint: 'ai-action-templates',
 [2m6[0m | [35;1m|[0m[35;1m-[0m[35;1m>[0m   title: 'AI Action Templates',
   : [35;1m`[0m[35;1m---[0m[33;1m       ^[0m
   : [35;1m`[0m[35;1m---[0m[35;1m-[0m [35;1mThis is the expression part of an expression statement[0m
 [2m7[0m |       description: 'Manage ai action templates for your ERP system',
 [2m8[0m |       icon: <Bot className="w-8 h-8 text-blue-600" />,
 [2m9[0m |       tableColumns: [
   `----

Caused by:
    Syntax Error

Import trace for requested module:
./app/masters/ai/ai-action-templates/page.tsx

./app/masters/finance/gst-return-periods/page.tsx
Error:   [31mx[0m 'const' declarations must be initialized
   ,-[[36;1;4m/var/www/homeopathy-business-platform/app/masters/finance/gst-return-periods/page.tsx[0m:4:1]
 [2m1[0m | import { Calculator } from "lucide-react"
 [2m2[0m | import GenericMasterPage from "@/components/generic-master-page"
 [2m3[0m | 
 [2m4[0m | const gstreturn-periodsConfig = {
   : [35;1m      ^^^^^^^^^[0m
 [2m5[0m |   endpoint: 'gst-return-periods',
 [2m6[0m |   title: 'GST Return Periods',
 [2m7[0m |   description: 'Manage gst return periods for your ERP system',
   `----
  [31mx[0m Expected a semicolon
   ,-[[36;1;4m/var/www/homeopathy-business-platform/app/masters/finance/gst-return-periods/page.tsx[0m:4:1]
 [2m1[0m | import { Calculator } from "lucide-react"
 [2m2[0m | import GenericMasterPage from "@/components/generic-master-page"
 [2m3[0m | 
 [2m4[0m | const gstreturn-periodsConfig = {
   : [35;1m               ^[0m
 [2m5[0m |   endpoint: 'gst-return-periods',
 [2m6[0m |   title: 'GST Return Periods',
 [2m7[0m |   description: 'Manage gst return periods for your ERP system',
   `----
  [31mx[0m Expected ';', '}' or <eof>
   ,-[[36;1;4m/var/www/homeopathy-business-platform/app/masters/finance/gst-return-periods/page.tsx[0m:5:1]
 [2m2[0m |     import GenericMasterPage from "@/components/generic-master-page"
 [2m3[0m |     
 [2m4[0m |     const gstreturn-periodsConfig = {
 [2m5[0m | [35;1m,[0m[35;1m-[0m[35;1m>[0m   endpoint: 'gst-return-periods',
 [2m6[0m | [35;1m|[0m[35;1m-[0m[35;1m>[0m   title: 'GST Return Periods',
   : [35;1m`[0m[35;1m---[0m[33;1m       ^[0m
   : [35;1m`[0m[35;1m---[0m[35;1m-[0m [35;1mThis is the expression part of an expression statement[0m
 [2m7[0m |       description: 'Manage gst return periods for your ERP system',
 [2m8[0m |       icon: <Calculator className="w-8 h-8 text-blue-600" />,
 [2m9[0m |       tableColumns: [
   `----

Caused by:
    Syntax Error

Import trace for requested module:
./app/masters/finance/gst-return-periods/page.tsx

./app/masters/finance/payment-voucher-types/page.tsx
Error:   [31mx[0m 'const' declarations must be initialized
   ,-[[36;1;4m/var/www/homeopathy-business-platform/app/masters/finance/payment-voucher-types/page.tsx[0m:4:1]
 [2m1[0m | import { Calculator } from "lucide-react"
 [2m2[0m | import GenericMasterPage from "@/components/generic-master-page"
 [2m3[0m | 
 [2m4[0m | const paymentvoucher-typesConfig = {
   : [35;1m      ^^^^^^^^^^^^^^[0m
 [2m5[0m |   endpoint: 'payment-voucher-types',
 [2m6[0m |   title: 'Payment Voucher Types',
 [2m7[0m |   description: 'Manage payment voucher types for your ERP system',
   `----
  [31mx[0m Expected a semicolon
   ,-[[36;1;4m/var/www/homeopathy-business-platform/app/masters/finance/payment-voucher-types/page.tsx[0m:4:1]
 [2m1[0m | import { Calculator } from "lucide-react"
 [2m2[0m | import GenericMasterPage from "@/components/generic-master-page"
 [2m3[0m | 
 [2m4[0m | const paymentvoucher-typesConfig = {
   : [35;1m                    ^[0m
 [2m5[0m |   endpoint: 'payment-voucher-types',
 [2m6[0m |   title: 'Payment Voucher Types',
 [2m7[0m |   description: 'Manage payment voucher types for your ERP system',
   `----
  [31mx[0m Expected ';', '}' or <eof>
   ,-[[36;1;4m/var/www/homeopathy-business-platform/app/masters/finance/payment-voucher-types/page.tsx[0m:5:1]
 [2m2[0m |     import GenericMasterPage from "@/components/generic-master-page"
 [2m3[0m |     
 [2m4[0m |     const paymentvoucher-typesConfig = {
 [2m5[0m | [35;1m,[0m[35;1m-[0m[35;1m>[0m   endpoint: 'payment-voucher-types',
 [2m6[0m | [35;1m|[0m[35;1m-[0m[35;1m>[0m   title: 'Payment Voucher Types',
   : [35;1m`[0m[35;1m---[0m[33;1m       ^[0m
   : [35;1m`[0m[35;1m---[0m[35;1m-[0m [35;1mThis is the expression part of an expression statement[0m
 [2m7[0m |       description: 'Manage payment voucher types for your ERP system',
 [2m8[0m |       icon: <Calculator className="w-8 h-8 text-blue-600" />,
 [2m9[0m |       tableColumns: [
   `----

Caused by:
    Syntax Error

Import trace for requested module:
./app/masters/finance/payment-voucher-types/page.tsx


> Build failed because of webpack errors
