2025/10/25 14:51:29 📋 Configuration loaded for development environment
2025/10/25 14:51:29 ✅ Database connected and migrated successfully
[GIN-debug] [WARNING] Creating an Engine instance with the Logger and Recovery middleware already attached.

[GIN-debug] [WARNING] Running in "debug" mode. Switch to "release" mode in production.
 - using env:	export GIN_MODE=release
 - using code:	gin.SetMode(gin.ReleaseMode)

[GIN-debug] GET    /health                   --> main.main.func1 (4 handlers)
[GIN-debug] GET    /api/v2/inventory/expiries --> github.com/yeelo/homeopathy-erp/internal/handlers.(*ExpiryHandler).GetExpirySummary-fm (4 handlers)
[GIN-debug] POST   /api/v2/inventory/expiries/refresh --> github.com/yeelo/homeopathy-erp/internal/handlers.(*ExpiryHandler).RefreshExpirySummary-fm (4 handlers)
[GIN-debug] GET    /api/v2/inventory/expiries/alerts --> github.com/yeelo/homeopathy-erp/internal/handlers.(*ExpiryHandler).GetExpiryAlerts-fm (4 handlers)
[GIN-debug] GET    /api/v2/dashboard/expiry-summary --> github.com/yeelo/homeopathy-erp/internal/handlers.(*ExpiryHandler).GetDashboardSummary-fm (4 handlers)
[GIN-debug] GET    /api/erp/dashboard/summary --> github.com/yeelo/homeopathy-erp/internal/handlers.(*DashboardHandler).GetSummary-fm (4 handlers)
[GIN-debug] GET    /api/erp/dashboard/stats  --> github.com/yeelo/homeopathy-erp/internal/handlers.(*DashboardHandler).GetStats-fm (4 handlers)
[GIN-debug] GET    /api/erp/dashboard/activity --> github.com/yeelo/homeopathy-erp/internal/handlers.(*DashboardHandler).GetActivity-fm (4 handlers)
[GIN-debug] GET    /api/erp/dashboard/top-products --> github.com/yeelo/homeopathy-erp/internal/handlers.(*DashboardHandler).GetTopProducts-fm (4 handlers)
[GIN-debug] GET    /api/erp/dashboard/recent-sales --> github.com/yeelo/homeopathy-erp/internal/handlers.(*DashboardHandler).GetRecentSales-fm (4 handlers)
[GIN-debug] GET    /api/erp/dashboard/revenue-chart --> github.com/yeelo/homeopathy-erp/internal/handlers.(*DashboardHandler).GetRevenueChart-fm (4 handlers)
[GIN-debug] GET    /api/erp/dashboard/expiry-summary --> github.com/yeelo/homeopathy-erp/internal/handlers.(*DashboardHandler).GetExpirySummary-fm (4 handlers)
[GIN-debug] GET    /api/erp/system/health    --> github.com/yeelo/homeopathy-erp/internal/handlers.(*DashboardHandler).GetSystemHealth-fm (4 handlers)
[GIN-debug] GET    /api/erp/products         --> github.com/yeelo/homeopathy-erp/internal/handlers.(*ProductHandler).GetProducts-fm (4 handlers)
[GIN-debug] GET    /api/erp/products/:id     --> github.com/yeelo/homeopathy-erp/internal/handlers.(*ProductHandler).GetProduct-fm (4 handlers)
[GIN-debug] POST   /api/erp/products         --> github.com/yeelo/homeopathy-erp/internal/handlers.(*ProductHandler).CreateProduct-fm (4 handlers)
[GIN-debug] PUT    /api/erp/products/:id     --> github.com/yeelo/homeopathy-erp/internal/handlers.(*ProductHandler).UpdateProduct-fm (4 handlers)
[GIN-debug] DELETE /api/erp/products/:id     --> github.com/yeelo/homeopathy-erp/internal/handlers.(*ProductHandler).DeleteProduct-fm (4 handlers)
[GIN-debug] GET    /api/erp/categories       --> github.com/yeelo/homeopathy-erp/internal/handlers.(*ProductHandler).GetCategories-fm (4 handlers)
[GIN-debug] GET    /api/erp/brands           --> github.com/yeelo/homeopathy-erp/internal/handlers.(*ProductHandler).GetBrands-fm (4 handlers)
[GIN-debug] GET    /api/erp/potencies        --> github.com/yeelo/homeopathy-erp/internal/handlers.(*ProductHandler).GetPotencies-fm (4 handlers)
[GIN-debug] GET    /api/erp/forms            --> github.com/yeelo/homeopathy-erp/internal/handlers.(*ProductHandler).GetForms-fm (4 handlers)
[GIN-debug] POST   /api/erp/products/import  --> github.com/yeelo/homeopathy-erp/internal/handlers.(*ProductImportHandler).BulkImport-fm (4 handlers)
[GIN-debug] POST   /api/erp/products/import/stream --> github.com/yeelo/homeopathy-erp/internal/handlers.(*StreamingImportHandler).StreamingImport-fm (4 handlers)
[GIN-debug] GET    /api/erp/products/export  --> github.com/yeelo/homeopathy-erp/internal/handlers.(*ProductImportHandler).ExportProducts-fm (4 handlers)
[GIN-debug] GET    /api/erp/products/template --> github.com/yeelo/homeopathy-erp/internal/handlers.(*ProductImportHandler).DownloadTemplate-fm (4 handlers)
[GIN-debug] GET    /api/erp/inventory/stock  --> github.com/yeelo/homeopathy-erp/internal/handlers.(*InventoryHandler).GetStock-fm (4 handlers)
[GIN-debug] GET    /api/erp/inventory/batches --> github.com/yeelo/homeopathy-erp/internal/handlers.(*InventoryHandler).GetBatches-fm (4 handlers)
[GIN-debug] GET    /api/erp/inventory/expiries/alerts --> github.com/yeelo/homeopathy-erp/internal/handlers.(*InventoryHandler).GetExpiryAlerts-fm (4 handlers)
[GIN-debug] GET    /api/erp/inventory/low-stock --> github.com/yeelo/homeopathy-erp/internal/handlers.(*InventoryHandler).GetLowStock-fm (4 handlers)
[GIN-debug] GET    /api/erp/inventory/adjustments --> github.com/yeelo/homeopathy-erp/internal/handlers.(*InventoryHandler).GetAdjustments-fm (4 handlers)
[GIN-debug] POST   /api/erp/inventory/adjustments --> github.com/yeelo/homeopathy-erp/internal/handlers.(*InventoryHandler).CreateAdjustment-fm (4 handlers)
[GIN-debug] GET    /api/erp/inventory/transfers --> github.com/yeelo/homeopathy-erp/internal/handlers.(*InventoryHandler).GetTransfers-fm (4 handlers)
[GIN-debug] POST   /api/erp/inventory/transfers --> github.com/yeelo/homeopathy-erp/internal/handlers.(*InventoryHandler).CreateTransfer-fm (4 handlers)
[GIN-debug] GET    /api/erp/sales/orders     --> github.com/yeelo/homeopathy-erp/internal/handlers.(*SalesHandler).GetOrders-fm (4 handlers)
[GIN-debug] GET    /api/erp/sales/invoices   --> github.com/yeelo/homeopathy-erp/internal/handlers.(*SalesHandler).GetInvoices-fm (4 handlers)
[GIN-debug] POST   /api/erp/sales/pos/create --> github.com/yeelo/homeopathy-erp/internal/handlers.(*SalesHandler).CreatePOSSale-fm (4 handlers)
[GIN-debug] GET    /api/erp/sales/returns    --> github.com/yeelo/homeopathy-erp/internal/handlers.(*SalesHandler).GetReturns-fm (4 handlers)
[GIN-debug] GET    /api/erp/sales/receipts   --> github.com/yeelo/homeopathy-erp/internal/handlers.(*SalesHandler).GetReceipts-fm (4 handlers)
[GIN-debug] GET    /api/erp/sales/b2b        --> github.com/yeelo/homeopathy-erp/internal/handlers.(*SalesHandler).GetB2BSales-fm (4 handlers)
[GIN-debug] GET    /api/erp/sales/b2c        --> github.com/yeelo/homeopathy-erp/internal/handlers.(*SalesHandler).GetB2CSales-fm (4 handlers)
[GIN-debug] GET    /api/erp/sales/d2d        --> github.com/yeelo/homeopathy-erp/internal/handlers.(*SalesHandler).GetD2DSales-fm (4 handlers)
[GIN-debug] GET    /api/erp/sales/credit     --> github.com/yeelo/homeopathy-erp/internal/handlers.(*SalesHandler).GetCreditSales-fm (4 handlers)
[GIN-debug] GET    /api/erp/sales/hold-bills --> github.com/yeelo/homeopathy-erp/internal/handlers.(*SalesHandler).GetHoldBills-fm (4 handlers)
[GIN-debug] GET    /api/erp/analytics/sales  --> github.com/yeelo/homeopathy-erp/internal/handlers.(*AnalyticsHandler).GetSales-fm (4 handlers)
[GIN-debug] GET    /api/erp/analytics/purchases --> github.com/yeelo/homeopathy-erp/internal/handlers.(*AnalyticsHandler).GetPurchases-fm (4 handlers)
[GIN-debug] GET    /api/erp/analytics/sales-summary --> github.com/yeelo/homeopathy-erp/internal/handlers.(*AnalyticsHandler).GetSalesSummary-fm (4 handlers)
[GIN-debug] GET    /api/erp/analytics/purchase-summary --> github.com/yeelo/homeopathy-erp/internal/handlers.(*AnalyticsHandler).GetPurchaseSummary-fm (4 handlers)
[GIN-debug] POST   /api/erp/commissions/rules --> github.com/yeelo/homeopathy-erp/internal/handlers.(*CommissionHandler).CreateRule-fm (4 handlers)
[GIN-debug] GET    /api/erp/commissions/calculate --> github.com/yeelo/homeopathy-erp/internal/handlers.(*CommissionHandler).CalculateCommission-fm (4 handlers)
[GIN-debug] GET    /api/erp/commissions/report --> github.com/yeelo/homeopathy-erp/internal/handlers.(*CommissionHandler).GetCommissionReport-fm (4 handlers)
[GIN-debug] POST   /api/erp/commissions/pay  --> github.com/yeelo/homeopathy-erp/internal/handlers.(*CommissionHandler).PayCommission-fm (4 handlers)
[GIN-debug] PUT    /api/erp/products/bulk-update --> github.com/yeelo/homeopathy-erp/internal/handlers.(*BulkOperationsHandler).BulkUpdateProducts-fm (4 handlers)
[GIN-debug] PUT    /api/erp/customers/bulk-update --> github.com/yeelo/homeopathy-erp/internal/handlers.(*BulkOperationsHandler).BulkUpdateCustomers-fm (4 handlers)
[GIN-debug] POST   /api/erp/customers/bulk-import --> github.com/yeelo/homeopathy-erp/internal/handlers.(*BulkOperationsHandler).BulkImportCustomers-fm (4 handlers)
[GIN-debug] PUT    /api/erp/vendors/bulk-update --> github.com/yeelo/homeopathy-erp/internal/handlers.(*BulkOperationsHandler).BulkUpdateVendors-fm (4 handlers)
[GIN-debug] DELETE /api/erp/bulk-delete      --> github.com/yeelo/homeopathy-erp/internal/handlers.(*BulkOperationsHandler).BulkDelete-fm (4 handlers)
[GIN-debug] POST   /api/erp/inventory/damages --> github.com/yeelo/homeopathy-erp/internal/handlers.(*DamageHandler).CreateDamageEntry-fm (4 handlers)
[GIN-debug] GET    /api/erp/inventory/damages --> github.com/yeelo/homeopathy-erp/internal/handlers.(*DamageHandler).GetDamageEntries-fm (4 handlers)
[GIN-debug] GET    /api/erp/inventory/damages/summary --> github.com/yeelo/homeopathy-erp/internal/handlers.(*DamageHandler).GetDamageSummary-fm (4 handlers)
[GIN-debug] DELETE /api/erp/inventory/damages/:id --> github.com/yeelo/homeopathy-erp/internal/handlers.(*DamageHandler).DeleteDamageEntry-fm (4 handlers)
[GIN-debug] POST   /api/erp/bundles          --> github.com/yeelo/homeopathy-erp/internal/handlers.(*BundleHandler).CreateBundle-fm (4 handlers)
[GIN-debug] GET    /api/erp/bundles          --> github.com/yeelo/homeopathy-erp/internal/handlers.(*BundleHandler).GetBundles-fm (4 handlers)
[GIN-debug] GET    /api/erp/bundles/:id      --> github.com/yeelo/homeopathy-erp/internal/handlers.(*BundleHandler).GetBundle-fm (4 handlers)
[GIN-debug] PUT    /api/erp/bundles/:id      --> github.com/yeelo/homeopathy-erp/internal/handlers.(*BundleHandler).UpdateBundle-fm (4 handlers)
[GIN-debug] DELETE /api/erp/bundles/:id      --> github.com/yeelo/homeopathy-erp/internal/handlers.(*BundleHandler).DeleteBundle-fm (4 handlers)
[GIN-debug] POST   /api/erp/bundles/:id/sell --> github.com/yeelo/homeopathy-erp/internal/handlers.(*BundleHandler).SellBundle-fm (4 handlers)
[GIN-debug] POST   /api/erp/loyalty/cards    --> github.com/yeelo/homeopathy-erp/internal/handlers.(*LoyaltyHandler).CreateCard-fm (4 handlers)
[GIN-debug] GET    /api/erp/loyalty/cards/:customer_id --> github.com/yeelo/homeopathy-erp/internal/handlers.(*LoyaltyHandler).GetCustomerCard-fm (4 handlers)
[GIN-debug] POST   /api/erp/loyalty/earn     --> github.com/yeelo/homeopathy-erp/internal/handlers.(*LoyaltyHandler).EarnPoints-fm (4 handlers)
[GIN-debug] POST   /api/erp/loyalty/redeem   --> github.com/yeelo/homeopathy-erp/internal/handlers.(*LoyaltyHandler).RedeemPoints-fm (4 handlers)
[GIN-debug] GET    /api/erp/loyalty/transactions/:card_id --> github.com/yeelo/homeopathy-erp/internal/handlers.(*LoyaltyHandler).GetTransactions-fm (4 handlers)
[GIN-debug] POST   /api/erp/whatsapp/bulk-send --> github.com/yeelo/homeopathy-erp/internal/handlers.(*WhatsAppHandler).BulkSendMessages-fm (4 handlers)
[GIN-debug] POST   /api/erp/whatsapp/credit-reminder --> github.com/yeelo/homeopathy-erp/internal/handlers.(*WhatsAppHandler).SendCreditReminder-fm (4 handlers)
[GIN-debug] POST   /api/erp/payments/create-order --> github.com/yeelo/homeopathy-erp/internal/handlers.(*PaymentGatewayHandler).CreatePaymentOrder-fm (4 handlers)
[GIN-debug] POST   /api/erp/payments/verify  --> github.com/yeelo/homeopathy-erp/internal/handlers.(*PaymentGatewayHandler).VerifyPayment-fm (4 handlers)
[GIN-debug] POST   /api/erp/pos/hold         --> github.com/yeelo/homeopathy-erp/internal/handlers.(*POSHandler).HoldBill-fm (4 handlers)
[GIN-debug] GET    /api/erp/pos/held-bills   --> github.com/yeelo/homeopathy-erp/internal/handlers.(*POSHandler).GetHeldBills-fm (4 handlers)
[GIN-debug] POST   /api/erp/pos/resume/:id   --> github.com/yeelo/homeopathy-erp/internal/handlers.(*POSHandler).ResumeBill-fm (4 handlers)
[GIN-debug] DELETE /api/erp/pos/held-bills/:id --> github.com/yeelo/homeopathy-erp/internal/handlers.(*POSHandler).DeleteHeldBill-fm (4 handlers)
[GIN-debug] GET    /api/erp/pos/counters     --> github.com/yeelo/homeopathy-erp/internal/handlers.(*POSHandler).GetCounters-fm (4 handlers)
[GIN-debug] POST   /api/erp/pos/counters/register --> github.com/yeelo/homeopathy-erp/internal/handlers.(*POSHandler).RegisterCounter-fm (4 handlers)
[GIN-debug] POST   /api/erp/estimates        --> github.com/yeelo/homeopathy-erp/internal/handlers.(*EstimateHandler).CreateEstimate-fm (4 handlers)
[GIN-debug] GET    /api/erp/estimates        --> github.com/yeelo/homeopathy-erp/internal/handlers.(*EstimateHandler).GetEstimates-fm (4 handlers)
[GIN-debug] POST   /api/erp/estimates/:id/convert --> github.com/yeelo/homeopathy-erp/internal/handlers.(*EstimateHandler).ConvertToInvoice-fm (4 handlers)
[GIN-debug] PUT    /api/erp/estimates/:id/status --> github.com/yeelo/homeopathy-erp/internal/handlers.(*EstimateHandler).UpdateStatus-fm (4 handlers)
[GIN-debug] POST   /api/v1/purchases/invoices/upload --> github.com/yeelo/homeopathy-erp/internal/handlers.PurchasesUpload (4 handlers)
[GIN-debug] POST   /api/v1/purchases/invoices/:id/confirm --> main.main.func2 (4 handlers)
[GIN-debug] GET    /api/v1/system/bugs       --> github.com/yeelo/homeopathy-erp/internal/handlers.(*BugHandler).ListBugs-fm (4 handlers)
[GIN-debug] GET    /api/v1/system/bugs/:id   --> github.com/yeelo/homeopathy-erp/internal/handlers.(*BugHandler).GetBug-fm (4 handlers)
[GIN-debug] POST   /api/v1/system/bugs/ingest --> github.com/yeelo/homeopathy-erp/internal/handlers.(*BugHandler).Ingest-fm (4 handlers)
[GIN-debug] POST   /api/v1/system/bugs/:id/approve --> github.com/yeelo/homeopathy-erp/internal/handlers.(*BugHandler).Approve-fm (4 handlers)
[GIN-debug] GET    /api/v1/system/health     --> main.main.func3 (4 handlers)
[GIN-debug] GET    /api/products/categories  --> github.com/yeelo/homeopathy-erp/internal/handlers.(*ProductHandler).GetCategories-fm (4 handlers)
[GIN-debug] GET    /api/products/brands      --> github.com/yeelo/homeopathy-erp/internal/handlers.(*ProductHandler).GetBrands-fm (4 handlers)
[GIN-debug] GET    /api/products/potencies   --> github.com/yeelo/homeopathy-erp/internal/handlers.(*ProductHandler).GetPotencies-fm (4 handlers)
[GIN-debug] GET    /api/products/forms       --> github.com/yeelo/homeopathy-erp/internal/handlers.(*ProductHandler).GetForms-fm (4 handlers)
[GIN-debug] GET    /api/sales/b2b            --> github.com/yeelo/homeopathy-erp/internal/handlers.(*SalesHandler).GetB2BSales-fm (4 handlers)
[GIN-debug] GET    /api/sales/orders         --> github.com/yeelo/homeopathy-erp/internal/handlers.(*SalesHandler).GetOrders-fm (4 handlers)
[GIN-debug] GET    /api/sales/invoices       --> github.com/yeelo/homeopathy-erp/internal/handlers.(*SalesHandler).GetInvoices-fm (4 handlers)
[GIN-debug] GET    /api/sales/b2c            --> github.com/yeelo/homeopathy-erp/internal/handlers.(*SalesHandler).GetB2CSales-fm (4 handlers)
[GIN-debug] GET    /api/sales/d2d            --> github.com/yeelo/homeopathy-erp/internal/handlers.(*SalesHandler).GetD2DSales-fm (4 handlers)
[GIN-debug] GET    /api/sales/returns        --> github.com/yeelo/homeopathy-erp/internal/handlers.(*SalesHandler).GetReturns-fm (4 handlers)
[GIN-debug] GET    /api/sales/receipts       --> github.com/yeelo/homeopathy-erp/internal/handlers.(*SalesHandler).GetReceipts-fm (4 handlers)
[GIN-debug] GET    /api/sales/credit         --> github.com/yeelo/homeopathy-erp/internal/handlers.(*SalesHandler).GetCreditSales-fm (4 handlers)
[GIN-debug] GET    /api/sales/hold-bills     --> github.com/yeelo/homeopathy-erp/internal/handlers.(*SalesHandler).GetHoldBills-fm (4 handlers)
[GIN-debug] POST   /api/sales/pos/create     --> github.com/yeelo/homeopathy-erp/internal/handlers.(*SalesHandler).CreatePOSSale-fm (4 handlers)
2025/10/25 14:51:29 Golang v2 Server starting on port 3005
[GIN-debug] [WARNING] You trusted all proxies, this is NOT safe. We recommend you to set a value.
Please check https://pkg.go.dev/github.com/gin-gonic/gin#readme-don-t-trust-all-proxies for details.
[GIN-debug] Listening and serving HTTP on :3005
[GIN-debug] [ERROR] listen tcp :3005: bind: address already in use
2025/10/25 14:51:29 listen tcp :3005: bind: address already in use
