
> @yeelo/api-nest@1.0.0 start:prod
> node dist/main

{"level":"WARN","timestamp":"2025-10-18T06:34:48.063Z","logger":"kafkajs","message":"[Producer] Limiting retries for the idempotent producer may invalidate EoS guarantees"}
[32m[Nest] 98147  - [39m10/18/2025, 12:04:48 PM [32m    LOG[39m [38;5;3m[NestFactory] [39m[32mStarting Nest application...[39m
[32m[Nest] 98147  - [39m10/18/2025, 12:04:48 PM [32m    LOG[39m [38;5;3m[InstanceLoader] [39m[32mAppModule dependencies initialized[39m[38;5;3m +23ms[39m
[32m[Nest] 98147  - [39m10/18/2025, 12:04:48 PM [32m    LOG[39m [38;5;3m[InstanceLoader] [39m[32mPrismaModule dependencies initialized[39m[38;5;3m +0ms[39m
[32m[Nest] 98147  - [39m10/18/2025, 12:04:48 PM [32m    LOG[39m [38;5;3m[InstanceLoader] [39m[32mRedisModule dependencies initialized[39m[38;5;3m +0ms[39m
[32m[Nest] 98147  - [39m10/18/2025, 12:04:48 PM [32m    LOG[39m [38;5;3m[InstanceLoader] [39m[32mOutboxModule dependencies initialized[39m[38;5;3m +1ms[39m
[32m[Nest] 98147  - [39m10/18/2025, 12:04:48 PM [32m    LOG[39m [38;5;3m[InstanceLoader] [39m[32mJwtModule dependencies initialized[39m[38;5;3m +0ms[39m
[32m[Nest] 98147  - [39m10/18/2025, 12:04:48 PM [32m    LOG[39m [38;5;3m[InstanceLoader] [39m[32mHealthModule dependencies initialized[39m[38;5;3m +0ms[39m
[32m[Nest] 98147  - [39m10/18/2025, 12:04:48 PM [32m    LOG[39m [38;5;3m[InstanceLoader] [39m[32mInventoryModule dependencies initialized[39m[38;5;3m +1ms[39m
[32m[Nest] 98147  - [39m10/18/2025, 12:04:48 PM [32m    LOG[39m [38;5;3m[InstanceLoader] [39m[32mAIModule dependencies initialized[39m[38;5;3m +0ms[39m
[32m[Nest] 98147  - [39m10/18/2025, 12:04:48 PM [32m    LOG[39m [38;5;3m[InstanceLoader] [39m[32mB2BModule dependencies initialized[39m[38;5;3m +1ms[39m
[32m[Nest] 98147  - [39m10/18/2025, 12:04:48 PM [32m    LOG[39m [38;5;3m[InstanceLoader] [39m[32mPurchaseModule dependencies initialized[39m[38;5;3m +0ms[39m
[32m[Nest] 98147  - [39m10/18/2025, 12:04:48 PM [32m    LOG[39m [38;5;3m[InstanceLoader] [39m[32mFinanceModule dependencies initialized[39m[38;5;3m +0ms[39m
[32m[Nest] 98147  - [39m10/18/2025, 12:04:48 PM [32m    LOG[39m [38;5;3m[InstanceLoader] [39m[32mOrdersModule dependencies initialized[39m[38;5;3m +0ms[39m
[32m[Nest] 98147  - [39m10/18/2025, 12:04:48 PM [32m    LOG[39m [38;5;3m[RoutesResolver] [39m[32mHealthController {/}:[39m[38;5;3m +44ms[39m
[32m[Nest] 98147  - [39m10/18/2025, 12:04:48 PM [32m    LOG[39m [38;5;3m[RouterExplorer] [39m[32mMapped {/health, GET} route[39m[38;5;3m +3ms[39m
[32m[Nest] 98147  - [39m10/18/2025, 12:04:48 PM [32m    LOG[39m [38;5;3m[RoutesResolver] [39m[32mOrdersController {/orders}:[39m[38;5;3m +0ms[39m
[32m[Nest] 98147  - [39m10/18/2025, 12:04:48 PM [32m    LOG[39m [38;5;3m[RouterExplorer] [39m[32mMapped {/orders, POST} route[39m[38;5;3m +1ms[39m
[32m[Nest] 98147  - [39m10/18/2025, 12:04:48 PM [32m    LOG[39m [38;5;3m[RouterExplorer] [39m[32mMapped {/orders/:id, GET} route[39m[38;5;3m +1ms[39m
[32m[Nest] 98147  - [39m10/18/2025, 12:04:48 PM [32m    LOG[39m [38;5;3m[RouterExplorer] [39m[32mMapped {/orders, GET} route[39m[38;5;3m +0ms[39m
[32m[Nest] 98147  - [39m10/18/2025, 12:04:48 PM [32m    LOG[39m [38;5;3m[RouterExplorer] [39m[32mMapped {/orders/:id/status, PUT} route[39m[38;5;3m +0ms[39m
[32m[Nest] 98147  - [39m10/18/2025, 12:04:48 PM [32m    LOG[39m [38;5;3m[RoutesResolver] [39m[32mInventoryController {/inventory}:[39m[38;5;3m +0ms[39m
[32m[Nest] 98147  - [39m10/18/2025, 12:04:48 PM [32m    LOG[39m [38;5;3m[RouterExplorer] [39m[32mMapped {/inventory/summary, GET} route[39m[38;5;3m +1ms[39m
[32m[Nest] 98147  - [39m10/18/2025, 12:04:48 PM [32m    LOG[39m [38;5;3m[RouterExplorer] [39m[32mMapped {/inventory/low-stock, GET} route[39m[38;5;3m +0ms[39m
[32m[Nest] 98147  - [39m10/18/2025, 12:04:48 PM [32m    LOG[39m [38;5;3m[RouterExplorer] [39m[32mMapped {/inventory/add, POST} route[39m[38;5;3m +0ms[39m
[32m[Nest] 98147  - [39m10/18/2025, 12:04:48 PM [32m    LOG[39m [38;5;3m[RouterExplorer] [39m[32mMapped {/inventory/adjust, POST} route[39m[38;5;3m +0ms[39m
[32m[Nest] 98147  - [39m10/18/2025, 12:04:48 PM [32m    LOG[39m [38;5;3m[RoutesResolver] [39m[32mB2BController {/b2b}:[39m[38;5;3m +1ms[39m
[32m[Nest] 98147  - [39m10/18/2025, 12:04:48 PM [32m    LOG[39m [38;5;3m[RouterExplorer] [39m[32mMapped {/b2b/orders, POST} route[39m[38;5;3m +0ms[39m
[32m[Nest] 98147  - [39m10/18/2025, 12:04:48 PM [32m    LOG[39m [38;5;3m[RouterExplorer] [39m[32mMapped {/b2b/orders, GET} route[39m[38;5;3m +1ms[39m
[32m[Nest] 98147  - [39m10/18/2025, 12:04:48 PM [32m    LOG[39m [38;5;3m[RouterExplorer] [39m[32mMapped {/b2b/orders/:id, GET} route[39m[38;5;3m +0ms[39m
[32m[Nest] 98147  - [39m10/18/2025, 12:04:48 PM [32m    LOG[39m [38;5;3m[RouterExplorer] [39m[32mMapped {/b2b/orders/:id/approve, PUT} route[39m[38;5;3m +0ms[39m
[32m[Nest] 98147  - [39m10/18/2025, 12:04:48 PM [32m    LOG[39m [38;5;3m[RouterExplorer] [39m[32mMapped {/b2b/orders/:id/reject, PUT} route[39m[38;5;3m +0ms[39m
[32m[Nest] 98147  - [39m10/18/2025, 12:04:48 PM [32m    LOG[39m [38;5;3m[RouterExplorer] [39m[32mMapped {/b2b/customers, GET} route[39m[38;5;3m +1ms[39m
[32m[Nest] 98147  - [39m10/18/2025, 12:04:48 PM [32m    LOG[39m [38;5;3m[RouterExplorer] [39m[32mMapped {/b2b/customers/:id, GET} route[39m[38;5;3m +0ms[39m
[32m[Nest] 98147  - [39m10/18/2025, 12:04:48 PM [32m    LOG[39m [38;5;3m[RouterExplorer] [39m[32mMapped {/b2b/customers/:id/credit, GET} route[39m[38;5;3m +0ms[39m
[32m[Nest] 98147  - [39m10/18/2025, 12:04:48 PM [32m    LOG[39m [38;5;3m[RouterExplorer] [39m[32mMapped {/b2b/d2d/transactions, POST} route[39m[38;5;3m +0ms[39m
[32m[Nest] 98147  - [39m10/18/2025, 12:04:48 PM [32m    LOG[39m [38;5;3m[RouterExplorer] [39m[32mMapped {/b2b/d2d/transactions, GET} route[39m[38;5;3m +0ms[39m
[32m[Nest] 98147  - [39m10/18/2025, 12:04:48 PM [32m    LOG[39m [38;5;3m[RouterExplorer] [39m[32mMapped {/b2b/pricing/:customerId, GET} route[39m[38;5;3m +0ms[39m
[32m[Nest] 98147  - [39m10/18/2025, 12:04:48 PM [32m    LOG[39m [38;5;3m[RouterExplorer] [39m[32mMapped {/b2b/analytics/sales, GET} route[39m[38;5;3m +0ms[39m
[32m[Nest] 98147  - [39m10/18/2025, 12:04:48 PM [32m    LOG[39m [38;5;3m[RoutesResolver] [39m[32mPurchaseController {/purchase}:[39m[38;5;3m +0ms[39m
[32m[Nest] 98147  - [39m10/18/2025, 12:04:48 PM [32m    LOG[39m [38;5;3m[RouterExplorer] [39m[32mMapped {/purchase/vendors, POST} route[39m[38;5;3m +1ms[39m
[32m[Nest] 98147  - [39m10/18/2025, 12:04:48 PM [32m    LOG[39m [38;5;3m[RouterExplorer] [39m[32mMapped {/purchase/vendors, GET} route[39m[38;5;3m +0ms[39m
[32m[Nest] 98147  - [39m10/18/2025, 12:04:48 PM [32m    LOG[39m [38;5;3m[RouterExplorer] [39m[32mMapped {/purchase/vendors/:id, GET} route[39m[38;5;3m +0ms[39m
[32m[Nest] 98147  - [39m10/18/2025, 12:04:48 PM [32m    LOG[39m [38;5;3m[RouterExplorer] [39m[32mMapped {/purchase/vendors/:id, PUT} route[39m[38;5;3m +0ms[39m
[32m[Nest] 98147  - [39m10/18/2025, 12:04:48 PM [32m    LOG[39m [38;5;3m[RouterExplorer] [39m[32mMapped {/purchase/orders, POST} route[39m[38;5;3m +0ms[39m
[32m[Nest] 98147  - [39m10/18/2025, 12:04:48 PM [32m    LOG[39m [38;5;3m[RouterExplorer] [39m[32mMapped {/purchase/orders, GET} route[39m[38;5;3m +0ms[39m
[32m[Nest] 98147  - [39m10/18/2025, 12:04:48 PM [32m    LOG[39m [38;5;3m[RouterExplorer] [39m[32mMapped {/purchase/orders/:id, GET} route[39m[38;5;3m +0ms[39m
[32m[Nest] 98147  - [39m10/18/2025, 12:04:48 PM [32m    LOG[39m [38;5;3m[RouterExplorer] [39m[32mMapped {/purchase/orders/:id/status, PUT} route[39m[38;5;3m +0ms[39m
[32m[Nest] 98147  - [39m10/18/2025, 12:04:48 PM [32m    LOG[39m [38;5;3m[RouterExplorer] [39m[32mMapped {/purchase/grn, POST} route[39m[38;5;3m +1ms[39m
[32m[Nest] 98147  - [39m10/18/2025, 12:04:48 PM [32m    LOG[39m [38;5;3m[RouterExplorer] [39m[32mMapped {/purchase/analytics, GET} route[39m[38;5;3m +0ms[39m
[32m[Nest] 98147  - [39m10/18/2025, 12:04:48 PM [32m    LOG[39m [38;5;3m[RoutesResolver] [39m[32mFinanceController {/finance}:[39m[38;5;3m +0ms[39m
[32m[Nest] 98147  - [39m10/18/2025, 12:04:48 PM [32m    LOG[39m [38;5;3m[RouterExplorer] [39m[32mMapped {/finance/invoices, POST} route[39m[38;5;3m +0ms[39m
[32m[Nest] 98147  - [39m10/18/2025, 12:04:48 PM [32m    LOG[39m [38;5;3m[RouterExplorer] [39m[32mMapped {/finance/invoices, GET} route[39m[38;5;3m +0ms[39m
[32m[Nest] 98147  - [39m10/18/2025, 12:04:48 PM [32m    LOG[39m [38;5;3m[RouterExplorer] [39m[32mMapped {/finance/invoices/:id, GET} route[39m[38;5;3m +0ms[39m
[32m[Nest] 98147  - [39m10/18/2025, 12:04:48 PM [32m    LOG[39m [38;5;3m[RouterExplorer] [39m[32mMapped {/finance/invoices/:id/status, PUT} route[39m[38;5;3m +0ms[39m
[32m[Nest] 98147  - [39m10/18/2025, 12:04:48 PM [32m    LOG[39m [38;5;3m[RouterExplorer] [39m[32mMapped {/finance/payments, POST} route[39m[38;5;3m +0ms[39m
[32m[Nest] 98147  - [39m10/18/2025, 12:04:48 PM [32m    LOG[39m [38;5;3m[RouterExplorer] [39m[32mMapped {/finance/reports/profit-loss, GET} route[39m[38;5;3m +0ms[39m
[32m[Nest] 98147  - [39m10/18/2025, 12:04:48 PM [32m    LOG[39m [38;5;3m[RouterExplorer] [39m[32mMapped {/finance/reports/cash-flow, GET} route[39m[38;5;3m +1ms[39m
[32m[Nest] 98147  - [39m10/18/2025, 12:04:48 PM [32m    LOG[39m [38;5;3m[RouterExplorer] [39m[32mMapped {/finance/reports/gst, GET} route[39m[38;5;3m +0ms[39m
[32m[Nest] 98147  - [39m10/18/2025, 12:04:48 PM [32m    LOG[39m [38;5;3m[RouterExplorer] [39m[32mMapped {/finance/currency/rates, GET} route[39m[38;5;3m +0ms[39m
[32m[Nest] 98147  - [39m10/18/2025, 12:04:48 PM [32m    LOG[39m [38;5;3m[RouterExplorer] [39m[32mMapped {/finance/currency/convert, GET} route[39m[38;5;3m +0ms[39m
[32m[Nest] 98147  - [39m10/18/2025, 12:04:48 PM [32m    LOG[39m [38;5;3m[RoutesResolver] [39m[32mAIController {/ai}:[39m[38;5;3m +0ms[39m
[32m[Nest] 98147  - [39m10/18/2025, 12:04:48 PM [32m    LOG[39m [38;5;3m[RouterExplorer] [39m[32mMapped {/ai/generate, POST} route[39m[38;5;3m +0ms[39m
[32m[Nest] 98147  - [39m10/18/2025, 12:04:48 PM [32m    LOG[39m [38;5;3m[RouterExplorer] [39m[32mMapped {/ai/embed, POST} route[39m[38;5;3m +0ms[39m
[32m[Nest] 98147  - [39m10/18/2025, 12:04:48 PM [32m    LOG[39m [38;5;3m[RouterExplorer] [39m[32mMapped {/ai/models, GET} route[39m[38;5;3m +0ms[39m
[32m[Nest] 98147  - [39m10/18/2025, 12:04:48 PM [32m    LOG[39m [38;5;3m[RouterExplorer] [39m[32mMapped {/ai/prompts, GET} route[39m[38;5;3m +0ms[39m
[32m[Nest] 98147  - [39m10/18/2025, 12:04:48 PM [32m    LOG[39m [38;5;3m[RouterExplorer] [39m[32mMapped {/ai/requests, GET} route[39m[38;5;3m +1ms[39m
[32m[Nest] 98147  - [39m10/18/2025, 12:04:48 PM [32m    LOG[39m [38;5;3m[RouterExplorer] [39m[32mMapped {/ai/requests/:id, GET} route[39m[38;5;3m +0ms[39m
[32m[Nest] 98147  - [39m10/18/2025, 12:04:48 PM [32m    LOG[39m [38;5;3m[RouterExplorer] [39m[32mMapped {/ai/forecast/demand, POST} route[39m[38;5;3m +0ms[39m
[32m[Nest] 98147  - [39m10/18/2025, 12:04:48 PM [32m    LOG[39m [38;5;3m[RouterExplorer] [39m[32mMapped {/ai/pricing/dynamic, POST} route[39m[38;5;3m +0ms[39m
[32m[Nest] 98147  - [39m10/18/2025, 12:04:48 PM [32m    LOG[39m [38;5;3m[RouterExplorer] [39m[32mMapped {/ai/content/campaign, POST} route[39m[38;5;3m +0ms[39m
[32m[Nest] 98147  - [39m10/18/2025, 12:04:48 PM [32m    LOG[39m [38;5;3m[RouterExplorer] [39m[32mMapped {/ai/recommendations/products, POST} route[39m[38;5;3m +0ms[39m
[32m[Nest] 98147  - [39m10/18/2025, 12:04:48 PM [32m    LOG[39m [38;5;3m[RouterExplorer] [39m[32mMapped {/ai/analytics/usage, GET} route[39m[38;5;3m +0ms[39m
[32m[Nest] 98147  - [39m10/18/2025, 12:04:48 PM [32m    LOG[39m [38;5;3m[NestApplication] [39m[32mNest application successfully started[39m[38;5;3m +73ms[39m
[ioredis] Unhandled error event: ReplyError: NOAUTH Authentication required.
    at parseError (/var/www/homeopathy-business-platform/node_modules/redis-parser/lib/parser.js:179:12)
    at parseType (/var/www/homeopathy-business-platform/node_modules/redis-parser/lib/parser.js:302:14)
[ioredis] Unhandled error event: ReplyError: NOAUTH Authentication required.
    at parseError (/var/www/homeopathy-business-platform/node_modules/redis-parser/lib/parser.js:179:12)
    at parseType (/var/www/homeopathy-business-platform/node_modules/redis-parser/lib/parser.js:302:14)
[ioredis] Unhandled error event: ReplyError: NOAUTH Authentication required.
    at parseError (/var/www/homeopathy-business-platform/node_modules/redis-parser/lib/parser.js:179:12)
    at parseType (/var/www/homeopathy-business-platform/node_modules/redis-parser/lib/parser.js:302:14)
[ioredis] Unhandled error event: ReplyError: NOAUTH Authentication required.
    at parseError (/var/www/homeopathy-business-platform/node_modules/redis-parser/lib/parser.js:179:12)
    at parseType (/var/www/homeopathy-business-platform/node_modules/redis-parser/lib/parser.js:302:14)
[ioredis] Unhandled error event: ReplyError: NOAUTH Authentication required.
    at parseError (/var/www/homeopathy-business-platform/node_modules/redis-parser/lib/parser.js:179:12)
    at parseType (/var/www/homeopathy-business-platform/node_modules/redis-parser/lib/parser.js:302:14)
[ioredis] Unhandled error event: ReplyError: NOAUTH Authentication required.
    at parseError (/var/www/homeopathy-business-platform/node_modules/redis-parser/lib/parser.js:179:12)
    at parseType (/var/www/homeopathy-business-platform/node_modules/redis-parser/lib/parser.js:302:14)
[ioredis] Unhandled error event: ReplyError: NOAUTH Authentication required.
    at parseError (/var/www/homeopathy-business-platform/node_modules/redis-parser/lib/parser.js:179:12)
    at parseType (/var/www/homeopathy-business-platform/node_modules/redis-parser/lib/parser.js:302:14)
[ioredis] Unhandled error event: ReplyError: NOAUTH Authentication required.
    at parseError (/var/www/homeopathy-business-platform/node_modules/redis-parser/lib/parser.js:179:12)
    at parseType (/var/www/homeopathy-business-platform/node_modules/redis-parser/lib/parser.js:302:14)
[ioredis] Unhandled error event: ReplyError: NOAUTH Authentication required.
    at parseError (/var/www/homeopathy-business-platform/node_modules/redis-parser/lib/parser.js:179:12)
    at parseType (/var/www/homeopathy-business-platform/node_modules/redis-parser/lib/parser.js:302:14)
[ioredis] Unhandled error event: ReplyError: NOAUTH Authentication required.
    at parseError (/var/www/homeopathy-business-platform/node_modules/redis-parser/lib/parser.js:179:12)
    at parseType (/var/www/homeopathy-business-platform/node_modules/redis-parser/lib/parser.js:302:14)
[ioredis] Unhandled error event: ReplyError: NOAUTH Authentication required.
    at parseError (/var/www/homeopathy-business-platform/node_modules/redis-parser/lib/parser.js:179:12)
    at parseType (/var/www/homeopathy-business-platform/node_modules/redis-parser/lib/parser.js:302:14)
[ioredis] Unhandled error event: ReplyError: NOAUTH Authentication required.
    at parseError (/var/www/homeopathy-business-platform/node_modules/redis-parser/lib/parser.js:179:12)
    at parseType (/var/www/homeopathy-business-platform/node_modules/redis-parser/lib/parser.js:302:14)
[ioredis] Unhandled error event: ReplyError: NOAUTH Authentication required.
    at parseError (/var/www/homeopathy-business-platform/node_modules/redis-parser/lib/parser.js:179:12)
    at parseType (/var/www/homeopathy-business-platform/node_modules/redis-parser/lib/parser.js:302:14)
[ioredis] Unhandled error event: ReplyError: NOAUTH Authentication required.
    at parseError (/var/www/homeopathy-business-platform/node_modules/redis-parser/lib/parser.js:179:12)
    at parseType (/var/www/homeopathy-business-platform/node_modules/redis-parser/lib/parser.js:302:14)
[ioredis] Unhandled error event: ReplyError: NOAUTH Authentication required.
    at parseError (/var/www/homeopathy-business-platform/node_modules/redis-parser/lib/parser.js:179:12)
    at parseType (/var/www/homeopathy-business-platform/node_modules/redis-parser/lib/parser.js:302:14)
[ioredis] Unhandled error event: ReplyError: NOAUTH Authentication required.
    at parseError (/var/www/homeopathy-business-platform/node_modules/redis-parser/lib/parser.js:179:12)
    at parseType (/var/www/homeopathy-business-platform/node_modules/redis-parser/lib/parser.js:302:14)
[ioredis] Unhandled error event: ReplyError: NOAUTH Authentication required.
    at parseError (/var/www/homeopathy-business-platform/node_modules/redis-parser/lib/parser.js:179:12)
    at parseType (/var/www/homeopathy-business-platform/node_modules/redis-parser/lib/parser.js:302:14)
[ioredis] Unhandled error event: ReplyError: NOAUTH Authentication required.
    at parseError (/var/www/homeopathy-business-platform/node_modules/redis-parser/lib/parser.js:179:12)
    at parseType (/var/www/homeopathy-business-platform/node_modules/redis-parser/lib/parser.js:302:14)
[ioredis] Unhandled error event: ReplyError: NOAUTH Authentication required.
    at parseError (/var/www/homeopathy-business-platform/node_modules/redis-parser/lib/parser.js:179:12)
    at parseType (/var/www/homeopathy-business-platform/node_modules/redis-parser/lib/parser.js:302:14)
[ioredis] Unhandled error event: ReplyError: NOAUTH Authentication required.
    at parseError (/var/www/homeopathy-business-platform/node_modules/redis-parser/lib/parser.js:179:12)
    at parseType (/var/www/homeopathy-business-platform/node_modules/redis-parser/lib/parser.js:302:14)
[ioredis] Unhandled error event: ReplyError: NOAUTH Authentication required.
    at parseError (/var/www/homeopathy-business-platform/node_modules/redis-parser/lib/parser.js:179:12)
    at parseType (/var/www/homeopathy-business-platform/node_modules/redis-parser/lib/parser.js:302:14)
[ioredis] Unhandled error event: ReplyError: NOAUTH Authentication required.
    at parseError (/var/www/homeopathy-business-platform/node_modules/redis-parser/lib/parser.js:179:12)
    at parseType (/var/www/homeopathy-business-platform/node_modules/redis-parser/lib/parser.js:302:14)
[ioredis] Unhandled error event: ReplyError: NOAUTH Authentication required.
    at parseError (/var/www/homeopathy-business-platform/node_modules/redis-parser/lib/parser.js:179:12)
    at parseType (/var/www/homeopathy-business-platform/node_modules/redis-parser/lib/parser.js:302:14)
[ioredis] Unhandled error event: ReplyError: NOAUTH Authentication required.
    at parseError (/var/www/homeopathy-business-platform/node_modules/redis-parser/lib/parser.js:179:12)
    at parseType (/var/www/homeopathy-business-platform/node_modules/redis-parser/lib/parser.js:302:14)
[ioredis] Unhandled error event: ReplyError: NOAUTH Authentication required.
    at parseError (/var/www/homeopathy-business-platform/node_modules/redis-parser/lib/parser.js:179:12)
    at parseType (/var/www/homeopathy-business-platform/node_modules/redis-parser/lib/parser.js:302:14)
[ioredis] Unhandled error event: ReplyError: NOAUTH Authentication required.
    at parseError (/var/www/homeopathy-business-platform/node_modules/redis-parser/lib/parser.js:179:12)
    at parseType (/var/www/homeopathy-business-platform/node_modules/redis-parser/lib/parser.js:302:14)
[ioredis] Unhandled error event: ReplyError: NOAUTH Authentication required.
    at parseError (/var/www/homeopathy-business-platform/node_modules/redis-parser/lib/parser.js:179:12)
    at parseType (/var/www/homeopathy-business-platform/node_modules/redis-parser/lib/parser.js:302:14)
[ioredis] Unhandled error event: ReplyError: NOAUTH Authentication required.
    at parseError (/var/www/homeopathy-business-platform/node_modules/redis-parser/lib/parser.js:179:12)
    at parseType (/var/www/homeopathy-business-platform/node_modules/redis-parser/lib/parser.js:302:14)
[ioredis] Unhandled error event: ReplyError: NOAUTH Authentication required.
    at parseError (/var/www/homeopathy-business-platform/node_modules/redis-parser/lib/parser.js:179:12)
    at parseType (/var/www/homeopathy-business-platform/node_modules/redis-parser/lib/parser.js:302:14)
[ioredis] Unhandled error event: ReplyError: NOAUTH Authentication required.
    at parseError (/var/www/homeopathy-business-platform/node_modules/redis-parser/lib/parser.js:179:12)
    at parseType (/var/www/homeopathy-business-platform/node_modules/redis-parser/lib/parser.js:302:14)
[ioredis] Unhandled error event: ReplyError: NOAUTH Authentication required.
    at parseError (/var/www/homeopathy-business-platform/node_modules/redis-parser/lib/parser.js:179:12)
    at parseType (/var/www/homeopathy-business-platform/node_modules/redis-parser/lib/parser.js:302:14)
[ioredis] Unhandled error event: ReplyError: NOAUTH Authentication required.
    at parseError (/var/www/homeopathy-business-platform/node_modules/redis-parser/lib/parser.js:179:12)
    at parseType (/var/www/homeopathy-business-platform/node_modules/redis-parser/lib/parser.js:302:14)
[ioredis] Unhandled error event: ReplyError: NOAUTH Authentication required.
    at parseError (/var/www/homeopathy-business-platform/node_modules/redis-parser/lib/parser.js:179:12)
    at parseType (/var/www/homeopathy-business-platform/node_modules/redis-parser/lib/parser.js:302:14)
[ioredis] Unhandled error event: ReplyError: NOAUTH Authentication required.
    at parseError (/var/www/homeopathy-business-platform/node_modules/redis-parser/lib/parser.js:179:12)
    at parseType (/var/www/homeopathy-business-platform/node_modules/redis-parser/lib/parser.js:302:14)
[ioredis] Unhandled error event: ReplyError: NOAUTH Authentication required.
    at parseError (/var/www/homeopathy-business-platform/node_modules/redis-parser/lib/parser.js:179:12)
    at parseType (/var/www/homeopathy-business-platform/node_modules/redis-parser/lib/parser.js:302:14)
[ioredis] Unhandled error event: ReplyError: NOAUTH Authentication required.
    at parseError (/var/www/homeopathy-business-platform/node_modules/redis-parser/lib/parser.js:179:12)
    at parseType (/var/www/homeopathy-business-platform/node_modules/redis-parser/lib/parser.js:302:14)
[ioredis] Unhandled error event: ReplyError: NOAUTH Authentication required.
    at parseError (/var/www/homeopathy-business-platform/node_modules/redis-parser/lib/parser.js:179:12)
    at parseType (/var/www/homeopathy-business-platform/node_modules/redis-parser/lib/parser.js:302:14)
[ioredis] Unhandled error event: ReplyError: NOAUTH Authentication required.
    at parseError (/var/www/homeopathy-business-platform/node_modules/redis-parser/lib/parser.js:179:12)
    at parseType (/var/www/homeopathy-business-platform/node_modules/redis-parser/lib/parser.js:302:14)
[ioredis] Unhandled error event: ReplyError: NOAUTH Authentication required.
    at parseError (/var/www/homeopathy-business-platform/node_modules/redis-parser/lib/parser.js:179:12)
    at parseType (/var/www/homeopathy-business-platform/node_modules/redis-parser/lib/parser.js:302:14)
[ioredis] Unhandled error event: ReplyError: NOAUTH Authentication required.
    at parseError (/var/www/homeopathy-business-platform/node_modules/redis-parser/lib/parser.js:179:12)
    at parseType (/var/www/homeopathy-business-platform/node_modules/redis-parser/lib/parser.js:302:14)
[ioredis] Unhandled error event: ReplyError: NOAUTH Authentication required.
    at parseError (/var/www/homeopathy-business-platform/node_modules/redis-parser/lib/parser.js:179:12)
    at parseType (/var/www/homeopathy-business-platform/node_modules/redis-parser/lib/parser.js:302:14)
[ioredis] Unhandled error event: ReplyError: NOAUTH Authentication required.
    at parseError (/var/www/homeopathy-business-platform/node_modules/redis-parser/lib/parser.js:179:12)
    at parseType (/var/www/homeopathy-business-platform/node_modules/redis-parser/lib/parser.js:302:14)
[ioredis] Unhandled error event: ReplyError: NOAUTH Authentication required.
    at parseError (/var/www/homeopathy-business-platform/node_modules/redis-parser/lib/parser.js:179:12)
    at parseType (/var/www/homeopathy-business-platform/node_modules/redis-parser/lib/parser.js:302:14)
[ioredis] Unhandled error event: ReplyError: NOAUTH Authentication required.
    at parseError (/var/www/homeopathy-business-platform/node_modules/redis-parser/lib/parser.js:179:12)
    at parseType (/var/www/homeopathy-business-platform/node_modules/redis-parser/lib/parser.js:302:14)
[ioredis] Unhandled error event: ReplyError: NOAUTH Authentication required.
    at parseError (/var/www/homeopathy-business-platform/node_modules/redis-parser/lib/parser.js:179:12)
    at parseType (/var/www/homeopathy-business-platform/node_modules/redis-parser/lib/parser.js:302:14)
[ioredis] Unhandled error event: ReplyError: NOAUTH Authentication required.
    at parseError (/var/www/homeopathy-business-platform/node_modules/redis-parser/lib/parser.js:179:12)
    at parseType (/var/www/homeopathy-business-platform/node_modules/redis-parser/lib/parser.js:302:14)
[ioredis] Unhandled error event: ReplyError: NOAUTH Authentication required.
    at parseError (/var/www/homeopathy-business-platform/node_modules/redis-parser/lib/parser.js:179:12)
    at parseType (/var/www/homeopathy-business-platform/node_modules/redis-parser/lib/parser.js:302:14)
[ioredis] Unhandled error event: ReplyError: NOAUTH Authentication required.
    at parseError (/var/www/homeopathy-business-platform/node_modules/redis-parser/lib/parser.js:179:12)
    at parseType (/var/www/homeopathy-business-platform/node_modules/redis-parser/lib/parser.js:302:14)
[ioredis] Unhandled error event: ReplyError: NOAUTH Authentication required.
    at parseError (/var/www/homeopathy-business-platform/node_modules/redis-parser/lib/parser.js:179:12)
    at parseType (/var/www/homeopathy-business-platform/node_modules/redis-parser/lib/parser.js:302:14)
[ioredis] Unhandled error event: ReplyError: NOAUTH Authentication required.
    at parseError (/var/www/homeopathy-business-platform/node_modules/redis-parser/lib/parser.js:179:12)
    at parseType (/var/www/homeopathy-business-platform/node_modules/redis-parser/lib/parser.js:302:14)
[ioredis] Unhandled error event: ReplyError: NOAUTH Authentication required.
    at parseError (/var/www/homeopathy-business-platform/node_modules/redis-parser/lib/parser.js:179:12)
    at parseType (/var/www/homeopathy-business-platform/node_modules/redis-parser/lib/parser.js:302:14)
[ioredis] Unhandled error event: ReplyError: NOAUTH Authentication required.
    at parseError (/var/www/homeopathy-business-platform/node_modules/redis-parser/lib/parser.js:179:12)
    at parseType (/var/www/homeopathy-business-platform/node_modules/redis-parser/lib/parser.js:302:14)
[ioredis] Unhandled error event: ReplyError: NOAUTH Authentication required.
    at parseError (/var/www/homeopathy-business-platform/node_modules/redis-parser/lib/parser.js:179:12)
    at parseType (/var/www/homeopathy-business-platform/node_modules/redis-parser/lib/parser.js:302:14)
[ioredis] Unhandled error event: ReplyError: NOAUTH Authentication required.
    at parseError (/var/www/homeopathy-business-platform/node_modules/redis-parser/lib/parser.js:179:12)
    at parseType (/var/www/homeopathy-business-platform/node_modules/redis-parser/lib/parser.js:302:14)
[ioredis] Unhandled error event: ReplyError: NOAUTH Authentication required.
    at parseError (/var/www/homeopathy-business-platform/node_modules/redis-parser/lib/parser.js:179:12)
    at parseType (/var/www/homeopathy-business-platform/node_modules/redis-parser/lib/parser.js:302:14)
[ioredis] Unhandled error event: ReplyError: NOAUTH Authentication required.
    at parseError (/var/www/homeopathy-business-platform/node_modules/redis-parser/lib/parser.js:179:12)
    at parseType (/var/www/homeopathy-business-platform/node_modules/redis-parser/lib/parser.js:302:14)
[ioredis] Unhandled error event: ReplyError: NOAUTH Authentication required.
    at parseError (/var/www/homeopathy-business-platform/node_modules/redis-parser/lib/parser.js:179:12)
    at parseType (/var/www/homeopathy-business-platform/node_modules/redis-parser/lib/parser.js:302:14)
[ioredis] Unhandled error event: ReplyError: NOAUTH Authentication required.
    at parseError (/var/www/homeopathy-business-platform/node_modules/redis-parser/lib/parser.js:179:12)
    at parseType (/var/www/homeopathy-business-platform/node_modules/redis-parser/lib/parser.js:302:14)
[ioredis] Unhandled error event: ReplyError: NOAUTH Authentication required.
    at parseError (/var/www/homeopathy-business-platform/node_modules/redis-parser/lib/parser.js:179:12)
    at parseType (/var/www/homeopathy-business-platform/node_modules/redis-parser/lib/parser.js:302:14)
[ioredis] Unhandled error event: ReplyError: NOAUTH Authentication required.
    at parseError (/var/www/homeopathy-business-platform/node_modules/redis-parser/lib/parser.js:179:12)
    at parseType (/var/www/homeopathy-business-platform/node_modules/redis-parser/lib/parser.js:302:14)
[ioredis] Unhandled error event: ReplyError: NOAUTH Authentication required.
    at parseError (/var/www/homeopathy-business-platform/node_modules/redis-parser/lib/parser.js:179:12)
    at parseType (/var/www/homeopathy-business-platform/node_modules/redis-parser/lib/parser.js:302:14)
[ioredis] Unhandled error event: ReplyError: NOAUTH Authentication required.
    at parseError (/var/www/homeopathy-business-platform/node_modules/redis-parser/lib/parser.js:179:12)
    at parseType (/var/www/homeopathy-business-platform/node_modules/redis-parser/lib/parser.js:302:14)
[ioredis] Unhandled error event: ReplyError: NOAUTH Authentication required.
    at parseError (/var/www/homeopathy-business-platform/node_modules/redis-parser/lib/parser.js:179:12)
    at parseType (/var/www/homeopathy-business-platform/node_modules/redis-parser/lib/parser.js:302:14)
[ioredis] Unhandled error event: ReplyError: NOAUTH Authentication required.
    at parseError (/var/www/homeopathy-business-platform/node_modules/redis-parser/lib/parser.js:179:12)
    at parseType (/var/www/homeopathy-business-platform/node_modules/redis-parser/lib/parser.js:302:14)
[ioredis] Unhandled error event: ReplyError: NOAUTH Authentication required.
    at parseError (/var/www/homeopathy-business-platform/node_modules/redis-parser/lib/parser.js:179:12)
    at parseType (/var/www/homeopathy-business-platform/node_modules/redis-parser/lib/parser.js:302:14)
[ioredis] Unhandled error event: ReplyError: NOAUTH Authentication required.
    at parseError (/var/www/homeopathy-business-platform/node_modules/redis-parser/lib/parser.js:179:12)
    at parseType (/var/www/homeopathy-business-platform/node_modules/redis-parser/lib/parser.js:302:14)
[ioredis] Unhandled error event: ReplyError: NOAUTH Authentication required.
    at parseError (/var/www/homeopathy-business-platform/node_modules/redis-parser/lib/parser.js:179:12)
    at parseType (/var/www/homeopathy-business-platform/node_modules/redis-parser/lib/parser.js:302:14)
[ioredis] Unhandled error event: ReplyError: NOAUTH Authentication required.
    at parseError (/var/www/homeopathy-business-platform/node_modules/redis-parser/lib/parser.js:179:12)
    at parseType (/var/www/homeopathy-business-platform/node_modules/redis-parser/lib/parser.js:302:14)
[ioredis] Unhandled error event: ReplyError: NOAUTH Authentication required.
    at parseError (/var/www/homeopathy-business-platform/node_modules/redis-parser/lib/parser.js:179:12)
    at parseType (/var/www/homeopathy-business-platform/node_modules/redis-parser/lib/parser.js:302:14)
[ioredis] Unhandled error event: ReplyError: NOAUTH Authentication required.
    at parseError (/var/www/homeopathy-business-platform/node_modules/redis-parser/lib/parser.js:179:12)
    at parseType (/var/www/homeopathy-business-platform/node_modules/redis-parser/lib/parser.js:302:14)
[ioredis] Unhandled error event: ReplyError: NOAUTH Authentication required.
    at parseError (/var/www/homeopathy-business-platform/node_modules/redis-parser/lib/parser.js:179:12)
    at parseType (/var/www/homeopathy-business-platform/node_modules/redis-parser/lib/parser.js:302:14)
[ioredis] Unhandled error event: ReplyError: NOAUTH Authentication required.
    at parseError (/var/www/homeopathy-business-platform/node_modules/redis-parser/lib/parser.js:179:12)
    at parseType (/var/www/homeopathy-business-platform/node_modules/redis-parser/lib/parser.js:302:14)
[ioredis] Unhandled error event: ReplyError: NOAUTH Authentication required.
    at parseError (/var/www/homeopathy-business-platform/node_modules/redis-parser/lib/parser.js:179:12)
    at parseType (/var/www/homeopathy-business-platform/node_modules/redis-parser/lib/parser.js:302:14)
[ioredis] Unhandled error event: ReplyError: NOAUTH Authentication required.
    at parseError (/var/www/homeopathy-business-platform/node_modules/redis-parser/lib/parser.js:179:12)
    at parseType (/var/www/homeopathy-business-platform/node_modules/redis-parser/lib/parser.js:302:14)
[ioredis] Unhandled error event: ReplyError: NOAUTH Authentication required.
    at parseError (/var/www/homeopathy-business-platform/node_modules/redis-parser/lib/parser.js:179:12)
    at parseType (/var/www/homeopathy-business-platform/node_modules/redis-parser/lib/parser.js:302:14)
[ioredis] Unhandled error event: ReplyError: NOAUTH Authentication required.
    at parseError (/var/www/homeopathy-business-platform/node_modules/redis-parser/lib/parser.js:179:12)
    at parseType (/var/www/homeopathy-business-platform/node_modules/redis-parser/lib/parser.js:302:14)
[ioredis] Unhandled error event: ReplyError: NOAUTH Authentication required.
    at parseError (/var/www/homeopathy-business-platform/node_modules/redis-parser/lib/parser.js:179:12)
    at parseType (/var/www/homeopathy-business-platform/node_modules/redis-parser/lib/parser.js:302:14)
[ioredis] Unhandled error event: ReplyError: NOAUTH Authentication required.
    at parseError (/var/www/homeopathy-business-platform/node_modules/redis-parser/lib/parser.js:179:12)
    at parseType (/var/www/homeopathy-business-platform/node_modules/redis-parser/lib/parser.js:302:14)
[ioredis] Unhandled error event: ReplyError: NOAUTH Authentication required.
    at parseError (/var/www/homeopathy-business-platform/node_modules/redis-parser/lib/parser.js:179:12)
    at parseType (/var/www/homeopathy-business-platform/node_modules/redis-parser/lib/parser.js:302:14)
[ioredis] Unhandled error event: ReplyError: NOAUTH Authentication required.
    at parseError (/var/www/homeopathy-business-platform/node_modules/redis-parser/lib/parser.js:179:12)
    at parseType (/var/www/homeopathy-business-platform/node_modules/redis-parser/lib/parser.js:302:14)
[ioredis] Unhandled error event: ReplyError: NOAUTH Authentication required.
    at parseError (/var/www/homeopathy-business-platform/node_modules/redis-parser/lib/parser.js:179:12)
    at parseType (/var/www/homeopathy-business-platform/node_modules/redis-parser/lib/parser.js:302:14)
[ioredis] Unhandled error event: ReplyError: NOAUTH Authentication required.
    at parseError (/var/www/homeopathy-business-platform/node_modules/redis-parser/lib/parser.js:179:12)
    at parseType (/var/www/homeopathy-business-platform/node_modules/redis-parser/lib/parser.js:302:14)
[ioredis] Unhandled error event: ReplyError: NOAUTH Authentication required.
    at parseError (/var/www/homeopathy-business-platform/node_modules/redis-parser/lib/parser.js:179:12)
    at parseType (/var/www/homeopathy-business-platform/node_modules/redis-parser/lib/parser.js:302:14)
[ioredis] Unhandled error event: ReplyError: NOAUTH Authentication required.
    at parseError (/var/www/homeopathy-business-platform/node_modules/redis-parser/lib/parser.js:179:12)
    at parseType (/var/www/homeopathy-business-platform/node_modules/redis-parser/lib/parser.js:302:14)
[ioredis] Unhandled error event: ReplyError: NOAUTH Authentication required.
    at parseError (/var/www/homeopathy-business-platform/node_modules/redis-parser/lib/parser.js:179:12)
    at parseType (/var/www/homeopathy-business-platform/node_modules/redis-parser/lib/parser.js:302:14)
[ioredis] Unhandled error event: ReplyError: NOAUTH Authentication required.
    at parseError (/var/www/homeopathy-business-platform/node_modules/redis-parser/lib/parser.js:179:12)
    at parseType (/var/www/homeopathy-business-platform/node_modules/redis-parser/lib/parser.js:302:14)
[ioredis] Unhandled error event: ReplyError: NOAUTH Authentication required.
    at parseError (/var/www/homeopathy-business-platform/node_modules/redis-parser/lib/parser.js:179:12)
    at parseType (/var/www/homeopathy-business-platform/node_modules/redis-parser/lib/parser.js:302:14)
[ioredis] Unhandled error event: ReplyError: NOAUTH Authentication required.
    at parseError (/var/www/homeopathy-business-platform/node_modules/redis-parser/lib/parser.js:179:12)
    at parseType (/var/www/homeopathy-business-platform/node_modules/redis-parser/lib/parser.js:302:14)
[ioredis] Unhandled error event: ReplyError: NOAUTH Authentication required.
    at parseError (/var/www/homeopathy-business-platform/node_modules/redis-parser/lib/parser.js:179:12)
    at parseType (/var/www/homeopathy-business-platform/node_modules/redis-parser/lib/parser.js:302:14)
[ioredis] Unhandled error event: ReplyError: NOAUTH Authentication required.
    at parseError (/var/www/homeopathy-business-platform/node_modules/redis-parser/lib/parser.js:179:12)
    at parseType (/var/www/homeopathy-business-platform/node_modules/redis-parser/lib/parser.js:302:14)
[ioredis] Unhandled error event: ReplyError: NOAUTH Authentication required.
    at parseError (/var/www/homeopathy-business-platform/node_modules/redis-parser/lib/parser.js:179:12)
    at parseType (/var/www/homeopathy-business-platform/node_modules/redis-parser/lib/parser.js:302:14)
[ioredis] Unhandled error event: ReplyError: NOAUTH Authentication required.
    at parseError (/var/www/homeopathy-business-platform/node_modules/redis-parser/lib/parser.js:179:12)
    at parseType (/var/www/homeopathy-business-platform/node_modules/redis-parser/lib/parser.js:302:14)
[ioredis] Unhandled error event: ReplyError: NOAUTH Authentication required.
    at parseError (/var/www/homeopathy-business-platform/node_modules/redis-parser/lib/parser.js:179:12)
    at parseType (/var/www/homeopathy-business-platform/node_modules/redis-parser/lib/parser.js:302:14)
[ioredis] Unhandled error event: ReplyError: NOAUTH Authentication required.
    at parseError (/var/www/homeopathy-business-platform/node_modules/redis-parser/lib/parser.js:179:12)
    at parseType (/var/www/homeopathy-business-platform/node_modules/redis-parser/lib/parser.js:302:14)
[ioredis] Unhandled error event: ReplyError: NOAUTH Authentication required.
    at parseError (/var/www/homeopathy-business-platform/node_modules/redis-parser/lib/parser.js:179:12)
    at parseType (/var/www/homeopathy-business-platform/node_modules/redis-parser/lib/parser.js:302:14)
[ioredis] Unhandled error event: ReplyError: NOAUTH Authentication required.
    at parseError (/var/www/homeopathy-business-platform/node_modules/redis-parser/lib/parser.js:179:12)
    at parseType (/var/www/homeopathy-business-platform/node_modules/redis-parser/lib/parser.js:302:14)
[ioredis] Unhandled error event: ReplyError: NOAUTH Authentication required.
    at parseError (/var/www/homeopathy-business-platform/node_modules/redis-parser/lib/parser.js:179:12)
    at parseType (/var/www/homeopathy-business-platform/node_modules/redis-parser/lib/parser.js:302:14)
[ioredis] Unhandled error event: ReplyError: NOAUTH Authentication required.
    at parseError (/var/www/homeopathy-business-platform/node_modules/redis-parser/lib/parser.js:179:12)
    at parseType (/var/www/homeopathy-business-platform/node_modules/redis-parser/lib/parser.js:302:14)
[ioredis] Unhandled error event: ReplyError: NOAUTH Authentication required.
    at parseError (/var/www/homeopathy-business-platform/node_modules/redis-parser/lib/parser.js:179:12)
    at parseType (/var/www/homeopathy-business-platform/node_modules/redis-parser/lib/parser.js:302:14)
[ioredis] Unhandled error event: ReplyError: NOAUTH Authentication required.
    at parseError (/var/www/homeopathy-business-platform/node_modules/redis-parser/lib/parser.js:179:12)
    at parseType (/var/www/homeopathy-business-platform/node_modules/redis-parser/lib/parser.js:302:14)
[ioredis] Unhandled error event: ReplyError: NOAUTH Authentication required.
    at parseError (/var/www/homeopathy-business-platform/node_modules/redis-parser/lib/parser.js:179:12)
    at parseType (/var/www/homeopathy-business-platform/node_modules/redis-parser/lib/parser.js:302:14)
[ioredis] Unhandled error event: ReplyError: NOAUTH Authentication required.
    at parseError (/var/www/homeopathy-business-platform/node_modules/redis-parser/lib/parser.js:179:12)
    at parseType (/var/www/homeopathy-business-platform/node_modules/redis-parser/lib/parser.js:302:14)
[ioredis] Unhandled error event: ReplyError: NOAUTH Authentication required.
    at parseError (/var/www/homeopathy-business-platform/node_modules/redis-parser/lib/parser.js:179:12)
    at parseType (/var/www/homeopathy-business-platform/node_modules/redis-parser/lib/parser.js:302:14)
[ioredis] Unhandled error event: ReplyError: NOAUTH Authentication required.
    at parseError (/var/www/homeopathy-business-platform/node_modules/redis-parser/lib/parser.js:179:12)
    at parseType (/var/www/homeopathy-business-platform/node_modules/redis-parser/lib/parser.js:302:14)
[ioredis] Unhandled error event: ReplyError: NOAUTH Authentication required.
    at parseError (/var/www/homeopathy-business-platform/node_modules/redis-parser/lib/parser.js:179:12)
    at parseType (/var/www/homeopathy-business-platform/node_modules/redis-parser/lib/parser.js:302:14)
[ioredis] Unhandled error event: ReplyError: NOAUTH Authentication required.
    at parseError (/var/www/homeopathy-business-platform/node_modules/redis-parser/lib/parser.js:179:12)
    at parseType (/var/www/homeopathy-business-platform/node_modules/redis-parser/lib/parser.js:302:14)
[ioredis] Unhandled error event: ReplyError: NOAUTH Authentication required.
    at parseError (/var/www/homeopathy-business-platform/node_modules/redis-parser/lib/parser.js:179:12)
    at parseType (/var/www/homeopathy-business-platform/node_modules/redis-parser/lib/parser.js:302:14)
[ioredis] Unhandled error event: ReplyError: NOAUTH Authentication required.
    at parseError (/var/www/homeopathy-business-platform/node_modules/redis-parser/lib/parser.js:179:12)
    at parseType (/var/www/homeopathy-business-platform/node_modules/redis-parser/lib/parser.js:302:14)
[ioredis] Unhandled error event: ReplyError: NOAUTH Authentication required.
    at parseError (/var/www/homeopathy-business-platform/node_modules/redis-parser/lib/parser.js:179:12)
    at parseType (/var/www/homeopathy-business-platform/node_modules/redis-parser/lib/parser.js:302:14)
[ioredis] Unhandled error event: ReplyError: NOAUTH Authentication required.
    at parseError (/var/www/homeopathy-business-platform/node_modules/redis-parser/lib/parser.js:179:12)
    at parseType (/var/www/homeopathy-business-platform/node_modules/redis-parser/lib/parser.js:302:14)
[ioredis] Unhandled error event: ReplyError: NOAUTH Authentication required.
    at parseError (/var/www/homeopathy-business-platform/node_modules/redis-parser/lib/parser.js:179:12)
    at parseType (/var/www/homeopathy-business-platform/node_modules/redis-parser/lib/parser.js:302:14)
[ioredis] Unhandled error event: ReplyError: NOAUTH Authentication required.
    at parseError (/var/www/homeopathy-business-platform/node_modules/redis-parser/lib/parser.js:179:12)
    at parseType (/var/www/homeopathy-business-platform/node_modules/redis-parser/lib/parser.js:302:14)
[ioredis] Unhandled error event: ReplyError: NOAUTH Authentication required.
    at parseError (/var/www/homeopathy-business-platform/node_modules/redis-parser/lib/parser.js:179:12)
    at parseType (/var/www/homeopathy-business-platform/node_modules/redis-parser/lib/parser.js:302:14)
[ioredis] Unhandled error event: ReplyError: NOAUTH Authentication required.
    at parseError (/var/www/homeopathy-business-platform/node_modules/redis-parser/lib/parser.js:179:12)
    at parseType (/var/www/homeopathy-business-platform/node_modules/redis-parser/lib/parser.js:302:14)
[ioredis] Unhandled error event: ReplyError: NOAUTH Authentication required.
    at parseError (/var/www/homeopathy-business-platform/node_modules/redis-parser/lib/parser.js:179:12)
    at parseType (/var/www/homeopathy-business-platform/node_modules/redis-parser/lib/parser.js:302:14)
[ioredis] Unhandled error event: ReplyError: NOAUTH Authentication required.
    at parseError (/var/www/homeopathy-business-platform/node_modules/redis-parser/lib/parser.js:179:12)
    at parseType (/var/www/homeopathy-business-platform/node_modules/redis-parser/lib/parser.js:302:14)
[ioredis] Unhandled error event: ReplyError: NOAUTH Authentication required.
    at parseError (/var/www/homeopathy-business-platform/node_modules/redis-parser/lib/parser.js:179:12)
    at parseType (/var/www/homeopathy-business-platform/node_modules/redis-parser/lib/parser.js:302:14)
[ioredis] Unhandled error event: ReplyError: NOAUTH Authentication required.
    at parseError (/var/www/homeopathy-business-platform/node_modules/redis-parser/lib/parser.js:179:12)
    at parseType (/var/www/homeopathy-business-platform/node_modules/redis-parser/lib/parser.js:302:14)
[ioredis] Unhandled error event: ReplyError: NOAUTH Authentication required.
    at parseError (/var/www/homeopathy-business-platform/node_modules/redis-parser/lib/parser.js:179:12)
    at parseType (/var/www/homeopathy-business-platform/node_modules/redis-parser/lib/parser.js:302:14)
[ioredis] Unhandled error event: ReplyError: NOAUTH Authentication required.
    at parseError (/var/www/homeopathy-business-platform/node_modules/redis-parser/lib/parser.js:179:12)
    at parseType (/var/www/homeopathy-business-platform/node_modules/redis-parser/lib/parser.js:302:14)
[ioredis] Unhandled error event: ReplyError: NOAUTH Authentication required.
    at parseError (/var/www/homeopathy-business-platform/node_modules/redis-parser/lib/parser.js:179:12)
    at parseType (/var/www/homeopathy-business-platform/node_modules/redis-parser/lib/parser.js:302:14)
[ioredis] Unhandled error event: ReplyError: NOAUTH Authentication required.
    at parseError (/var/www/homeopathy-business-platform/node_modules/redis-parser/lib/parser.js:179:12)
    at parseType (/var/www/homeopathy-business-platform/node_modules/redis-parser/lib/parser.js:302:14)
[ioredis] Unhandled error event: ReplyError: NOAUTH Authentication required.
    at parseError (/var/www/homeopathy-business-platform/node_modules/redis-parser/lib/parser.js:179:12)
    at parseType (/var/www/homeopathy-business-platform/node_modules/redis-parser/lib/parser.js:302:14)
[ioredis] Unhandled error event: ReplyError: NOAUTH Authentication required.
    at parseError (/var/www/homeopathy-business-platform/node_modules/redis-parser/lib/parser.js:179:12)
    at parseType (/var/www/homeopathy-business-platform/node_modules/redis-parser/lib/parser.js:302:14)
[ioredis] Unhandled error event: ReplyError: NOAUTH Authentication required.
    at parseError (/var/www/homeopathy-business-platform/node_modules/redis-parser/lib/parser.js:179:12)
    at parseType (/var/www/homeopathy-business-platform/node_modules/redis-parser/lib/parser.js:302:14)
[ioredis] Unhandled error event: ReplyError: NOAUTH Authentication required.
    at parseError (/var/www/homeopathy-business-platform/node_modules/redis-parser/lib/parser.js:179:12)
    at parseType (/var/www/homeopathy-business-platform/node_modules/redis-parser/lib/parser.js:302:14)
[ioredis] Unhandled error event: ReplyError: NOAUTH Authentication required.
    at parseError (/var/www/homeopathy-business-platform/node_modules/redis-parser/lib/parser.js:179:12)
    at parseType (/var/www/homeopathy-business-platform/node_modules/redis-parser/lib/parser.js:302:14)
[ioredis] Unhandled error event: ReplyError: NOAUTH Authentication required.
    at parseError (/var/www/homeopathy-business-platform/node_modules/redis-parser/lib/parser.js:179:12)
    at parseType (/var/www/homeopathy-business-platform/node_modules/redis-parser/lib/parser.js:302:14)
[ioredis] Unhandled error event: ReplyError: NOAUTH Authentication required.
    at parseError (/var/www/homeopathy-business-platform/node_modules/redis-parser/lib/parser.js:179:12)
    at parseType (/var/www/homeopathy-business-platform/node_modules/redis-parser/lib/parser.js:302:14)
[ioredis] Unhandled error event: ReplyError: NOAUTH Authentication required.
    at parseError (/var/www/homeopathy-business-platform/node_modules/redis-parser/lib/parser.js:179:12)
    at parseType (/var/www/homeopathy-business-platform/node_modules/redis-parser/lib/parser.js:302:14)
[ioredis] Unhandled error event: ReplyError: NOAUTH Authentication required.
    at parseError (/var/www/homeopathy-business-platform/node_modules/redis-parser/lib/parser.js:179:12)
    at parseType (/var/www/homeopathy-business-platform/node_modules/redis-parser/lib/parser.js:302:14)
[ioredis] Unhandled error event: ReplyError: NOAUTH Authentication required.
    at parseError (/var/www/homeopathy-business-platform/node_modules/redis-parser/lib/parser.js:179:12)
    at parseType (/var/www/homeopathy-business-platform/node_modules/redis-parser/lib/parser.js:302:14)
[ioredis] Unhandled error event: ReplyError: NOAUTH Authentication required.
    at parseError (/var/www/homeopathy-business-platform/node_modules/redis-parser/lib/parser.js:179:12)
    at parseType (/var/www/homeopathy-business-platform/node_modules/redis-parser/lib/parser.js:302:14)
[ioredis] Unhandled error event: ReplyError: NOAUTH Authentication required.
    at parseError (/var/www/homeopathy-business-platform/node_modules/redis-parser/lib/parser.js:179:12)
    at parseType (/var/www/homeopathy-business-platform/node_modules/redis-parser/lib/parser.js:302:14)
[ioredis] Unhandled error event: ReplyError: NOAUTH Authentication required.
    at parseError (/var/www/homeopathy-business-platform/node_modules/redis-parser/lib/parser.js:179:12)
    at parseType (/var/www/homeopathy-business-platform/node_modules/redis-parser/lib/parser.js:302:14)
[ioredis] Unhandled error event: ReplyError: NOAUTH Authentication required.
    at parseError (/var/www/homeopathy-business-platform/node_modules/redis-parser/lib/parser.js:179:12)
    at parseType (/var/www/homeopathy-business-platform/node_modules/redis-parser/lib/parser.js:302:14)
[ioredis] Unhandled error event: ReplyError: NOAUTH Authentication required.
    at parseError (/var/www/homeopathy-business-platform/node_modules/redis-parser/lib/parser.js:179:12)
    at parseType (/var/www/homeopathy-business-platform/node_modules/redis-parser/lib/parser.js:302:14)
[ioredis] Unhandled error event: ReplyError: NOAUTH Authentication required.
    at parseError (/var/www/homeopathy-business-platform/node_modules/redis-parser/lib/parser.js:179:12)
    at parseType (/var/www/homeopathy-business-platform/node_modules/redis-parser/lib/parser.js:302:14)
[ioredis] Unhandled error event: ReplyError: NOAUTH Authentication required.
    at parseError (/var/www/homeopathy-business-platform/node_modules/redis-parser/lib/parser.js:179:12)
    at parseType (/var/www/homeopathy-business-platform/node_modules/redis-parser/lib/parser.js:302:14)
[ioredis] Unhandled error event: ReplyError: NOAUTH Authentication required.
    at parseError (/var/www/homeopathy-business-platform/node_modules/redis-parser/lib/parser.js:179:12)
    at parseType (/var/www/homeopathy-business-platform/node_modules/redis-parser/lib/parser.js:302:14)
[ioredis] Unhandled error event: ReplyError: NOAUTH Authentication required.
    at parseError (/var/www/homeopathy-business-platform/node_modules/redis-parser/lib/parser.js:179:12)
    at parseType (/var/www/homeopathy-business-platform/node_modules/redis-parser/lib/parser.js:302:14)
[ioredis] Unhandled error event: ReplyError: NOAUTH Authentication required.
    at parseError (/var/www/homeopathy-business-platform/node_modules/redis-parser/lib/parser.js:179:12)
    at parseType (/var/www/homeopathy-business-platform/node_modules/redis-parser/lib/parser.js:302:14)
[ioredis] Unhandled error event: ReplyError: NOAUTH Authentication required.
    at parseError (/var/www/homeopathy-business-platform/node_modules/redis-parser/lib/parser.js:179:12)
    at parseType (/var/www/homeopathy-business-platform/node_modules/redis-parser/lib/parser.js:302:14)
[ioredis] Unhandled error event: ReplyError: NOAUTH Authentication required.
    at parseError (/var/www/homeopathy-business-platform/node_modules/redis-parser/lib/parser.js:179:12)
    at parseType (/var/www/homeopathy-business-platform/node_modules/redis-parser/lib/parser.js:302:14)
[ioredis] Unhandled error event: ReplyError: NOAUTH Authentication required.
    at parseError (/var/www/homeopathy-business-platform/node_modules/redis-parser/lib/parser.js:179:12)
    at parseType (/var/www/homeopathy-business-platform/node_modules/redis-parser/lib/parser.js:302:14)
[ioredis] Unhandled error event: ReplyError: NOAUTH Authentication required.
    at parseError (/var/www/homeopathy-business-platform/node_modules/redis-parser/lib/parser.js:179:12)
    at parseType (/var/www/homeopathy-business-platform/node_modules/redis-parser/lib/parser.js:302:14)
[ioredis] Unhandled error event: ReplyError: NOAUTH Authentication required.
    at parseError (/var/www/homeopathy-business-platform/node_modules/redis-parser/lib/parser.js:179:12)
    at parseType (/var/www/homeopathy-business-platform/node_modules/redis-parser/lib/parser.js:302:14)
[ioredis] Unhandled error event: ReplyError: NOAUTH Authentication required.
    at parseError (/var/www/homeopathy-business-platform/node_modules/redis-parser/lib/parser.js:179:12)
    at parseType (/var/www/homeopathy-business-platform/node_modules/redis-parser/lib/parser.js:302:14)
[ioredis] Unhandled error event: ReplyError: NOAUTH Authentication required.
    at parseError (/var/www/homeopathy-business-platform/node_modules/redis-parser/lib/parser.js:179:12)
    at parseType (/var/www/homeopathy-business-platform/node_modules/redis-parser/lib/parser.js:302:14)
[ioredis] Unhandled error event: ReplyError: NOAUTH Authentication required.
    at parseError (/var/www/homeopathy-business-platform/node_modules/redis-parser/lib/parser.js:179:12)
    at parseType (/var/www/homeopathy-business-platform/node_modules/redis-parser/lib/parser.js:302:14)
[ioredis] Unhandled error event: ReplyError: NOAUTH Authentication required.
    at parseError (/var/www/homeopathy-business-platform/node_modules/redis-parser/lib/parser.js:179:12)
    at parseType (/var/www/homeopathy-business-platform/node_modules/redis-parser/lib/parser.js:302:14)
[ioredis] Unhandled error event: ReplyError: NOAUTH Authentication required.
    at parseError (/var/www/homeopathy-business-platform/node_modules/redis-parser/lib/parser.js:179:12)
    at parseType (/var/www/homeopathy-business-platform/node_modules/redis-parser/lib/parser.js:302:14)
[ioredis] Unhandled error event: ReplyError: NOAUTH Authentication required.
    at parseError (/var/www/homeopathy-business-platform/node_modules/redis-parser/lib/parser.js:179:12)
    at parseType (/var/www/homeopathy-business-platform/node_modules/redis-parser/lib/parser.js:302:14)
[ioredis] Unhandled error event: ReplyError: NOAUTH Authentication required.
    at parseError (/var/www/homeopathy-business-platform/node_modules/redis-parser/lib/parser.js:179:12)
    at parseType (/var/www/homeopathy-business-platform/node_modules/redis-parser/lib/parser.js:302:14)
[ioredis] Unhandled error event: ReplyError: NOAUTH Authentication required.
    at parseError (/var/www/homeopathy-business-platform/node_modules/redis-parser/lib/parser.js:179:12)
    at parseType (/var/www/homeopathy-business-platform/node_modules/redis-parser/lib/parser.js:302:14)
[ioredis] Unhandled error event: ReplyError: NOAUTH Authentication required.
    at parseError (/var/www/homeopathy-business-platform/node_modules/redis-parser/lib/parser.js:179:12)
    at parseType (/var/www/homeopathy-business-platform/node_modules/redis-parser/lib/parser.js:302:14)
[ioredis] Unhandled error event: ReplyError: NOAUTH Authentication required.
    at parseError (/var/www/homeopathy-business-platform/node_modules/redis-parser/lib/parser.js:179:12)
    at parseType (/var/www/homeopathy-business-platform/node_modules/redis-parser/lib/parser.js:302:14)
[ioredis] Unhandled error event: ReplyError: NOAUTH Authentication required.
    at parseError (/var/www/homeopathy-business-platform/node_modules/redis-parser/lib/parser.js:179:12)
    at parseType (/var/www/homeopathy-business-platform/node_modules/redis-parser/lib/parser.js:302:14)
[ioredis] Unhandled error event: ReplyError: NOAUTH Authentication required.
    at parseError (/var/www/homeopathy-business-platform/node_modules/redis-parser/lib/parser.js:179:12)
    at parseType (/var/www/homeopathy-business-platform/node_modules/redis-parser/lib/parser.js:302:14)
[ioredis] Unhandled error event: ReplyError: NOAUTH Authentication required.
    at parseError (/var/www/homeopathy-business-platform/node_modules/redis-parser/lib/parser.js:179:12)
    at parseType (/var/www/homeopathy-business-platform/node_modules/redis-parser/lib/parser.js:302:14)
[ioredis] Unhandled error event: ReplyError: NOAUTH Authentication required.
    at parseError (/var/www/homeopathy-business-platform/node_modules/redis-parser/lib/parser.js:179:12)
    at parseType (/var/www/homeopathy-business-platform/node_modules/redis-parser/lib/parser.js:302:14)
[ioredis] Unhandled error event: ReplyError: NOAUTH Authentication required.
    at parseError (/var/www/homeopathy-business-platform/node_modules/redis-parser/lib/parser.js:179:12)
    at parseType (/var/www/homeopathy-business-platform/node_modules/redis-parser/lib/parser.js:302:14)
[ioredis] Unhandled error event: ReplyError: NOAUTH Authentication required.
    at parseError (/var/www/homeopathy-business-platform/node_modules/redis-parser/lib/parser.js:179:12)
    at parseType (/var/www/homeopathy-business-platform/node_modules/redis-parser/lib/parser.js:302:14)
[ioredis] Unhandled error event: ReplyError: NOAUTH Authentication required.
    at parseError (/var/www/homeopathy-business-platform/node_modules/redis-parser/lib/parser.js:179:12)
    at parseType (/var/www/homeopathy-business-platform/node_modules/redis-parser/lib/parser.js:302:14)
[ioredis] Unhandled error event: ReplyError: NOAUTH Authentication required.
    at parseError (/var/www/homeopathy-business-platform/node_modules/redis-parser/lib/parser.js:179:12)
    at parseType (/var/www/homeopathy-business-platform/node_modules/redis-parser/lib/parser.js:302:14)
[ioredis] Unhandled error event: ReplyError: NOAUTH Authentication required.
    at parseError (/var/www/homeopathy-business-platform/node_modules/redis-parser/lib/parser.js:179:12)
    at parseType (/var/www/homeopathy-business-platform/node_modules/redis-parser/lib/parser.js:302:14)
[ioredis] Unhandled error event: ReplyError: NOAUTH Authentication required.
    at parseError (/var/www/homeopathy-business-platform/node_modules/redis-parser/lib/parser.js:179:12)
    at parseType (/var/www/homeopathy-business-platform/node_modules/redis-parser/lib/parser.js:302:14)
[ioredis] Unhandled error event: ReplyError: NOAUTH Authentication required.
    at parseError (/var/www/homeopathy-business-platform/node_modules/redis-parser/lib/parser.js:179:12)
    at parseType (/var/www/homeopathy-business-platform/node_modules/redis-parser/lib/parser.js:302:14)
[ioredis] Unhandled error event: ReplyError: NOAUTH Authentication required.
    at parseError (/var/www/homeopathy-business-platform/node_modules/redis-parser/lib/parser.js:179:12)
    at parseType (/var/www/homeopathy-business-platform/node_modules/redis-parser/lib/parser.js:302:14)
[ioredis] Unhandled error event: ReplyError: NOAUTH Authentication required.
    at parseError (/var/www/homeopathy-business-platform/node_modules/redis-parser/lib/parser.js:179:12)
    at parseType (/var/www/homeopathy-business-platform/node_modules/redis-parser/lib/parser.js:302:14)
[ioredis] Unhandled error event: ReplyError: NOAUTH Authentication required.
    at parseError (/var/www/homeopathy-business-platform/node_modules/redis-parser/lib/parser.js:179:12)
    at parseType (/var/www/homeopathy-business-platform/node_modules/redis-parser/lib/parser.js:302:14)
[ioredis] Unhandled error event: ReplyError: NOAUTH Authentication required.
    at parseError (/var/www/homeopathy-business-platform/node_modules/redis-parser/lib/parser.js:179:12)
    at parseType (/var/www/homeopathy-business-platform/node_modules/redis-parser/lib/parser.js:302:14)
[ioredis] Unhandled error event: ReplyError: NOAUTH Authentication required.
    at parseError (/var/www/homeopathy-business-platform/node_modules/redis-parser/lib/parser.js:179:12)
    at parseType (/var/www/homeopathy-business-platform/node_modules/redis-parser/lib/parser.js:302:14)
[ioredis] Unhandled error event: ReplyError: NOAUTH Authentication required.
    at parseError (/var/www/homeopathy-business-platform/node_modules/redis-parser/lib/parser.js:179:12)
    at parseType (/var/www/homeopathy-business-platform/node_modules/redis-parser/lib/parser.js:302:14)
[ioredis] Unhandled error event: ReplyError: NOAUTH Authentication required.
    at parseError (/var/www/homeopathy-business-platform/node_modules/redis-parser/lib/parser.js:179:12)
    at parseType (/var/www/homeopathy-business-platform/node_modules/redis-parser/lib/parser.js:302:14)
[ioredis] Unhandled error event: ReplyError: NOAUTH Authentication required.
    at parseError (/var/www/homeopathy-business-platform/node_modules/redis-parser/lib/parser.js:179:12)
    at parseType (/var/www/homeopathy-business-platform/node_modules/redis-parser/lib/parser.js:302:14)
[ioredis] Unhandled error event: ReplyError: NOAUTH Authentication required.
    at parseError (/var/www/homeopathy-business-platform/node_modules/redis-parser/lib/parser.js:179:12)
    at parseType (/var/www/homeopathy-business-platform/node_modules/redis-parser/lib/parser.js:302:14)
[ioredis] Unhandled error event: ReplyError: NOAUTH Authentication required.
    at parseError (/var/www/homeopathy-business-platform/node_modules/redis-parser/lib/parser.js:179:12)
    at parseType (/var/www/homeopathy-business-platform/node_modules/redis-parser/lib/parser.js:302:14)
[ioredis] Unhandled error event: ReplyError: NOAUTH Authentication required.
    at parseError (/var/www/homeopathy-business-platform/node_modules/redis-parser/lib/parser.js:179:12)
    at parseType (/var/www/homeopathy-business-platform/node_modules/redis-parser/lib/parser.js:302:14)
[ioredis] Unhandled error event: ReplyError: NOAUTH Authentication required.
    at parseError (/var/www/homeopathy-business-platform/node_modules/redis-parser/lib/parser.js:179:12)
    at parseType (/var/www/homeopathy-business-platform/node_modules/redis-parser/lib/parser.js:302:14)
[ioredis] Unhandled error event: ReplyError: NOAUTH Authentication required.
    at parseError (/var/www/homeopathy-business-platform/node_modules/redis-parser/lib/parser.js:179:12)
    at parseType (/var/www/homeopathy-business-platform/node_modules/redis-parser/lib/parser.js:302:14)
[ioredis] Unhandled error event: ReplyError: NOAUTH Authentication required.
    at parseError (/var/www/homeopathy-business-platform/node_modules/redis-parser/lib/parser.js:179:12)
    at parseType (/var/www/homeopathy-business-platform/node_modules/redis-parser/lib/parser.js:302:14)
[ioredis] Unhandled error event: ReplyError: NOAUTH Authentication required.
    at parseError (/var/www/homeopathy-business-platform/node_modules/redis-parser/lib/parser.js:179:12)
    at parseType (/var/www/homeopathy-business-platform/node_modules/redis-parser/lib/parser.js:302:14)
[ioredis] Unhandled error event: ReplyError: NOAUTH Authentication required.
    at parseError (/var/www/homeopathy-business-platform/node_modules/redis-parser/lib/parser.js:179:12)
    at parseType (/var/www/homeopathy-business-platform/node_modules/redis-parser/lib/parser.js:302:14)
[ioredis] Unhandled error event: ReplyError: NOAUTH Authentication required.
    at parseError (/var/www/homeopathy-business-platform/node_modules/redis-parser/lib/parser.js:179:12)
    at parseType (/var/www/homeopathy-business-platform/node_modules/redis-parser/lib/parser.js:302:14)
[ioredis] Unhandled error event: ReplyError: NOAUTH Authentication required.
    at parseError (/var/www/homeopathy-business-platform/node_modules/redis-parser/lib/parser.js:179:12)
    at parseType (/var/www/homeopathy-business-platform/node_modules/redis-parser/lib/parser.js:302:14)
[ioredis] Unhandled error event: ReplyError: NOAUTH Authentication required.
    at parseError (/var/www/homeopathy-business-platform/node_modules/redis-parser/lib/parser.js:179:12)
    at parseType (/var/www/homeopathy-business-platform/node_modules/redis-parser/lib/parser.js:302:14)
[ioredis] Unhandled error event: ReplyError: NOAUTH Authentication required.
    at parseError (/var/www/homeopathy-business-platform/node_modules/redis-parser/lib/parser.js:179:12)
    at parseType (/var/www/homeopathy-business-platform/node_modules/redis-parser/lib/parser.js:302:14)
[ioredis] Unhandled error event: ReplyError: NOAUTH Authentication required.
    at parseError (/var/www/homeopathy-business-platform/node_modules/redis-parser/lib/parser.js:179:12)
    at parseType (/var/www/homeopathy-business-platform/node_modules/redis-parser/lib/parser.js:302:14)
[ioredis] Unhandled error event: ReplyError: NOAUTH Authentication required.
    at parseError (/var/www/homeopathy-business-platform/node_modules/redis-parser/lib/parser.js:179:12)
    at parseType (/var/www/homeopathy-business-platform/node_modules/redis-parser/lib/parser.js:302:14)
[ioredis] Unhandled error event: ReplyError: NOAUTH Authentication required.
    at parseError (/var/www/homeopathy-business-platform/node_modules/redis-parser/lib/parser.js:179:12)
    at parseType (/var/www/homeopathy-business-platform/node_modules/redis-parser/lib/parser.js:302:14)
[ioredis] Unhandled error event: ReplyError: NOAUTH Authentication required.
    at parseError (/var/www/homeopathy-business-platform/node_modules/redis-parser/lib/parser.js:179:12)
    at parseType (/var/www/homeopathy-business-platform/node_modules/redis-parser/lib/parser.js:302:14)
[ioredis] Unhandled error event: ReplyError: NOAUTH Authentication required.
    at parseError (/var/www/homeopathy-business-platform/node_modules/redis-parser/lib/parser.js:179:12)
    at parseType (/var/www/homeopathy-business-platform/node_modules/redis-parser/lib/parser.js:302:14)
[ioredis] Unhandled error event: ReplyError: NOAUTH Authentication required.
    at parseError (/var/www/homeopathy-business-platform/node_modules/redis-parser/lib/parser.js:179:12)
    at parseType (/var/www/homeopathy-business-platform/node_modules/redis-parser/lib/parser.js:302:14)
[ioredis] Unhandled error event: ReplyError: NOAUTH Authentication required.
    at parseError (/var/www/homeopathy-business-platform/node_modules/redis-parser/lib/parser.js:179:12)
    at parseType (/var/www/homeopathy-business-platform/node_modules/redis-parser/lib/parser.js:302:14)
