   ▲ Next.js 15.5.6
   - Local:        http://localhost:3000
   - Network:      http://192.168.1.7:3000
   - Environments: .env.local, .env

 ✓ Starting...
 ✓ Ready in 2.1s
 ○ Compiling /middleware ...
 ✓ Compiled /middleware in 896ms (159 modules)
 ○ Compiling / ...
 ✓ Compiled / in 8.2s (1164 modules)
 GET / 200 in 9360ms
 ✓ Compiled in 1453ms (497 modules)
 ✓ Compiled in 322ms (497 modules)
 ✓ Compiled in 306ms (497 modules)
 ✓ Compiled in 373ms (497 modules)
 ✓ Compiled in 311ms (497 modules)
 ✓ Compiled in 264ms (497 modules)
 ✓ Compiled in 353ms (497 modules)
 ✓ Compiled in 289ms (497 modules)
 ✓ Compiled in 243ms (497 modules)
 ✓ Compiled in 290ms (497 modules)
 ✓ Compiled in 283ms (497 modules)
 ✓ Compiled in 273ms (497 modules)
 ✓ Compiled in 257ms (497 modules)
 ✓ Compiled in 248ms (497 modules)
 ✓ Compiled in 274ms (497 modules)
 ✓ Compiled in 237ms (497 modules)
 ✓ Compiled in 259ms (497 modules)
 ✓ Compiled in 326ms (497 modules)
 ✓ Compiled in 273ms (497 modules)
 ✓ Compiled in 261ms (497 modules)
 ✓ Compiled in 267ms (497 modules)
 ✓ Compiled in 235ms (497 modules)
 ✓ Compiled in 318ms (497 modules)
 ✓ Compiled in 289ms (497 modules)
 ✓ Compiled in 256ms (497 modules)
 ✓ Compiled in 272ms (497 modules)
 ✓ Compiled in 423ms (497 modules)
 ✓ Compiled in 358ms (497 modules)
 GET / 200 in 316ms
 ✓ Compiled in 417ms (497 modules)
 ✓ Compiled in 317ms (497 modules)
 ✓ Compiled in 214ms (497 modules)
 ✓ Compiled in 281ms (497 modules)
 ✓ Compiled in 213ms (497 modules)
 ✓ Compiled in 207ms (497 modules)
 ✓ Compiled in 209ms (497 modules)
 ✓ Compiled in 202ms (497 modules)
 ✓ Compiled in 213ms (497 modules)
 ✓ Compiled in 203ms (497 modules)
 ✓ Compiled in 208ms (497 modules)
 ✓ Compiled in 209ms (497 modules)
 ✓ Compiled in 205ms (497 modules)
 ✓ Compiled in 247ms (497 modules)
 ✓ Compiled in 243ms (497 modules)
 ✓ Compiled in 213ms (497 modules)
 ✓ Compiled in 220ms (497 modules)
 ✓ Compiled in 292ms (497 modules)
 ✓ Compiled in 232ms (497 modules)
 ✓ Compiled in 220ms (497 modules)
 ✓ Compiled in 305ms (497 modules)
 ✓ Compiled in 272ms (497 modules)
 ✓ Compiled in 251ms (497 modules)
 ✓ Compiled in 261ms (497 modules)
 ✓ Compiled in 197ms (497 modules)
 ✓ Compiled in 210ms (497 modules)
 ✓ Compiled in 192ms (497 modules)
 ✓ Compiled in 200ms (497 modules)
 ✓ Compiled in 201ms (497 modules)
 ✓ Compiled in 206ms (497 modules)
 ✓ Compiled in 213ms (497 modules)
 ✓ Compiled in 369ms (497 modules)
 ✓ Compiled in 261ms (497 modules)
 ✓ Compiled in 363ms (497 modules)
 ✓ Compiled in 257ms (497 modules)
 ✓ Compiled in 280ms (497 modules)
 ✓ Compiled in 275ms (497 modules)
 ✓ Compiled in 249ms (497 modules)
 ✓ Compiled in 263ms (497 modules)
 ✓ Compiled in 287ms (497 modules)
 ✓ Compiled in 253ms (497 modules)
 ✓ Compiled in 284ms (497 modules)
 ✓ Compiled in 362ms (497 modules)
 ✓ Compiled in 256ms (497 modules)
 ✓ Compiled in 248ms (497 modules)
 ✓ Compiled in 360ms (497 modules)
 ✓ Compiled in 269ms (497 modules)
 ✓ Compiled in 277ms (497 modules)
 ✓ Compiled in 266ms (497 modules)
 ✓ Compiled in 252ms (497 modules)
 ✓ Compiled in 287ms (497 modules)
 ✓ Compiled in 264ms (497 modules)
 ✓ Compiled in 247ms (497 modules)
 ✓ Compiled in 272ms (497 modules)
 ✓ Compiled in 267ms (497 modules)
 ✓ Compiled in 263ms (497 modules)
 ✓ Compiled in 276ms (497 modules)
 ✓ Compiled in 278ms (497 modules)
 ✓ Compiled in 271ms (497 modules)
 ✓ Compiled in 340ms (497 modules)
 ✓ Compiled in 252ms (497 modules)
 ✓ Compiled in 268ms (497 modules)
 ✓ Compiled in 235ms (497 modules)
 ✓ Compiled in 245ms (497 modules)
 ✓ Compiled in 286ms (497 modules)
 ✓ Compiled in 303ms (497 modules)
 ✓ Compiled in 253ms (497 modules)
 ✓ Compiled in 317ms (497 modules)
 ✓ Compiled in 290ms (497 modules)
 ✓ Compiled in 280ms (497 modules)
 ✓ Compiled in 275ms (497 modules)
 ✓ Compiled in 255ms (497 modules)
 ✓ Compiled in 319ms (497 modules)
 ✓ Compiled in 364ms (497 modules)
 ✓ Compiled in 1128ms (497 modules)
 ✓ Compiled in 361ms (497 modules)
 ✓ Compiled in 536ms (497 modules)
 ✓ Compiled in 328ms (497 modules)
 ✓ Compiled in 275ms (497 modules)
 ✓ Compiled in 228ms (497 modules)
 ✓ Compiled in 220ms (497 modules)
 ✓ Compiled in 258ms (497 modules)
 ✓ Compiled in 204ms (497 modules)
 ✓ Compiled in 219ms (497 modules)
 ✓ Compiled in 225ms (497 modules)
 ✓ Compiled in 221ms (497 modules)
 ✓ Compiled in 201ms (497 modules)
 ✓ Compiled in 391ms (497 modules)
 ✓ Compiled in 231ms (497 modules)
 ✓ Compiled in 218ms (497 modules)
 ✓ Compiled in 213ms (497 modules)
 ✓ Compiled in 261ms (497 modules)
 ✓ Compiled in 288ms (497 modules)
 ✓ Compiled in 232ms (497 modules)
 ✓ Compiled in 239ms (497 modules)
 ✓ Compiled in 250ms (497 modules)
 ✓ Compiled in 200ms (497 modules)
 ✓ Compiled in 203ms (497 modules)
 ✓ Compiled in 213ms (497 modules)
 ✓ Compiled in 242ms (497 modules)
 ✓ Compiled in 314ms (497 modules)
 ✓ Compiled in 284ms (497 modules)
 ✓ Compiled in 226ms (497 modules)
 ✓ Compiled in 205ms (497 modules)
 ✓ Compiled in 252ms (497 modules)
 ✓ Compiled in 213ms (497 modules)
 ✓ Compiled in 202ms (497 modules)
 ✓ Compiled in 195ms (497 modules)
 ✓ Compiled in 214ms (497 modules)
 ✓ Compiled in 204ms (497 modules)
 ✓ Compiled in 254ms (497 modules)
 ✓ Compiled in 252ms (497 modules)
 ✓ Compiled in 214ms (497 modules)
 ✓ Compiled in 204ms (497 modules)
 ✓ Compiled in 215ms (497 modules)
 ✓ Compiled in 273ms (497 modules)
 ✓ Compiled in 208ms (497 modules)
 ✓ Compiled in 240ms (497 modules)
 ✓ Compiled in 342ms (497 modules)
 ✓ Compiled in 246ms (497 modules)
 ✓ Compiled in 251ms (497 modules)
 ✓ Compiled in 202ms (497 modules)
 ✓ Compiled in 206ms (497 modules)
 ✓ Compiled in 223ms (497 modules)
 ✓ Compiled in 207ms (497 modules)
 ✓ Compiled in 217ms (497 modules)
 ✓ Compiled in 208ms (497 modules)
 ✓ Compiled in 288ms (497 modules)
 ✓ Compiled in 250ms (497 modules)
 ✓ Compiled in 318ms (497 modules)
 ✓ Compiled in 227ms (497 modules)
 ✓ Compiled in 242ms (497 modules)
 ✓ Compiled in 214ms (497 modules)
 ✓ Compiled in 221ms (497 modules)
 ✓ Compiled in 213ms (497 modules)
 ✓ Compiled in 236ms (497 modules)
 ✓ Compiled in 271ms (497 modules)
 ✓ Compiled in 257ms (497 modules)
 ✓ Compiled in 266ms (497 modules)
 ✓ Compiled in 245ms (497 modules)
 ✓ Compiled in 214ms (497 modules)
 ✓ Compiled in 193ms (497 modules)
 ✓ Compiled in 212ms (497 modules)
 ✓ Compiled in 288ms (497 modules)
 ✓ Compiled in 270ms (497 modules)
 ✓ Compiled in 193ms (497 modules)
 ✓ Compiled in 213ms (497 modules)
 ✓ Compiled in 224ms (497 modules)
 ✓ Compiled in 205ms (497 modules)
 ✓ Compiled in 203ms (497 modules)
 ✓ Compiled in 199ms (497 modules)
 ✓ Compiled in 199ms (497 modules)
 ✓ Compiled in 297ms (497 modules)
 ✓ Compiled in 234ms (497 modules)
 ✓ Compiled in 252ms (497 modules)
 ✓ Compiled in 221ms (497 modules)
 ✓ Compiled in 226ms (497 modules)
 ✓ Compiled in 269ms (497 modules)
 ✓ Compiled in 303ms (497 modules)
 ✓ Compiled in 238ms (497 modules)
 ✓ Compiled in 227ms (497 modules)
 ✓ Compiled in 218ms (497 modules)
 ✓ Compiled in 211ms (497 modules)
 ✓ Compiled in 224ms (497 modules)
 ✓ Compiled in 229ms (497 modules)
 ✓ Compiled in 315ms (497 modules)
 ✓ Compiled in 255ms (497 modules)
 ✓ Compiled in 244ms (497 modules)
 ✓ Compiled in 210ms (497 modules)
 ✓ Compiled in 228ms (497 modules)
 ✓ Compiled in 318ms (497 modules)
 ✓ Compiled in 294ms (497 modules)
 ✓ Compiled in 287ms (497 modules)
 ✓ Compiled in 252ms (497 modules)
 ✓ Compiled in 238ms (497 modules)
 ✓ Compiled in 199ms (497 modules)
 ✓ Compiled in 235ms (497 modules)
 ✓ Compiled in 242ms (497 modules)
 ✓ Compiled in 227ms (497 modules)
 ✓ Compiled in 217ms (497 modules)
 ✓ Compiled in 229ms (497 modules)
 ✓ Compiled in 209ms (497 modules)
 ✓ Compiled in 299ms (497 modules)
 ✓ Compiled in 278ms (497 modules)
 ✓ Compiled in 260ms (497 modules)
 ✓ Compiled in 312ms (497 modules)
 ✓ Compiled in 256ms (497 modules)
 ✓ Compiled in 237ms (497 modules)
 ✓ Compiled in 234ms (497 modules)
 ✓ Compiled in 220ms (497 modules)
 ✓ Compiled in 230ms (497 modules)
 ✓ Compiled in 212ms (497 modules)
 ✓ Compiled in 222ms (497 modules)
 ✓ Compiled in 187ms (497 modules)
 ✓ Compiled in 196ms (497 modules)
 ✓ Compiled in 200ms (497 modules)
 ✓ Compiled in 203ms (497 modules)
 ✓ Compiled in 686ms (497 modules)
 ✓ Compiled in 274ms (497 modules)
 ✓ Compiled in 705ms (497 modules)
 ✓ Compiled in 267ms (497 modules)
 ✓ Compiled in 224ms (497 modules)
 ✓ Compiled in 204ms (497 modules)
 ✓ Compiled in 209ms (497 modules)
 ✓ Compiled in 217ms (497 modules)
 ✓ Compiled in 213ms (497 modules)
 ✓ Compiled in 261ms (497 modules)
 ✓ Compiled in 217ms (497 modules)
 ✓ Compiled in 226ms (497 modules)
 ✓ Compiled in 202ms (497 modules)
 ✓ Compiled in 203ms (497 modules)
 ✓ Compiled in 272ms (497 modules)
 ✓ Compiled in 328ms (497 modules)
 ✓ Compiled in 303ms (497 modules)
 ✓ Compiled in 233ms (497 modules)
 ✓ Compiled in 228ms (497 modules)
 ✓ Compiled in 230ms (497 modules)
 ✓ Compiled in 223ms (497 modules)
 ✓ Compiled in 208ms (497 modules)
 ✓ Compiled in 233ms (497 modules)
 ✓ Compiled in 224ms (497 modules)
 ✓ Compiled in 222ms (497 modules)
 ✓ Compiled in 230ms (497 modules)
 ✓ Compiled in 228ms (497 modules)
 ✓ Compiled in 209ms (497 modules)
 ✓ Compiled in 212ms (497 modules)
 ✓ Compiled in 218ms (497 modules)
 ✓ Compiled in 283ms (497 modules)
 ✓ Compiled in 228ms (497 modules)
 ✓ Compiled in 224ms (497 modules)
 ✓ Compiled in 213ms (497 modules)
 ✓ Compiled in 217ms (497 modules)
 ✓ Compiled in 202ms (497 modules)
 ✓ Compiled in 261ms (497 modules)
 ✓ Compiled in 228ms (497 modules)
 ✓ Compiled in 321ms (497 modules)
 ✓ Compiled in 291ms (497 modules)
 ✓ Compiled in 215ms (497 modules)
 ✓ Compiled in 246ms (497 modules)
 ✓ Compiled in 263ms (497 modules)
 ✓ Compiled in 269ms (497 modules)
 ✓ Compiled in 382ms (497 modules)
 ✓ Compiled in 206ms (497 modules)
 ✓ Compiled in 276ms (497 modules)
 ✓ Compiled in 250ms (497 modules)
 ✓ Compiled in 244ms (497 modules)
 ✓ Compiled in 252ms (497 modules)
 ✓ Compiled in 215ms (497 modules)
 ✓ Compiled in 226ms (497 modules)
 ✓ Compiled in 224ms (497 modules)
 ✓ Compiled in 203ms (497 modules)
 ✓ Compiled in 199ms (497 modules)
 ✓ Compiled in 223ms (497 modules)
 ✓ Compiled in 271ms (497 modules)
 ✓ Compiled in 263ms (497 modules)
 ✓ Compiled in 353ms (497 modules)
 ✓ Compiled in 227ms (497 modules)
 ✓ Compiled in 220ms (497 modules)
 ✓ Compiled in 206ms (497 modules)
 ✓ Compiled in 206ms (497 modules)
 ✓ Compiled in 283ms (497 modules)
 GET / 200 in 480ms
 ✓ Compiled in 463ms (497 modules)
 ✓ Compiled in 292ms (497 modules)
 ✓ Compiled in 234ms (497 modules)
 ✓ Compiled in 250ms (497 modules)
 ✓ Compiled in 225ms (497 modules)
 ○ Compiling /dashboard ...
 ✓ Compiled /dashboard in 6.8s (2736 modules)
 GET /dashboard 200 in 7550ms
 ✓ Compiled in 1073ms (1252 modules)
 ✓ Compiled in 381ms (1252 modules)
 ✓ Compiled in 281ms (1252 modules)
 ✓ Compiled in 298ms (1252 modules)
 ✓ Compiled in 321ms (1252 modules)
 ✓ Compiled in 311ms (1252 modules)
 ✓ Compiled in 511ms (1252 modules)
 ✓ Compiled in 312ms (1252 modules)
 ✓ Compiled in 422ms (1252 modules)
 ✓ Compiled in 286ms (1252 modules)
 ✓ Compiled in 274ms (1252 modules)
 ✓ Compiled in 331ms (1252 modules)
 ✓ Compiled in 323ms (1252 modules)
 ✓ Compiled in 362ms (1252 modules)
 ✓ Compiled in 290ms (1252 modules)
 ✓ Compiled in 287ms (1252 modules)
 ✓ Compiled in 334ms (1252 modules)
 ✓ Compiled in 278ms (1252 modules)
 ✓ Compiled in 270ms (1252 modules)
 ✓ Compiled in 304ms (1252 modules)
 ✓ Compiled in 465ms (1252 modules)
 ✓ Compiled in 321ms (1252 modules)
 ✓ Compiled in 284ms (1252 modules)
 ✓ Compiled in 277ms (1252 modules)
 ✓ Compiled in 277ms (1252 modules)
 ✓ Compiled in 279ms (1252 modules)
 ✓ Compiled in 268ms (1252 modules)
 ✓ Compiled in 273ms (1252 modules)
 ✓ Compiled in 272ms (1252 modules)
 ✓ Compiled in 441ms (1252 modules)
 ✓ Compiled in 317ms (1252 modules)
 ✓ Compiled in 292ms (1252 modules)
 ✓ Compiled in 314ms (1252 modules)
 ✓ Compiled in 310ms (1252 modules)
 ✓ Compiled in 436ms (1252 modules)
 ✓ Compiled in 314ms (1252 modules)
 ✓ Compiled in 353ms (1252 modules)
 ✓ Compiled in 364ms (1252 modules)
 ✓ Compiled in 339ms (1252 modules)
 ✓ Compiled in 328ms (1252 modules)
 ✓ Compiled in 328ms (1252 modules)
 ✓ Compiled in 314ms (1252 modules)
 ✓ Compiled in 314ms (1252 modules)
 ✓ Compiled in 279ms (1252 modules)
 ✓ Compiled in 289ms (1252 modules)
 ✓ Compiled in 278ms (1252 modules)
 ✓ Compiled in 382ms (1252 modules)
 ✓ Compiled in 358ms (1252 modules)
 ✓ Compiled in 383ms (1252 modules)
 ✓ Compiled in 477ms (1252 modules)
 ✓ Compiled in 411ms (1252 modules)
 ✓ Compiled in 336ms (1252 modules)
 ✓ Compiled in 399ms (1252 modules)
 ✓ Compiled in 324ms (1252 modules)
 ✓ Compiled in 333ms (1252 modules)
 ✓ Compiled in 355ms (1252 modules)
 ✓ Compiled in 317ms (1252 modules)
 ✓ Compiled in 267ms (1252 modules)
 ✓ Compiled in 276ms (1252 modules)
 ✓ Compiled in 304ms (1252 modules)
 ✓ Compiled in 297ms (1252 modules)
 ✓ Compiled in 294ms (1252 modules)
 ✓ Compiled in 443ms (1252 modules)
 ✓ Compiled in 340ms (1252 modules)
 ✓ Compiled in 319ms (1252 modules)
 ✓ Compiled in 335ms (1252 modules)
 ✓ Compiled in 308ms (1252 modules)
 ✓ Compiled in 333ms (1252 modules)
 ✓ Compiled in 265ms (1252 modules)
 ✓ Compiled in 268ms (1252 modules)
 ✓ Compiled in 337ms (1252 modules)
 ✓ Compiled in 280ms (1252 modules)
 ✓ Compiled in 498ms (1252 modules)
 ✓ Compiled in 265ms (1252 modules)
 ✓ Compiled in 281ms (1252 modules)
 ✓ Compiled in 277ms (1252 modules)
 ✓ Compiled in 425ms (1252 modules)
 ✓ Compiled in 395ms (1252 modules)
 ✓ Compiled in 289ms (1252 modules)
 ✓ Compiled in 328ms (1252 modules)
 ✓ Compiled in 272ms (1252 modules)
 ✓ Compiled in 277ms (1252 modules)
 ✓ Compiled in 280ms (1252 modules)
 ✓ Compiled in 274ms (1252 modules)
 ✓ Compiled in 295ms (1252 modules)
 ✓ Compiled in 289ms (1252 modules)
 ✓ Compiled in 286ms (1252 modules)
 ✓ Compiled in 285ms (1252 modules)
 ✓ Compiled in 269ms (1252 modules)
 ✓ Compiled in 274ms (1252 modules)
 ✓ Compiled in 412ms (1252 modules)
 ✓ Compiled in 287ms (1252 modules)
 ✓ Compiled in 332ms (1252 modules)
 ✓ Compiled in 331ms (1252 modules)
 ✓ Compiled in 271ms (1252 modules)
 ✓ Compiled in 304ms (1252 modules)
 ✓ Compiled in 281ms (1252 modules)
 ✓ Compiled in 318ms (1252 modules)
 ✓ Compiled in 285ms (1252 modules)
 ✓ Compiled in 283ms (1252 modules)
 ✓ Compiled in 267ms (1252 modules)
 ✓ Compiled in 271ms (1252 modules)
 ✓ Compiled in 310ms (1252 modules)
 ✓ Compiled in 282ms (1252 modules)
 ✓ Compiled in 431ms (1252 modules)
 ✓ Compiled in 296ms (1252 modules)
 ✓ Compiled in 309ms (1252 modules)
 ✓ Compiled in 323ms (1252 modules)
 ✓ Compiled in 344ms (1252 modules)
 ✓ Compiled in 281ms (1252 modules)
 ✓ Compiled in 276ms (1252 modules)
 ✓ Compiled in 259ms (1252 modules)
 ✓ Compiled in 346ms (1252 modules)
 ✓ Compiled in 302ms (1252 modules)
 ✓ Compiled in 262ms (1252 modules)
 ✓ Compiled in 296ms (1252 modules)
 ✓ Compiled in 278ms (1252 modules)
 ✓ Compiled in 286ms (1252 modules)
 ✓ Compiled in 423ms (1252 modules)
 ✓ Compiled in 291ms (1252 modules)
 ✓ Compiled in 290ms (1252 modules)
 ✓ Compiled in 330ms (1252 modules)
 ✓ Compiled in 274ms (1252 modules)
 ✓ Compiled in 280ms (1252 modules)
 ✓ Compiled in 320ms (1252 modules)
 ✓ Compiled in 277ms (1252 modules)
 ✓ Compiled in 270ms (1252 modules)
 ✓ Compiled in 282ms (1252 modules)
 ✓ Compiled in 308ms (1252 modules)
 ✓ Compiled in 280ms (1252 modules)
 ✓ Compiled in 279ms (1252 modules)
 ✓ Compiled in 327ms (1252 modules)
 ✓ Compiled in 416ms (1252 modules)
 ✓ Compiled in 329ms (1252 modules)
 ✓ Compiled in 316ms (1252 modules)
 ✓ Compiled in 364ms (1252 modules)
 ✓ Compiled in 274ms (1252 modules)
 ✓ Compiled in 288ms (1252 modules)
 ✓ Compiled in 284ms (1252 modules)
 ✓ Compiled in 301ms (1252 modules)
 ✓ Compiled in 283ms (1252 modules)
 ✓ Compiled in 278ms (1252 modules)
 ✓ Compiled in 305ms (1252 modules)
 ✓ Compiled in 317ms (1252 modules)
 ✓ Compiled in 966ms (1252 modules)
 ✓ Compiled in 300ms (1252 modules)
 ✓ Compiled in 576ms (1252 modules)
 ✓ Compiled in 343ms (1252 modules)
 ✓ Compiled in 286ms (1252 modules)
 ✓ Compiled in 287ms (1252 modules)
 ✓ Compiled in 297ms (1252 modules)
 ✓ Compiled in 288ms (1252 modules)
 ✓ Compiled in 293ms (1252 modules)
 ✓ Compiled in 340ms (1252 modules)
 ✓ Compiled in 286ms (1252 modules)
 ✓ Compiled in 299ms (1252 modules)
 ✓ Compiled in 293ms (1252 modules)
 ✓ Compiled in 318ms (1252 modules)
 ✓ Compiled in 283ms (1252 modules)
 ✓ Compiled in 287ms (1252 modules)
 ✓ Compiled in 406ms (1252 modules)
 ✓ Compiled in 322ms (1252 modules)
 ✓ Compiled in 306ms (1252 modules)
 ✓ Compiled in 278ms (1252 modules)
 ✓ Compiled in 274ms (1252 modules)
 ✓ Compiled in 262ms (1252 modules)
 ✓ Compiled in 282ms (1252 modules)
 ✓ Compiled in 440ms (1252 modules)
 ✓ Compiled in 270ms (1252 modules)
 ✓ Compiled in 281ms (1252 modules)
 ✓ Compiled in 852ms (1252 modules)
 ✓ Compiled in 835ms (1252 modules)
 ✓ Compiled in 393ms (1252 modules)
 ✓ Compiled in 366ms (1252 modules)
 ✓ Compiled in 292ms (1252 modules)
 ✓ Compiled in 292ms (1252 modules)
 ✓ Compiled in 366ms (1252 modules)
 ✓ Compiled in 383ms (1252 modules)
 ✓ Compiled in 490ms (1252 modules)
 ✓ Compiled in 463ms (1252 modules)
 ✓ Compiled in 381ms (1252 modules)
 ✓ Compiled in 335ms (1252 modules)
 ✓ Compiled in 276ms (1252 modules)
 ✓ Compiled in 301ms (1252 modules)
 ✓ Compiled in 315ms (1252 modules)
 ✓ Compiled in 357ms (1252 modules)
 ✓ Compiled in 316ms (1252 modules)
 ✓ Compiled in 290ms (1252 modules)
 ✓ Compiled in 278ms (1252 modules)
 ✓ Compiled in 268ms (1252 modules)
 ✓ Compiled in 254ms (1252 modules)
 ✓ Compiled in 378ms (1252 modules)
 ✓ Compiled in 299ms (1252 modules)
 ✓ Compiled in 286ms (1252 modules)
 ✓ Compiled in 304ms (1252 modules)
 ✓ Compiled in 351ms (1252 modules)
 ✓ Compiled in 358ms (1252 modules)
 ✓ Compiled in 296ms (1252 modules)
 ✓ Compiled in 294ms (1252 modules)
 ✓ Compiled in 413ms (1252 modules)
 ✓ Compiled in 346ms (1252 modules)
 ✓ Compiled in 283ms (1252 modules)
 ✓ Compiled in 257ms (1252 modules)
 ✓ Compiled in 281ms (1252 modules)
 ✓ Compiled in 266ms (1252 modules)
 ✓ Compiled in 271ms (1252 modules)
 ✓ Compiled in 272ms (1252 modules)
 ✓ Compiled in 259ms (1252 modules)
 ✓ Compiled in 299ms (1252 modules)
 ✓ Compiled in 294ms (1252 modules)
 ✓ Compiled in 269ms (1252 modules)
 ✓ Compiled in 281ms (1252 modules)
 ✓ Compiled in 282ms (1252 modules)
 ✓ Compiled in 402ms (1252 modules)
 ✓ Compiled in 294ms (1252 modules)
 ✓ Compiled in 286ms (1252 modules)
 ✓ Compiled in 303ms (1252 modules)
 ✓ Compiled in 316ms (1252 modules)
 ✓ Compiled in 419ms (1252 modules)
 ✓ Compiled in 264ms (1252 modules)
 ✓ Compiled in 348ms (1252 modules)
 ✓ Compiled in 266ms (1252 modules)
 ✓ Compiled in 280ms (1252 modules)
 ✓ Compiled in 282ms (1252 modules)
 ✓ Compiled in 324ms (1252 modules)
 ✓ Compiled in 336ms (1252 modules)
 ✓ Compiled in 334ms (1252 modules)
 ✓ Compiled in 413ms (1252 modules)
 ✓ Compiled in 305ms (1252 modules)
 ✓ Compiled in 289ms (1252 modules)
 ✓ Compiled in 288ms (1252 modules)
 ✓ Compiled in 271ms (1252 modules)
 ✓ Compiled in 278ms (1252 modules)
 ✓ Compiled in 268ms (1252 modules)
 ✓ Compiled in 284ms (1252 modules)
 ✓ Compiled in 1502ms (1252 modules)
 ✓ Compiled in 340ms (1252 modules)
 ✓ Compiled in 324ms (1252 modules)
 ✓ Compiled in 302ms (1252 modules)
 ✓ Compiled in 296ms (1252 modules)
 ✓ Compiled in 291ms (1252 modules)
 ✓ Compiled in 419ms (1252 modules)
 ✓ Compiled in 321ms (1252 modules)
 ✓ Compiled in 329ms (1252 modules)
 ✓ Compiled in 322ms (1252 modules)
 ✓ Compiled in 329ms (1252 modules)
 ✓ Compiled in 311ms (1252 modules)
 ✓ Compiled in 322ms (1252 modules)
 ✓ Compiled in 356ms (1252 modules)
 ✓ Compiled in 291ms (1252 modules)
 ✓ Compiled in 275ms (1252 modules)
 ✓ Compiled in 287ms (1252 modules)
 ✓ Compiled in 270ms (1252 modules)
 ✓ Compiled in 280ms (1252 modules)
 ✓ Compiled in 377ms (1252 modules)
 ✓ Compiled in 414ms (1252 modules)
 ✓ Compiled in 303ms (1252 modules)
 ✓ Compiled in 296ms (1252 modules)
 ✓ Compiled in 386ms (1252 modules)
 ✓ Compiled in 290ms (1252 modules)
 ✓ Compiled in 323ms (1252 modules)
 ✓ Compiled in 338ms (1252 modules)
 ✓ Compiled in 317ms (1252 modules)
 ✓ Compiled in 307ms (1252 modules)
 ✓ Compiled in 303ms (1252 modules)
 ✓ Compiled in 320ms (1252 modules)
 ✓ Compiled in 360ms (1252 modules)
 ✓ Compiled in 329ms (1252 modules)
 ✓ Compiled in 311ms (1252 modules)
 ✓ Compiled in 458ms (1252 modules)
 ✓ Compiled in 325ms (1252 modules)
 ✓ Compiled in 295ms (1252 modules)
 ✓ Compiled in 304ms (1252 modules)
 ✓ Compiled in 806ms (1252 modules)
 ✓ Compiled in 362ms (1252 modules)
 ✓ Compiled in 296ms (1252 modules)
 ✓ Compiled in 319ms (1252 modules)
 ✓ Compiled in 313ms (1252 modules)
 ✓ Compiled in 387ms (1252 modules)
 ✓ Compiled in 347ms (1252 modules)
 ✓ Compiled in 338ms (1252 modules)
 ✓ Compiled in 302ms (1252 modules)
 ✓ Compiled in 304ms (1252 modules)
 ✓ Compiled in 474ms (1252 modules)
