 ⚠ Invalid next.config.mjs options detected: 
 ⚠     Unrecognized key(s) in object: 'swcMinify'
 ⚠ See more info here: https://nextjs.org/docs/messages/invalid-next-config
   ▲ Next.js 15.5.6
   - Local:        http://localhost:3000
   - Network:      http://192.168.1.7:3000
   - Environments: .env.local, .env

 ✓ Starting...
 ✓ Ready in 2.3s
 ○ Compiling /middleware ...
 ✓ Compiled /middleware in 862ms (159 modules)
 ○ Compiling /dashboard ...
 ✓ Compiled /dashboard in 15.9s (2767 modules)
 ⚠ Fast Refresh had to perform a full reload due to a runtime error.
 GET /dashboard 200 in 18409ms
 GET /dashboard 200 in 7166ms
 ✓ Compiled in 3s (1260 modules)
 ✓ Compiled in 495ms (1260 modules)
 ✓ Compiled in 442ms (1260 modules)
 ✓ Compiled in 327ms (1260 modules)
 ✓ Compiled in 366ms (1260 modules)
 ✓ Compiled in 320ms (1260 modules)
 ✓ Compiled in 346ms (1260 modules)
 ✓ Compiled in 515ms (1260 modules)
 ✓ Compiled in 409ms (1260 modules)
 ✓ Compiled in 364ms (1260 modules)
 ✓ Compiled in 338ms (1260 modules)
 ✓ Compiled in 374ms (1260 modules)
 ✓ Compiled in 324ms (1260 modules)
 ✓ Compiled in 324ms (1260 modules)
 ✓ Compiled in 492ms (1260 modules)
 ✓ Compiled in 363ms (1260 modules)
 ✓ Compiled in 528ms (1260 modules)
 ✓ Compiled in 337ms (1260 modules)
 ✓ Compiled in 655ms (1260 modules)
 ✓ Compiled in 378ms (1260 modules)
 ✓ Compiled in 407ms (1260 modules)
 ✓ Compiled in 444ms (1260 modules)
 ✓ Compiled in 373ms (1260 modules)
 ✓ Compiled in 377ms (1260 modules)
 ✓ Compiled in 345ms (1260 modules)
 ✓ Compiled in 452ms (1260 modules)
 ✓ Compiled in 445ms (1260 modules)
 ✓ Compiled in 314ms (1260 modules)
 ✓ Compiled in 351ms (1260 modules)
 ✓ Compiled in 633ms (1260 modules)
 ✓ Compiled in 360ms (1260 modules)
 ✓ Compiled in 365ms (1260 modules)
 ✓ Compiled in 395ms (1260 modules)
 ✓ Compiled in 385ms (1260 modules)
 ✓ Compiled in 506ms (1260 modules)
 ✓ Compiled in 255ms (1260 modules)
 ✓ Compiled in 307ms (1260 modules)
 ✓ Compiled in 361ms (1260 modules)
 ✓ Compiled in 293ms (1260 modules)
 ✓ Compiled in 334ms (1260 modules)
 ✓ Compiled in 300ms (1260 modules)
 ✓ Compiled in 414ms (1260 modules)
 GET /dashboard 200 in 516ms
 ✓ Compiled in 550ms (1260 modules)
 ✓ Compiled in 288ms (1260 modules)
 ✓ Compiled in 823ms (1260 modules)
 GET /dashboard 200 in 539ms
 ✓ Compiled in 332ms (1260 modules)
 ✓ Compiled in 269ms (1260 modules)
 ✓ Compiled in 271ms (1260 modules)
 ✓ Compiled in 270ms (1260 modules)
 ✓ Compiled in 253ms (1260 modules)
 ✓ Compiled in 277ms (1260 modules)
 ✓ Compiled in 479ms (1260 modules)
 ✓ Compiled in 353ms (1260 modules)
 ✓ Compiled in 282ms (1260 modules)
 ✓ Compiled in 307ms (1260 modules)
 ✓ Compiled in 277ms (1260 modules)
 ✓ Compiled in 272ms (1260 modules)
 ✓ Compiled in 339ms (1260 modules)
 ✓ Compiled in 552ms (1260 modules)
 ✓ Compiled in 365ms (1260 modules)
 ✓ Compiled in 350ms (1260 modules)
 ✓ Compiled in 346ms (1260 modules)
 ✓ Compiled in 337ms (1260 modules)
 ✓ Compiled in 329ms (1260 modules)
 ✓ Compiled in 379ms (1260 modules)
 ✓ Compiled in 368ms (1260 modules)
 ✓ Compiled in 404ms (1260 modules)
 ✓ Compiled in 355ms (1260 modules)
 ✓ Compiled in 321ms (1260 modules)
 ✓ Compiled in 422ms (1260 modules)
 ✓ Compiled in 318ms (1260 modules)
 ✓ Compiled in 387ms (1260 modules)
 ✓ Compiled in 334ms (1260 modules)
 ✓ Compiled in 450ms (1260 modules)
 ✓ Compiled in 289ms (1260 modules)
 ✓ Compiled in 285ms (1260 modules)
 ✓ Compiled in 348ms (1260 modules)
 ✓ Compiled in 274ms (1260 modules)
 ✓ Compiled in 301ms (1260 modules)
 ✓ Compiled in 252ms (1260 modules)
 ✓ Compiled in 306ms (1260 modules)
 ✓ Compiled in 275ms (1260 modules)
 ✓ Compiled in 344ms (1260 modules)
 ✓ Compiled in 383ms (1260 modules)
 ✓ Compiled in 787ms (1260 modules)
 ✓ Compiled in 287ms (1260 modules)
 ✓ Compiled in 307ms (1260 modules)
 ✓ Compiled in 311ms (1260 modules)
 ✓ Compiled in 398ms (1260 modules)
 ✓ Compiled in 339ms (1260 modules)
 ✓ Compiled in 268ms (1260 modules)
 ✓ Compiled in 295ms (1260 modules)
 ✓ Compiled in 304ms (1260 modules)
 ✓ Compiled in 234ms (1260 modules)
 ✓ Compiled in 308ms (1260 modules)
 ✓ Compiled in 275ms (1260 modules)
 ✓ Compiled in 254ms (1260 modules)
 ✓ Compiled in 269ms (1260 modules)
 ✓ Compiled in 283ms (1260 modules)
 ✓ Compiled in 281ms (1260 modules)
 ✓ Compiled in 298ms (1260 modules)
 ✓ Compiled in 292ms (1260 modules)
 ✓ Compiled in 297ms (1260 modules)
 ✓ Compiled in 400ms (1260 modules)
 ✓ Compiled in 254ms (1260 modules)
 ✓ Compiled in 289ms (1260 modules)
 ✓ Compiled in 413ms (1260 modules)
 ✓ Compiled in 254ms (1260 modules)
 ✓ Compiled in 276ms (1260 modules)
 ✓ Compiled in 298ms (1260 modules)
 ✓ Compiled in 339ms (1260 modules)
 ✓ Compiled in 274ms (1260 modules)
 ✓ Compiled in 328ms (1260 modules)
 ✓ Compiled in 292ms (1260 modules)
 ✓ Compiled in 268ms (1260 modules)
 ✓ Compiled in 283ms (1260 modules)
 ✓ Compiled in 269ms (1260 modules)
 ✓ Compiled in 270ms (1260 modules)
 ✓ Compiled in 551ms (1260 modules)
 ✓ Compiled in 359ms (1260 modules)
 ✓ Compiled in 270ms (1260 modules)
 ✓ Compiled in 289ms (1260 modules)
 ✓ Compiled in 265ms (1260 modules)
 ✓ Compiled in 276ms (1260 modules)
 ✓ Compiled in 294ms (1260 modules)
 ✓ Compiled in 280ms (1260 modules)
 ✓ Compiled in 284ms (1260 modules)
 ✓ Compiled in 420ms (1260 modules)
 ✓ Compiled in 274ms (1260 modules)
 ✓ Compiled in 271ms (1260 modules)
 ✓ Compiled in 279ms (1260 modules)
 ✓ Compiled in 272ms (1260 modules)
 ✓ Compiled in 293ms (1260 modules)
 ✓ Compiled in 547ms (1260 modules)
 ✓ Compiled in 257ms (1260 modules)
 ✓ Compiled in 264ms (1260 modules)
 ✓ Compiled in 272ms (1260 modules)
 ✓ Compiled in 272ms (1260 modules)
 ✓ Compiled in 266ms (1260 modules)
 ✓ Compiled in 269ms (1260 modules)
 ✓ Compiled in 364ms (1260 modules)
 ✓ Compiled in 355ms (1260 modules)
 ✓ Compiled in 256ms (1260 modules)
 ✓ Compiled in 260ms (1260 modules)
 ✓ Compiled in 242ms (1260 modules)
 ✓ Compiled in 337ms (1260 modules)
 ✓ Compiled in 364ms (1260 modules)
 ✓ Compiled in 260ms (1260 modules)
 ✓ Compiled in 420ms (1260 modules)
 ✓ Compiled in 270ms (1260 modules)
 ✓ Compiled in 263ms (1260 modules)
 ✓ Compiled in 240ms (1260 modules)
 ✓ Compiled in 261ms (1260 modules)
 ✓ Compiled in 269ms (1260 modules)
 ✓ Compiled in 285ms (1260 modules)
 ✓ Compiled in 264ms (1260 modules)
 ✓ Compiled in 236ms (1260 modules)
 ✓ Compiled in 254ms (1260 modules)
 ✓ Compiled in 250ms (1260 modules)
 ✓ Compiled in 233ms (1260 modules)
 ✓ Compiled in 243ms (1260 modules)
 ✓ Compiled in 252ms (1260 modules)
 ✓ Compiled in 266ms (1260 modules)
 ✓ Compiled in 398ms (1260 modules)
 ✓ Compiled in 333ms (1260 modules)
 ✓ Compiled in 327ms (1260 modules)
 ✓ Compiled in 320ms (1260 modules)
 ✓ Compiled in 293ms (1260 modules)
 ✓ Compiled in 336ms (1260 modules)
 ✓ Compiled in 337ms (1260 modules)
 ✓ Compiled in 295ms (1260 modules)
 ✓ Compiled in 253ms (1260 modules)
 ✓ Compiled in 261ms (1260 modules)
 ✓ Compiled in 269ms (1260 modules)
 ✓ Compiled in 236ms (1260 modules)
 ✓ Compiled in 300ms (1260 modules)
 ✓ Compiled in 261ms (1260 modules)
 ✓ Compiled in 252ms (1260 modules)
 ✓ Compiled in 385ms (1260 modules)
 ✓ Compiled in 285ms (1260 modules)
 ✓ Compiled in 420ms (1260 modules)
 ✓ Compiled in 264ms (1260 modules)
 ✓ Compiled in 322ms (1260 modules)
 ✓ Compiled in 504ms (1260 modules)
 ✓ Compiled in 239ms (1260 modules)
 ✓ Compiled in 274ms (1260 modules)
 ✓ Compiled in 304ms (1260 modules)
 ✓ Compiled in 347ms (1260 modules)
 ✓ Compiled in 290ms (1260 modules)
 ✓ Compiled in 351ms (1260 modules)
 ✓ Compiled in 362ms (1260 modules)
 ✓ Compiled in 270ms (1260 modules)
 ✓ Compiled in 267ms (1260 modules)
 ✓ Compiled in 375ms (1260 modules)
 ✓ Compiled in 280ms (1260 modules)
 ✓ Compiled in 559ms (1260 modules)
 ✓ Compiled in 312ms (1260 modules)
 ✓ Compiled in 302ms (1260 modules)
 ✓ Compiled in 278ms (1260 modules)
 ✓ Compiled in 279ms (1260 modules)
 ✓ Compiled in 262ms (1260 modules)
 ✓ Compiled in 246ms (1260 modules)
 ✓ Compiled in 245ms (1260 modules)
 ✓ Compiled in 257ms (1260 modules)
 ✓ Compiled in 311ms (1260 modules)
 ✓ Compiled in 378ms (1260 modules)
 ✓ Compiled in 253ms (1260 modules)
 ✓ Compiled in 251ms (1260 modules)
 ✓ Compiled in 382ms (1260 modules)
 ✓ Compiled in 290ms (1260 modules)
 ✓ Compiled in 326ms (1260 modules)
 ✓ Compiled in 257ms (1260 modules)
 ✓ Compiled in 605ms (1260 modules)
 ✓ Compiled in 252ms (1260 modules)
 ✓ Compiled in 322ms (1260 modules)
 ✓ Compiled in 279ms (1260 modules)
 ✓ Compiled in 321ms (1260 modules)
 ✓ Compiled in 259ms (1260 modules)
 ✓ Compiled in 286ms (1260 modules)
 ✓ Compiled in 231ms (1260 modules)
 ✓ Compiled in 268ms (1260 modules)
 ✓ Compiled in 251ms (1260 modules)
 ✓ Compiled in 315ms (1260 modules)
 ✓ Compiled in 381ms (1260 modules)
 ✓ Compiled in 304ms (1260 modules)
 ✓ Compiled in 280ms (1260 modules)
 ✓ Compiled in 262ms (1260 modules)
 ✓ Compiled in 251ms (1260 modules)
 ✓ Compiled in 233ms (1260 modules)
 ✓ Compiled in 261ms (1260 modules)
 ✓ Compiled in 266ms (1260 modules)
 ✓ Compiled in 271ms (1260 modules)
 ✓ Compiled in 281ms (1260 modules)
 ✓ Compiled in 260ms (1260 modules)
 ✓ Compiled in 252ms (1260 modules)
 ✓ Compiled in 243ms (1260 modules)
 ✓ Compiled in 250ms (1260 modules)
 ✓ Compiled in 690ms (1260 modules)
 ✓ Compiled in 290ms (1260 modules)
 ✓ Compiled in 289ms (1260 modules)
 ✓ Compiled in 297ms (1260 modules)
 ✓ Compiled in 272ms (1260 modules)
 ✓ Compiled in 311ms (1260 modules)
 ✓ Compiled in 290ms (1260 modules)
 ✓ Compiled in 254ms (1260 modules)
 ✓ Compiled in 269ms (1260 modules)
 ✓ Compiled in 319ms (1260 modules)
 ✓ Compiled in 329ms (1260 modules)
 ✓ Compiled in 332ms (1260 modules)
 ✓ Compiled in 276ms (1260 modules)
 ✓ Compiled in 282ms (1260 modules)
 ✓ Compiled in 264ms (1260 modules)
 ✓ Compiled in 445ms (1260 modules)
 ✓ Compiled in 365ms (1260 modules)
 ✓ Compiled in 281ms (1260 modules)
 ✓ Compiled in 422ms (1260 modules)
 ✓ Compiled in 268ms (1260 modules)
 ✓ Compiled in 271ms (1260 modules)
 ✓ Compiled in 324ms (1260 modules)
 ✓ Compiled in 673ms (1260 modules)
 ✓ Compiled in 411ms (1260 modules)
 ✓ Compiled in 310ms (1260 modules)
 ✓ Compiled in 243ms (1260 modules)
 ✓ Compiled in 318ms (1260 modules)
 ✓ Compiled in 264ms (1260 modules)
 ✓ Compiled in 279ms (1260 modules)
 ✓ Compiled in 316ms (1260 modules)
 ✓ Compiled in 315ms (1260 modules)
 ✓ Compiled in 914ms (1260 modules)
 ✓ Compiled in 474ms (1260 modules)
 ✓ Compiled in 395ms (1260 modules)
 ✓ Compiled in 349ms (1260 modules)
 ✓ Compiled in 257ms (1260 modules)
 ✓ Compiled in 254ms (1260 modules)
 ✓ Compiled in 293ms (1260 modules)
 ✓ Compiled in 281ms (1260 modules)
 ✓ Compiled in 399ms (1260 modules)
 ✓ Compiled in 280ms (1260 modules)
 ✓ Compiled in 321ms (1260 modules)
 ✓ Compiled in 316ms (1260 modules)
 ✓ Compiled in 280ms (1260 modules)
 ✓ Compiled in 393ms (1260 modules)
[?25h
