[0;36m[2025-10-18 10:50:58][0m Running pre-flight checks...
[0;32m[2025-10-18 10:50:58] ✅ Docker: 28.3.3,[0m
[0;32m[2025-10-18 10:50:58] ✅ Docker Compose: v2.21.0[0m
[0;32m[2025-10-18 10:50:58] ✅ Node.js: v22.18.0[0m
[0;32m[2025-10-18 10:50:58] ✅ Go: go1.22.2[0m
[0;36m[2025-10-18 10:50:58][0m Cleaning up old processes...
[0;32m[2025-10-18 10:50:59] ✅ Cleanup complete[0m
[0;36m[2025-10-18 10:50:59][0m Starting infrastructure services with Docker...
[0;36m[2025-10-18 10:50:59][0m Stopping old containers...
[0;36m[2025-10-18 10:51:02][0m Starting Zookeeper, Kafka, PostgreSQL, Redis, MinIO...
[0;36m[2025-10-18 10:54:01][0m Running pre-flight checks...
[0;32m[2025-10-18 10:54:01] ✅ Docker: 28.3.3,[0m
[0;32m[2025-10-18 10:54:01] ✅ Docker Compose: v2.21.0[0m
[0;32m[2025-10-18 10:54:01] ✅ Node.js: v22.18.0[0m
[0;32m[2025-10-18 10:54:01] ✅ Go: go1.22.2[0m
[0;36m[2025-10-18 10:54:01][0m Cleaning up old processes...
[0;32m[2025-10-18 10:54:01] ✅ Cleanup complete[0m
[0;36m[2025-10-18 10:54:01][0m Starting infrastructure services with Docker...
[0;36m[2025-10-18 10:54:01][0m Stopping old containers...
[0;36m[2025-10-18 10:54:12][0m Starting Zookeeper, Kafka, PostgreSQL, Redis, MinIO...
[0;36m[2025-10-18 10:54:38][0m Waiting for infrastructure to be ready...
[0;36m[2025-10-18 10:54:48][0m Checking infrastructure health...
[0;36m[2025-10-18 10:54:48][0m Waiting for yeelo-postgres...
[0;32m[2025-10-18 10:54:48] ✅ yeelo-postgres is healthy[0m
[0;36m[2025-10-18 10:54:48][0m Waiting for yeelo-redis...
[0;32m[2025-10-18 10:54:48] ✅ yeelo-redis is healthy[0m
[0;36m[2025-10-18 10:54:48][0m Waiting for yeelo-zookeeper...
[0;32m[2025-10-18 10:54:48] ✅ yeelo-zookeeper is healthy[0m
[0;36m[2025-10-18 10:54:48][0m Waiting for yeelo-kafka...
[0;32m[2025-10-18 10:54:48] ✅ yeelo-kafka is healthy[0m
[0;36m[2025-10-18 10:54:48][0m Waiting for yeelo-minio...
[0;32m[2025-10-18 10:54:48] ✅ yeelo-minio is healthy[0m
[0;32m[2025-10-18 10:54:48] ✅ All infrastructure services are healthy![0m
[0;36m[2025-10-18 10:54:48][0m Initializing database...
[0;36m[2025-10-18 10:54:48][0m Running database migrations...
[0;36m[2025-10-18 10:54:48][0m Running migration: 003_pos_sessions.sql
[0;36m[2025-10-18 10:54:48][0m Running migration: 004_purchases_complete.sql
[0;36m[2025-10-18 10:54:48][0m Running migration: 005_marketing_complete.sql
[0;36m[2025-10-18 10:54:48][0m Running migration: 006_integrations_complete.sql
[0;32m[2025-10-18 10:54:49] ✅ Database migrations complete[0m
[0;36m[2025-10-18 10:54:49][0m Creating Kafka topics...
[0;32m[2025-10-18 10:55:06] ✅ Kafka topics created[0m
[0;36m[2025-10-18 10:55:06][0m Setting environment variables...
[0;32m[2025-10-18 10:55:06] ✅ Environment variables set[0m
[0;36m[2025-10-18 10:55:06][0m Starting backend services...
[0;36m[2025-10-18 10:55:06][0m Starting Golang v1 (Port 8080)...
[0;32m[2025-10-18 10:55:06] ✅ Golang v1 started (PID: 17263)[0m
[0;36m[2025-10-18 10:55:08][0m Starting Golang v2 (Port 3005)...
[0;32m[2025-10-18 10:55:08] ✅ Golang v2 started (PID: 17422)[0m
[0;36m[2025-10-18 10:55:10][0m Starting NestJS (Port 3001)...
[0;32m[2025-10-18 10:55:10] ✅ NestJS started (PID: 17507)[0m
[0;36m[2025-10-18 10:55:12][0m Starting Fastify (Port 3002)...
[0;32m[2025-10-18 10:55:12] ✅ Fastify started (PID: 17589)[0m
[0;36m[2025-10-18 10:55:14][0m Starting Express (Port 3004)...
[0;32m[2025-10-18 10:55:14] ✅ Express started (PID: 17632)[0m
[0;36m[2025-10-18 10:55:16][0m Starting Next.js Frontend (Port 3000)...
[1;33m[2025-10-18 10:55:23] ⚠️  Build might have warnings[0m
[0;32m[2025-10-18 10:55:23] ✅ Frontend started (PID: 18194)[0m
[0;36m[2025-10-18 10:55:23][0m Running health checks...
[0;31m[2025-10-18 10:55:37] ❌ Golang v1 health check failed[0m
[0;36m[2025-10-18 11:10:49][0m Running pre-flight checks...
[0;32m[2025-10-18 11:10:49] ✅ Docker: 28.3.3,[0m
[0;32m[2025-10-18 11:10:49] ✅ Docker Compose: v2.21.0[0m
[0;32m[2025-10-18 11:10:49] ✅ Node.js: v22.18.0[0m
[0;32m[2025-10-18 11:10:49] ✅ Go: go1.22.2[0m
[0;36m[2025-10-18 11:10:49][0m Cleaning up old processes...
[1;33m[2025-10-18 11:10:50] ⚠️  Killing process on port 3004 (PID: 17648)[0m
[0;32m[2025-10-18 11:10:50] ✅ Cleanup complete[0m
[0;36m[2025-10-18 11:10:50][0m Starting infrastructure services with Docker...
[0;36m[2025-10-18 11:10:50][0m Stopping old containers...
[0;36m[2025-10-18 11:10:56][0m Starting Zookeeper, Kafka, PostgreSQL, Redis, MinIO...
[0;36m[2025-10-18 11:11:27][0m Waiting for infrastructure to be ready...
[0;36m[2025-10-18 11:11:37][0m Checking infrastructure health...
[0;36m[2025-10-18 11:11:37][0m Waiting for yeelo-postgres...
[0;32m[2025-10-18 11:11:37] ✅ yeelo-postgres is healthy[0m
[0;36m[2025-10-18 11:11:37][0m Waiting for yeelo-redis...
[0;32m[2025-10-18 11:11:37] ✅ yeelo-redis is healthy[0m
[0;36m[2025-10-18 11:11:37][0m Waiting for yeelo-zookeeper...
[0;32m[2025-10-18 11:11:37] ✅ yeelo-zookeeper is healthy[0m
[0;36m[2025-10-18 11:11:37][0m Waiting for yeelo-kafka...
[0;32m[2025-10-18 11:11:37] ✅ yeelo-kafka is healthy[0m
[0;36m[2025-10-18 11:11:37][0m Waiting for yeelo-minio...
[0;32m[2025-10-18 11:11:37] ✅ yeelo-minio is healthy[0m
[0;32m[2025-10-18 11:11:37] ✅ All infrastructure services are healthy![0m
[0;36m[2025-10-18 11:11:37][0m Initializing database...
[0;36m[2025-10-18 11:11:37][0m Running database migrations...
[0;36m[2025-10-18 11:11:37][0m Running migration: 003_pos_sessions.sql
[0;36m[2025-10-18 11:11:37][0m Running migration: 004_purchases_complete.sql
[0;36m[2025-10-18 11:11:37][0m Running migration: 005_marketing_complete.sql
[0;36m[2025-10-18 11:11:37][0m Running migration: 006_integrations_complete.sql
[0;32m[2025-10-18 11:11:37] ✅ Database migrations complete[0m
[0;36m[2025-10-18 11:11:37][0m Creating Kafka topics...
[0;32m[2025-10-18 11:11:55] ✅ Kafka topics created[0m
[0;36m[2025-10-18 11:11:55][0m Setting environment variables...
[0;32m[2025-10-18 11:11:55] ✅ Environment variables set[0m
[0;36m[2025-10-18 11:11:55][0m Starting backend services...
[0;36m[2025-10-18 11:11:55][0m Starting Golang v1 (Port 8080)...
[0;32m[2025-10-18 11:11:55] ✅ Golang v1 started (PID: 37025)[0m
[0;36m[2025-10-18 11:11:57][0m Starting Golang v2 (Port 3005)...
[0;32m[2025-10-18 11:11:57] ✅ Golang v2 started (PID: 37131)[0m
[0;36m[2025-10-18 11:11:59][0m Starting NestJS (Port 3001)...
[0;32m[2025-10-18 11:11:59] ✅ NestJS started (PID: 37297)[0m
[0;36m[2025-10-18 11:12:01][0m Starting Fastify (Port 3002)...
[0;32m[2025-10-18 11:12:01] ✅ Fastify started (PID: 37341)[0m
[0;36m[2025-10-18 11:12:03][0m Starting Express (Port 3004)...
[0;32m[2025-10-18 11:12:03] ✅ Express started (PID: 37511)[0m
[0;36m[2025-10-18 11:12:05][0m Starting Next.js Frontend (Port 3000)...
[1;33m[2025-10-18 11:12:11] ⚠️  Build might have warnings[0m
[0;32m[2025-10-18 11:12:11] ✅ Frontend started (PID: 37986)[0m
[0;36m[2025-10-18 11:12:11][0m Running health checks...
[0;31m[2025-10-18 11:12:25] ❌ Golang v1 health check failed[0m
