2025/10/14 23:01:57 ✅ Database connected successfully
[GIN-debug] [WARNING] Creating an Engine instance with the Logger and Recovery middleware already attached.

[GIN-debug] [WARNING] Running in "debug" mode. Switch to "release" mode in production.
 - using env:	export GIN_MODE=release
 - using code:	gin.SetMode(gin.ReleaseMode)

[GIN-debug] GET    /health                   --> main.main.func2 (4 handlers)
[GIN-debug] GET    /openapi.json             --> main.main.func3 (4 handlers)
[GIN-debug] GET    /swagger                  --> main.main.func4 (4 handlers)
[GIN-debug] POST   /api/auth/login           --> main.main.handleLogin.func6 (4 handlers)
[GIN-debug] GET    /api/auth/me              --> main.handleMe (5 handlers)
[GIN-debug] GET    /api/products             --> main.handleGetProducts (4 handlers)
[GIN-debug] GET    /api/products/:id         --> main.handleGetProduct (4 handlers)
[GIN-debug] POST   /api/products             --> main.handleCreateProduct (5 handlers)
[GIN-debug] PUT    /api/products/:id         --> main.handleUpdateProduct (5 handlers)
[GIN-debug] DELETE /api/products/:id         --> main.handleDeleteProduct (5 handlers)
[GIN-debug] GET    /api/customers            --> main.handleGetCustomers (5 handlers)
[GIN-debug] GET    /api/customers/:id        --> main.handleGetCustomer (5 handlers)
[GIN-debug] POST   /api/customers            --> main.handleCreateCustomer (5 handlers)
[GIN-debug] PUT    /api/customers/:id        --> main.handleUpdateCustomer (5 handlers)
[GIN-debug] GET    /api/orders               --> main.handleGetOrders (5 handlers)
[GIN-debug] GET    /api/orders/:id           --> main.handleGetOrder (5 handlers)
[GIN-debug] POST   /api/orders               --> main.handleCreateOrder (5 handlers)
[GIN-debug] PUT    /api/orders/:id/status    --> main.handleUpdateOrderStatus (5 handlers)
[GIN-debug] GET    /api/campaigns            --> main.handleGetCampaigns (5 handlers)
[GIN-debug] GET    /api/campaigns/:id        --> main.handleGetCampaign (5 handlers)
[GIN-debug] POST   /api/campaigns            --> main.handleCreateCampaign (5 handlers)
[GIN-debug] POST   /api/campaigns/:id/launch --> main.handleLaunchCampaign (5 handlers)
[GIN-debug] GET    /api/analytics/dashboard  --> main.handleGetDashboard (5 handlers)
[GIN-debug] GET    /api/analytics/revenue    --> main.handleGetRevenue (5 handlers)
[GIN-debug] GET    /api/analytics/top-products --> main.handleGetTopProducts (5 handlers)
[GIN-debug] GET    /api/inventory            --> main.handleGetInventory (5 handlers)
[GIN-debug] POST   /api/inventory/adjust     --> main.handleAdjustInventory (5 handlers)
[GIN-debug] GET    /api/inventory/low-stock  --> main.handleGetLowStock (5 handlers)
2025/10/14 23:01:57 🚀 Golang API server starting on port 3004
2025/10/14 23:01:57 📚 Swagger UI available at http://localhost:3004/swagger
[GIN-debug] [WARNING] You trusted all proxies, this is NOT safe. We recommend you to set a value.
Please check https://pkg.go.dev/github.com/gin-gonic/gin#readme-don-t-trust-all-proxies for details.
[GIN-debug] Listening and serving HTTP on :3004
[GIN-debug] [ERROR] listen tcp :3004: bind: address already in use
2025/10/14 23:01:57 Failed to start server:listen tcp :3004: bind: address already in use
